2024-06-25 08:04:30,285 [INFO] Activator:176 - 


2024-06-25 08:04:30,288 [INFO] Activator:177 - !SESSION log4j initialized
2024-06-25 08:04:33,667 [INFO] LogOutputStream:77 - [STDOUT_REDIRECT] 
2024-06-25 08:04:34,951 [INFO] ApplicationProperties:184 - Using Application install path: C:\ST\STM32CubeIDE_1.15.1\STM32CubeIDE\plugins\com.st.stm32cube.common.mx_6.11.1.202404110753
2024-06-25 08:04:34,963 [INFO] DbMcusXml:78 - Set database path to: C:\ST\STM32CubeIDE_1.15.1\STM32CubeIDE\plugins\com.st.stm32cube.common.mx_6.11.1.202404110753\\db\/mcu/
2024-06-25 08:04:34,963 [INFO] ApiDb:274 - Set plugin database path to: C:\ST\STM32CubeIDE_1.15.1\STM32CubeIDE\plugins\com.st.stm32cube.common.mx_6.11.1.202404110753\\db\/plugins/boardmanager/
2024-06-25 08:04:34,965 [WARN] ApiDb:259 - Overriding images path with different value:  => C:\ST\STM32CubeIDE_1.15.1\STM32CubeIDE\plugins\com.st.stm32cube.common.mx_6.11.1.202404110753\\db\/plugins/mcufinder/images/
2024-06-25 08:04:34,969 [INFO] ApiDb:250 - Set database path to: C:\Users\jhwang\.stmcufinder\plugins\mcufinder//mcu/
2024-06-25 08:04:34,970 [INFO] DbMcusAds:125 - Set database path to: C:\Users\jhwang\.stmcufinder\plugins\mcufinder//mcu/
2024-06-25 08:04:34,971 [INFO] CrossReferenceDbSqlite:203 - Set database path to: C:\Users\jhwang\.stmcufinder\plugins\mcufinder//mcu/cs/
2024-06-25 08:04:35,034 [INFO] RulesReader:64 - Compatibility file has been processed (297 Rules)
2024-06-25 08:04:35,086 [INFO] DbMcusXml:78 - Set database path to: C:\ST\STM32CubeIDE_1.15.1\STM32CubeIDE\plugins\com.st.stm32cube.common.mx_6.11.1.202404110753\\db\/mcu/
2024-06-25 08:04:35,086 [INFO] ApiDb:274 - Set plugin database path to: C:\ST\STM32CubeIDE_1.15.1\STM32CubeIDE\plugins\com.st.stm32cube.common.mx_6.11.1.202404110753\\db\/plugins/boardmanager/
2024-06-25 08:04:35,087 [INFO] ApiDb:261 - Set plugin images path to: C:\ST\STM32CubeIDE_1.15.1\STM32CubeIDE\plugins\com.st.stm32cube.common.mx_6.11.1.202404110753\\db\/plugins/mcufinder/images/
2024-06-25 08:04:35,087 [WARN] DbFile:41 - Overriding database path with different value: C:\Users\jhwang\.stmcufinder\plugins\mcufinder/ => C:\Users\jhwang\.stmcufinder\plugins\mcufinder
2024-06-25 08:04:35,087 [INFO] ApiDb:250 - Set database path to: C:\Users\jhwang\.stmcufinder\plugins\mcufinder//mcu/
2024-06-25 08:04:35,087 [WARN] DbFile:41 - Overriding database path with different value: C:\Users\jhwang\.stmcufinder\plugins\mcufinder/ => C:\Users\jhwang\.stmcufinder\plugins\mcufinder
2024-06-25 08:04:35,087 [INFO] DbMcusAds:125 - Set database path to: C:\Users\jhwang\.stmcufinder\plugins\mcufinder//mcu/
2024-06-25 08:04:35,087 [WARN] DbFile:41 - Overriding database path with different value: C:\Users\jhwang\.stmcufinder\plugins\mcufinder/ => C:\Users\jhwang\.stmcufinder\plugins\mcufinder
2024-06-25 08:04:35,087 [WARN] DbFile:41 - Overriding database path with different value: C:\Users\jhwang\.stmcufinder\plugins\mcufinder/ => C:\Users\jhwang\.stmcufinder\plugins\mcufinder
2024-06-25 08:04:35,087 [INFO] CrossReferenceDbSqlite:203 - Set database path to: C:\Users\jhwang\.stmcufinder\plugins\mcufinder//mcu/cs/
2024-06-25 08:04:35,131 [INFO] MainPanel:264 - HeapMemory: 268435456
2024-06-25 08:04:35,181 [INFO] DbMcusXml:78 - Set database path to: C:\ST\STM32CubeIDE_1.15.1\STM32CubeIDE\plugins\com.st.stm32cube.common.mx_6.11.1.202404110753\\db\/mcu/
2024-06-25 08:04:35,181 [INFO] ApiDb:274 - Set plugin database path to: C:\ST\STM32CubeIDE_1.15.1\STM32CubeIDE\plugins\com.st.stm32cube.common.mx_6.11.1.202404110753\\db\/plugins/boardmanager/
2024-06-25 08:04:35,181 [INFO] ApiDb:261 - Set plugin images path to: C:\ST\STM32CubeIDE_1.15.1\STM32CubeIDE\plugins\com.st.stm32cube.common.mx_6.11.1.202404110753\\db\/plugins/mcufinder/images/
2024-06-25 08:04:35,182 [WARN] DbFile:41 - Overriding database path with different value: C:\Users\jhwang\.stmcufinder\plugins\mcufinder/ => C:\Users\jhwang\.stmcufinder\plugins\mcufinder
2024-06-25 08:04:35,182 [INFO] ApiDb:250 - Set database path to: C:\Users\jhwang\.stmcufinder\plugins\mcufinder//mcu/
2024-06-25 08:04:35,182 [WARN] DbFile:41 - Overriding database path with different value: C:\Users\jhwang\.stmcufinder\plugins\mcufinder/ => C:\Users\jhwang\.stmcufinder\plugins\mcufinder
2024-06-25 08:04:35,182 [INFO] DbMcusAds:125 - Set database path to: C:\Users\jhwang\.stmcufinder\plugins\mcufinder//mcu/
2024-06-25 08:04:35,182 [WARN] DbFile:41 - Overriding database path with different value: C:\Users\jhwang\.stmcufinder\plugins\mcufinder/ => C:\Users\jhwang\.stmcufinder\plugins\mcufinder
2024-06-25 08:04:35,182 [WARN] DbFile:41 - Overriding database path with different value: C:\Users\jhwang\.stmcufinder\plugins\mcufinder/ => C:\Users\jhwang\.stmcufinder\plugins\mcufinder
2024-06-25 08:04:35,182 [INFO] CrossReferenceDbSqlite:203 - Set database path to: C:\Users\jhwang\.stmcufinder\plugins\mcufinder//mcu/cs/
2024-06-25 08:04:35,192 [INFO] ApplicationProperties:184 - Using Application install path: C:\ST\STM32CubeIDE_1.15.1\STM32CubeIDE\plugins\com.st.stm32cube.common.mx_6.11.1.202404110753
2024-06-25 08:04:35,193 [INFO] PluginManage:196 - Search for loadable plugins [exclusion list=, ]
2024-06-25 08:04:35,194 [INFO] PluginManage:310 - Check plugin analytics
2024-06-25 08:04:35,302 [INFO] AnalyticsPlugin:253 - Accepted Software Licenses: 
2024-06-25 08:04:35,302 [INFO] AnalyticsPlugin:255 - Accepted CMSIS Pack Licenses: 
2024-06-25 08:04:35,302 [INFO] AnalyticsPlugin:257 - Accepted Firmware Licenses: 
2024-06-25 08:04:35,304 [INFO] PluginManage:359 - Loaded plugin analytics (category:tool,tabindex:-1)
2024-06-25 08:04:35,304 [INFO] PluginManage:310 - Check plugin cadmodel
2024-06-25 08:04:35,323 [INFO] CADModel:105 - Init CAD model plugin
2024-06-25 08:04:35,323 [INFO] PluginManage:359 - Loaded plugin cadmodel (category:power,tabindex:5)
2024-06-25 08:04:35,324 [INFO] PluginManage:310 - Check plugin clock
2024-06-25 08:04:35,338 [INFO] PluginManage:359 - Loaded plugin clock (category:base,tabindex:2)
2024-06-25 08:04:35,338 [INFO] PluginManage:310 - Check plugin ddr
2024-06-25 08:04:35,340 [INFO] PluginManage:359 - Loaded plugin ddr (category:tool,tabindex:6)
2024-06-25 08:04:35,340 [INFO] PluginManage:310 - Check plugin filemanager
2024-06-25 08:04:35,439 [INFO] PluginManage:359 - Loaded plugin filemanager (category:base,tabindex:10)
2024-06-25 08:04:35,439 [INFO] PluginManage:310 - Check plugin ipmanager
2024-06-25 08:04:35,444 [INFO] PluginManage:359 - Loaded plugin ipmanager (category:base,tabindex:5)
2024-06-25 08:04:35,444 [INFO] PluginManage:310 - Check plugin lpbam
2024-06-25 08:04:35,453 [INFO] PluginManage:359 - Loaded plugin lpbam (category:base,tabindex:0)
2024-06-25 08:04:35,453 [INFO] PluginManage:310 - Check plugin memorymap
2024-06-25 08:04:35,466 [INFO] PluginManage:359 - Loaded plugin memorymap (category:base,tabindex:4)
2024-06-25 08:04:35,466 [INFO] PluginManage:310 - Check plugin pinoutandconfiguration
2024-06-25 08:04:35,476 [INFO] PluginManage:359 - Loaded plugin pinoutandconfiguration (category:base,tabindex:1)
2024-06-25 08:04:35,476 [INFO] PluginManage:310 - Check plugin pinoutconfig
2024-06-25 08:04:35,531 [WARN] SupportedApi:132 - Cannot load RTOS API schema: s4s-elt-must-match.1: The content of 'definitions' must match (annotation?, (simpleType | complexType)?, (unique | key | keyref)*)). A problem was found starting at: attribute.
2024-06-25 08:04:35,601 [INFO] PluginManage:359 - Loaded plugin pinoutconfig (category:base,tabindex:0)
2024-06-25 08:04:35,601 [INFO] PluginManage:310 - Check plugin power
2024-06-25 08:04:35,621 [INFO] PluginManage:359 - Loaded plugin power (category:power,tabindex:4)
2024-06-25 08:04:35,621 [INFO] PluginManage:310 - Check plugin projectmanager
2024-06-25 08:04:35,630 [INFO] PluginManage:359 - Loaded plugin projectmanager (category:projectmanager,tabindex:3)
2024-06-25 08:04:35,630 [INFO] PluginManage:310 - Check plugin thirdparty
2024-06-25 08:04:35,744 [INFO] PluginManage:359 - Loaded plugin thirdparty (category:base,tabindex:-1)
2024-06-25 08:04:35,744 [WARN] IntegrityCheckThread:84 - waiting for thirdparty lock release [integrity check]
2024-06-25 08:04:35,744 [INFO] PluginManage:310 - Check plugin tools
2024-06-25 08:04:35,744 [INFO] IntegrityCheckThread:86 - entering critical section [integrity check]
2024-06-25 08:04:35,745 [INFO] ThirdPartyUpdaterWithRetryManager:70 - Updater plugin not ready yet. [1/15]
2024-06-25 08:04:35,749 [INFO] PluginManage:359 - Loaded plugin tools (category:base,tabindex:7)
2024-06-25 08:04:35,749 [INFO] PluginManage:310 - Check plugin tutovideos
2024-06-25 08:04:35,852 [INFO] PluginManage:359 - Loaded plugin tutovideos (category:base,tabindex:-1)
2024-06-25 08:04:35,852 [INFO] PluginManage:310 - Check plugin updater
2024-06-25 08:04:35,860 [INFO] PluginManage:359 - Loaded plugin updater (category:base,tabindex:12)
2024-06-25 08:04:35,860 [INFO] PluginManage:310 - Check plugin userauth
2024-06-25 08:04:35,864 [INFO] UserAuth:114 - Init User Auth plugin
2024-06-25 08:04:35,864 [INFO] PluginManage:359 - Loaded plugin userauth (category:base,tabindex:14)
2024-06-25 08:04:35,864 [INFO] PluginManage:283 - PluginManage : Loaded plugins [17]
2024-06-25 08:04:35,989 [INFO] PinOutPanel:1561 - setPackage(No Configuration,No Configuration)
2024-06-25 08:04:36,036 [INFO] CADModel:165 - CPN selected for project level
2024-06-25 08:04:36,036 [INFO] CADModel:114 - Register for checkConnection events
2024-06-25 08:04:36,050 [INFO] IPUIPlugin:80 - create IPUIPlugin
2024-06-25 08:04:36,050 [INFO] PluginManager:220 - loadIPPluginJar : add adc
2024-06-25 08:04:36,055 [INFO] IPUIPlugin:80 - create IPUIPlugin
2024-06-25 08:04:36,055 [INFO] PluginManager:220 - loadIPPluginJar : add aes
2024-06-25 08:04:36,061 [INFO] IPUIPlugin:80 - create IPUIPlugin
2024-06-25 08:04:36,062 [INFO] PluginManager:220 - loadIPPluginJar : add can
2024-06-25 08:04:36,064 [INFO] IPUIPlugin:80 - create IPUIPlugin
2024-06-25 08:04:36,064 [INFO] PluginManager:220 - loadIPPluginJar : add comp
2024-06-25 08:04:36,069 [INFO] IPUIPlugin:80 - create IPUIPlugin
2024-06-25 08:04:36,069 [INFO] PluginManager:220 - loadIPPluginJar : add cryp
2024-06-25 08:04:36,073 [INFO] IPUIPlugin:80 - create IPUIPlugin
2024-06-25 08:04:36,073 [INFO] PluginManager:220 - loadIPPluginJar : add dfsdm
2024-06-25 08:04:36,081 [INFO] IPUIPlugin:80 - create IPUIPlugin
2024-06-25 08:04:36,082 [INFO] PluginManager:220 - loadIPPluginJar : add dma
2024-06-25 08:04:36,086 [INFO] IPUIPlugin:80 - create IPUIPlugin
2024-06-25 08:04:36,086 [INFO] PluginManager:220 - loadIPPluginJar : add dma3
2024-06-25 08:04:36,093 [INFO] IPUIPlugin:80 - create IPUIPlugin
2024-06-25 08:04:36,093 [INFO] PluginManager:220 - loadIPPluginJar : add extmemmanager
2024-06-25 08:04:36,095 [INFO] IPUIPlugin:80 - create IPUIPlugin
2024-06-25 08:04:36,095 [INFO] PluginManager:220 - loadIPPluginJar : add fatfs
2024-06-25 08:04:36,103 [INFO] IPUIPlugin:80 - create IPUIPlugin
2024-06-25 08:04:36,103 [INFO] PluginManager:220 - loadIPPluginJar : add fmc
2024-06-25 08:04:36,114 [INFO] IPUIPlugin:80 - create IPUIPlugin
2024-06-25 08:04:36,114 [INFO] PluginManager:220 - loadIPPluginJar : add freertos
2024-06-25 08:04:36,116 [INFO] IPUIPlugin:80 - create IPUIPlugin
2024-06-25 08:04:36,116 [INFO] PluginManager:220 - loadIPPluginJar : add genericplugin
2024-06-25 08:04:36,121 [INFO] IPUIPlugin:80 - create IPUIPlugin
2024-06-25 08:04:36,121 [INFO] PluginManager:220 - loadIPPluginJar : add gfxmmu
2024-06-25 08:04:36,129 [INFO] IPUIPlugin:80 - create IPUIPlugin
2024-06-25 08:04:36,129 [INFO] PluginManager:220 - loadIPPluginJar : add gic
2024-06-25 08:04:36,136 [INFO] IPUIPlugin:80 - create IPUIPlugin
2024-06-25 08:04:36,136 [INFO] PluginManager:220 - loadIPPluginJar : add gpio
2024-06-25 08:04:36,141 [INFO] IPUIPlugin:80 - create IPUIPlugin
2024-06-25 08:04:36,141 [INFO] PluginManager:220 - loadIPPluginJar : add gtzc
2024-06-25 08:04:36,145 [INFO] IPUIPlugin:80 - create IPUIPlugin
2024-06-25 08:04:36,145 [INFO] PluginManager:220 - loadIPPluginJar : add hash
2024-06-25 08:04:36,151 [INFO] IPUIPlugin:80 - create IPUIPlugin
2024-06-25 08:04:36,151 [INFO] PluginManager:220 - loadIPPluginJar : add i2c
2024-06-25 08:04:36,157 [INFO] IPUIPlugin:80 - create IPUIPlugin
2024-06-25 08:04:36,157 [INFO] PluginManager:220 - loadIPPluginJar : add i2s
2024-06-25 08:04:36,163 [INFO] IPUIPlugin:80 - create IPUIPlugin
2024-06-25 08:04:36,163 [INFO] PluginManager:220 - loadIPPluginJar : add i3c
2024-06-25 08:04:36,170 [INFO] IPUIPlugin:80 - create IPUIPlugin
2024-06-25 08:04:36,170 [INFO] PluginManager:220 - loadIPPluginJar : add ipddr
2024-06-25 08:04:36,180 [INFO] IPUIPlugin:80 - create IPUIPlugin
2024-06-25 08:04:36,180 [INFO] PluginManager:220 - loadIPPluginJar : add linkedlist
2024-06-25 08:04:36,184 [INFO] IPUIPlugin:80 - create IPUIPlugin
2024-06-25 08:04:36,185 [INFO] PluginManager:220 - loadIPPluginJar : add lorawan
2024-06-25 08:04:36,189 [INFO] IPUIPlugin:80 - create IPUIPlugin
2024-06-25 08:04:36,189 [INFO] PluginManager:220 - loadIPPluginJar : add ltdc
2024-06-25 08:04:36,196 [INFO] IPUIPlugin:80 - create IPUIPlugin
2024-06-25 08:04:36,196 [INFO] PluginManager:220 - loadIPPluginJar : add mdma
2024-06-25 08:04:36,203 [INFO] IPUIPlugin:80 - create IPUIPlugin
2024-06-25 08:04:36,203 [INFO] PluginManager:220 - loadIPPluginJar : add nvic
2024-06-25 08:04:36,207 [INFO] IPUIPlugin:80 - create IPUIPlugin
2024-06-25 08:04:36,208 [INFO] PluginManager:220 - loadIPPluginJar : add opamp
2024-06-25 08:04:36,213 [INFO] IPUIPlugin:80 - create IPUIPlugin
2024-06-25 08:04:36,213 [INFO] PluginManager:220 - loadIPPluginJar : add openamp
2024-06-25 08:04:36,218 [INFO] IPUIPlugin:80 - create IPUIPlugin
2024-06-25 08:04:36,218 [INFO] PluginManager:220 - loadIPPluginJar : add pdm2pcm
2024-06-25 08:04:36,227 [INFO] IPUIPlugin:80 - create IPUIPlugin
2024-06-25 08:04:36,228 [INFO] PluginManager:220 - loadIPPluginJar : add plateformsettings
2024-06-25 08:04:36,231 [INFO] IPUIPlugin:80 - create IPUIPlugin
2024-06-25 08:04:36,231 [INFO] PluginManager:220 - loadIPPluginJar : add quadspi
2024-06-25 08:04:36,239 [INFO] IPUIPlugin:80 - create IPUIPlugin
2024-06-25 08:04:36,239 [INFO] PluginManager:220 - loadIPPluginJar : add resmgrutility
2024-06-25 08:04:36,246 [INFO] IPUIPlugin:80 - create IPUIPlugin
2024-06-25 08:04:36,246 [INFO] PluginManager:220 - loadIPPluginJar : add sai
2024-06-25 08:04:36,251 [INFO] IPUIPlugin:80 - create IPUIPlugin
2024-06-25 08:04:36,251 [INFO] PluginManager:220 - loadIPPluginJar : add spi
2024-06-25 08:04:36,261 [INFO] IPUIPlugin:80 - create IPUIPlugin
2024-06-25 08:04:36,261 [INFO] PluginManager:220 - loadIPPluginJar : add stm32_wpan
2024-06-25 08:04:36,264 [INFO] IPUIPlugin:80 - create IPUIPlugin
2024-06-25 08:04:36,264 [INFO] PluginManager:220 - loadIPPluginJar : add tim
2024-06-25 08:04:36,271 [INFO] IPUIPlugin:80 - create IPUIPlugin
2024-06-25 08:04:36,272 [INFO] PluginManager:220 - loadIPPluginJar : add touchsensing
2024-06-25 08:04:36,276 [INFO] IPUIPlugin:80 - create IPUIPlugin
2024-06-25 08:04:36,276 [INFO] PluginManager:220 - loadIPPluginJar : add tracer_emb
2024-06-25 08:04:36,279 [INFO] IPUIPlugin:80 - create IPUIPlugin
2024-06-25 08:04:36,279 [INFO] PluginManager:220 - loadIPPluginJar : add ts
2024-06-25 08:04:36,282 [INFO] IPUIPlugin:80 - create IPUIPlugin
2024-06-25 08:04:36,282 [INFO] PluginManager:220 - loadIPPluginJar : add tsc
2024-06-25 08:04:36,285 [INFO] IPUIPlugin:80 - create IPUIPlugin
2024-06-25 08:04:36,285 [INFO] PluginManager:220 - loadIPPluginJar : add ucpd
2024-06-25 08:04:36,292 [INFO] IPUIPlugin:80 - create IPUIPlugin
2024-06-25 08:04:36,292 [INFO] PluginManager:220 - loadIPPluginJar : add usart
2024-06-25 08:04:36,299 [INFO] IPUIPlugin:80 - create IPUIPlugin
2024-06-25 08:04:36,299 [INFO] PluginManager:220 - loadIPPluginJar : add usbx
2024-06-25 08:04:36,400 [INFO] CADModel:165 - CPN selected for project level
2024-06-25 08:04:36,400 [INFO] CADModel:114 - Register for checkConnection events
2024-06-25 08:04:36,400 [FATAL] Updater:308 - Updater called before beeing initialized
2024-06-25 08:04:36,400 [ERROR] CADModel:125 - Updater not yet initialized, retry later 
2024-06-25 08:04:36,477 [INFO] CADModel:165 - CPN selected for project level
2024-06-25 08:04:36,477 [INFO] CADModel:114 - Register for checkConnection events
2024-06-25 08:04:36,477 [FATAL] Updater:308 - Updater called before beeing initialized
2024-06-25 08:04:36,477 [ERROR] CADModel:125 - Updater not yet initialized, retry later 
2024-06-25 08:04:36,479 [FATAL] Updater:308 - Updater called before beeing initialized
2024-06-25 08:04:36,540 [FATAL] Updater:308 - Updater called before beeing initialized
2024-06-25 08:04:36,544 [INFO] DbMcusAds:53 - JSON generation date=Thu May 16 18:22:00 KST 2024 (1715851320852)
2024-06-25 08:04:36,544 [FATAL] Updater:308 - Updater called before beeing initialized
2024-06-25 08:04:36,567 [WARN] DetailPanel:346 - Failed to get advertising image, set to default
2024-06-25 08:04:36,619 [FATAL] Updater:308 - Updater called before beeing initialized
2024-06-25 08:04:36,621 [FATAL] Updater:308 - Updater called before beeing initialized
2024-06-25 08:04:36,621 [FATAL] Updater:308 - Updater called before beeing initialized
2024-06-25 08:04:36,621 [WARN] DetailPanel:346 - Failed to get advertising image, set to default
2024-06-25 08:04:36,621 [FATAL] Updater:308 - Updater called before beeing initialized
2024-06-25 08:04:36,649 [ERROR] Updater:1120 - MainUpdater not yet initialized. External WinMGr cannot be set.
2024-06-25 08:04:36,652 [INFO] Updater:1056 - Updater Version found : 6.11.1
2024-06-25 08:04:36,665 [INFO] ApplicationProperties:184 - Using Application install path: C:\ST\STM32CubeIDE_1.15.1\STM32CubeIDE\plugins\com.st.stm32cube.common.mx_6.11.1.202404110753
2024-06-25 08:04:38,231 [ERROR] LogOutputStream:75 - [STDERR_REDIRECT] Jun 25, 2024 8:04:38 AM java.util.prefs.WindowsPreferences <init>
2024-06-25 08:04:38,232 [ERROR] LogOutputStream:75 - [STDERR_REDIRECT] WARNING: Could not open/create prefs root node Software\JavaSoft\Prefs at root 0xffffffff80000002. Windows RegCreateKeyEx(...) returned error code 5.
2024-06-25 08:04:38,232 [ERROR] LogOutputStream:75 - [STDERR_REDIRECT] 
2024-06-25 08:04:38,587 [INFO] MainUpdater:2873 - connection check result : 10
2024-06-25 08:04:38,588 [INFO] MainUpdater:290 - Updater Check For Update Now.
2024-06-25 08:04:38,588 [INFO] MicroXplorer:498 - Change Database Version : DB.6.0.111
2024-06-25 08:04:38,596 [INFO] McuFinderGlobals:63 - Set McuFinder mode to 2 (CubeIDE integrated)
2024-06-25 08:04:38,596 [INFO] UserAuth:179 - activating auth plugin
2024-06-25 08:04:38,598 [INFO] UserAuth:415 - Internet connection configuration mode: 1
2024-06-25 08:04:38,627 [INFO] JxBrowserEngine:152 - Initiate JxBrowser Engine with user profile folder
2024-06-25 08:04:38,734 [INFO] CheckServerUpdateThread:120 - End of CheckServer Thread
2024-06-25 08:04:38,805 [WARN] PackLoader:240 - Cannot read IP mode file for STMicroelectronics.FP-SNS-FLIGHT1.5.0.2
2024-06-25 08:04:38,810 [WARN] PackLoader:240 - Cannot read IP mode file for STMicroelectronics.FP-ATR-SIGFOX1.3.2.0
2024-06-25 08:04:38,816 [WARN] PackLoader:240 - Cannot read IP mode file for STMicroelectronics.FP-ATR-ASTRA1.2.0.0
2024-06-25 08:04:38,817 [INFO] ThirdParty:978 - Integrity check success = true
2024-06-25 08:04:38,817 [INFO] IntegrityCheckThread:100 - exiting critical section [integrity check]
2024-06-25 08:04:38,817 [INFO] IntegrityCheckThread:103 - End integrity checks thread
2024-06-25 08:04:39,446 [INFO] WebApp:161 - Instantiating new browser for Auth
2024-06-25 08:04:39,742 [INFO] WebApp:779 - Register for checkConnection events
2024-06-25 08:04:39,742 [INFO] WebApp:414 - Apply proxy settings
2024-06-25 08:04:39,742 [INFO] WebApp:499 - Chromium requires no authentication
2024-06-25 08:04:39,746 [INFO] WebApp:442 - Direct internet connection detected
2024-06-25 08:04:39,849 [INFO] WebApp:192 - Starting web application
2024-06-25 08:04:39,849 [INFO] WebApp:544 - Web application path used C:\ST\STM32CubeIDE_1.15.1\STM32CubeIDE\plugins\com.st.stm32cube.common.mx_6.11.1.202404110753\db\plugins\mcufinder\reactClient1\index.html
2024-06-25 17:05:44,654 [INFO] WebApp:354 - JxBrowser engine has been closed 
