2024-07-03 08:11:07,235 [INFO] Activator:176 - 


2024-07-03 08:11:07,235 [INFO] Activator:177 - !SESSION log4j initialized
2024-07-03 08:11:10,719 [INFO] LogOutputStream:77 - [STDOUT_REDIRECT] 
2024-07-03 08:11:12,957 [INFO] ApplicationProperties:184 - Using Application install path: C:\ST\STM32CubeIDE_1.15.1\STM32CubeIDE\plugins\com.st.stm32cube.common.mx_6.11.1.202404110753
2024-07-03 08:11:12,968 [INFO] DbMcusXml:78 - Set database path to: C:\ST\STM32CubeIDE_1.15.1\STM32CubeIDE\plugins\com.st.stm32cube.common.mx_6.11.1.202404110753\\db\/mcu/
2024-07-03 08:11:12,968 [INFO] ApiDb:274 - Set plugin database path to: C:\ST\STM32CubeIDE_1.15.1\STM32CubeIDE\plugins\com.st.stm32cube.common.mx_6.11.1.202404110753\\db\/plugins/boardmanager/
2024-07-03 08:11:12,969 [WARN] ApiDb:259 - Overriding images path with different value:  => C:\ST\STM32CubeIDE_1.15.1\STM32CubeIDE\plugins\com.st.stm32cube.common.mx_6.11.1.202404110753\\db\/plugins/mcufinder/images/
2024-07-03 08:11:12,973 [INFO] ApiDb:250 - Set database path to: C:\Users\jhwang\.stmcufinder\plugins\mcufinder//mcu/
2024-07-03 08:11:12,974 [INFO] DbMcusAds:125 - Set database path to: C:\Users\jhwang\.stmcufinder\plugins\mcufinder//mcu/
2024-07-03 08:11:12,975 [INFO] CrossReferenceDbSqlite:203 - Set database path to: C:\Users\jhwang\.stmcufinder\plugins\mcufinder//mcu/cs/
2024-07-03 08:11:13,047 [INFO] RulesReader:64 - Compatibility file has been processed (297 Rules)
2024-07-03 08:11:13,095 [INFO] DbMcusXml:78 - Set database path to: C:\ST\STM32CubeIDE_1.15.1\STM32CubeIDE\plugins\com.st.stm32cube.common.mx_6.11.1.202404110753\\db\/mcu/
2024-07-03 08:11:13,095 [INFO] ApiDb:274 - Set plugin database path to: C:\ST\STM32CubeIDE_1.15.1\STM32CubeIDE\plugins\com.st.stm32cube.common.mx_6.11.1.202404110753\\db\/plugins/boardmanager/
2024-07-03 08:11:13,095 [INFO] ApiDb:261 - Set plugin images path to: C:\ST\STM32CubeIDE_1.15.1\STM32CubeIDE\plugins\com.st.stm32cube.common.mx_6.11.1.202404110753\\db\/plugins/mcufinder/images/
2024-07-03 08:11:13,095 [WARN] DbFile:41 - Overriding database path with different value: C:\Users\jhwang\.stmcufinder\plugins\mcufinder/ => C:\Users\jhwang\.stmcufinder\plugins\mcufinder
2024-07-03 08:11:13,095 [INFO] ApiDb:250 - Set database path to: C:\Users\jhwang\.stmcufinder\plugins\mcufinder//mcu/
2024-07-03 08:11:13,095 [WARN] DbFile:41 - Overriding database path with different value: C:\Users\jhwang\.stmcufinder\plugins\mcufinder/ => C:\Users\jhwang\.stmcufinder\plugins\mcufinder
2024-07-03 08:11:13,095 [INFO] DbMcusAds:125 - Set database path to: C:\Users\jhwang\.stmcufinder\plugins\mcufinder//mcu/
2024-07-03 08:11:13,095 [WARN] DbFile:41 - Overriding database path with different value: C:\Users\jhwang\.stmcufinder\plugins\mcufinder/ => C:\Users\jhwang\.stmcufinder\plugins\mcufinder
2024-07-03 08:11:13,095 [WARN] DbFile:41 - Overriding database path with different value: C:\Users\jhwang\.stmcufinder\plugins\mcufinder/ => C:\Users\jhwang\.stmcufinder\plugins\mcufinder
2024-07-03 08:11:13,095 [INFO] CrossReferenceDbSqlite:203 - Set database path to: C:\Users\jhwang\.stmcufinder\plugins\mcufinder//mcu/cs/
2024-07-03 08:11:13,135 [INFO] MainPanel:264 - HeapMemory: 268435456
2024-07-03 08:11:13,181 [INFO] DbMcusXml:78 - Set database path to: C:\ST\STM32CubeIDE_1.15.1\STM32CubeIDE\plugins\com.st.stm32cube.common.mx_6.11.1.202404110753\\db\/mcu/
2024-07-03 08:11:13,181 [INFO] ApiDb:274 - Set plugin database path to: C:\ST\STM32CubeIDE_1.15.1\STM32CubeIDE\plugins\com.st.stm32cube.common.mx_6.11.1.202404110753\\db\/plugins/boardmanager/
2024-07-03 08:11:13,181 [INFO] ApiDb:261 - Set plugin images path to: C:\ST\STM32CubeIDE_1.15.1\STM32CubeIDE\plugins\com.st.stm32cube.common.mx_6.11.1.202404110753\\db\/plugins/mcufinder/images/
2024-07-03 08:11:13,181 [WARN] DbFile:41 - Overriding database path with different value: C:\Users\jhwang\.stmcufinder\plugins\mcufinder/ => C:\Users\jhwang\.stmcufinder\plugins\mcufinder
2024-07-03 08:11:13,181 [INFO] ApiDb:250 - Set database path to: C:\Users\jhwang\.stmcufinder\plugins\mcufinder//mcu/
2024-07-03 08:11:13,181 [WARN] DbFile:41 - Overriding database path with different value: C:\Users\jhwang\.stmcufinder\plugins\mcufinder/ => C:\Users\jhwang\.stmcufinder\plugins\mcufinder
2024-07-03 08:11:13,181 [INFO] DbMcusAds:125 - Set database path to: C:\Users\jhwang\.stmcufinder\plugins\mcufinder//mcu/
2024-07-03 08:11:13,181 [WARN] DbFile:41 - Overriding database path with different value: C:\Users\jhwang\.stmcufinder\plugins\mcufinder/ => C:\Users\jhwang\.stmcufinder\plugins\mcufinder
2024-07-03 08:11:13,182 [WARN] DbFile:41 - Overriding database path with different value: C:\Users\jhwang\.stmcufinder\plugins\mcufinder/ => C:\Users\jhwang\.stmcufinder\plugins\mcufinder
2024-07-03 08:11:13,182 [INFO] CrossReferenceDbSqlite:203 - Set database path to: C:\Users\jhwang\.stmcufinder\plugins\mcufinder//mcu/cs/
2024-07-03 08:11:13,191 [INFO] ApplicationProperties:184 - Using Application install path: C:\ST\STM32CubeIDE_1.15.1\STM32CubeIDE\plugins\com.st.stm32cube.common.mx_6.11.1.202404110753
2024-07-03 08:11:13,192 [INFO] PluginManage:196 - Search for loadable plugins [exclusion list=, ]
2024-07-03 08:11:13,193 [INFO] PluginManage:310 - Check plugin analytics
2024-07-03 08:11:13,314 [INFO] AnalyticsPlugin:253 - Accepted Software Licenses: 
2024-07-03 08:11:13,316 [INFO] AnalyticsPlugin:255 - Accepted CMSIS Pack Licenses: 
2024-07-03 08:11:13,316 [INFO] AnalyticsPlugin:257 - Accepted Firmware Licenses: 
2024-07-03 08:11:13,317 [INFO] PluginManage:359 - Loaded plugin analytics (category:tool,tabindex:-1)
2024-07-03 08:11:13,318 [INFO] PluginManage:310 - Check plugin cadmodel
2024-07-03 08:11:13,339 [INFO] CADModel:105 - Init CAD model plugin
2024-07-03 08:11:13,339 [INFO] PluginManage:359 - Loaded plugin cadmodel (category:power,tabindex:5)
2024-07-03 08:11:13,339 [INFO] PluginManage:310 - Check plugin clock
2024-07-03 08:11:13,355 [INFO] PluginManage:359 - Loaded plugin clock (category:base,tabindex:2)
2024-07-03 08:11:13,355 [INFO] PluginManage:310 - Check plugin ddr
2024-07-03 08:11:13,356 [INFO] PluginManage:359 - Loaded plugin ddr (category:tool,tabindex:6)
2024-07-03 08:11:13,357 [INFO] PluginManage:310 - Check plugin filemanager
2024-07-03 08:11:13,446 [INFO] PluginManage:359 - Loaded plugin filemanager (category:base,tabindex:10)
2024-07-03 08:11:13,446 [INFO] PluginManage:310 - Check plugin ipmanager
2024-07-03 08:11:13,449 [INFO] PluginManage:359 - Loaded plugin ipmanager (category:base,tabindex:5)
2024-07-03 08:11:13,449 [INFO] PluginManage:310 - Check plugin lpbam
2024-07-03 08:11:13,457 [INFO] PluginManage:359 - Loaded plugin lpbam (category:base,tabindex:0)
2024-07-03 08:11:13,457 [INFO] PluginManage:310 - Check plugin memorymap
2024-07-03 08:11:13,468 [INFO] PluginManage:359 - Loaded plugin memorymap (category:base,tabindex:4)
2024-07-03 08:11:13,468 [INFO] PluginManage:310 - Check plugin pinoutandconfiguration
2024-07-03 08:11:13,476 [INFO] PluginManage:359 - Loaded plugin pinoutandconfiguration (category:base,tabindex:1)
2024-07-03 08:11:13,476 [INFO] PluginManage:310 - Check plugin pinoutconfig
2024-07-03 08:11:13,531 [WARN] SupportedApi:132 - Cannot load RTOS API schema: s4s-elt-must-match.1: The content of 'definitions' must match (annotation?, (simpleType | complexType)?, (unique | key | keyref)*)). A problem was found starting at: attribute.
2024-07-03 08:11:13,601 [INFO] PluginManage:359 - Loaded plugin pinoutconfig (category:base,tabindex:0)
2024-07-03 08:11:13,601 [INFO] PluginManage:310 - Check plugin power
2024-07-03 08:11:13,617 [INFO] PluginManage:359 - Loaded plugin power (category:power,tabindex:4)
2024-07-03 08:11:13,617 [INFO] PluginManage:310 - Check plugin projectmanager
2024-07-03 08:11:13,626 [INFO] PluginManage:359 - Loaded plugin projectmanager (category:projectmanager,tabindex:3)
2024-07-03 08:11:13,626 [INFO] PluginManage:310 - Check plugin thirdparty
2024-07-03 08:11:13,731 [WARN] IntegrityCheckThread:84 - waiting for thirdparty lock release [integrity check]
2024-07-03 08:11:13,732 [INFO] PluginManage:359 - Loaded plugin thirdparty (category:base,tabindex:-1)
2024-07-03 08:11:13,732 [INFO] IntegrityCheckThread:86 - entering critical section [integrity check]
2024-07-03 08:11:13,732 [INFO] PluginManage:310 - Check plugin tools
2024-07-03 08:11:13,732 [INFO] ThirdPartyUpdaterWithRetryManager:70 - Updater plugin not ready yet. [1/15]
2024-07-03 08:11:13,737 [INFO] PluginManage:359 - Loaded plugin tools (category:base,tabindex:7)
2024-07-03 08:11:13,737 [INFO] PluginManage:310 - Check plugin tutovideos
2024-07-03 08:11:13,848 [INFO] PluginManage:359 - Loaded plugin tutovideos (category:base,tabindex:-1)
2024-07-03 08:11:13,848 [INFO] PluginManage:310 - Check plugin updater
2024-07-03 08:11:13,855 [INFO] PluginManage:359 - Loaded plugin updater (category:base,tabindex:12)
2024-07-03 08:11:13,855 [INFO] PluginManage:310 - Check plugin userauth
2024-07-03 08:11:13,858 [INFO] UserAuth:114 - Init User Auth plugin
2024-07-03 08:11:13,859 [INFO] PluginManage:359 - Loaded plugin userauth (category:base,tabindex:14)
2024-07-03 08:11:13,859 [INFO] PluginManage:283 - PluginManage : Loaded plugins [17]
2024-07-03 08:11:13,974 [INFO] PinOutPanel:1561 - setPackage(No Configuration,No Configuration)
2024-07-03 08:11:14,014 [INFO] CADModel:165 - CPN selected for project level
2024-07-03 08:11:14,015 [INFO] CADModel:114 - Register for checkConnection events
2024-07-03 08:11:14,030 [INFO] IPUIPlugin:80 - create IPUIPlugin
2024-07-03 08:11:14,030 [INFO] PluginManager:220 - loadIPPluginJar : add adc
2024-07-03 08:11:14,035 [INFO] IPUIPlugin:80 - create IPUIPlugin
2024-07-03 08:11:14,035 [INFO] PluginManager:220 - loadIPPluginJar : add aes
2024-07-03 08:11:14,040 [INFO] IPUIPlugin:80 - create IPUIPlugin
2024-07-03 08:11:14,040 [INFO] PluginManager:220 - loadIPPluginJar : add can
2024-07-03 08:11:14,043 [INFO] IPUIPlugin:80 - create IPUIPlugin
2024-07-03 08:11:14,043 [INFO] PluginManager:220 - loadIPPluginJar : add comp
2024-07-03 08:11:14,047 [INFO] IPUIPlugin:80 - create IPUIPlugin
2024-07-03 08:11:14,047 [INFO] PluginManager:220 - loadIPPluginJar : add cryp
2024-07-03 08:11:14,049 [INFO] IPUIPlugin:80 - create IPUIPlugin
2024-07-03 08:11:14,049 [INFO] PluginManager:220 - loadIPPluginJar : add dfsdm
2024-07-03 08:11:14,056 [INFO] IPUIPlugin:80 - create IPUIPlugin
2024-07-03 08:11:14,057 [INFO] PluginManager:220 - loadIPPluginJar : add dma
2024-07-03 08:11:14,060 [INFO] IPUIPlugin:80 - create IPUIPlugin
2024-07-03 08:11:14,060 [INFO] PluginManager:220 - loadIPPluginJar : add dma3
2024-07-03 08:11:14,067 [INFO] IPUIPlugin:80 - create IPUIPlugin
2024-07-03 08:11:14,067 [INFO] PluginManager:220 - loadIPPluginJar : add extmemmanager
2024-07-03 08:11:14,068 [INFO] IPUIPlugin:80 - create IPUIPlugin
2024-07-03 08:11:14,069 [INFO] PluginManager:220 - loadIPPluginJar : add fatfs
2024-07-03 08:11:14,074 [INFO] IPUIPlugin:80 - create IPUIPlugin
2024-07-03 08:11:14,075 [INFO] PluginManager:220 - loadIPPluginJar : add fmc
2024-07-03 08:11:14,084 [INFO] IPUIPlugin:80 - create IPUIPlugin
2024-07-03 08:11:14,084 [INFO] PluginManager:220 - loadIPPluginJar : add freertos
2024-07-03 08:11:14,087 [INFO] IPUIPlugin:80 - create IPUIPlugin
2024-07-03 08:11:14,087 [INFO] PluginManager:220 - loadIPPluginJar : add genericplugin
2024-07-03 08:11:14,090 [INFO] IPUIPlugin:80 - create IPUIPlugin
2024-07-03 08:11:14,090 [INFO] PluginManager:220 - loadIPPluginJar : add gfxmmu
2024-07-03 08:11:14,096 [INFO] IPUIPlugin:80 - create IPUIPlugin
2024-07-03 08:11:14,096 [INFO] PluginManager:220 - loadIPPluginJar : add gic
2024-07-03 08:11:14,101 [INFO] IPUIPlugin:80 - create IPUIPlugin
2024-07-03 08:11:14,101 [INFO] PluginManager:220 - loadIPPluginJar : add gpio
2024-07-03 08:11:14,106 [INFO] IPUIPlugin:80 - create IPUIPlugin
2024-07-03 08:11:14,106 [INFO] PluginManager:220 - loadIPPluginJar : add gtzc
2024-07-03 08:11:14,109 [INFO] IPUIPlugin:80 - create IPUIPlugin
2024-07-03 08:11:14,109 [INFO] PluginManager:220 - loadIPPluginJar : add hash
2024-07-03 08:11:14,114 [INFO] IPUIPlugin:80 - create IPUIPlugin
2024-07-03 08:11:14,114 [INFO] PluginManager:220 - loadIPPluginJar : add i2c
2024-07-03 08:11:14,118 [INFO] IPUIPlugin:80 - create IPUIPlugin
2024-07-03 08:11:14,118 [INFO] PluginManager:220 - loadIPPluginJar : add i2s
2024-07-03 08:11:14,125 [INFO] IPUIPlugin:80 - create IPUIPlugin
2024-07-03 08:11:14,125 [INFO] PluginManager:220 - loadIPPluginJar : add i3c
2024-07-03 08:11:14,130 [INFO] IPUIPlugin:80 - create IPUIPlugin
2024-07-03 08:11:14,130 [INFO] PluginManager:220 - loadIPPluginJar : add ipddr
2024-07-03 08:11:14,139 [INFO] IPUIPlugin:80 - create IPUIPlugin
2024-07-03 08:11:14,139 [INFO] PluginManager:220 - loadIPPluginJar : add linkedlist
2024-07-03 08:11:14,141 [INFO] IPUIPlugin:80 - create IPUIPlugin
2024-07-03 08:11:14,142 [INFO] PluginManager:220 - loadIPPluginJar : add lorawan
2024-07-03 08:11:14,145 [INFO] IPUIPlugin:80 - create IPUIPlugin
2024-07-03 08:11:14,145 [INFO] PluginManager:220 - loadIPPluginJar : add ltdc
2024-07-03 08:11:14,151 [INFO] IPUIPlugin:80 - create IPUIPlugin
2024-07-03 08:11:14,151 [INFO] PluginManager:220 - loadIPPluginJar : add mdma
2024-07-03 08:11:14,156 [INFO] IPUIPlugin:80 - create IPUIPlugin
2024-07-03 08:11:14,156 [INFO] PluginManager:220 - loadIPPluginJar : add nvic
2024-07-03 08:11:14,160 [INFO] IPUIPlugin:80 - create IPUIPlugin
2024-07-03 08:11:14,160 [INFO] PluginManager:220 - loadIPPluginJar : add opamp
2024-07-03 08:11:14,169 [INFO] IPUIPlugin:80 - create IPUIPlugin
2024-07-03 08:11:14,169 [INFO] PluginManager:220 - loadIPPluginJar : add openamp
2024-07-03 08:11:14,173 [INFO] IPUIPlugin:80 - create IPUIPlugin
2024-07-03 08:11:14,173 [INFO] PluginManager:220 - loadIPPluginJar : add pdm2pcm
2024-07-03 08:11:14,180 [INFO] IPUIPlugin:80 - create IPUIPlugin
2024-07-03 08:11:14,181 [INFO] PluginManager:220 - loadIPPluginJar : add plateformsettings
2024-07-03 08:11:14,183 [INFO] IPUIPlugin:80 - create IPUIPlugin
2024-07-03 08:11:14,183 [INFO] PluginManager:220 - loadIPPluginJar : add quadspi
2024-07-03 08:11:14,190 [INFO] IPUIPlugin:80 - create IPUIPlugin
2024-07-03 08:11:14,190 [INFO] PluginManager:220 - loadIPPluginJar : add resmgrutility
2024-07-03 08:11:14,198 [INFO] IPUIPlugin:80 - create IPUIPlugin
2024-07-03 08:11:14,198 [INFO] PluginManager:220 - loadIPPluginJar : add sai
2024-07-03 08:11:14,205 [INFO] IPUIPlugin:80 - create IPUIPlugin
2024-07-03 08:11:14,205 [INFO] PluginManager:220 - loadIPPluginJar : add spi
2024-07-03 08:11:14,213 [INFO] IPUIPlugin:80 - create IPUIPlugin
2024-07-03 08:11:14,213 [INFO] PluginManager:220 - loadIPPluginJar : add stm32_wpan
2024-07-03 08:11:14,215 [INFO] IPUIPlugin:80 - create IPUIPlugin
2024-07-03 08:11:14,215 [INFO] PluginManager:220 - loadIPPluginJar : add tim
2024-07-03 08:11:14,220 [INFO] IPUIPlugin:80 - create IPUIPlugin
2024-07-03 08:11:14,220 [INFO] PluginManager:220 - loadIPPluginJar : add touchsensing
2024-07-03 08:11:14,223 [INFO] IPUIPlugin:80 - create IPUIPlugin
2024-07-03 08:11:14,223 [INFO] PluginManager:220 - loadIPPluginJar : add tracer_emb
2024-07-03 08:11:14,225 [INFO] IPUIPlugin:80 - create IPUIPlugin
2024-07-03 08:11:14,225 [INFO] PluginManager:220 - loadIPPluginJar : add ts
2024-07-03 08:11:14,227 [INFO] IPUIPlugin:80 - create IPUIPlugin
2024-07-03 08:11:14,227 [INFO] PluginManager:220 - loadIPPluginJar : add tsc
2024-07-03 08:11:14,232 [INFO] IPUIPlugin:80 - create IPUIPlugin
2024-07-03 08:11:14,232 [INFO] PluginManager:220 - loadIPPluginJar : add ucpd
2024-07-03 08:11:14,246 [INFO] IPUIPlugin:80 - create IPUIPlugin
2024-07-03 08:11:14,246 [INFO] PluginManager:220 - loadIPPluginJar : add usart
2024-07-03 08:11:14,252 [INFO] IPUIPlugin:80 - create IPUIPlugin
2024-07-03 08:11:14,252 [INFO] PluginManager:220 - loadIPPluginJar : add usbx
2024-07-03 08:11:14,354 [INFO] CADModel:165 - CPN selected for project level
2024-07-03 08:11:14,354 [INFO] CADModel:114 - Register for checkConnection events
2024-07-03 08:11:14,354 [FATAL] Updater:308 - Updater called before beeing initialized
2024-07-03 08:11:14,354 [ERROR] CADModel:125 - Updater not yet initialized, retry later 
2024-07-03 08:11:14,437 [INFO] CADModel:165 - CPN selected for project level
2024-07-03 08:11:14,437 [INFO] CADModel:114 - Register for checkConnection events
2024-07-03 08:11:14,437 [FATAL] Updater:308 - Updater called before beeing initialized
2024-07-03 08:11:14,438 [ERROR] CADModel:125 - Updater not yet initialized, retry later 
2024-07-03 08:11:14,440 [FATAL] Updater:308 - Updater called before beeing initialized
2024-07-03 08:11:14,496 [FATAL] Updater:308 - Updater called before beeing initialized
2024-07-03 08:11:14,504 [INFO] DbMcusAds:53 - JSON generation date=Thu May 16 18:22:00 KST 2024 (1715851320852)
2024-07-03 08:11:14,504 [FATAL] Updater:308 - Updater called before beeing initialized
2024-07-03 08:11:14,526 [WARN] DetailPanel:346 - Failed to get advertising image, set to default
2024-07-03 08:11:14,577 [FATAL] Updater:308 - Updater called before beeing initialized
2024-07-03 08:11:14,578 [FATAL] Updater:308 - Updater called before beeing initialized
2024-07-03 08:11:14,579 [FATAL] Updater:308 - Updater called before beeing initialized
2024-07-03 08:11:14,579 [WARN] DetailPanel:346 - Failed to get advertising image, set to default
2024-07-03 08:11:14,579 [FATAL] Updater:308 - Updater called before beeing initialized
2024-07-03 08:11:14,622 [ERROR] Updater:1120 - MainUpdater not yet initialized. External WinMGr cannot be set.
2024-07-03 08:11:14,625 [INFO] Updater:1056 - Updater Version found : 6.11.1
2024-07-03 08:11:14,637 [INFO] ApplicationProperties:184 - Using Application install path: C:\ST\STM32CubeIDE_1.15.1\STM32CubeIDE\plugins\com.st.stm32cube.common.mx_6.11.1.202404110753
2024-07-03 08:11:16,227 [ERROR] LogOutputStream:75 - [STDERR_REDIRECT] Jul 03, 2024 8:11:16 AM java.util.prefs.WindowsPreferences <init>
2024-07-03 08:11:16,227 [ERROR] LogOutputStream:75 - [STDERR_REDIRECT] WARNING: Could not open/create prefs root node Software\JavaSoft\Prefs at root 0xffffffff80000002. Windows RegCreateKeyEx(...) returned error code 5.
2024-07-03 08:11:16,227 [ERROR] LogOutputStream:75 - [STDERR_REDIRECT] 
2024-07-03 08:11:16,711 [INFO] ThirdPartyUpdaterWithRetryManager:70 - Updater plugin not ready yet. [2/15]
2024-07-03 08:11:16,836 [INFO] MainUpdater:2873 - connection check result : 10
2024-07-03 08:11:16,836 [INFO] MainUpdater:290 - Updater Check For Update Now.
2024-07-03 08:11:16,836 [INFO] MicroXplorer:498 - Change Database Version : DB.6.0.111
2024-07-03 08:11:16,851 [INFO] McuFinderGlobals:63 - Set McuFinder mode to 2 (CubeIDE integrated)
2024-07-03 08:11:16,851 [INFO] UserAuth:179 - activating auth plugin
2024-07-03 08:11:16,851 [INFO] UserAuth:415 - Internet connection configuration mode: 1
2024-07-03 08:11:16,876 [INFO] JxBrowserEngine:152 - Initiate JxBrowser Engine with user profile folder
2024-07-03 08:11:16,989 [INFO] CheckServerUpdateThread:120 - End of CheckServer Thread
2024-07-03 08:11:17,629 [INFO] WebApp:161 - Instantiating new browser for Auth
2024-07-03 08:11:17,903 [INFO] WebApp:779 - Register for checkConnection events
2024-07-03 08:11:17,903 [INFO] WebApp:414 - Apply proxy settings
2024-07-03 08:11:17,903 [INFO] WebApp:499 - Chromium requires no authentication
2024-07-03 08:11:17,903 [INFO] WebApp:442 - Direct internet connection detected
2024-07-03 08:11:17,999 [INFO] WebApp:192 - Starting web application
2024-07-03 08:11:17,999 [INFO] WebApp:544 - Web application path used C:\ST\STM32CubeIDE_1.15.1\STM32CubeIDE\plugins\com.st.stm32cube.common.mx_6.11.1.202404110753\db\plugins\mcufinder\reactClient1\index.html
2024-07-03 08:11:19,802 [WARN] PackLoader:240 - Cannot read IP mode file for STMicroelectronics.FP-SNS-MOTENVWB1.1.4.0
2024-07-03 08:11:19,807 [WARN] PackLoader:240 - Cannot read IP mode file for STMicroelectronics.X-CUBE-SMBUS.2.1.0
2024-07-03 08:11:19,824 [WARN] PackLoader:240 - Cannot read IP mode file for STMicroelectronics.X-CUBE-AZRTOS-F7.1.1.0
2024-07-03 08:11:19,832 [WARN] PackLoader:240 - Cannot read IP mode file for STMicroelectronics.FP-SNS-FLIGHT1.5.0.2
2024-07-03 08:11:19,840 [WARN] PackLoader:240 - Cannot read IP mode file for STMicroelectronics.X-CUBE-DISPLAY.3.0.0
2024-07-03 08:11:19,854 [WARN] PackLoader:240 - Cannot read IP mode file for STMicroelectronics.X-CUBE-BLE1.7.0.0
2024-07-03 08:11:19,859 [WARN] PackLoader:240 - Cannot read IP mode file for emotas.I-CUBE-CANOPEN.1.3.0
2024-07-03 08:11:19,867 [WARN] PackLoader:240 - Cannot read IP mode file for STMicroelectronics.X-CUBE-BLEMGR.3.1.0
2024-07-03 08:11:19,871 [WARN] PackLoader:240 - Cannot read IP mode file for STMicroelectronics.FP-SNS-SMARTAG2.1.2.0
2024-07-03 08:11:19,879 [INFO] LogOutputStream:77 - [STDOUT_REDIRECT] 1 : Invalid condition id : UX_CORESTACK_Condition cause : null
2024-07-03 08:11:19,879 [INFO] LogOutputStream:77 - [STDOUT_REDIRECT] 1 : Invalid condition id : UX_CORESTACK_Condition cause : null
2024-07-03 08:11:19,880 [INFO] LogOutputStream:77 - [STDOUT_REDIRECT] 1 : Invalid condition id : UX_CORESTACK_Condition cause : null
2024-07-03 08:11:19,881 [INFO] LogOutputStream:77 - [STDOUT_REDIRECT] 1 : Invalid condition id : UX_CORESTACK_Condition cause : null
2024-07-03 08:11:19,881 [INFO] LogOutputStream:77 - [STDOUT_REDIRECT] 1 : Invalid condition id : UX_CORESTACK_Condition cause : null
2024-07-03 08:11:19,883 [WARN] PackLoader:240 - Cannot read IP mode file for STMicroelectronics.X-CUBE-AZRTOS-WL.2.0.0
2024-07-03 08:11:19,887 [WARN] PackLoader:240 - Cannot read IP mode file for wolfSSL.I-CUBE-wolfMQTT.1.19.0
2024-07-03 08:11:19,895 [WARN] PackLoader:240 - Cannot read IP mode file for WES.I-CUBE-Cesium.1.3.0
2024-07-03 08:11:19,900 [WARN] PackLoader:240 - Cannot read IP mode file for STMicroelectronics.X-CUBE-BLE2.3.3.0
2024-07-03 08:11:19,904 [WARN] PackLoader:240 - Cannot read IP mode file for STMicroelectronics.X-CUBE-TCPP.4.1.0
2024-07-03 08:11:19,914 [WARN] PackLoader:240 - Cannot read IP mode file for STMicroelectronics.X-CUBE-AZRTOS-G0.1.1.0
2024-07-03 08:11:19,930 [WARN] PackLoader:240 - Cannot read IP mode file for STMicroelectronics.X-CUBE-SAFEA1.1.2.2
2024-07-03 08:11:19,941 [WARN] PackLoader:240 - Cannot read IP mode file for STMicroelectronics.X-CUBE-NFC4.3.0.0
2024-07-03 08:11:19,944 [WARN] PackLoader:240 - Cannot read IP mode file for wolfSSL.I-CUBE-wolfSSL.5.7.0
2024-07-03 08:11:19,948 [WARN] PackLoader:240 - Cannot read IP mode file for STMicroelectronics.FP-ATR-SIGFOX1.3.2.0
2024-07-03 08:11:19,960 [WARN] PackLoader:240 - Cannot read IP mode file for STMicroelectronics.X-CUBE-EEPRMA1.5.1.0
2024-07-03 08:11:19,965 [WARN] PackLoader:240 - Cannot read IP mode file for ITTIA_DB.I-CUBE-ITTIADB.8.9.0
2024-07-03 08:11:19,984 [WARN] PackLoader:240 - Cannot read IP mode file for SEGGER.I-CUBE-embOS.1.3.1
2024-07-03 08:11:20,032 [WARN] PackLoader:240 - Cannot read IP mode file for STMicroelectronics.X-CUBE-ALGOBUILD.1.4.0
2024-07-03 08:11:20,039 [WARN] PackLoader:240 - Cannot read IP mode file for STMicroelectronics.X-CUBE-GNSS1.6.0.0
2024-07-03 08:11:20,049 [WARN] PackLoader:240 - Cannot read IP mode file for STMicroelectronics.X-CUBE-AZRTOS-F4.1.1.0
2024-07-03 08:11:20,053 [WARN] PackLoader:240 - Cannot read IP mode file for STMicroelectronics.X-CUBE-FREERTOS.1.2.0
2024-07-03 08:11:20,062 [WARN] PackLoader:240 - Cannot read IP mode file for STMicroelectronics.X-CUBE-AZRTOS-L5.2.0.0
2024-07-03 08:11:20,081 [WARN] PackLoader:240 - Cannot read IP mode file for STMicroelectronics.X-CUBE-NFC6.3.1.0
2024-07-03 08:11:20,089 [WARN] PackLoader:240 - Cannot read IP mode file for STMicroelectronics.X-CUBE-AI.9.0.0
2024-07-03 08:11:20,095 [WARN] PackLoader:240 - Cannot read IP mode file for STMicroelectronics.X-CUBE-NFC7.1.0.1
2024-07-03 08:11:20,103 [WARN] ConditionMgr:438 - getConditionDescription Invalid condition id : LAN8742 Phy interface Condition cause : null
2024-07-03 08:11:20,104 [WARN] PackLoader:240 - Cannot read IP mode file for STMicroelectronics.X-CUBE-AZRTOS-L4.2.0.0
2024-07-03 08:11:20,105 [WARN] ConditionMgr:1039 - genDependencies : Invalid condition id : LAN8742 Phy interface Condition cause : null
2024-07-03 08:11:20,105 [WARN] ConditionMgr:1039 - genDependencies : Invalid condition id : LAN8742 Phy interface Condition cause : null
2024-07-03 08:11:20,105 [WARN] ConditionMgr:1039 - genDependencies : Invalid condition id : LAN8742 Phy interface Condition cause : null
2024-07-03 08:11:20,116 [WARN] PackLoader:240 - Cannot read IP mode file for STMicroelectronics.X-CUBE-SFXS2LP1.4.0.0
2024-07-03 08:11:20,129 [WARN] ConditionMgr:438 - getConditionDescription Invalid condition id : UX DEVICE CLASS RTOS Condition cause : null
2024-07-03 08:11:20,129 [WARN] ConditionMgr:438 - getConditionDescription Invalid condition id : UX DEVICE CLASS RTOS Condition cause : null
2024-07-03 08:11:20,130 [WARN] PackLoader:240 - Cannot read IP mode file for STMicroelectronics.X-CUBE-AZRTOS-WB.2.0.0
2024-07-03 08:11:20,130 [WARN] ConditionMgr:1039 - genDependencies : Invalid condition id : UX DEVICE CLASS RTOS Condition cause : null
2024-07-03 08:11:20,131 [WARN] ConditionMgr:1039 - genDependencies : Invalid condition id : UX DEVICE CLASS RTOS Condition cause : null
2024-07-03 08:11:20,131 [WARN] ConditionMgr:1039 - genDependencies : Invalid condition id : UX DEVICE CLASS RTOS Condition cause : null
2024-07-03 08:11:20,131 [WARN] ConditionMgr:1039 - genDependencies : Invalid condition id : UX DEVICE CLASS RTOS Condition cause : null
2024-07-03 08:11:20,131 [WARN] ConditionMgr:1039 - genDependencies : Invalid condition id : UX DEVICE CLASS RTOS Condition cause : null
2024-07-03 08:11:20,137 [WARN] PackLoader:240 - Cannot read IP mode file for STMicroelectronics.X-CUBE-SUBG2.5.0.0
2024-07-03 08:11:20,142 [WARN] PackLoader:240 - Cannot read IP mode file for Cesanta.I-CUBE-Mongoose.7.13.0
2024-07-03 08:11:20,154 [WARN] PackLoader:240 - Cannot read IP mode file for STMicroelectronics.X-CUBE-AZRTOS-G4.2.0.0
2024-07-03 08:11:20,162 [WARN] PackLoader:240 - Cannot read IP mode file for STMicroelectronics.X-CUBE-ISPU.2.0.0
2024-07-03 08:11:20,166 [WARN] PackLoader:240 - Cannot read IP mode file for STMicroelectronics.X-CUBE-ALS.1.0.2
2024-07-03 08:11:20,239 [WARN] PackLoader:240 - Cannot read IP mode file for STMicroelectronics.X-CUBE-MEMS1.10.0.0
2024-07-03 08:11:20,278 [WARN] PackLoader:240 - Cannot read IP mode file for STMicroelectronics.X-CUBE-TOUCHGFX.4.24.0
2024-07-03 08:11:20,282 [WARN] PackLoader:240 - Cannot read IP mode file for portGmbH.I-Cube-SoM-uGOAL.1.1.0
2024-07-03 08:11:20,292 [WARN] PackLoader:240 - Cannot read IP mode file for STMicroelectronics.X-CUBE-AZRTOS-H7RS.1.0.0
2024-07-03 08:11:20,305 [WARN] PackLoader:240 - Cannot read IP mode file for STMicroelectronics.FP-ATR-ASTRA1.2.0.0
2024-07-03 08:11:20,323 [WARN] PackLoader:240 - Cannot read IP mode file for STMicroelectronics.X-CUBE-TOF1.3.4.1
2024-07-03 08:11:20,338 [WARN] PackLoader:240 - Cannot read IP mode file for STMicroelectronics.X-CUBE-AZRTOS-H7.3.2.0
2024-07-03 08:11:20,346 [WARN] PackLoader:240 - Cannot read IP mode file for Infineon.AIROC-Wi-Fi-Bluetooth-STM32.1.6.0
2024-07-03 08:11:20,348 [INFO] ThirdParty:978 - Integrity check success = true
2024-07-03 08:11:20,348 [INFO] IntegrityCheckThread:100 - exiting critical section [integrity check]
2024-07-03 08:11:20,348 [INFO] IntegrityCheckThread:103 - End integrity checks thread
2024-07-03 08:55:45,115 [ERROR] LogOutputStream:75 - [STDERR_REDIRECT] 
2024-07-03 08:55:45,115 [ERROR] LogOutputStream:75 - [STDERR_REDIRECT] 
