2024-07-15 15:40:26,929 [INFO] Activator:176 - 


2024-07-15 15:40:26,929 [INFO] Activator:177 - !SESSION log4j initialized
2024-07-15 15:40:30,697 [INFO] LogOutputStream:77 - [STDOUT_REDIRECT] 
2024-07-15 15:40:31,985 [INFO] ApplicationProperties:184 - Using Application install path: C:\ST\STM32CubeIDE_1.15.1\STM32CubeIDE\plugins\com.st.stm32cube.common.mx_6.11.1.202404110753
2024-07-15 15:40:31,997 [INFO] DbMcusXml:78 - Set database path to: C:\ST\STM32CubeIDE_1.15.1\STM32CubeIDE\plugins\com.st.stm32cube.common.mx_6.11.1.202404110753\\db\/mcu/
2024-07-15 15:40:31,997 [INFO] ApiDb:274 - Set plugin database path to: C:\ST\STM32CubeIDE_1.15.1\STM32CubeIDE\plugins\com.st.stm32cube.common.mx_6.11.1.202404110753\\db\/plugins/boardmanager/
2024-07-15 15:40:31,999 [WARN] ApiDb:259 - Overriding images path with different value:  => C:\ST\STM32CubeIDE_1.15.1\STM32CubeIDE\plugins\com.st.stm32cube.common.mx_6.11.1.202404110753\\db\/plugins/mcufinder/images/
2024-07-15 15:40:32,003 [INFO] ApiDb:250 - Set database path to: C:\Users\jhwang\.stmcufinder\plugins\mcufinder//mcu/
2024-07-15 15:40:32,003 [INFO] DbMcusAds:125 - Set database path to: C:\Users\jhwang\.stmcufinder\plugins\mcufinder//mcu/
2024-07-15 15:40:32,005 [INFO] CrossReferenceDbSqlite:203 - Set database path to: C:\Users\jhwang\.stmcufinder\plugins\mcufinder//mcu/cs/
2024-07-15 15:40:32,066 [INFO] RulesReader:64 - Compatibility file has been processed (297 Rules)
2024-07-15 15:40:32,120 [INFO] DbMcusXml:78 - Set database path to: C:\ST\STM32CubeIDE_1.15.1\STM32CubeIDE\plugins\com.st.stm32cube.common.mx_6.11.1.202404110753\\db\/mcu/
2024-07-15 15:40:32,121 [INFO] ApiDb:274 - Set plugin database path to: C:\ST\STM32CubeIDE_1.15.1\STM32CubeIDE\plugins\com.st.stm32cube.common.mx_6.11.1.202404110753\\db\/plugins/boardmanager/
2024-07-15 15:40:32,121 [INFO] ApiDb:261 - Set plugin images path to: C:\ST\STM32CubeIDE_1.15.1\STM32CubeIDE\plugins\com.st.stm32cube.common.mx_6.11.1.202404110753\\db\/plugins/mcufinder/images/
2024-07-15 15:40:32,121 [WARN] DbFile:41 - Overriding database path with different value: C:\Users\jhwang\.stmcufinder\plugins\mcufinder/ => C:\Users\jhwang\.stmcufinder\plugins\mcufinder
2024-07-15 15:40:32,121 [INFO] ApiDb:250 - Set database path to: C:\Users\jhwang\.stmcufinder\plugins\mcufinder//mcu/
2024-07-15 15:40:32,121 [WARN] DbFile:41 - Overriding database path with different value: C:\Users\jhwang\.stmcufinder\plugins\mcufinder/ => C:\Users\jhwang\.stmcufinder\plugins\mcufinder
2024-07-15 15:40:32,121 [INFO] DbMcusAds:125 - Set database path to: C:\Users\jhwang\.stmcufinder\plugins\mcufinder//mcu/
2024-07-15 15:40:32,121 [WARN] DbFile:41 - Overriding database path with different value: C:\Users\jhwang\.stmcufinder\plugins\mcufinder/ => C:\Users\jhwang\.stmcufinder\plugins\mcufinder
2024-07-15 15:40:32,121 [WARN] DbFile:41 - Overriding database path with different value: C:\Users\jhwang\.stmcufinder\plugins\mcufinder/ => C:\Users\jhwang\.stmcufinder\plugins\mcufinder
2024-07-15 15:40:32,121 [INFO] CrossReferenceDbSqlite:203 - Set database path to: C:\Users\jhwang\.stmcufinder\plugins\mcufinder//mcu/cs/
2024-07-15 15:40:32,165 [INFO] MainPanel:264 - HeapMemory: 268435456
2024-07-15 15:40:32,219 [INFO] DbMcusXml:78 - Set database path to: C:\ST\STM32CubeIDE_1.15.1\STM32CubeIDE\plugins\com.st.stm32cube.common.mx_6.11.1.202404110753\\db\/mcu/
2024-07-15 15:40:32,220 [INFO] ApiDb:274 - Set plugin database path to: C:\ST\STM32CubeIDE_1.15.1\STM32CubeIDE\plugins\com.st.stm32cube.common.mx_6.11.1.202404110753\\db\/plugins/boardmanager/
2024-07-15 15:40:32,220 [INFO] ApiDb:261 - Set plugin images path to: C:\ST\STM32CubeIDE_1.15.1\STM32CubeIDE\plugins\com.st.stm32cube.common.mx_6.11.1.202404110753\\db\/plugins/mcufinder/images/
2024-07-15 15:40:32,220 [WARN] DbFile:41 - Overriding database path with different value: C:\Users\jhwang\.stmcufinder\plugins\mcufinder/ => C:\Users\jhwang\.stmcufinder\plugins\mcufinder
2024-07-15 15:40:32,220 [INFO] ApiDb:250 - Set database path to: C:\Users\jhwang\.stmcufinder\plugins\mcufinder//mcu/
2024-07-15 15:40:32,220 [WARN] DbFile:41 - Overriding database path with different value: C:\Users\jhwang\.stmcufinder\plugins\mcufinder/ => C:\Users\jhwang\.stmcufinder\plugins\mcufinder
2024-07-15 15:40:32,220 [INFO] DbMcusAds:125 - Set database path to: C:\Users\jhwang\.stmcufinder\plugins\mcufinder//mcu/
2024-07-15 15:40:32,220 [WARN] DbFile:41 - Overriding database path with different value: C:\Users\jhwang\.stmcufinder\plugins\mcufinder/ => C:\Users\jhwang\.stmcufinder\plugins\mcufinder
2024-07-15 15:40:32,220 [WARN] DbFile:41 - Overriding database path with different value: C:\Users\jhwang\.stmcufinder\plugins\mcufinder/ => C:\Users\jhwang\.stmcufinder\plugins\mcufinder
2024-07-15 15:40:32,220 [INFO] CrossReferenceDbSqlite:203 - Set database path to: C:\Users\jhwang\.stmcufinder\plugins\mcufinder//mcu/cs/
2024-07-15 15:40:32,232 [INFO] ApplicationProperties:184 - Using Application install path: C:\ST\STM32CubeIDE_1.15.1\STM32CubeIDE\plugins\com.st.stm32cube.common.mx_6.11.1.202404110753
2024-07-15 15:40:32,233 [INFO] PluginManage:196 - Search for loadable plugins [exclusion list=, ]
2024-07-15 15:40:32,234 [INFO] PluginManage:310 - Check plugin analytics
2024-07-15 15:40:32,339 [INFO] AnalyticsPlugin:253 - Accepted Software Licenses: 
2024-07-15 15:40:32,339 [INFO] AnalyticsPlugin:255 - Accepted CMSIS Pack Licenses: 
2024-07-15 15:40:32,339 [INFO] AnalyticsPlugin:257 - Accepted Firmware Licenses: 
2024-07-15 15:40:32,341 [INFO] PluginManage:359 - Loaded plugin analytics (category:tool,tabindex:-1)
2024-07-15 15:40:32,342 [INFO] PluginManage:310 - Check plugin cadmodel
2024-07-15 15:40:32,355 [INFO] CADModel:105 - Init CAD model plugin
2024-07-15 15:40:32,355 [INFO] PluginManage:359 - Loaded plugin cadmodel (category:power,tabindex:5)
2024-07-15 15:40:32,356 [INFO] PluginManage:310 - Check plugin clock
2024-07-15 15:40:32,373 [INFO] PluginManage:359 - Loaded plugin clock (category:base,tabindex:2)
2024-07-15 15:40:32,374 [INFO] PluginManage:310 - Check plugin ddr
2024-07-15 15:40:32,375 [INFO] PluginManage:359 - Loaded plugin ddr (category:tool,tabindex:6)
2024-07-15 15:40:32,375 [INFO] PluginManage:310 - Check plugin filemanager
2024-07-15 15:40:32,467 [INFO] PluginManage:359 - Loaded plugin filemanager (category:base,tabindex:10)
2024-07-15 15:40:32,467 [INFO] PluginManage:310 - Check plugin ipmanager
2024-07-15 15:40:32,472 [INFO] PluginManage:359 - Loaded plugin ipmanager (category:base,tabindex:5)
2024-07-15 15:40:32,472 [INFO] PluginManage:310 - Check plugin lpbam
2024-07-15 15:40:32,480 [INFO] PluginManage:359 - Loaded plugin lpbam (category:base,tabindex:0)
2024-07-15 15:40:32,481 [INFO] PluginManage:310 - Check plugin memorymap
2024-07-15 15:40:32,489 [INFO] PluginManage:359 - Loaded plugin memorymap (category:base,tabindex:4)
2024-07-15 15:40:32,489 [INFO] PluginManage:310 - Check plugin pinoutandconfiguration
2024-07-15 15:40:32,495 [INFO] PluginManage:359 - Loaded plugin pinoutandconfiguration (category:base,tabindex:1)
2024-07-15 15:40:32,496 [INFO] PluginManage:310 - Check plugin pinoutconfig
2024-07-15 15:40:32,550 [WARN] SupportedApi:132 - Cannot load RTOS API schema: s4s-elt-must-match.1: The content of 'definitions' must match (annotation?, (simpleType | complexType)?, (unique | key | keyref)*)). A problem was found starting at: attribute.
2024-07-15 15:40:32,629 [INFO] PluginManage:359 - Loaded plugin pinoutconfig (category:base,tabindex:0)
2024-07-15 15:40:32,629 [INFO] PluginManage:310 - Check plugin power
2024-07-15 15:40:32,649 [INFO] PluginManage:359 - Loaded plugin power (category:power,tabindex:4)
2024-07-15 15:40:32,649 [INFO] PluginManage:310 - Check plugin projectmanager
2024-07-15 15:40:32,659 [INFO] PluginManage:359 - Loaded plugin projectmanager (category:projectmanager,tabindex:3)
2024-07-15 15:40:32,659 [INFO] PluginManage:310 - Check plugin thirdparty
2024-07-15 15:40:32,742 [INFO] PluginManage:359 - Loaded plugin thirdparty (category:base,tabindex:-1)
2024-07-15 15:40:32,742 [WARN] IntegrityCheckThread:84 - waiting for thirdparty lock release [integrity check]
2024-07-15 15:40:32,743 [INFO] PluginManage:310 - Check plugin tools
2024-07-15 15:40:32,743 [INFO] IntegrityCheckThread:86 - entering critical section [integrity check]
2024-07-15 15:40:32,743 [INFO] ThirdPartyUpdaterWithRetryManager:70 - Updater plugin not ready yet. [1/15]
2024-07-15 15:40:32,745 [INFO] PluginManage:359 - Loaded plugin tools (category:base,tabindex:7)
2024-07-15 15:40:32,745 [INFO] PluginManage:310 - Check plugin tutovideos
2024-07-15 15:40:32,864 [INFO] PluginManage:359 - Loaded plugin tutovideos (category:base,tabindex:-1)
2024-07-15 15:40:32,864 [INFO] PluginManage:310 - Check plugin updater
2024-07-15 15:40:32,871 [INFO] PluginManage:359 - Loaded plugin updater (category:base,tabindex:12)
2024-07-15 15:40:32,871 [INFO] PluginManage:310 - Check plugin userauth
2024-07-15 15:40:32,875 [INFO] UserAuth:114 - Init User Auth plugin
2024-07-15 15:40:32,875 [INFO] PluginManage:359 - Loaded plugin userauth (category:base,tabindex:14)
2024-07-15 15:40:32,875 [INFO] PluginManage:283 - PluginManage : Loaded plugins [17]
2024-07-15 15:40:32,999 [INFO] PinOutPanel:1561 - setPackage(No Configuration,No Configuration)
2024-07-15 15:40:33,048 [INFO] CADModel:165 - CPN selected for project level
2024-07-15 15:40:33,048 [INFO] CADModel:114 - Register for checkConnection events
2024-07-15 15:40:33,063 [INFO] IPUIPlugin:80 - create IPUIPlugin
2024-07-15 15:40:33,063 [INFO] PluginManager:220 - loadIPPluginJar : add adc
2024-07-15 15:40:33,065 [INFO] IPUIPlugin:80 - create IPUIPlugin
2024-07-15 15:40:33,065 [INFO] PluginManager:220 - loadIPPluginJar : add aes
2024-07-15 15:40:33,070 [INFO] IPUIPlugin:80 - create IPUIPlugin
2024-07-15 15:40:33,070 [INFO] PluginManager:220 - loadIPPluginJar : add can
2024-07-15 15:40:33,073 [INFO] IPUIPlugin:80 - create IPUIPlugin
2024-07-15 15:40:33,073 [INFO] PluginManager:220 - loadIPPluginJar : add comp
2024-07-15 15:40:33,076 [INFO] IPUIPlugin:80 - create IPUIPlugin
2024-07-15 15:40:33,076 [INFO] PluginManager:220 - loadIPPluginJar : add cryp
2024-07-15 15:40:33,078 [INFO] IPUIPlugin:80 - create IPUIPlugin
2024-07-15 15:40:33,078 [INFO] PluginManager:220 - loadIPPluginJar : add dfsdm
2024-07-15 15:40:33,085 [INFO] IPUIPlugin:80 - create IPUIPlugin
2024-07-15 15:40:33,085 [INFO] PluginManager:220 - loadIPPluginJar : add dma
2024-07-15 15:40:33,088 [INFO] IPUIPlugin:80 - create IPUIPlugin
2024-07-15 15:40:33,088 [INFO] PluginManager:220 - loadIPPluginJar : add dma3
2024-07-15 15:40:33,094 [INFO] IPUIPlugin:80 - create IPUIPlugin
2024-07-15 15:40:33,094 [INFO] PluginManager:220 - loadIPPluginJar : add extmemmanager
2024-07-15 15:40:33,097 [INFO] IPUIPlugin:80 - create IPUIPlugin
2024-07-15 15:40:33,097 [INFO] PluginManager:220 - loadIPPluginJar : add fatfs
2024-07-15 15:40:33,103 [INFO] IPUIPlugin:80 - create IPUIPlugin
2024-07-15 15:40:33,103 [INFO] PluginManager:220 - loadIPPluginJar : add fmc
2024-07-15 15:40:33,113 [INFO] IPUIPlugin:80 - create IPUIPlugin
2024-07-15 15:40:33,113 [INFO] PluginManager:220 - loadIPPluginJar : add freertos
2024-07-15 15:40:33,116 [INFO] IPUIPlugin:80 - create IPUIPlugin
2024-07-15 15:40:33,116 [INFO] PluginManager:220 - loadIPPluginJar : add genericplugin
2024-07-15 15:40:33,120 [INFO] IPUIPlugin:80 - create IPUIPlugin
2024-07-15 15:40:33,120 [INFO] PluginManager:220 - loadIPPluginJar : add gfxmmu
2024-07-15 15:40:33,122 [INFO] IPUIPlugin:80 - create IPUIPlugin
2024-07-15 15:40:33,122 [INFO] PluginManager:220 - loadIPPluginJar : add gic
2024-07-15 15:40:33,129 [INFO] IPUIPlugin:80 - create IPUIPlugin
2024-07-15 15:40:33,129 [INFO] PluginManager:220 - loadIPPluginJar : add gpio
2024-07-15 15:40:33,134 [INFO] IPUIPlugin:80 - create IPUIPlugin
2024-07-15 15:40:33,134 [INFO] PluginManager:220 - loadIPPluginJar : add gtzc
2024-07-15 15:40:33,138 [INFO] IPUIPlugin:80 - create IPUIPlugin
2024-07-15 15:40:33,138 [INFO] PluginManager:220 - loadIPPluginJar : add hash
2024-07-15 15:40:33,142 [INFO] IPUIPlugin:80 - create IPUIPlugin
2024-07-15 15:40:33,143 [INFO] PluginManager:220 - loadIPPluginJar : add i2c
2024-07-15 15:40:33,148 [INFO] IPUIPlugin:80 - create IPUIPlugin
2024-07-15 15:40:33,148 [INFO] PluginManager:220 - loadIPPluginJar : add i2s
2024-07-15 15:40:33,153 [INFO] IPUIPlugin:80 - create IPUIPlugin
2024-07-15 15:40:33,153 [INFO] PluginManager:220 - loadIPPluginJar : add i3c
2024-07-15 15:40:33,156 [INFO] IPUIPlugin:80 - create IPUIPlugin
2024-07-15 15:40:33,156 [INFO] PluginManager:220 - loadIPPluginJar : add ipddr
2024-07-15 15:40:33,160 [INFO] IPUIPlugin:80 - create IPUIPlugin
2024-07-15 15:40:33,161 [INFO] PluginManager:220 - loadIPPluginJar : add linkedlist
2024-07-15 15:40:33,164 [INFO] IPUIPlugin:80 - create IPUIPlugin
2024-07-15 15:40:33,164 [INFO] PluginManager:220 - loadIPPluginJar : add lorawan
2024-07-15 15:40:33,167 [INFO] IPUIPlugin:80 - create IPUIPlugin
2024-07-15 15:40:33,167 [INFO] PluginManager:220 - loadIPPluginJar : add ltdc
2024-07-15 15:40:33,173 [INFO] IPUIPlugin:80 - create IPUIPlugin
2024-07-15 15:40:33,173 [INFO] PluginManager:220 - loadIPPluginJar : add mdma
2024-07-15 15:40:33,178 [INFO] IPUIPlugin:80 - create IPUIPlugin
2024-07-15 15:40:33,178 [INFO] PluginManager:220 - loadIPPluginJar : add nvic
2024-07-15 15:40:33,179 [INFO] IPUIPlugin:80 - create IPUIPlugin
2024-07-15 15:40:33,179 [INFO] PluginManager:220 - loadIPPluginJar : add opamp
2024-07-15 15:40:33,184 [INFO] IPUIPlugin:80 - create IPUIPlugin
2024-07-15 15:40:33,184 [INFO] PluginManager:220 - loadIPPluginJar : add openamp
2024-07-15 15:40:33,188 [INFO] IPUIPlugin:80 - create IPUIPlugin
2024-07-15 15:40:33,189 [INFO] PluginManager:220 - loadIPPluginJar : add pdm2pcm
2024-07-15 15:40:33,198 [INFO] IPUIPlugin:80 - create IPUIPlugin
2024-07-15 15:40:33,199 [INFO] PluginManager:220 - loadIPPluginJar : add plateformsettings
2024-07-15 15:40:33,201 [INFO] IPUIPlugin:80 - create IPUIPlugin
2024-07-15 15:40:33,201 [INFO] PluginManager:220 - loadIPPluginJar : add quadspi
2024-07-15 15:40:33,207 [INFO] IPUIPlugin:80 - create IPUIPlugin
2024-07-15 15:40:33,207 [INFO] PluginManager:220 - loadIPPluginJar : add resmgrutility
2024-07-15 15:40:33,212 [INFO] IPUIPlugin:80 - create IPUIPlugin
2024-07-15 15:40:33,212 [INFO] PluginManager:220 - loadIPPluginJar : add sai
2024-07-15 15:40:33,216 [INFO] IPUIPlugin:80 - create IPUIPlugin
2024-07-15 15:40:33,216 [INFO] PluginManager:220 - loadIPPluginJar : add spi
2024-07-15 15:40:33,219 [INFO] IPUIPlugin:80 - create IPUIPlugin
2024-07-15 15:40:33,219 [INFO] PluginManager:220 - loadIPPluginJar : add stm32_wpan
2024-07-15 15:40:33,221 [INFO] IPUIPlugin:80 - create IPUIPlugin
2024-07-15 15:40:33,221 [INFO] PluginManager:220 - loadIPPluginJar : add tim
2024-07-15 15:40:33,225 [INFO] IPUIPlugin:80 - create IPUIPlugin
2024-07-15 15:40:33,226 [INFO] PluginManager:220 - loadIPPluginJar : add touchsensing
2024-07-15 15:40:33,228 [INFO] IPUIPlugin:80 - create IPUIPlugin
2024-07-15 15:40:33,228 [INFO] PluginManager:220 - loadIPPluginJar : add tracer_emb
2024-07-15 15:40:33,229 [INFO] IPUIPlugin:80 - create IPUIPlugin
2024-07-15 15:40:33,229 [INFO] PluginManager:220 - loadIPPluginJar : add ts
2024-07-15 15:40:33,231 [INFO] IPUIPlugin:80 - create IPUIPlugin
2024-07-15 15:40:33,231 [INFO] PluginManager:220 - loadIPPluginJar : add tsc
2024-07-15 15:40:33,233 [INFO] IPUIPlugin:80 - create IPUIPlugin
2024-07-15 15:40:33,233 [INFO] PluginManager:220 - loadIPPluginJar : add ucpd
2024-07-15 15:40:33,239 [INFO] IPUIPlugin:80 - create IPUIPlugin
2024-07-15 15:40:33,239 [INFO] PluginManager:220 - loadIPPluginJar : add usart
2024-07-15 15:40:33,248 [INFO] IPUIPlugin:80 - create IPUIPlugin
2024-07-15 15:40:33,248 [INFO] PluginManager:220 - loadIPPluginJar : add usbx
2024-07-15 15:40:33,355 [INFO] CADModel:165 - CPN selected for project level
2024-07-15 15:40:33,356 [INFO] CADModel:114 - Register for checkConnection events
2024-07-15 15:40:33,356 [FATAL] Updater:308 - Updater called before beeing initialized
2024-07-15 15:40:33,356 [ERROR] CADModel:125 - Updater not yet initialized, retry later 
2024-07-15 15:40:33,441 [INFO] CADModel:165 - CPN selected for project level
2024-07-15 15:40:33,441 [INFO] CADModel:114 - Register for checkConnection events
2024-07-15 15:40:33,441 [FATAL] Updater:308 - Updater called before beeing initialized
2024-07-15 15:40:33,441 [ERROR] CADModel:125 - Updater not yet initialized, retry later 
2024-07-15 15:40:33,443 [FATAL] Updater:308 - Updater called before beeing initialized
2024-07-15 15:40:33,508 [FATAL] Updater:308 - Updater called before beeing initialized
2024-07-15 15:40:33,511 [INFO] DbMcusAds:53 - JSON generation date=Thu May 16 18:22:00 KST 2024 (1715851320852)
2024-07-15 15:40:33,511 [FATAL] Updater:308 - Updater called before beeing initialized
2024-07-15 15:40:33,531 [WARN] DetailPanel:346 - Failed to get advertising image, set to default
2024-07-15 15:40:33,585 [FATAL] Updater:308 - Updater called before beeing initialized
2024-07-15 15:40:33,587 [FATAL] Updater:308 - Updater called before beeing initialized
2024-07-15 15:40:33,587 [FATAL] Updater:308 - Updater called before beeing initialized
2024-07-15 15:40:33,587 [WARN] DetailPanel:346 - Failed to get advertising image, set to default
2024-07-15 15:40:33,587 [FATAL] Updater:308 - Updater called before beeing initialized
2024-07-15 15:40:33,613 [ERROR] Updater:1120 - MainUpdater not yet initialized. External WinMGr cannot be set.
2024-07-15 15:40:33,616 [INFO] Updater:1056 - Updater Version found : 6.11.1
2024-07-15 15:40:33,636 [INFO] ApplicationProperties:184 - Using Application install path: C:\ST\STM32CubeIDE_1.15.1\STM32CubeIDE\plugins\com.st.stm32cube.common.mx_6.11.1.202404110753
2024-07-15 15:40:35,208 [ERROR] LogOutputStream:75 - [STDERR_REDIRECT] Jul 15, 2024 3:40:35 PM java.util.prefs.WindowsPreferences <init>
2024-07-15 15:40:35,208 [ERROR] LogOutputStream:75 - [STDERR_REDIRECT] WARNING: Could not open/create prefs root node Software\JavaSoft\Prefs at root 0xffffffff80000002. Windows RegCreateKeyEx(...) returned error code 5.
2024-07-15 15:40:35,208 [ERROR] LogOutputStream:75 - [STDERR_REDIRECT] 
2024-07-15 15:40:35,733 [INFO] MainUpdater:2873 - connection check result : 10
2024-07-15 15:40:35,733 [INFO] MainUpdater:3567 - Updater definition file requires update
2024-07-15 15:40:35,734 [INFO] MainUpdater:290 - Updater Check For Update Now.
2024-07-15 15:40:35,734 [INFO] MicroXplorer:498 - Change Database Version : DB.6.0.111
2024-07-15 15:40:35,745 [WARN] MainUpdater:1194 - Updater busy. Cannot search thirdparties
2024-07-15 15:40:35,745 [INFO] ThirdPartyUpdaterWithRetryManager:96 - Updater plugin is busy. [1/15]
2024-07-15 15:40:35,750 [INFO] McuFinderGlobals:63 - Set McuFinder mode to 2 (CubeIDE integrated)
2024-07-15 15:40:35,750 [INFO] UserAuth:179 - activating auth plugin
2024-07-15 15:40:35,751 [INFO] UserAuth:415 - Internet connection configuration mode: 1
2024-07-15 15:40:35,762 [INFO] JxBrowserEngine:152 - Initiate JxBrowser Engine with user profile folder
2024-07-15 15:40:35,879 [INFO] ServerAccessManage:473 - Download File updaters.zip
2024-07-15 15:40:36,174 [INFO] FileExtend:240 - Unzip File : updaters.zip
2024-07-15 15:40:36,174 [INFO] FileExtend:255 - Standard Zip Deflate
2024-07-15 15:40:36,212 [INFO] WebApp:161 - Instantiating new browser for Auth
2024-07-15 15:40:36,527 [INFO] WebApp:779 - Register for checkConnection events
2024-07-15 15:40:36,527 [INFO] WebApp:414 - Apply proxy settings
2024-07-15 15:40:36,527 [INFO] WebApp:499 - Chromium requires no authentication
2024-07-15 15:40:36,532 [INFO] WebApp:442 - Direct internet connection detected
2024-07-15 15:40:36,628 [INFO] WebApp:192 - Starting web application
2024-07-15 15:40:36,628 [INFO] WebApp:544 - Web application path used C:\ST\STM32CubeIDE_1.15.1\STM32CubeIDE\plugins\com.st.stm32cube.common.mx_6.11.1.202404110753\db\plugins\mcufinder\reactClient1\index.html
2024-07-15 15:40:36,725 [INFO] ServerAccessManage:473 - Download File PacksControlFlags.xml
2024-07-15 15:40:36,883 [INFO] ServerAccessManage:473 - Download File cubemx.pidx
2024-07-15 15:40:36,939 [INFO] LoadServerUpdatesThread:375 - End of LoadServerUpdate Thread
2024-07-15 15:40:37,075 [INFO] CheckServerUpdateThread:120 - End of CheckServer Thread
2024-07-15 15:40:38,855 [WARN] PackLoader:240 - Cannot read IP mode file for STMicroelectronics.FP-SNS-MOTENVWB1.1.4.0
2024-07-15 15:40:38,861 [WARN] PackLoader:240 - Cannot read IP mode file for STMicroelectronics.X-CUBE-SMBUS.2.1.0
2024-07-15 15:40:38,876 [WARN] PackLoader:240 - Cannot read IP mode file for STMicroelectronics.X-CUBE-AZRTOS-F7.1.1.0
2024-07-15 15:40:38,881 [WARN] PackLoader:240 - Cannot read IP mode file for STMicroelectronics.FP-SNS-FLIGHT1.5.0.2
2024-07-15 15:40:38,886 [WARN] PackLoader:240 - Cannot read IP mode file for STMicroelectronics.X-CUBE-DISPLAY.3.0.0
2024-07-15 15:40:38,894 [WARN] PackLoader:240 - Cannot read IP mode file for STMicroelectronics.X-CUBE-BLE1.7.0.0
2024-07-15 15:40:38,897 [WARN] PackLoader:240 - Cannot read IP mode file for emotas.I-CUBE-CANOPEN.1.3.0
2024-07-15 15:40:38,903 [WARN] PackLoader:240 - Cannot read IP mode file for STMicroelectronics.X-CUBE-BLEMGR.3.1.0
2024-07-15 15:40:38,907 [WARN] PackLoader:240 - Cannot read IP mode file for STMicroelectronics.FP-SNS-SMARTAG2.1.2.0
2024-07-15 15:40:38,912 [INFO] LogOutputStream:77 - [STDOUT_REDIRECT] 1 : Invalid condition id : UX_CORESTACK_Condition cause : null
2024-07-15 15:40:38,913 [INFO] LogOutputStream:77 - [STDOUT_REDIRECT] 1 : Invalid condition id : UX_CORESTACK_Condition cause : null
2024-07-15 15:40:38,914 [INFO] LogOutputStream:77 - [STDOUT_REDIRECT] 1 : Invalid condition id : UX_CORESTACK_Condition cause : null
2024-07-15 15:40:38,914 [INFO] LogOutputStream:77 - [STDOUT_REDIRECT] 1 : Invalid condition id : UX_CORESTACK_Condition cause : null
2024-07-15 15:40:38,915 [INFO] LogOutputStream:77 - [STDOUT_REDIRECT] 1 : Invalid condition id : UX_CORESTACK_Condition cause : null
2024-07-15 15:40:38,917 [WARN] PackLoader:240 - Cannot read IP mode file for STMicroelectronics.X-CUBE-AZRTOS-WL.2.0.0
2024-07-15 15:40:38,920 [WARN] PackLoader:240 - Cannot read IP mode file for wolfSSL.I-CUBE-wolfMQTT.1.19.0
2024-07-15 15:40:38,925 [WARN] PackLoader:240 - Cannot read IP mode file for WES.I-CUBE-Cesium.1.3.0
2024-07-15 15:40:38,927 [WARN] PackLoader:240 - Cannot read IP mode file for STMicroelectronics.X-CUBE-BLE2.3.3.0
2024-07-15 15:40:38,930 [WARN] PackLoader:240 - Cannot read IP mode file for STMicroelectronics.X-CUBE-TCPP.4.1.0
2024-07-15 15:40:38,939 [WARN] PackLoader:240 - Cannot read IP mode file for STMicroelectronics.X-CUBE-AZRTOS-G0.1.1.0
2024-07-15 15:40:38,944 [WARN] PackLoader:240 - Cannot read IP mode file for STMicroelectronics.X-CUBE-SAFEA1.1.2.2
2024-07-15 15:40:38,948 [WARN] PackLoader:240 - Cannot read IP mode file for STMicroelectronics.X-CUBE-NFC4.3.0.0
2024-07-15 15:40:38,954 [WARN] PackLoader:240 - Cannot read IP mode file for EmbeddedOffice.I-CUBE-FS-RTOS.1.0.1
2024-07-15 15:40:38,954 [ERROR] ConditionMgr:805 - Attr not supported : Dmpu
2024-07-15 15:40:38,954 [ERROR] ConditionMgr:805 - Attr not supported : Dmpu
2024-07-15 15:40:38,954 [ERROR] ConditionMgr:805 - Attr not supported : Dmpu
2024-07-15 15:40:38,954 [ERROR] ConditionMgr:805 - Attr not supported : Dmpu
2024-07-15 15:40:38,954 [ERROR] ConditionMgr:805 - Attr not supported : Dmpu
2024-07-15 15:40:38,954 [ERROR] ConditionMgr:805 - Attr not supported : Dmpu
2024-07-15 15:40:38,954 [ERROR] ConditionMgr:805 - Attr not supported : Dmpu
2024-07-15 15:40:38,954 [ERROR] ConditionMgr:805 - Attr not supported : Dmpu
2024-07-15 15:40:38,954 [ERROR] ConditionMgr:805 - Attr not supported : Dmpu
2024-07-15 15:40:38,954 [ERROR] ConditionMgr:805 - Attr not supported : Dmpu
2024-07-15 15:40:38,954 [ERROR] ConditionMgr:805 - Attr not supported : Dmpu
2024-07-15 15:40:38,954 [ERROR] ConditionMgr:805 - Attr not supported : Dmpu
2024-07-15 15:40:38,954 [ERROR] ConditionMgr:805 - Attr not supported : Dmpu
2024-07-15 15:40:38,954 [ERROR] ConditionMgr:805 - Attr not supported : Dmpu
2024-07-15 15:40:38,954 [ERROR] ConditionMgr:805 - Attr not supported : Dmpu
2024-07-15 15:40:38,954 [ERROR] ConditionMgr:805 - Attr not supported : Dmpu
2024-07-15 15:40:38,954 [ERROR] ConditionMgr:805 - Attr not supported : Dmpu
2024-07-15 15:40:38,954 [ERROR] ConditionMgr:805 - Attr not supported : Dmpu
2024-07-15 15:40:38,954 [ERROR] ConditionMgr:805 - Attr not supported : Dmpu
2024-07-15 15:40:38,954 [ERROR] ConditionMgr:805 - Attr not supported : Dmpu
2024-07-15 15:40:38,954 [ERROR] ConditionMgr:805 - Attr not supported : Dmpu
2024-07-15 15:40:38,954 [ERROR] ConditionMgr:805 - Attr not supported : Dmpu
2024-07-15 15:40:38,954 [ERROR] ConditionMgr:805 - Attr not supported : Dmpu
2024-07-15 15:40:38,954 [ERROR] ConditionMgr:805 - Attr not supported : Dmpu
2024-07-15 15:40:38,954 [ERROR] ConditionMgr:805 - Attr not supported : Dmpu
2024-07-15 15:40:38,954 [ERROR] ConditionMgr:805 - Attr not supported : Dmpu
2024-07-15 15:40:38,954 [ERROR] ConditionMgr:805 - Attr not supported : Dmpu
2024-07-15 15:40:38,955 [ERROR] ConditionMgr:805 - Attr not supported : Dmpu
2024-07-15 15:40:38,955 [ERROR] ConditionMgr:805 - Attr not supported : Dmpu
2024-07-15 15:40:38,955 [ERROR] ConditionMgr:805 - Attr not supported : Dmpu
2024-07-15 15:40:38,955 [ERROR] ConditionMgr:805 - Attr not supported : Dmpu
2024-07-15 15:40:38,955 [ERROR] ConditionMgr:805 - Attr not supported : Dmpu
2024-07-15 15:40:38,955 [ERROR] ConditionMgr:805 - Attr not supported : Dmpu
2024-07-15 15:40:38,955 [ERROR] ConditionMgr:805 - Attr not supported : Dmpu
2024-07-15 15:40:38,955 [ERROR] ConditionMgr:805 - Attr not supported : Dmpu
2024-07-15 15:40:38,955 [ERROR] ConditionMgr:805 - Attr not supported : Dmpu
2024-07-15 15:40:38,955 [ERROR] ConditionMgr:805 - Attr not supported : Dmpu
2024-07-15 15:40:38,955 [ERROR] ConditionMgr:805 - Attr not supported : Dmpu
2024-07-15 15:40:38,955 [ERROR] ConditionMgr:805 - Attr not supported : Dmpu
2024-07-15 15:40:38,955 [ERROR] ConditionMgr:805 - Attr not supported : Dmpu
2024-07-15 15:40:38,955 [ERROR] ConditionMgr:805 - Attr not supported : Dmpu
2024-07-15 15:40:38,955 [ERROR] ConditionMgr:805 - Attr not supported : Dmpu
2024-07-15 15:40:38,955 [ERROR] ConditionMgr:805 - Attr not supported : Dmpu
2024-07-15 15:40:38,955 [ERROR] ConditionMgr:805 - Attr not supported : Dmpu
2024-07-15 15:40:38,955 [ERROR] ConditionMgr:805 - Attr not supported : Dmpu
2024-07-15 15:40:38,955 [ERROR] ConditionMgr:805 - Attr not supported : Dmpu
2024-07-15 15:40:38,955 [ERROR] ConditionMgr:805 - Attr not supported : Dmpu
2024-07-15 15:40:38,955 [ERROR] ConditionMgr:805 - Attr not supported : Dmpu
2024-07-15 15:40:38,955 [ERROR] ConditionMgr:805 - Attr not supported : Dmpu
2024-07-15 15:40:38,955 [ERROR] ConditionMgr:805 - Attr not supported : Dmpu
2024-07-15 15:40:38,955 [ERROR] ConditionMgr:805 - Attr not supported : Dmpu
2024-07-15 15:40:38,955 [ERROR] ConditionMgr:805 - Attr not supported : Dmpu
2024-07-15 15:40:38,955 [ERROR] ConditionMgr:805 - Attr not supported : Dmpu
2024-07-15 15:40:38,955 [ERROR] ConditionMgr:805 - Attr not supported : Dmpu
2024-07-15 15:40:38,955 [ERROR] ConditionMgr:805 - Attr not supported : Dmpu
2024-07-15 15:40:38,956 [ERROR] ConditionMgr:805 - Attr not supported : Dmpu
2024-07-15 15:40:38,956 [ERROR] ConditionMgr:805 - Attr not supported : Dmpu
2024-07-15 15:40:38,956 [ERROR] ConditionMgr:805 - Attr not supported : Dmpu
2024-07-15 15:40:38,956 [ERROR] ConditionMgr:805 - Attr not supported : Dmpu
2024-07-15 15:40:38,956 [ERROR] ConditionMgr:805 - Attr not supported : Dmpu
2024-07-15 15:40:38,956 [ERROR] ConditionMgr:805 - Attr not supported : Dmpu
2024-07-15 15:40:38,956 [ERROR] ConditionMgr:805 - Attr not supported : Dmpu
2024-07-15 15:40:38,956 [ERROR] ConditionMgr:805 - Attr not supported : Dmpu
2024-07-15 15:40:38,956 [ERROR] ConditionMgr:805 - Attr not supported : Dmpu
2024-07-15 15:40:38,959 [WARN] PackLoader:240 - Cannot read IP mode file for RealThread.X-CUBE-RT-Thread_Nano.4.1.1
2024-07-15 15:40:38,962 [WARN] PackLoader:240 - Cannot read IP mode file for wolfSSL.I-CUBE-wolfSSL.5.7.0
2024-07-15 15:40:38,964 [WARN] PackLoader:240 - Cannot read IP mode file for STMicroelectronics.FP-ATR-SIGFOX1.3.2.0
2024-07-15 15:40:38,968 [WARN] PackLoader:240 - Cannot read IP mode file for STMicroelectronics.X-CUBE-EEPRMA1.5.1.0
2024-07-15 15:40:38,972 [WARN] PackLoader:240 - Cannot read IP mode file for ITTIA_DB.I-CUBE-ITTIADB.8.9.0
2024-07-15 15:40:38,990 [WARN] PackLoader:240 - Cannot read IP mode file for SEGGER.I-CUBE-embOS.1.3.1
2024-07-15 15:40:39,011 [WARN] PackLoader:240 - Cannot read IP mode file for STMicroelectronics.X-CUBE-ALGOBUILD.1.4.0
2024-07-15 15:40:39,015 [WARN] PackLoader:240 - Cannot read IP mode file for STMicroelectronics.X-CUBE-GNSS1.6.0.0
2024-07-15 15:40:39,022 [WARN] PackLoader:240 - Cannot read IP mode file for STMicroelectronics.X-CUBE-AZRTOS-F4.1.1.0
2024-07-15 15:40:39,026 [WARN] PackLoader:240 - Cannot read IP mode file for STMicroelectronics.X-CUBE-FREERTOS.1.2.0
2024-07-15 15:40:39,033 [WARN] PackLoader:240 - Cannot read IP mode file for STMicroelectronics.X-CUBE-AZRTOS-L5.2.0.0
2024-07-15 15:40:39,037 [WARN] PackLoader:240 - Cannot read IP mode file for STMicroelectronics.X-CUBE-NFC6.3.1.0
2024-07-15 15:40:39,041 [WARN] PackLoader:240 - Cannot read IP mode file for STMicroelectronics.X-CUBE-DPower.1.2.0
2024-07-15 15:40:39,043 [WARN] PackLoader:240 - Cannot read IP mode file for STMicroelectronics.X-CUBE-AI.9.0.0
2024-07-15 15:40:39,046 [WARN] PackLoader:240 - Cannot read IP mode file for STMicroelectronics.X-CUBE-NFC7.1.0.1
2024-07-15 15:40:39,048 [WARN] PackLoader:240 - Cannot read IP mode file for wolfSSL.I-CUBE-wolfTPM.3.2.0
2024-07-15 15:40:39,055 [WARN] ConditionMgr:438 - getConditionDescription Invalid condition id : LAN8742 Phy interface Condition cause : null
2024-07-15 15:40:39,056 [WARN] PackLoader:240 - Cannot read IP mode file for STMicroelectronics.X-CUBE-AZRTOS-L4.2.0.0
2024-07-15 15:40:39,056 [WARN] ConditionMgr:1039 - genDependencies : Invalid condition id : LAN8742 Phy interface Condition cause : null
2024-07-15 15:40:39,056 [WARN] ConditionMgr:1039 - genDependencies : Invalid condition id : LAN8742 Phy interface Condition cause : null
2024-07-15 15:40:39,057 [WARN] ConditionMgr:1039 - genDependencies : Invalid condition id : LAN8742 Phy interface Condition cause : null
2024-07-15 15:40:39,061 [WARN] PackLoader:240 - Cannot read IP mode file for STMicroelectronics.X-CUBE-SFXS2LP1.4.0.0
2024-07-15 15:40:39,066 [WARN] ConditionMgr:438 - getConditionDescription Invalid condition id : UX DEVICE CLASS RTOS Condition cause : null
2024-07-15 15:40:39,066 [WARN] ConditionMgr:438 - getConditionDescription Invalid condition id : UX DEVICE CLASS RTOS Condition cause : null
2024-07-15 15:40:39,071 [WARN] PackLoader:240 - Cannot read IP mode file for STMicroelectronics.X-CUBE-AZRTOS-WB.2.0.0
2024-07-15 15:40:39,072 [WARN] ConditionMgr:1039 - genDependencies : Invalid condition id : UX DEVICE CLASS RTOS Condition cause : null
2024-07-15 15:40:39,072 [WARN] ConditionMgr:1039 - genDependencies : Invalid condition id : UX DEVICE CLASS RTOS Condition cause : null
2024-07-15 15:40:39,073 [WARN] ConditionMgr:1039 - genDependencies : Invalid condition id : UX DEVICE CLASS RTOS Condition cause : null
2024-07-15 15:40:39,073 [WARN] ConditionMgr:1039 - genDependencies : Invalid condition id : UX DEVICE CLASS RTOS Condition cause : null
2024-07-15 15:40:39,073 [WARN] ConditionMgr:1039 - genDependencies : Invalid condition id : UX DEVICE CLASS RTOS Condition cause : null
2024-07-15 15:40:39,079 [WARN] PackLoader:240 - Cannot read IP mode file for STMicroelectronics.X-CUBE-SUBG2.5.0.0
2024-07-15 15:40:39,084 [WARN] PackLoader:240 - Cannot read IP mode file for Cesanta.I-CUBE-Mongoose.7.13.0
2024-07-15 15:40:39,091 [WARN] PackLoader:240 - Cannot read IP mode file for STMicroelectronics.X-CUBE-AZRTOS-G4.2.0.0
2024-07-15 15:40:39,095 [WARN] PackLoader:240 - Cannot read IP mode file for STMicroelectronics.X-CUBE-ISPU.2.0.0
2024-07-15 15:40:39,098 [WARN] PackLoader:240 - Cannot read IP mode file for STMicroelectronics.X-CUBE-ALS.1.0.2
2024-07-15 15:40:39,114 [WARN] PackLoader:240 - Cannot read IP mode file for STMicroelectronics.X-CUBE-MEMS1.10.0.0
2024-07-15 15:40:39,159 [WARN] PackLoader:240 - Cannot read IP mode file for STMicroelectronics.X-CUBE-TOUCHGFX.4.24.0
2024-07-15 15:40:39,161 [WARN] PackLoader:240 - Cannot read IP mode file for portGmbH.I-Cube-SoM-uGOAL.1.1.0
2024-07-15 15:40:39,168 [WARN] PackLoader:240 - Cannot read IP mode file for STMicroelectronics.X-CUBE-AZRTOS-H7RS.1.0.0
2024-07-15 15:40:39,172 [WARN] PackLoader:240 - Cannot read IP mode file for STMicroelectronics.FP-ATR-ASTRA1.2.0.0
2024-07-15 15:40:39,176 [WARN] PackLoader:240 - Cannot read IP mode file for STMicroelectronics.X-CUBE-TOF1.3.4.1
2024-07-15 15:40:39,187 [WARN] PackLoader:240 - Cannot read IP mode file for STMicroelectronics.X-CUBE-AZRTOS-H7.3.2.0
2024-07-15 15:40:39,194 [WARN] PackLoader:240 - Cannot read IP mode file for Infineon.AIROC-Wi-Fi-Bluetooth-STM32.1.6.0
2024-07-15 15:40:39,195 [INFO] ThirdParty:978 - Integrity check success = true
2024-07-15 15:40:39,195 [INFO] IntegrityCheckThread:100 - exiting critical section [integrity check]
2024-07-15 15:40:39,195 [INFO] IntegrityCheckThread:103 - End integrity checks thread
2024-07-15 15:49:03,018 [INFO] McuFinderGlobals:63 - Set McuFinder mode to 2 (CubeIDE integrated)
2024-07-15 15:49:03,022 [INFO] MainUpdater:2873 - connection check result : 10
2024-07-15 15:49:03,023 [INFO] MainUpdater:2873 - connection check result : 10
2024-07-15 15:49:03,062 [INFO] MicroXplorer:468 - Change Database Path : 
2024-07-15 15:49:03,062 [INFO] MicroXplorer:498 - Change Database Version : DB.6.0.111
2024-07-15 15:49:03,066 [WARN] ThirdParty:871 - waiting for thirdparty lock release [close project]
2024-07-15 15:49:03,066 [INFO] ThirdParty:873 - entering critical section [close project]
2024-07-15 15:49:03,067 [INFO] ThirdParty:883 - exiting critical section [close project]
2024-07-15 15:49:03,069 [INFO] PinOutPanel:1561 - setPackage(No Configuration,No Configuration)
2024-07-15 15:49:03,071 [INFO] UtilMem:75 - Begin LoadConfig() Used Memory: 606507888 Bytes (1037041664)
2024-07-15 15:49:03,072 [INFO] MicroXplorer:468 - Change Database Path : 
2024-07-15 15:49:03,072 [INFO] MicroXplorer:498 - Change Database Version : DB.6.0.111
2024-07-15 15:49:03,072 [INFO] OpenFileManager:312 - Change cursor
2024-07-15 15:49:03,086 [INFO] Mcu:2021 - Initializing MCU STM32F103C(8-B)Tx STM32F103C8Tx STM32F103C8T6
2024-07-15 15:49:03,729 [INFO] Context:663 - Trying to add GPIOservice into a context  which must be forbidden
2024-07-15 15:49:03,886 [INFO] RtosManager:555 - Registered RTOS mode: class=CMSIS, group=RTOS, mode=CMSIS_V1, owner=FREERTOS
2024-07-15 15:49:03,886 [INFO] RtosManager:555 - Registered RTOS mode: class=CMSIS, group=RTOS2, mode=CMSIS_V2, owner=FREERTOS
2024-07-15 15:49:03,886 [INFO] RtosManager:555 - Registered RTOS mode: class=RTOS, group=Core, mode=CMSIS_V1, owner=FREERTOS
2024-07-15 15:49:03,886 [INFO] RtosManager:555 - Registered RTOS mode: class=RTOS, group=Core, mode=CMSIS_V2, owner=FREERTOS
2024-07-15 15:49:03,886 [WARN] ModelIntegratedComponent:184 - Missing modes for component STMicroelectronics:FreeRTOS:0.0.1:STMicroelectronics:RTOS:FreeRTOS:Core:::10.2.0:
2024-07-15 15:49:03,896 [WARN] ModelIntegratedComponent:63 - No mode defined for component null
2024-07-15 15:49:03,896 [WARN] ModelIntegratedComponent:63 - No mode defined for component null
2024-07-15 15:49:03,896 [WARN] ModelIntegratedComponent:63 - No mode defined for component null
2024-07-15 15:49:03,896 [WARN] ModelIntegratedComponent:63 - No mode defined for component null
2024-07-15 15:49:03,896 [WARN] ModelIntegratedComponent:63 - No mode defined for component null
2024-07-15 15:49:03,896 [WARN] ModelIntegratedComponent:63 - No mode defined for component null
2024-07-15 15:49:03,896 [WARN] ModelIntegratedComponent:63 - No mode defined for component null
2024-07-15 15:49:03,896 [WARN] ModelIntegratedComponent:63 - No mode defined for component null
2024-07-15 15:49:03,896 [WARN] ModelIntegratedComponent:63 - No mode defined for component null
2024-07-15 15:49:03,896 [WARN] ModelIntegratedComponent:63 - No mode defined for component null
2024-07-15 15:49:03,896 [WARN] ModelIntegratedComponent:63 - No mode defined for component null
2024-07-15 15:49:03,896 [WARN] ModelIntegratedComponent:63 - No mode defined for component null
2024-07-15 15:49:03,896 [WARN] ModelIntegratedComponent:63 - No mode defined for component null
2024-07-15 15:49:03,897 [WARN] ModelIntegratedComponent:63 - No mode defined for component null
2024-07-15 15:49:03,897 [WARN] ModelIntegratedComponent:63 - No mode defined for component null
2024-07-15 15:49:03,897 [WARN] ModelIntegratedComponent:63 - No mode defined for component null
2024-07-15 15:49:03,897 [WARN] ModelIntegratedComponent:63 - No mode defined for component null
2024-07-15 15:49:03,897 [WARN] ModelIntegratedComponent:63 - No mode defined for component null
2024-07-15 15:49:03,897 [WARN] ModelIntegratedComponent:63 - No mode defined for component null
2024-07-15 15:49:03,897 [WARN] ModelIntegratedComponent:63 - No mode defined for component null
2024-07-15 15:49:03,897 [WARN] ModelIntegratedComponent:63 - No mode defined for component null
2024-07-15 15:49:03,897 [WARN] ModelIntegratedComponent:63 - No mode defined for component null
2024-07-15 15:49:03,897 [WARN] ModelIntegratedComponent:63 - No mode defined for component null
2024-07-15 15:49:03,897 [WARN] ModelIntegratedComponent:63 - No mode defined for component null
2024-07-15 15:49:03,897 [WARN] ModelIntegratedComponent:63 - No mode defined for component null
2024-07-15 15:49:03,897 [WARN] ModelIntegratedComponent:63 - No mode defined for component null
2024-07-15 15:49:03,897 [WARN] ModelIntegratedComponent:63 - No mode defined for component null
2024-07-15 15:49:03,897 [WARN] ModelIntegratedComponent:63 - No mode defined for component null
2024-07-15 15:49:03,897 [WARN] ModelIntegratedComponent:63 - No mode defined for component null
2024-07-15 15:49:03,897 [WARN] ModelIntegratedComponent:63 - No mode defined for component null
2024-07-15 15:49:03,897 [WARN] ModelIntegratedComponent:63 - No mode defined for component null
2024-07-15 15:49:03,897 [WARN] ModelIntegratedComponent:63 - No mode defined for component null
2024-07-15 15:49:03,897 [WARN] ModelIntegratedComponent:63 - No mode defined for component null
2024-07-15 15:49:03,897 [WARN] ModelIntegratedComponent:63 - No mode defined for component null
2024-07-15 15:49:03,942 [INFO] ThirdPartyModel:298 - Start build external matchings
2024-07-15 15:49:04,038 [INFO] ThirdPartyModel:316 - End build external matchings
2024-07-15 15:49:04,185 [INFO] ApiDb:581 - Connected to CubeFinder SQLite database (C:\Users\jhwang\.stmcufinder\plugins\mcufinder\mcu\cube-finder-db.db)
2024-07-15 15:49:04,238 [INFO] ApiDb:668 - CubeFinder database Data Model version=2.1
2024-07-15 15:49:04,238 [INFO] ApiDb:669 - CubeFinder database Configuration version=3.0.39
2024-07-15 15:49:04,239 [INFO] ApiDb:670 - CubeFinder database generation date=2024-06-07 (1717689626)
2024-07-15 15:49:04,239 [INFO] ApiDb:671 - CubeFinder database FW Pack versions=[FP-ATR-ASTRA1_V2.0.0, FP-SNS-FLIGHT1_V5.0.2, FP-SNS-MOTENV1_V5.0.0, FP-SNS-MOTENVWB1_V1.4.0, FP-SNS-SMARTAG2_V1.2.0, STM32Cube_FW_C0_V1.2.0, STM32Cube_FW_F4_V1.28.0, STM32Cube_FW_F7_V1.17.2, STM32Cube_FW_G0_V1.6.2, STM32Cube_FW_G4_V1.6.0, STM32Cube_FW_H5_V1.3.0, STM32Cube_FW_H7RS_V1.1.0, STM32Cube_FW_H7_V1.11.2, STM32Cube_FW_L0_V1.12.2, STM32Cube_FW_L5_V1.5.1, STM32Cube_FW_U0_V1.1.0, STM32Cube_FW_U5_V1.6.0, STM32Cube_FW_WB0_V1.0.0, STM32Cube_FW_WBA_V1.4.0, STM32Cube_FW_WB_V1.20.0, STM32Cube_FW_WL_V1.3.0, X-CUBE-ALGOBUILD_V1.4.0, X-CUBE-ALS_V1.0.2, X-CUBE-AZRTOS-F4_V1.1.0, X-CUBE-AZRTOS-F7_V1.1.0, X-CUBE-AZRTOS-G0_V1.1.0, X-CUBE-AZRTOS-G4_V2.0.0, X-CUBE-AZRTOS-H7RS_V1.0.0, X-CUBE-AZRTOS-H7_V3.2.0, X-CUBE-AZRTOS-L4_V2.0.0, X-CUBE-AZRTOS-L5_V1.1.0, X-CUBE-AZRTOS-WB_V2.0.0, X-CUBE-AZRTOS-WL_V2.0.0, X-CUBE-BLE1_V7.0.0, X-CUBE-BLE2_V3.3.0, X-CUBE-BLEMGR_V3.1.0, X-CUBE-EEPRMA1_V5.1.0, X-CUBE-FREERTOS_V1.2.0, X-CUBE-GNSS1_V6.0.0, X-CUBE-MEMS1_V10.0.0, X-CUBE-NFC4_V3.0.0, X-CUBE-NFC7_V1.0.1, X-CUBE-SFXS2LP1_V4.0.0, X-CUBE-SUBG2_V5.0.0, X-CUBE-TOF1_V3.4.1]
2024-07-15 15:49:04,310 [INFO] DbBoardsSqlite:226 - include board P-NUCLEO-WB55-NUCLEO as a kit item of type 'Nucleo-64'
2024-07-15 15:49:04,310 [INFO] DbBoardsSqlite:226 - include board P-NUCLEO-WB55-USBDONGLE as a kit item of type 'Nucleo USB Dongle'
2024-07-15 15:49:04,311 [INFO] DbBoardsSqlite:226 - include board STEVAL-IDP005V1 as a kit item of type 'Evaluation Board'
2024-07-15 15:49:04,311 [INFO] DbBoardsSqlite:226 - include board STEVAL-IDP005V2 as a kit item of type 'Evaluation Board'
2024-07-15 15:49:04,536 [INFO] ApiDb:240 - Found 483 in-development CPN: [B-G473E-ZEST1S, B-WB1M-WPAN1, B-WL5M-SUBG1, NUCLEO-C031C6, NUCLEO-H503RB, NUCLEO-H533RE, NUCLEO-H563ZI, NUCLEO-H7S3L8, NUCLEO-U031R8, NUCLEO-U083RC, NUCLEO-U545RE-Q, NUCLEO-U5A5ZJ-Q, NUCLEO-WBA52CG, NUCLEO-WBA55CG, STEVAL-PROTEUS1, STEVAL-SMARTAG2, STEVAL-STWINBX1, STM320518-EVAL, STM32C0116-DK, STM32C011D6Y3TR, STM32C011D6Y6TR, STM32C011F4P3, STM32C011F4P6, STM32C011F4U3, STM32C011F4U6TR, STM32C011F6P3, STM32C011F6P6, STM32C011F6U3, STM32C011F6U6TR, STM32C011J4M3, STM32C011J4M6, STM32C011J6M3, STM32C011J6M6, STM32C0316-DK, STM32C031C4T3, STM32C031C4T6, STM32C031C4U3, STM32C031C4U6, STM32C031C6T3, STM32C031C6T6, STM32C031C6U3, STM32C031C6U6, STM32C031F4P3, STM32C031F4P6, STM32C031F6P3, STM32C031F6P6, STM32C031G4U3, STM32C031G4U6, STM32C031G6U3, STM32C031G6U6, STM32C031K4T3, STM32C031K4T6, STM32C031K4U3, STM32C031K4U6, STM32C031K6T3, STM32C031K6T6, STM32C031K6U3, STM32C031K6U6, STM32G071K8TXN, STM32G071K8UXN, STM32G081GBU6N, STM32G081KBT6N, STM32G081KBUXN, STM32G0B1CCT6N, STM32G0B1KCT6, STM32G0B1NEY6TR, STM32G0B1RCT6N, STM32G0C1CCT6, STM32G0C1CCT6N, STM32G0C1CCU6N, STM32G0C1CET6N, STM32G0C1CEU6N, STM32G0C1KCT6, STM32G0C1NEY6TR, STM32G0C1RCI6N, STM32G0C1RCT6N, STM32G0C1REI6N, STM32G0C1RET6N, STM32G0C1VCI6, STM32G0C1VEI6, STM32G471CCT6, STM32G471CCU6, STM32G471CET3, STM32G471CET6, STM32G471CEU3, STM32G471CEU6, STM32G471MCT6, STM32G471MET3, STM32G471MET6, STM32G471MEY6TR, STM32G471QCT6, STM32G471QET3, STM32G471RCT6, STM32G471RET3, STM32G471RET6, STM32G471VCH6, STM32G471VCI6, STM32G471VCT6, STM32G471VEH3, STM32G471VEH6, STM32G471VEI3, STM32G471VEI6, STM32G471VET3, STM32G471VET6, STM32G474CCT6, STM32H503CBT6, STM32H503CBU6, STM32H503EBY6TR, STM32H503KBU6, STM32H503RBT6, STM32H523CCT6, STM32H523CCU6, STM32H523CET6, STM32H523CEU6, STM32H523HEY6TR, STM32H523RCT6, STM32H523RET6, STM32H523VCI6, STM32H523VCT6, STM32H523VEI6, STM32H523VET6, STM32H523ZCJ6, STM32H523ZCT6, STM32H523ZEJ6, STM32H523ZET6, STM32H533CET6, STM32H533CEU6, STM32H533HEY6TR, STM32H533RET6, STM32H533VEI6, STM32H533VET6, STM32H533ZEJ6, STM32H533ZET6, STM32H562AGI6, STM32H562AII6, STM32H562IGK6, STM32H562IGT6, STM32H562IIK6, STM32H562IIT6, STM32H562RGT6, STM32H562RGV6, STM32H562RIT6, STM32H562RIV6, STM32H562VGT6, STM32H562VIT6, STM32H562ZGT6, STM32H562ZIT6, STM32H563AGI6, STM32H563AII3Q, STM32H563AII6, STM32H563IGK6, STM32H563IGT6, STM32H563IIK3Q, STM32H563IIK6, STM32H563IIT3Q, STM32H563IIT6, STM32H563MIY3QTR, STM32H563RGT6, STM32H563RGV6, STM32H563RIT6, STM32H563RIV6, STM32H563VGT6, STM32H563VIT3Q, STM32H563VIT6, STM32H563ZGT6, STM32H563ZIT3Q, STM32H563ZIT6, STM32H573AII3Q, STM32H573AII6, STM32H573I-DK, STM32H573IIK3Q, STM32H573IIK6, STM32H573IIT3Q, STM32H573IIT6, STM32H573MIY3QTR, STM32H573RIT6, STM32H573RIV6, STM32H573VIT3Q, STM32H573VIT6, STM32H573ZIT3Q, STM32H573ZIT6, STM32H7R3A8I6, STM32H7R3I8K6, STM32H7R3I8T6, STM32H7R3L8H6, STM32H7R3L8H6H, STM32H7R3R8V6, STM32H7R3V8H6, STM32H7R3V8T6, STM32H7R3V8Y6, STM32H7R3Z8J6, STM32H7R3Z8T6, STM32H7R7A8I6, STM32H7R7I8K6, STM32H7R7I8T6, STM32H7R7L8H6, STM32H7R7L8H6H, STM32H7R7Z8J6, STM32H7S3A8I6, STM32H7S3I8K6, STM32H7S3I8T6, STM32H7S3L8H6, STM32H7S3L8H6H, STM32H7S3R8V6, STM32H7S3V8H6, STM32H7S3V8T6, STM32H7S3V8Y6, STM32H7S3Z8J6, STM32H7S3Z8T6, STM32H7S78-DK, STM32H7S7A8I6, STM32H7S7I8K6, STM32H7S7I8T6, STM32H7S7L8H6, STM32H7S7L8H6H, STM32H7S7Z8J6, STM32L4R5QGI6STR, STM32MP131AAE3, STM32MP131AAF3, STM32MP131AAG3, STM32MP131CAE3, STM32MP131CAF3, STM32MP131CAG3, STM32MP131DAE7, STM32MP131DAF7, STM32MP131DAG7, STM32MP131FAE7, STM32MP131FAF7, STM32MP131FAG7, STM32MP133AAE3, STM32MP133AAF3, STM32MP133AAG3, STM32MP133CAE3, STM32MP133CAF3, STM32MP133CAG3, STM32MP133DAE7, STM32MP133DAF7, STM32MP133DAG7, STM32MP133FAE7, STM32MP133FAF7, STM32MP133FAG7, STM32MP135AAE3, STM32MP135AAF3, STM32MP135AAG3, STM32MP135CAE3, STM32MP135CAF3, STM32MP135CAG3, STM32MP135DAE7, STM32MP135DAF7, STM32MP135DAG7, STM32MP135F-DK, STM32MP135FAE7, STM32MP135FAF7, STM32MP135FAF7T, STM32MP135FAF7U, STM32MP135FAG7, STM32U031C6T6, STM32U031C6U6, STM32U031C8T6, STM32U031C8U6, STM32U031F4P6, STM32U031F6P6, STM32U031F8P6, STM32U031G6Y6TR, STM32U031G8Y6TR, STM32U031K4U6, STM32U031K6U6, STM32U031K8U6, STM32U031R6I6, STM32U031R6T6, STM32U031R8I6, STM32U031R8T6, STM32U073C8T6, STM32U073C8U6, STM32U073CBT6, STM32U073CBU6, STM32U073CCT6, STM32U073CCU6, STM32U073H8Y6TR, STM32U073HBY6TR, STM32U073HCY6TR, STM32U073K8U6, STM32U073KBU6, STM32U073KCU6, STM32U073M8I6, STM32U073M8T6, STM32U073MBI6, STM32U073MBT6, STM32U073MCI6, STM32U073MCT6, STM32U073R8I6, STM32U073R8T6, STM32U073RBI6, STM32U073RBT6, STM32U073RCI6, STM32U073RCT6, STM32U083C-DK, STM32U083CCT6, STM32U083CCU6, STM32U083HCY6TR, STM32U083KCU6, STM32U083MCI6, STM32U083MCT6, STM32U083RCI6, STM32U083RCT6, STM32U535CBT6, STM32U535CBT6Q, STM32U535CBU6, STM32U535CBU6Q, STM32U535CCT6, STM32U535CCT6Q, STM32U535CCU6, STM32U535CCU6Q, STM32U535CET6, STM32U535CET6Q, STM32U535CEU6, STM32U535CEU6Q, STM32U535JEY6QTR, STM32U535NCY6QTR, STM32U535NEY6QTR, STM32U535RBI6, STM32U535RBI6Q, STM32U535RBT6, STM32U535RBT6Q, STM32U535RCI6, STM32U535RCI6Q, STM32U535RCT6, STM32U535RCT6Q, STM32U535REI6, STM32U535REI6Q, STM32U535RET6, STM32U535RET6Q, STM32U535VCI6, STM32U535VCI6Q, STM32U535VCT6, STM32U535VCT6Q, STM32U535VEI6, STM32U535VEI6Q, STM32U535VET6, STM32U535VET6Q, STM32U545CET6, STM32U545CET6Q, STM32U545CEU6, STM32U545CEU6Q, STM32U545JEY6QTR, STM32U545NEY6QTR, STM32U545REI6, STM32U545REI6Q, STM32U545RET6, STM32U545RET6Q, STM32U545VEI6, STM32U545VEI6Q, STM32U545VET6, STM32U545VET6Q, STM32U595AIH6, STM32U595AIH6Q, STM32U595AJH6, STM32U595AJH6Q, STM32U595QII6, STM32U595QII6Q, STM32U595QJI6, STM32U595QJI6Q, STM32U595RIT6, STM32U595RIT6Q, STM32U595RJT6, STM32U595RJT6Q, STM32U595VIT6, STM32U595VIT6Q, STM32U595VJT6, STM32U595VJT6Q, STM32U595ZIT6, STM32U595ZIT6Q, STM32U595ZIY6QTR, STM32U595ZJT6, STM32U595ZJT6Q, STM32U595ZJY6QTR, STM32U599BJY6QTR, STM32U599NIH6Q, STM32U599NJH6Q, STM32U599VIT6Q, STM32U599VJT6, STM32U599VJT6Q, STM32U599ZIT6Q, STM32U599ZIY6QTR, STM32U599ZJT6Q, STM32U599ZJY6QTR, STM32U5A5AJH6, STM32U5A5AJH6Q, STM32U5A5QII3Q , STM32U5A5QJI6, STM32U5A5QJI6Q, STM32U5A5RJT6, STM32U5A5RJT6Q, STM32U5A5VJT6, STM32U5A5VJT6Q, STM32U5A5ZJT6, STM32U5A5ZJT6Q, STM32U5A5ZJY6QTR, STM32U5A9BJY6QTR, STM32U5A9J-DK, STM32U5A9NJH6Q, STM32U5A9VJT6Q, STM32U5A9ZJT6Q, STM32U5A9ZJY6QTR, STM32U5F7VIT6, STM32U5F7VIT6Q, STM32U5F7VJT6, STM32U5F7VJT6Q, STM32U5F9BJY6QTR, STM32U5F9NJH6Q, STM32U5F9VIT6Q, STM32U5F9VJT6Q, STM32U5F9ZIJ6QTR, STM32U5F9ZIT6Q, STM32U5F9ZJJ6QTR, STM32U5F9ZJT6Q, STM32U5G7VJT6, STM32U5G7VJT6Q, STM32U5G9BJY6QTR, STM32U5G9J-DK1, STM32U5G9J-DK2, STM32U5G9NJH6Q, STM32U5G9VJT6Q, STM32U5G9ZJJ6QTR, STM32U5G9ZJT6Q, STM32WB1MMCH6, STM32WBA50KEU6, STM32WBA50KEU6TR, STM32WBA50KGU6, STM32WBA50KGU6TR, STM32WBA52CEU6, STM32WBA52CEU6TR, STM32WBA52CEU7, STM32WBA52CEU7TR, STM32WBA52CGU6, STM32WBA52CGU6TR, STM32WBA52CGU6U, STM32WBA52CGU7, STM32WBA52CGU7TR, STM32WBA52KEU6, STM32WBA52KEU6TR, STM32WBA52KGU6, STM32WBA52KGU6TR, STM32WBA54CEU6, STM32WBA54CEU6TR, STM32WBA54CEU7, STM32WBA54CEU7TR, STM32WBA54CGU6, STM32WBA54CGU6TR, STM32WBA54CGU7, STM32WBA54CGU7TR, STM32WBA54KEU6, STM32WBA54KEU6TR, STM32WBA54KEU7, STM32WBA54KEU7TR, STM32WBA54KGU6, STM32WBA54KGU6TR, STM32WBA54KGU7, STM32WBA54KGU7TR, STM32WBA55CEU6, STM32WBA55CEU6TR, STM32WBA55CEU7, STM32WBA55CEU7TR, STM32WBA55CGU6, STM32WBA55CGU6TR, STM32WBA55CGU6U, STM32WBA55CGU7, STM32WBA55CGU7TR, STM32WBA55G-DK1, STM32WBA55HEF6, STM32WBA55HEF7, STM32WBA55HGF6, STM32WBA55HGF7, STM32WBA55UEI6, STM32WBA55UEI6TR, STM32WBA55UEI7, STM32WBA55UEI7TR, STM32WBA55UGI6, STM32WBA55UGI6TR, STM32WBA55UGI7, STM32WBA55UGI7TR, STM32WL5MOCH6, STM32WL5MOCH6TR]
2024-07-15 15:49:04,538 [INFO] ApiDb:668 - CubeFinder database Data Model version=2.1
2024-07-15 15:49:04,538 [INFO] ApiDb:669 - CubeFinder database Configuration version=3.0.39
2024-07-15 15:49:04,538 [INFO] ApiDb:670 - CubeFinder database generation date=2024-06-07 (1717689626)
2024-07-15 15:49:04,538 [INFO] ApiDb:671 - CubeFinder database FW Pack versions=[FP-ATR-ASTRA1_V2.0.0, FP-SNS-FLIGHT1_V5.0.2, FP-SNS-MOTENV1_V5.0.0, FP-SNS-MOTENVWB1_V1.4.0, FP-SNS-SMARTAG2_V1.2.0, STM32Cube_FW_C0_V1.2.0, STM32Cube_FW_F4_V1.28.0, STM32Cube_FW_F7_V1.17.2, STM32Cube_FW_G0_V1.6.2, STM32Cube_FW_G4_V1.6.0, STM32Cube_FW_H5_V1.3.0, STM32Cube_FW_H7RS_V1.1.0, STM32Cube_FW_H7_V1.11.2, STM32Cube_FW_L0_V1.12.2, STM32Cube_FW_L5_V1.5.1, STM32Cube_FW_U0_V1.1.0, STM32Cube_FW_U5_V1.6.0, STM32Cube_FW_WB0_V1.0.0, STM32Cube_FW_WBA_V1.4.0, STM32Cube_FW_WB_V1.20.0, STM32Cube_FW_WL_V1.3.0, X-CUBE-ALGOBUILD_V1.4.0, X-CUBE-ALS_V1.0.2, X-CUBE-AZRTOS-F4_V1.1.0, X-CUBE-AZRTOS-F7_V1.1.0, X-CUBE-AZRTOS-G0_V1.1.0, X-CUBE-AZRTOS-G4_V2.0.0, X-CUBE-AZRTOS-H7RS_V1.0.0, X-CUBE-AZRTOS-H7_V3.2.0, X-CUBE-AZRTOS-L4_V2.0.0, X-CUBE-AZRTOS-L5_V1.1.0, X-CUBE-AZRTOS-WB_V2.0.0, X-CUBE-AZRTOS-WL_V2.0.0, X-CUBE-BLE1_V7.0.0, X-CUBE-BLE2_V3.3.0, X-CUBE-BLEMGR_V3.1.0, X-CUBE-EEPRMA1_V5.1.0, X-CUBE-FREERTOS_V1.2.0, X-CUBE-GNSS1_V6.0.0, X-CUBE-MEMS1_V10.0.0, X-CUBE-NFC4_V3.0.0, X-CUBE-NFC7_V1.0.1, X-CUBE-SFXS2LP1_V4.0.0, X-CUBE-SUBG2_V5.0.0, X-CUBE-TOF1_V3.4.1]
2024-07-15 15:49:05,546 [INFO] ApiDb:240 - Found 483 in-development CPN: [B-G473E-ZEST1S, B-WB1M-WPAN1, B-WL5M-SUBG1, NUCLEO-C031C6, NUCLEO-H503RB, NUCLEO-H533RE, NUCLEO-H563ZI, NUCLEO-H7S3L8, NUCLEO-U031R8, NUCLEO-U083RC, NUCLEO-U545RE-Q, NUCLEO-U5A5ZJ-Q, NUCLEO-WBA52CG, NUCLEO-WBA55CG, STEVAL-PROTEUS1, STEVAL-SMARTAG2, STEVAL-STWINBX1, STM320518-EVAL, STM32C0116-DK, STM32C011D6Y3TR, STM32C011D6Y6TR, STM32C011F4P3, STM32C011F4P6, STM32C011F4U3, STM32C011F4U6TR, STM32C011F6P3, STM32C011F6P6, STM32C011F6U3, STM32C011F6U6TR, STM32C011J4M3, STM32C011J4M6, STM32C011J6M3, STM32C011J6M6, STM32C0316-DK, STM32C031C4T3, STM32C031C4T6, STM32C031C4U3, STM32C031C4U6, STM32C031C6T3, STM32C031C6T6, STM32C031C6U3, STM32C031C6U6, STM32C031F4P3, STM32C031F4P6, STM32C031F6P3, STM32C031F6P6, STM32C031G4U3, STM32C031G4U6, STM32C031G6U3, STM32C031G6U6, STM32C031K4T3, STM32C031K4T6, STM32C031K4U3, STM32C031K4U6, STM32C031K6T3, STM32C031K6T6, STM32C031K6U3, STM32C031K6U6, STM32G071K8TXN, STM32G071K8UXN, STM32G081GBU6N, STM32G081KBT6N, STM32G081KBUXN, STM32G0B1CCT6N, STM32G0B1KCT6, STM32G0B1NEY6TR, STM32G0B1RCT6N, STM32G0C1CCT6, STM32G0C1CCT6N, STM32G0C1CCU6N, STM32G0C1CET6N, STM32G0C1CEU6N, STM32G0C1KCT6, STM32G0C1NEY6TR, STM32G0C1RCI6N, STM32G0C1RCT6N, STM32G0C1REI6N, STM32G0C1RET6N, STM32G0C1VCI6, STM32G0C1VEI6, STM32G471CCT6, STM32G471CCU6, STM32G471CET3, STM32G471CET6, STM32G471CEU3, STM32G471CEU6, STM32G471MCT6, STM32G471MET3, STM32G471MET6, STM32G471MEY6TR, STM32G471QCT6, STM32G471QET3, STM32G471RCT6, STM32G471RET3, STM32G471RET6, STM32G471VCH6, STM32G471VCI6, STM32G471VCT6, STM32G471VEH3, STM32G471VEH6, STM32G471VEI3, STM32G471VEI6, STM32G471VET3, STM32G471VET6, STM32G474CCT6, STM32H503CBT6, STM32H503CBU6, STM32H503EBY6TR, STM32H503KBU6, STM32H503RBT6, STM32H523CCT6, STM32H523CCU6, STM32H523CET6, STM32H523CEU6, STM32H523HEY6TR, STM32H523RCT6, STM32H523RET6, STM32H523VCI6, STM32H523VCT6, STM32H523VEI6, STM32H523VET6, STM32H523ZCJ6, STM32H523ZCT6, STM32H523ZEJ6, STM32H523ZET6, STM32H533CET6, STM32H533CEU6, STM32H533HEY6TR, STM32H533RET6, STM32H533VEI6, STM32H533VET6, STM32H533ZEJ6, STM32H533ZET6, STM32H562AGI6, STM32H562AII6, STM32H562IGK6, STM32H562IGT6, STM32H562IIK6, STM32H562IIT6, STM32H562RGT6, STM32H562RGV6, STM32H562RIT6, STM32H562RIV6, STM32H562VGT6, STM32H562VIT6, STM32H562ZGT6, STM32H562ZIT6, STM32H563AGI6, STM32H563AII3Q, STM32H563AII6, STM32H563IGK6, STM32H563IGT6, STM32H563IIK3Q, STM32H563IIK6, STM32H563IIT3Q, STM32H563IIT6, STM32H563MIY3QTR, STM32H563RGT6, STM32H563RGV6, STM32H563RIT6, STM32H563RIV6, STM32H563VGT6, STM32H563VIT3Q, STM32H563VIT6, STM32H563ZGT6, STM32H563ZIT3Q, STM32H563ZIT6, STM32H573AII3Q, STM32H573AII6, STM32H573I-DK, STM32H573IIK3Q, STM32H573IIK6, STM32H573IIT3Q, STM32H573IIT6, STM32H573MIY3QTR, STM32H573RIT6, STM32H573RIV6, STM32H573VIT3Q, STM32H573VIT6, STM32H573ZIT3Q, STM32H573ZIT6, STM32H7R3A8I6, STM32H7R3I8K6, STM32H7R3I8T6, STM32H7R3L8H6, STM32H7R3L8H6H, STM32H7R3R8V6, STM32H7R3V8H6, STM32H7R3V8T6, STM32H7R3V8Y6, STM32H7R3Z8J6, STM32H7R3Z8T6, STM32H7R7A8I6, STM32H7R7I8K6, STM32H7R7I8T6, STM32H7R7L8H6, STM32H7R7L8H6H, STM32H7R7Z8J6, STM32H7S3A8I6, STM32H7S3I8K6, STM32H7S3I8T6, STM32H7S3L8H6, STM32H7S3L8H6H, STM32H7S3R8V6, STM32H7S3V8H6, STM32H7S3V8T6, STM32H7S3V8Y6, STM32H7S3Z8J6, STM32H7S3Z8T6, STM32H7S78-DK, STM32H7S7A8I6, STM32H7S7I8K6, STM32H7S7I8T6, STM32H7S7L8H6, STM32H7S7L8H6H, STM32H7S7Z8J6, STM32L4R5QGI6STR, STM32MP131AAE3, STM32MP131AAF3, STM32MP131AAG3, STM32MP131CAE3, STM32MP131CAF3, STM32MP131CAG3, STM32MP131DAE7, STM32MP131DAF7, STM32MP131DAG7, STM32MP131FAE7, STM32MP131FAF7, STM32MP131FAG7, STM32MP133AAE3, STM32MP133AAF3, STM32MP133AAG3, STM32MP133CAE3, STM32MP133CAF3, STM32MP133CAG3, STM32MP133DAE7, STM32MP133DAF7, STM32MP133DAG7, STM32MP133FAE7, STM32MP133FAF7, STM32MP133FAG7, STM32MP135AAE3, STM32MP135AAF3, STM32MP135AAG3, STM32MP135CAE3, STM32MP135CAF3, STM32MP135CAG3, STM32MP135DAE7, STM32MP135DAF7, STM32MP135DAG7, STM32MP135F-DK, STM32MP135FAE7, STM32MP135FAF7, STM32MP135FAF7T, STM32MP135FAF7U, STM32MP135FAG7, STM32U031C6T6, STM32U031C6U6, STM32U031C8T6, STM32U031C8U6, STM32U031F4P6, STM32U031F6P6, STM32U031F8P6, STM32U031G6Y6TR, STM32U031G8Y6TR, STM32U031K4U6, STM32U031K6U6, STM32U031K8U6, STM32U031R6I6, STM32U031R6T6, STM32U031R8I6, STM32U031R8T6, STM32U073C8T6, STM32U073C8U6, STM32U073CBT6, STM32U073CBU6, STM32U073CCT6, STM32U073CCU6, STM32U073H8Y6TR, STM32U073HBY6TR, STM32U073HCY6TR, STM32U073K8U6, STM32U073KBU6, STM32U073KCU6, STM32U073M8I6, STM32U073M8T6, STM32U073MBI6, STM32U073MBT6, STM32U073MCI6, STM32U073MCT6, STM32U073R8I6, STM32U073R8T6, STM32U073RBI6, STM32U073RBT6, STM32U073RCI6, STM32U073RCT6, STM32U083C-DK, STM32U083CCT6, STM32U083CCU6, STM32U083HCY6TR, STM32U083KCU6, STM32U083MCI6, STM32U083MCT6, STM32U083RCI6, STM32U083RCT6, STM32U535CBT6, STM32U535CBT6Q, STM32U535CBU6, STM32U535CBU6Q, STM32U535CCT6, STM32U535CCT6Q, STM32U535CCU6, STM32U535CCU6Q, STM32U535CET6, STM32U535CET6Q, STM32U535CEU6, STM32U535CEU6Q, STM32U535JEY6QTR, STM32U535NCY6QTR, STM32U535NEY6QTR, STM32U535RBI6, STM32U535RBI6Q, STM32U535RBT6, STM32U535RBT6Q, STM32U535RCI6, STM32U535RCI6Q, STM32U535RCT6, STM32U535RCT6Q, STM32U535REI6, STM32U535REI6Q, STM32U535RET6, STM32U535RET6Q, STM32U535VCI6, STM32U535VCI6Q, STM32U535VCT6, STM32U535VCT6Q, STM32U535VEI6, STM32U535VEI6Q, STM32U535VET6, STM32U535VET6Q, STM32U545CET6, STM32U545CET6Q, STM32U545CEU6, STM32U545CEU6Q, STM32U545JEY6QTR, STM32U545NEY6QTR, STM32U545REI6, STM32U545REI6Q, STM32U545RET6, STM32U545RET6Q, STM32U545VEI6, STM32U545VEI6Q, STM32U545VET6, STM32U545VET6Q, STM32U595AIH6, STM32U595AIH6Q, STM32U595AJH6, STM32U595AJH6Q, STM32U595QII6, STM32U595QII6Q, STM32U595QJI6, STM32U595QJI6Q, STM32U595RIT6, STM32U595RIT6Q, STM32U595RJT6, STM32U595RJT6Q, STM32U595VIT6, STM32U595VIT6Q, STM32U595VJT6, STM32U595VJT6Q, STM32U595ZIT6, STM32U595ZIT6Q, STM32U595ZIY6QTR, STM32U595ZJT6, STM32U595ZJT6Q, STM32U595ZJY6QTR, STM32U599BJY6QTR, STM32U599NIH6Q, STM32U599NJH6Q, STM32U599VIT6Q, STM32U599VJT6, STM32U599VJT6Q, STM32U599ZIT6Q, STM32U599ZIY6QTR, STM32U599ZJT6Q, STM32U599ZJY6QTR, STM32U5A5AJH6, STM32U5A5AJH6Q, STM32U5A5QII3Q , STM32U5A5QJI6, STM32U5A5QJI6Q, STM32U5A5RJT6, STM32U5A5RJT6Q, STM32U5A5VJT6, STM32U5A5VJT6Q, STM32U5A5ZJT6, STM32U5A5ZJT6Q, STM32U5A5ZJY6QTR, STM32U5A9BJY6QTR, STM32U5A9J-DK, STM32U5A9NJH6Q, STM32U5A9VJT6Q, STM32U5A9ZJT6Q, STM32U5A9ZJY6QTR, STM32U5F7VIT6, STM32U5F7VIT6Q, STM32U5F7VJT6, STM32U5F7VJT6Q, STM32U5F9BJY6QTR, STM32U5F9NJH6Q, STM32U5F9VIT6Q, STM32U5F9VJT6Q, STM32U5F9ZIJ6QTR, STM32U5F9ZIT6Q, STM32U5F9ZJJ6QTR, STM32U5F9ZJT6Q, STM32U5G7VJT6, STM32U5G7VJT6Q, STM32U5G9BJY6QTR, STM32U5G9J-DK1, STM32U5G9J-DK2, STM32U5G9NJH6Q, STM32U5G9VJT6Q, STM32U5G9ZJJ6QTR, STM32U5G9ZJT6Q, STM32WB1MMCH6, STM32WBA50KEU6, STM32WBA50KEU6TR, STM32WBA50KGU6, STM32WBA50KGU6TR, STM32WBA52CEU6, STM32WBA52CEU6TR, STM32WBA52CEU7, STM32WBA52CEU7TR, STM32WBA52CGU6, STM32WBA52CGU6TR, STM32WBA52CGU6U, STM32WBA52CGU7, STM32WBA52CGU7TR, STM32WBA52KEU6, STM32WBA52KEU6TR, STM32WBA52KGU6, STM32WBA52KGU6TR, STM32WBA54CEU6, STM32WBA54CEU6TR, STM32WBA54CEU7, STM32WBA54CEU7TR, STM32WBA54CGU6, STM32WBA54CGU6TR, STM32WBA54CGU7, STM32WBA54CGU7TR, STM32WBA54KEU6, STM32WBA54KEU6TR, STM32WBA54KEU7, STM32WBA54KEU7TR, STM32WBA54KGU6, STM32WBA54KGU6TR, STM32WBA54KGU7, STM32WBA54KGU7TR, STM32WBA55CEU6, STM32WBA55CEU6TR, STM32WBA55CEU7, STM32WBA55CEU7TR, STM32WBA55CGU6, STM32WBA55CGU6TR, STM32WBA55CGU6U, STM32WBA55CGU7, STM32WBA55CGU7TR, STM32WBA55G-DK1, STM32WBA55HEF6, STM32WBA55HEF7, STM32WBA55HGF6, STM32WBA55HGF7, STM32WBA55UEI6, STM32WBA55UEI6TR, STM32WBA55UEI7, STM32WBA55UEI7TR, STM32WBA55UGI6, STM32WBA55UGI6TR, STM32WBA55UGI7, STM32WBA55UGI7TR, STM32WL5MOCH6, STM32WL5MOCH6TR]
2024-07-15 15:49:05,548 [INFO] DbMcus:218 - Found 4229 MCUs, 4229 are supported
2024-07-15 15:49:05,549 [INFO] ApiDb:423 - Load user favorites file C:\Users\jhwang/.stm32cubeide/favorites.mcus.txt: 0 item(s)
2024-07-15 15:49:05,549 [INFO] ApiDb:427 - User favorites MCUs=[]
2024-07-15 15:49:05,549 [INFO] DbMcus:224 - Set 0 / 0 favorites MCUs
2024-07-15 15:49:05,778 [INFO] BoardInfo:889 - No configuration file found for board P-NUCLEO-WB55
2024-07-15 15:49:05,779 [INFO] DbBoards:161 - Kit is not supported: P-NUCLEO-WB55
2024-07-15 15:49:05,782 [INFO] BoardInfo:889 - No configuration file found for board STEVAL-BFA001V1B
2024-07-15 15:49:05,782 [INFO] DbBoards:161 - Kit is not supported: STEVAL-BFA001V1B
2024-07-15 15:49:05,782 [INFO] BoardInfo:889 - No configuration file found for board STEVAL-BFA001V2B
2024-07-15 15:49:05,783 [INFO] DbBoards:161 - Kit is not supported: STEVAL-BFA001V2B
2024-07-15 15:49:05,853 [INFO] DbBoards:168 - Found 195 boards, 192 are supported
2024-07-15 15:49:05,853 [INFO] DbBoards:169 - Found 195 boards, 8 of them is supported for  Bsp
2024-07-15 15:49:05,855 [INFO] ApiDb:414 - User favorites file not found: C:\Users\jhwang/.stm32cubeide/favorites.boards.txt
2024-07-15 15:49:05,855 [INFO] DbBoards:198 - Set 0 / 0 favorites Boards
2024-07-15 15:49:05,903 [INFO] UtilMem:75 - End LoadConfig() Used Memory: 814480128 Bytes (1073741824)
2024-07-15 15:49:06,044 [WARN] ThirdParty:833 - waiting for thirdparty lock release [change project]
2024-07-15 15:49:06,044 [INFO] ThirdParty:835 - entering critical section [change project]
2024-07-15 15:49:06,045 [INFO] ThirdParty:1030 - CMSIS Pack Vendor :STMicroelectronics USBPD 4.1
2024-07-15 15:49:06,045 [INFO] ThirdParty:1030 - CMSIS Pack Vendor :STMicroelectronics X-CUBE-GNSS1 6.0.0
2024-07-15 15:49:06,045 [INFO] ThirdParty:1030 - CMSIS Pack Vendor :STMicroelectronics USB_HOST 2.0.0
2024-07-15 15:49:06,045 [INFO] ThirdParty:1030 - CMSIS Pack Vendor :STMicroelectronics FP-SNS-MOTENVWB1 1.4.0
2024-07-15 15:49:06,045 [INFO] ThirdParty:1030 - CMSIS Pack Vendor :STMicroelectronics X-CUBE-AZRTOS-F4 1.1.0
2024-07-15 15:49:06,045 [INFO] ThirdParty:1030 - CMSIS Pack Vendor :STMicroelectronics LIBJPEG 8.0.0
2024-07-15 15:49:06,045 [INFO] ThirdParty:1030 - CMSIS Pack Vendor :STMicroelectronics X-CUBE-SMBUS 2.1.0
2024-07-15 15:49:06,045 [INFO] ThirdParty:1030 - CMSIS Pack Vendor :STMicroelectronics USB_DEVICE 3.0.0
2024-07-15 15:49:06,045 [INFO] ThirdParty:1030 - CMSIS Pack Vendor :STMicroelectronics X-CUBE-TCPP 4.1.0
2024-07-15 15:49:06,045 [INFO] ThirdParty:1030 - CMSIS Pack Vendor :STMicroelectronics X-CUBE-FREERTOS 1.2.0
2024-07-15 15:49:06,045 [INFO] ThirdParty:1030 - CMSIS Pack Vendor :STMicroelectronics X-CUBE-AZRTOS-WB 2.0.0
2024-07-15 15:49:06,045 [INFO] ThirdParty:1030 - CMSIS Pack Vendor :STMicroelectronics X-CUBE-AZRTOS-F7 1.1.0
2024-07-15 15:49:06,045 [INFO] ThirdParty:1030 - CMSIS Pack Vendor :STMicroelectronics X-CUBE-AZRTOS-L5 2.0.0
2024-07-15 15:49:06,045 [INFO] ThirdParty:1030 - CMSIS Pack Vendor :STMicroelectronics USB_DEVICE 2.0.0
2024-07-15 15:49:06,045 [INFO] ThirdParty:1030 - CMSIS Pack Vendor :STMicroelectronics X-CUBE-NFC6 3.1.0
2024-07-15 15:49:06,045 [INFO] ThirdParty:1030 - CMSIS Pack Vendor :STMicroelectronics FreeRTOS 0.0.1
2024-07-15 15:49:06,045 [INFO] ThirdParty:1030 - CMSIS Pack Vendor :STMicroelectronics X-CUBE-AZRTOS-G0 1.1.0
2024-07-15 15:49:06,045 [INFO] ThirdParty:1030 - CMSIS Pack Vendor :STMicroelectronics X-CUBE-SAFEA1 1.2.2
2024-07-15 15:49:06,045 [INFO] ThirdParty:1030 - CMSIS Pack Vendor :STMicroelectronics X-CUBE-NFC4 3.0.0
2024-07-15 15:49:06,045 [INFO] ThirdParty:1030 - CMSIS Pack Vendor :STMicroelectronics X-CUBE-DPower 1.2.0
2024-07-15 15:49:06,045 [INFO] ThirdParty:1030 - CMSIS Pack Vendor :STMicroelectronics X-CUBE-SUBG2 5.0.0
2024-07-15 15:49:06,045 [INFO] ThirdParty:1030 - CMSIS Pack Vendor :STMicroelectronics STM32_WPAN 1.0.0
2024-07-15 15:49:06,045 [INFO] ThirdParty:1030 - CMSIS Pack Vendor :EmbeddedOffice I-CUBE-FS-RTOS 1.0.1
2024-07-15 15:49:06,045 [INFO] ThirdParty:1030 - CMSIS Pack Vendor :STMicroelectronics lwIP 2.0.3
2024-07-15 15:49:06,045 [INFO] ThirdParty:1030 - CMSIS Pack Vendor :STMicroelectronics FP-SNS-FLIGHT1 5.0.2
2024-07-15 15:49:06,045 [INFO] ThirdParty:1030 - CMSIS Pack Vendor :Cesanta I-CUBE-Mongoose 7.13.0
2024-07-15 15:49:06,045 [INFO] ThirdParty:1030 - CMSIS Pack Vendor :STMicroelectronics USB_HOST 1.0.0
2024-07-15 15:49:06,045 [INFO] ThirdParty:1030 - CMSIS Pack Vendor :STMicroelectronics X-CUBE-AI 9.0.0
2024-07-15 15:49:06,045 [INFO] ThirdParty:1030 - CMSIS Pack Vendor :STMicroelectronics X-CUBE-AZRTOS-G4 2.0.0
2024-07-15 15:49:06,045 [INFO] ThirdParty:1030 - CMSIS Pack Vendor :STMicroelectronics PDM2PCM 3.1.0
2024-07-15 15:49:06,045 [INFO] ThirdParty:1030 - CMSIS Pack Vendor :STMicroelectronics PDM2PCM 3.3.0
2024-07-15 15:49:06,045 [INFO] ThirdParty:1030 - CMSIS Pack Vendor :STMicroelectronics X-CUBE-DISPLAY 3.0.0
2024-07-15 15:49:06,045 [INFO] ThirdParty:1030 - CMSIS Pack Vendor :RealThread X-CUBE-RT-Thread_Nano 4.1.1
2024-07-15 15:49:06,045 [INFO] ThirdParty:1030 - CMSIS Pack Vendor :wolfSSL I-CUBE-wolfSSL 5.7.0
2024-07-15 15:49:06,045 [INFO] ThirdParty:1030 - CMSIS Pack Vendor :STMicroelectronics X-CUBE-BLE1 7.0.0
2024-07-15 15:49:06,045 [INFO] ThirdParty:1030 - CMSIS Pack Vendor :STMicroelectronics FP-ATR-SIGFOX1 3.2.0
2024-07-15 15:49:06,045 [INFO] ThirdParty:1030 - CMSIS Pack Vendor :STMicroelectronics X-CUBE-ISPU 2.0.0
2024-07-15 15:49:06,045 [INFO] ThirdParty:1030 - CMSIS Pack Vendor :STMicroelectronics X-CUBE-EEPRMA1 5.1.0
2024-07-15 15:49:06,045 [INFO] ThirdParty:1030 - CMSIS Pack Vendor :STMicroelectronics HAL Drivers 0.0.0
2024-07-15 15:49:06,045 [INFO] ThirdParty:1030 - CMSIS Pack Vendor :STMicroelectronics MBEDTLS 2.16.2
2024-07-15 15:49:06,045 [INFO] ThirdParty:1030 - CMSIS Pack Vendor :STMicroelectronics X-CUBE-ALS 1.0.2
2024-07-15 15:49:06,045 [INFO] ThirdParty:1030 - CMSIS Pack Vendor :emotas I-CUBE-CANOPEN 1.3.0
2024-07-15 15:49:06,045 [INFO] ThirdParty:1030 - CMSIS Pack Vendor :STMicroelectronics X-CUBE-MEMS1 10.0.0
2024-07-15 15:49:06,045 [INFO] ThirdParty:1030 - CMSIS Pack Vendor :STMicroelectronics X-CUBE-NFC7 1.0.1
2024-07-15 15:49:06,045 [INFO] ThirdParty:1030 - CMSIS Pack Vendor :STMicroelectronics MBEDTLS 2.14.1
2024-07-15 15:49:06,045 [INFO] ThirdParty:1030 - CMSIS Pack Vendor :STMicroelectronics X-CUBE-TOUCHGFX 4.24.0
2024-07-15 15:49:06,045 [INFO] ThirdParty:1030 - CMSIS Pack Vendor :ITTIA_DB I-CUBE-ITTIADB 8.9.0
2024-07-15 15:49:06,045 [INFO] ThirdParty:1030 - CMSIS Pack Vendor :wolfSSL I-CUBE-wolfTPM 3.2.0
2024-07-15 15:49:06,045 [INFO] ThirdParty:1030 - CMSIS Pack Vendor :portGmbH I-Cube-SoM-uGOAL 1.1.0
2024-07-15 15:49:06,045 [INFO] ThirdParty:1030 - CMSIS Pack Vendor :STMicroelectronics X-CUBE-BLEMGR 3.1.0
2024-07-15 15:49:06,045 [INFO] ThirdParty:1030 - CMSIS Pack Vendor :STMicroelectronics ThreadX 1.0.0
2024-07-15 15:49:06,045 [INFO] ThirdParty:1030 - CMSIS Pack Vendor :STMicroelectronics FP-SNS-SMARTAG2 1.2.0
2024-07-15 15:49:06,045 [INFO] ThirdParty:1030 - CMSIS Pack Vendor :STMicroelectronics X-CUBE-AZRTOS-WL 2.0.0
2024-07-15 15:49:06,045 [INFO] ThirdParty:1030 - CMSIS Pack Vendor :SEGGER I-CUBE-embOS 1.3.1
2024-07-15 15:49:06,045 [INFO] ThirdParty:1030 - CMSIS Pack Vendor :STMicroelectronics X-CUBE-ALGOBUILD 1.4.0
2024-07-15 15:49:06,045 [INFO] ThirdParty:1030 - CMSIS Pack Vendor :STMicroelectronics USB_DEVICE 1.0.0
2024-07-15 15:49:06,045 [INFO] ThirdParty:1030 - CMSIS Pack Vendor :STMicroelectronics X-CUBE-AZRTOS-H7RS 1.0.0
2024-07-15 15:49:06,045 [INFO] ThirdParty:1030 - CMSIS Pack Vendor :wolfSSL I-CUBE-wolfMQTT 1.19.0
2024-07-15 15:49:06,045 [INFO] ThirdParty:1030 - CMSIS Pack Vendor :STMicroelectronics X-CUBE-AZRTOS-L4 2.0.0
2024-07-15 15:49:06,046 [INFO] ThirdParty:1030 - CMSIS Pack Vendor :STMicroelectronics ThreadX 0.0.2
2024-07-15 15:49:06,046 [INFO] ThirdParty:1030 - CMSIS Pack Vendor :WES I-CUBE-Cesium 1.3.0
2024-07-15 15:49:06,046 [INFO] ThirdParty:1030 - CMSIS Pack Vendor :STMicroelectronics FP-ATR-ASTRA1 2.0.0
2024-07-15 15:49:06,046 [INFO] ThirdParty:1030 - CMSIS Pack Vendor :STMicroelectronics lwIP 2.1.2
2024-07-15 15:49:06,046 [INFO] ThirdParty:1030 - CMSIS Pack Vendor :STMicroelectronics X-CUBE-SFXS2LP1 4.0.0
2024-07-15 15:49:06,046 [INFO] ThirdParty:1030 - CMSIS Pack Vendor :STMicroelectronics X-CUBE-BLE2 3.3.0
2024-07-15 15:49:06,046 [INFO] ThirdParty:1030 - CMSIS Pack Vendor :STMicroelectronics X-CUBE-TOF1 3.4.1
2024-07-15 15:49:06,046 [INFO] ThirdParty:1030 - CMSIS Pack Vendor :STMicroelectronics X-CUBE-AZRTOS-H7 3.2.0
2024-07-15 15:49:06,046 [INFO] ThirdParty:1030 - CMSIS Pack Vendor :Infineon AIROC-Wi-Fi-Bluetooth-STM32 1.6.0
2024-07-15 15:49:06,046 [INFO] ThirdParty:1030 - CMSIS Pack Vendor :STMicroelectronics PDM2PCM 3.2.0
2024-07-15 15:49:06,046 [INFO] ThirdParty:841 - exiting critical section [change project]
2024-07-15 15:49:06,196 [INFO] PinOutPanel:1561 - setPackage(No Configuration,No Configuration)
2024-07-15 15:49:06,197 [INFO] PinOutPanel:1561 - setPackage(STM32F103C8Tx,LQFP48)
2024-07-15 15:49:06,401 [INFO] UtilMem:75 - Before build in PCC Used Memory: 669125496 Bytes (1073741824)
2024-07-15 15:49:07,016 [INFO] UtilMem:75 - After build in PCC Used Memory: 732012792 Bytes (1073741824)
2024-07-15 15:49:07,030 [INFO] IPUIPlugin:80 - create IPUIPlugin
2024-07-15 15:49:07,031 [INFO] IPUIPlugin:80 - create IPUIPlugin
2024-07-15 15:49:07,031 [INFO] IPUIPlugin:80 - create IPUIPlugin
2024-07-15 15:49:07,031 [INFO] IPUIPlugin:80 - create IPUIPlugin
2024-07-15 15:49:07,031 [INFO] IPUIPlugin:80 - create IPUIPlugin
2024-07-15 15:49:07,031 [INFO] IPUIPlugin:80 - create IPUIPlugin
2024-07-15 15:49:07,031 [INFO] IPUIPlugin:80 - create IPUIPlugin
2024-07-15 15:49:07,031 [INFO] IPUIPlugin:80 - create IPUIPlugin
2024-07-15 15:49:07,031 [INFO] IPUIPlugin:80 - create IPUIPlugin
2024-07-15 15:49:07,031 [INFO] IPUIPlugin:80 - create IPUIPlugin
2024-07-15 15:49:07,031 [INFO] IPUIPlugin:80 - create IPUIPlugin
2024-07-15 15:49:07,031 [INFO] IPUIPlugin:80 - create IPUIPlugin
2024-07-15 15:49:07,031 [INFO] IPUIPlugin:80 - create IPUIPlugin
2024-07-15 15:49:07,031 [INFO] IPUIPlugin:80 - create IPUIPlugin
2024-07-15 15:49:07,031 [INFO] IPUIPlugin:80 - create IPUIPlugin
2024-07-15 15:49:07,032 [INFO] IPUIPlugin:80 - create IPUIPlugin
2024-07-15 15:49:07,032 [INFO] IPUIPlugin:80 - create IPUIPlugin
2024-07-15 15:49:07,032 [INFO] IPUIPlugin:80 - create IPUIPlugin
2024-07-15 15:49:07,032 [INFO] IPUIPlugin:80 - create IPUIPlugin
2024-07-15 15:49:07,032 [INFO] IPUIPlugin:80 - create IPUIPlugin
2024-07-15 15:49:07,032 [INFO] IPUIPlugin:80 - create IPUIPlugin
2024-07-15 15:49:07,032 [INFO] IPUIPlugin:80 - create IPUIPlugin
2024-07-15 15:49:07,032 [INFO] IPUIPlugin:80 - create IPUIPlugin
2024-07-15 15:49:07,032 [INFO] IPUIPlugin:80 - create IPUIPlugin
2024-07-15 15:49:07,032 [INFO] IPUIPlugin:80 - create IPUIPlugin
2024-07-15 15:49:07,032 [INFO] IPUIPlugin:80 - create IPUIPlugin
2024-07-15 15:49:07,032 [INFO] IPUIPlugin:80 - create IPUIPlugin
2024-07-15 15:49:07,220 [INFO] CADModel:165 - CPN selected for project levelSTM32F103C8T6
2024-07-15 15:49:07,220 [INFO] CADModel:114 - Register for checkConnection events
2024-07-15 15:49:07,264 [INFO] OpenFileManager:343 - Restore cursor
2024-07-15 15:50:11,626 [INFO] Gpio:277 - dependency for GPIO [SYS, USART1]
2024-07-15 15:50:39,232 [ERROR] LogOutputStream:75 - [STDERR_REDIRECT] Exception in thread "AWT-EventQueue-0" java.lang.IllegalStateException: Attempt to mutate in notification
2024-07-15 15:50:39,233 [ERROR] LogOutputStream:75 - [STDERR_REDIRECT] 	at java.desktop/javax.swing.text.AbstractDocument.writeLock(AbstractDocument.java:1372)
2024-07-15 15:50:39,234 [ERROR] LogOutputStream:75 - [STDERR_REDIRECT] 	at java.desktop/javax.swing.text.AbstractDocument.replace(AbstractDocument.java:687)
2024-07-15 15:50:39,235 [ERROR] LogOutputStream:75 - [STDERR_REDIRECT] 	at java.desktop/javax.swing.text.JTextComponent.replaceSelection(JTextComponent.java:1339)
2024-07-15 15:50:39,236 [ERROR] LogOutputStream:75 - [STDERR_REDIRECT] 	at java.desktop/javax.swing.text.DefaultEditorKit$DefaultKeyTypedAction.actionPerformed(DefaultEditorKit.java:884)
2024-07-15 15:50:39,236 [ERROR] LogOutputStream:75 - [STDERR_REDIRECT] 	at java.desktop/javax.swing.SwingUtilities.notifyAction(SwingUtilities.java:1810)
2024-07-15 15:50:39,237 [ERROR] LogOutputStream:75 - [STDERR_REDIRECT] 	at java.desktop/javax.swing.JComponent.processKeyBinding(JComponent.java:2947)
2024-07-15 15:50:39,238 [ERROR] LogOutputStream:75 - [STDERR_REDIRECT] 	at java.desktop/javax.swing.JComponent.processKeyBindings(JComponent.java:2995)
2024-07-15 15:50:39,238 [ERROR] LogOutputStream:75 - [STDERR_REDIRECT] 	at java.desktop/javax.swing.JComponent.processKeyEvent(JComponent.java:2909)
2024-07-15 15:50:39,239 [ERROR] LogOutputStream:75 - [STDERR_REDIRECT] 	at java.desktop/javax.swing.text.JTextComponent.replaceInputMethodText(JTextComponent.java:4821)
2024-07-15 15:50:39,240 [ERROR] LogOutputStream:75 - [STDERR_REDIRECT] 	at java.desktop/javax.swing.text.JTextComponent.processInputMethodEvent(JTextComponent.java:4581)
2024-07-15 15:50:39,241 [ERROR] LogOutputStream:75 - [STDERR_REDIRECT] 	at java.desktop/java.awt.Component.processEvent(Component.java:6408)
2024-07-15 15:50:39,242 [ERROR] LogOutputStream:75 - [STDERR_REDIRECT] 	at java.desktop/java.awt.Container.processEvent(Container.java:2266)
2024-07-15 15:50:39,243 [ERROR] LogOutputStream:75 - [STDERR_REDIRECT] 	at java.desktop/java.awt.Component.dispatchEventImpl(Component.java:5001)
2024-07-15 15:50:39,245 [ERROR] LogOutputStream:75 - [STDERR_REDIRECT] 	at java.desktop/java.awt.Container.dispatchEventImpl(Container.java:2324)
2024-07-15 15:50:39,247 [ERROR] LogOutputStream:75 - [STDERR_REDIRECT] 	at java.desktop/java.awt.Component.dispatchEvent(Component.java:4833)
2024-07-15 15:50:39,247 [ERROR] LogOutputStream:75 - [STDERR_REDIRECT] 	at java.desktop/java.awt.EventQueue.dispatchEventImpl(EventQueue.java:775)
2024-07-15 15:50:39,250 [ERROR] LogOutputStream:75 - [STDERR_REDIRECT] 	at java.desktop/java.awt.EventQueue$4.run(EventQueue.java:720)
2024-07-15 15:50:39,251 [ERROR] LogOutputStream:75 - [STDERR_REDIRECT] 	at java.desktop/java.awt.EventQueue$4.run(EventQueue.java:714)
2024-07-15 15:50:39,251 [ERROR] LogOutputStream:75 - [STDERR_REDIRECT] 	at java.base/java.security.AccessController.doPrivileged(AccessController.java:399)
2024-07-15 15:50:39,252 [ERROR] LogOutputStream:75 - [STDERR_REDIRECT] 	at java.base/java.security.ProtectionDomain$JavaSecurityAccessImpl.doIntersectionPrivilege(ProtectionDomain.java:86)
2024-07-15 15:50:39,254 [ERROR] LogOutputStream:75 - [STDERR_REDIRECT] 	at java.base/java.security.ProtectionDomain$JavaSecurityAccessImpl.doIntersectionPrivilege(ProtectionDomain.java:97)
2024-07-15 15:50:39,254 [ERROR] LogOutputStream:75 - [STDERR_REDIRECT] 	at java.desktop/java.awt.EventQueue$5.run(EventQueue.java:747)
2024-07-15 15:50:39,255 [ERROR] LogOutputStream:75 - [STDERR_REDIRECT] 	at java.desktop/java.awt.EventQueue$5.run(EventQueue.java:745)
2024-07-15 15:50:39,256 [ERROR] LogOutputStream:75 - [STDERR_REDIRECT] 	at java.base/java.security.AccessController.doPrivileged(AccessController.java:399)
2024-07-15 15:50:39,257 [ERROR] LogOutputStream:75 - [STDERR_REDIRECT] 	at java.base/java.security.ProtectionDomain$JavaSecurityAccessImpl.doIntersectionPrivilege(ProtectionDomain.java:86)
2024-07-15 15:50:39,257 [ERROR] LogOutputStream:75 - [STDERR_REDIRECT] 	at java.desktop/java.awt.EventQueue.dispatchEvent(EventQueue.java:744)
2024-07-15 15:50:39,258 [ERROR] LogOutputStream:75 - [STDERR_REDIRECT] 	at java.desktop/java.awt.EventDispatchThread.pumpOneEventForFilters(EventDispatchThread.java:203)
2024-07-15 15:50:39,259 [ERROR] LogOutputStream:75 - [STDERR_REDIRECT] 	at java.desktop/java.awt.EventDispatchThread.pumpEventsForFilter(EventDispatchThread.java:124)
2024-07-15 15:50:39,259 [ERROR] LogOutputStream:75 - [STDERR_REDIRECT] 	at java.desktop/java.awt.EventDispatchThread.pumpEventsForFilter(EventDispatchThread.java:117)
2024-07-15 15:50:39,260 [ERROR] LogOutputStream:75 - [STDERR_REDIRECT] 	at java.desktop/java.awt.WaitDispatchSupport$2.run(WaitDispatchSupport.java:191)
2024-07-15 15:50:39,261 [ERROR] LogOutputStream:75 - [STDERR_REDIRECT] 	at java.desktop/java.awt.WaitDispatchSupport$4.run(WaitDispatchSupport.java:236)
2024-07-15 15:50:39,261 [ERROR] LogOutputStream:75 - [STDERR_REDIRECT] 	at java.desktop/java.awt.WaitDispatchSupport$4.run(WaitDispatchSupport.java:234)
2024-07-15 15:50:39,262 [ERROR] LogOutputStream:75 - [STDERR_REDIRECT] 	at java.base/java.security.AccessController.doPrivileged(AccessController.java:318)
2024-07-15 15:50:39,263 [ERROR] LogOutputStream:75 - [STDERR_REDIRECT] 	at java.desktop/java.awt.WaitDispatchSupport.enter(WaitDispatchSupport.java:234)
2024-07-15 15:50:39,264 [ERROR] LogOutputStream:75 - [STDERR_REDIRECT] 	at java.desktop/java.awt.Dialog.show(Dialog.java:1080)
2024-07-15 15:50:39,264 [ERROR] LogOutputStream:75 - [STDERR_REDIRECT] 	at java.desktop/java.awt.Component.show(Component.java:1728)
2024-07-15 15:50:39,265 [ERROR] LogOutputStream:75 - [STDERR_REDIRECT] 	at java.desktop/java.awt.Component.setVisible(Component.java:1675)
2024-07-15 15:50:39,265 [ERROR] LogOutputStream:75 - [STDERR_REDIRECT] 	at java.desktop/java.awt.Window.setVisible(Window.java:1036)
2024-07-15 15:50:39,265 [ERROR] LogOutputStream:75 - [STDERR_REDIRECT] 	at java.desktop/java.awt.Dialog.setVisible(Dialog.java:1016)
2024-07-15 15:50:39,266 [ERROR] LogOutputStream:75 - [STDERR_REDIRECT] 	at com.st.components.swing.GuiUtils.showOptionDialog(GuiUtils.java:84)
2024-07-15 15:50:39,267 [ERROR] LogOutputStream:75 - [STDERR_REDIRECT] 	at com.st.microxplorer.util.ImportTextPane.showDialog(ImportTextPane.java:91)
2024-07-15 15:50:39,267 [ERROR] LogOutputStream:75 - [STDERR_REDIRECT] 	at com.st.microxplorer.mcu.Pin.setPinLabel(Pin.java:2310)
2024-07-15 15:50:39,267 [ERROR] LogOutputStream:75 - [STDERR_REDIRECT] 	at com.st.microxplorer.mcu.Pin.setGPIOParameterValue(Pin.java:2213)
2024-07-15 15:50:39,268 [ERROR] LogOutputStream:75 - [STDERR_REDIRECT] 	at com.st.microxplorer.plugins.ip.gpio.gui.TextFieldParameterUI.updateParameterValue(ParameterUI.java:338)
2024-07-15 15:50:39,269 [ERROR] LogOutputStream:75 - [STDERR_REDIRECT] 	at com.st.microxplorer.plugins.ip.gpio.gui.TextFieldParameterUI$1.insertUpdate(ParameterUI.java:268)
2024-07-15 15:50:39,269 [ERROR] LogOutputStream:75 - [STDERR_REDIRECT] 	at java.desktop/javax.swing.text.AbstractDocument.fireInsertUpdate(AbstractDocument.java:226)
2024-07-15 15:50:39,270 [ERROR] LogOutputStream:75 - [STDERR_REDIRECT] 	at java.desktop/javax.swing.text.AbstractDocument.handleInsertString(AbstractDocument.java:780)
2024-07-15 15:50:39,271 [ERROR] LogOutputStream:75 - [STDERR_REDIRECT] 	at java.desktop/javax.swing.text.AbstractDocument.insertString(AbstractDocument.java:739)
2024-07-15 15:50:39,271 [ERROR] LogOutputStream:75 - [STDERR_REDIRECT] 	at java.desktop/javax.swing.text.PlainDocument.insertString(PlainDocument.java:131)
2024-07-15 15:50:39,272 [ERROR] LogOutputStream:75 - [STDERR_REDIRECT] 	at java.desktop/javax.swing.text.JTextComponent.replaceInputMethodText(JTextComponent.java:4844)
2024-07-15 15:50:39,273 [ERROR] LogOutputStream:75 - [STDERR_REDIRECT] 	at java.desktop/javax.swing.text.JTextComponent.processInputMethodEvent(JTextComponent.java:4581)
2024-07-15 15:50:39,273 [ERROR] LogOutputStream:75 - [STDERR_REDIRECT] 	at java.desktop/java.awt.Component.processEvent(Component.java:6408)
2024-07-15 15:50:39,274 [ERROR] LogOutputStream:75 - [STDERR_REDIRECT] 	at java.desktop/java.awt.Container.processEvent(Container.java:2266)
2024-07-15 15:50:39,274 [ERROR] LogOutputStream:75 - [STDERR_REDIRECT] 	at java.desktop/java.awt.Component.dispatchEventImpl(Component.java:5001)
2024-07-15 15:50:39,274 [ERROR] LogOutputStream:75 - [STDERR_REDIRECT] 	at java.desktop/java.awt.Container.dispatchEventImpl(Container.java:2324)
2024-07-15 15:50:39,275 [ERROR] LogOutputStream:75 - [STDERR_REDIRECT] 	at java.desktop/java.awt.Component.dispatchEvent(Component.java:4833)
2024-07-15 15:50:39,276 [ERROR] LogOutputStream:75 - [STDERR_REDIRECT] 	at java.desktop/java.awt.EventQueue.dispatchEventImpl(EventQueue.java:775)
2024-07-15 15:50:39,276 [ERROR] LogOutputStream:75 - [STDERR_REDIRECT] 	at java.desktop/java.awt.EventQueue$4.run(EventQueue.java:720)
2024-07-15 15:50:39,277 [ERROR] LogOutputStream:75 - [STDERR_REDIRECT] 	at java.desktop/java.awt.EventQueue$4.run(EventQueue.java:714)
2024-07-15 15:50:39,277 [ERROR] LogOutputStream:75 - [STDERR_REDIRECT] 	at java.base/java.security.AccessController.doPrivileged(AccessController.java:399)
2024-07-15 15:50:39,278 [ERROR] LogOutputStream:75 - [STDERR_REDIRECT] 	at java.base/java.security.ProtectionDomain$JavaSecurityAccessImpl.doIntersectionPrivilege(ProtectionDomain.java:86)
2024-07-15 15:50:39,279 [ERROR] LogOutputStream:75 - [STDERR_REDIRECT] 	at java.base/java.security.ProtectionDomain$JavaSecurityAccessImpl.doIntersectionPrivilege(ProtectionDomain.java:97)
2024-07-15 15:50:39,279 [ERROR] LogOutputStream:75 - [STDERR_REDIRECT] 	at java.desktop/java.awt.EventQueue$5.run(EventQueue.java:747)
2024-07-15 15:50:39,280 [ERROR] LogOutputStream:75 - [STDERR_REDIRECT] 	at java.desktop/java.awt.EventQueue$5.run(EventQueue.java:745)
2024-07-15 15:50:39,280 [ERROR] LogOutputStream:75 - [STDERR_REDIRECT] 	at java.base/java.security.AccessController.doPrivileged(AccessController.java:399)
2024-07-15 15:50:39,281 [ERROR] LogOutputStream:75 - [STDERR_REDIRECT] 	at java.base/java.security.ProtectionDomain$JavaSecurityAccessImpl.doIntersectionPrivilege(ProtectionDomain.java:86)
2024-07-15 15:50:39,281 [ERROR] LogOutputStream:75 - [STDERR_REDIRECT] 	at java.desktop/java.awt.EventQueue.dispatchEvent(EventQueue.java:744)
2024-07-15 15:50:39,282 [ERROR] LogOutputStream:75 - [STDERR_REDIRECT] 	at java.desktop/java.awt.EventDispatchThread.pumpOneEventForFilters(EventDispatchThread.java:203)
2024-07-15 15:50:39,283 [ERROR] LogOutputStream:75 - [STDERR_REDIRECT] 	at java.desktop/java.awt.EventDispatchThread.pumpEventsForFilter(EventDispatchThread.java:124)
2024-07-15 15:50:39,283 [ERROR] LogOutputStream:75 - [STDERR_REDIRECT] 	at java.desktop/java.awt.EventDispatchThread.pumpEventsForHierarchy(EventDispatchThread.java:113)
2024-07-15 15:50:39,284 [ERROR] LogOutputStream:75 - [STDERR_REDIRECT] 	at java.desktop/java.awt.EventDispatchThread.pumpEvents(EventDispatchThread.java:109)
2024-07-15 15:50:39,285 [ERROR] LogOutputStream:75 - [STDERR_REDIRECT] 	at java.desktop/java.awt.EventDispatchThread.pumpEvents(EventDispatchThread.java:101)
2024-07-15 15:50:39,285 [ERROR] LogOutputStream:75 - [STDERR_REDIRECT] 	at java.desktop/java.awt.EventDispatchThread.run(EventDispatchThread.java:90)
2024-07-15 15:50:41,370 [INFO] Pin:2311 - value.trim() 
2024-07-15 15:50:41,370 [INFO] Pin:2312 - Pin value PB15
2024-07-15 15:50:43,295 [ERROR] LogOutputStream:75 - [STDERR_REDIRECT] Exception in thread "AWT-EventQueue-0" java.lang.IllegalStateException: Attempt to mutate in notification
2024-07-15 15:50:43,296 [ERROR] LogOutputStream:75 - [STDERR_REDIRECT] 	at java.desktop/javax.swing.text.AbstractDocument.writeLock(AbstractDocument.java:1372)
2024-07-15 15:50:43,297 [ERROR] LogOutputStream:75 - [STDERR_REDIRECT] 	at java.desktop/javax.swing.text.AbstractDocument.replace(AbstractDocument.java:687)
2024-07-15 15:50:43,297 [ERROR] LogOutputStream:75 - [STDERR_REDIRECT] 	at java.desktop/javax.swing.text.JTextComponent.replaceSelection(JTextComponent.java:1339)
2024-07-15 15:50:43,298 [ERROR] LogOutputStream:75 - [STDERR_REDIRECT] 	at java.desktop/javax.swing.text.DefaultEditorKit$DefaultKeyTypedAction.actionPerformed(DefaultEditorKit.java:884)
2024-07-15 15:50:43,298 [ERROR] LogOutputStream:75 - [STDERR_REDIRECT] 	at java.desktop/javax.swing.SwingUtilities.notifyAction(SwingUtilities.java:1810)
2024-07-15 15:50:43,299 [ERROR] LogOutputStream:75 - [STDERR_REDIRECT] 	at java.desktop/javax.swing.JComponent.processKeyBinding(JComponent.java:2947)
2024-07-15 15:50:43,299 [ERROR] LogOutputStream:75 - [STDERR_REDIRECT] 	at java.desktop/javax.swing.JComponent.processKeyBindings(JComponent.java:2995)
2024-07-15 15:50:43,300 [ERROR] LogOutputStream:75 - [STDERR_REDIRECT] 	at java.desktop/javax.swing.JComponent.processKeyEvent(JComponent.java:2909)
2024-07-15 15:50:43,300 [ERROR] LogOutputStream:75 - [STDERR_REDIRECT] 	at java.desktop/javax.swing.text.JTextComponent.replaceInputMethodText(JTextComponent.java:4821)
2024-07-15 15:50:43,301 [ERROR] LogOutputStream:75 - [STDERR_REDIRECT] 	at java.desktop/javax.swing.text.JTextComponent.processInputMethodEvent(JTextComponent.java:4581)
2024-07-15 15:50:43,302 [ERROR] LogOutputStream:75 - [STDERR_REDIRECT] 	at java.desktop/java.awt.Component.processEvent(Component.java:6408)
2024-07-15 15:50:43,302 [ERROR] LogOutputStream:75 - [STDERR_REDIRECT] 	at java.desktop/java.awt.Container.processEvent(Container.java:2266)
2024-07-15 15:50:43,302 [ERROR] LogOutputStream:75 - [STDERR_REDIRECT] 	at java.desktop/java.awt.Component.dispatchEventImpl(Component.java:5001)
2024-07-15 15:50:43,303 [ERROR] LogOutputStream:75 - [STDERR_REDIRECT] 	at java.desktop/java.awt.Container.dispatchEventImpl(Container.java:2324)
2024-07-15 15:50:43,303 [ERROR] LogOutputStream:75 - [STDERR_REDIRECT] 	at java.desktop/java.awt.Component.dispatchEvent(Component.java:4833)
2024-07-15 15:50:43,304 [ERROR] LogOutputStream:75 - [STDERR_REDIRECT] 	at java.desktop/java.awt.EventQueue.dispatchEventImpl(EventQueue.java:775)
2024-07-15 15:50:43,304 [ERROR] LogOutputStream:75 - [STDERR_REDIRECT] 	at java.desktop/java.awt.EventQueue$4.run(EventQueue.java:720)
2024-07-15 15:50:43,305 [ERROR] LogOutputStream:75 - [STDERR_REDIRECT] 	at java.desktop/java.awt.EventQueue$4.run(EventQueue.java:714)
2024-07-15 15:50:43,305 [ERROR] LogOutputStream:75 - [STDERR_REDIRECT] 	at java.base/java.security.AccessController.doPrivileged(AccessController.java:399)
2024-07-15 15:50:43,306 [ERROR] LogOutputStream:75 - [STDERR_REDIRECT] 	at java.base/java.security.ProtectionDomain$JavaSecurityAccessImpl.doIntersectionPrivilege(ProtectionDomain.java:86)
2024-07-15 15:50:43,307 [ERROR] LogOutputStream:75 - [STDERR_REDIRECT] 	at java.base/java.security.ProtectionDomain$JavaSecurityAccessImpl.doIntersectionPrivilege(ProtectionDomain.java:97)
2024-07-15 15:50:43,307 [ERROR] LogOutputStream:75 - [STDERR_REDIRECT] 	at java.desktop/java.awt.EventQueue$5.run(EventQueue.java:747)
2024-07-15 15:50:43,308 [ERROR] LogOutputStream:75 - [STDERR_REDIRECT] 	at java.desktop/java.awt.EventQueue$5.run(EventQueue.java:745)
2024-07-15 15:50:43,308 [ERROR] LogOutputStream:75 - [STDERR_REDIRECT] 	at java.base/java.security.AccessController.doPrivileged(AccessController.java:399)
2024-07-15 15:50:43,309 [ERROR] LogOutputStream:75 - [STDERR_REDIRECT] 	at java.base/java.security.ProtectionDomain$JavaSecurityAccessImpl.doIntersectionPrivilege(ProtectionDomain.java:86)
2024-07-15 15:50:43,309 [ERROR] LogOutputStream:75 - [STDERR_REDIRECT] 	at java.desktop/java.awt.EventQueue.dispatchEvent(EventQueue.java:744)
2024-07-15 15:50:43,310 [ERROR] LogOutputStream:75 - [STDERR_REDIRECT] 	at java.desktop/java.awt.EventDispatchThread.pumpOneEventForFilters(EventDispatchThread.java:203)
2024-07-15 15:50:43,311 [ERROR] LogOutputStream:75 - [STDERR_REDIRECT] 	at java.desktop/java.awt.EventDispatchThread.pumpEventsForFilter(EventDispatchThread.java:124)
2024-07-15 15:50:43,311 [ERROR] LogOutputStream:75 - [STDERR_REDIRECT] 	at java.desktop/java.awt.EventDispatchThread.pumpEventsForFilter(EventDispatchThread.java:117)
2024-07-15 15:50:43,312 [ERROR] LogOutputStream:75 - [STDERR_REDIRECT] 	at java.desktop/java.awt.WaitDispatchSupport$2.run(WaitDispatchSupport.java:191)
2024-07-15 15:50:43,312 [ERROR] LogOutputStream:75 - [STDERR_REDIRECT] 	at java.desktop/java.awt.WaitDispatchSupport$4.run(WaitDispatchSupport.java:236)
2024-07-15 15:50:43,313 [ERROR] LogOutputStream:75 - [STDERR_REDIRECT] 	at java.desktop/java.awt.WaitDispatchSupport$4.run(WaitDispatchSupport.java:234)
2024-07-15 15:50:43,314 [ERROR] LogOutputStream:75 - [STDERR_REDIRECT] 	at java.base/java.security.AccessController.doPrivileged(AccessController.java:318)
2024-07-15 15:50:43,314 [ERROR] LogOutputStream:75 - [STDERR_REDIRECT] 	at java.desktop/java.awt.WaitDispatchSupport.enter(WaitDispatchSupport.java:234)
2024-07-15 15:50:43,315 [ERROR] LogOutputStream:75 - [STDERR_REDIRECT] 	at java.desktop/java.awt.Dialog.show(Dialog.java:1080)
2024-07-15 15:50:43,315 [ERROR] LogOutputStream:75 - [STDERR_REDIRECT] 	at java.desktop/java.awt.Component.show(Component.java:1728)
2024-07-15 15:50:43,316 [ERROR] LogOutputStream:75 - [STDERR_REDIRECT] 	at java.desktop/java.awt.Component.setVisible(Component.java:1675)
2024-07-15 15:50:43,316 [ERROR] LogOutputStream:75 - [STDERR_REDIRECT] 	at java.desktop/java.awt.Window.setVisible(Window.java:1036)
2024-07-15 15:50:43,317 [ERROR] LogOutputStream:75 - [STDERR_REDIRECT] 	at java.desktop/java.awt.Dialog.setVisible(Dialog.java:1016)
2024-07-15 15:50:43,317 [ERROR] LogOutputStream:75 - [STDERR_REDIRECT] 	at com.st.components.swing.GuiUtils.showOptionDialog(GuiUtils.java:84)
2024-07-15 15:50:43,318 [ERROR] LogOutputStream:75 - [STDERR_REDIRECT] 	at com.st.microxplorer.util.ImportTextPane.showDialog(ImportTextPane.java:91)
2024-07-15 15:50:43,318 [ERROR] LogOutputStream:75 - [STDERR_REDIRECT] 	at com.st.microxplorer.mcu.Pin.setPinLabel(Pin.java:2310)
2024-07-15 15:50:43,319 [ERROR] LogOutputStream:75 - [STDERR_REDIRECT] 	at com.st.microxplorer.mcu.Pin.setGPIOParameterValue(Pin.java:2213)
2024-07-15 15:50:43,320 [ERROR] LogOutputStream:75 - [STDERR_REDIRECT] 	at com.st.microxplorer.plugins.ip.gpio.gui.TextFieldParameterUI.updateParameterValue(ParameterUI.java:338)
2024-07-15 15:50:43,320 [ERROR] LogOutputStream:75 - [STDERR_REDIRECT] 	at com.st.microxplorer.plugins.ip.gpio.gui.TextFieldParameterUI$1.insertUpdate(ParameterUI.java:268)
2024-07-15 15:50:43,321 [ERROR] LogOutputStream:75 - [STDERR_REDIRECT] 	at java.desktop/javax.swing.text.AbstractDocument.fireInsertUpdate(AbstractDocument.java:226)
2024-07-15 15:50:43,322 [ERROR] LogOutputStream:75 - [STDERR_REDIRECT] 	at java.desktop/javax.swing.text.AbstractDocument.handleInsertString(AbstractDocument.java:780)
2024-07-15 15:50:43,323 [ERROR] LogOutputStream:75 - [STDERR_REDIRECT] 	at java.desktop/javax.swing.text.AbstractDocument.insertString(AbstractDocument.java:739)
2024-07-15 15:50:43,323 [ERROR] LogOutputStream:75 - [STDERR_REDIRECT] 	at java.desktop/javax.swing.text.PlainDocument.insertString(PlainDocument.java:131)
2024-07-15 15:50:43,325 [ERROR] LogOutputStream:75 - [STDERR_REDIRECT] 	at java.desktop/javax.swing.text.JTextComponent.replaceInputMethodText(JTextComponent.java:4844)
2024-07-15 15:50:43,326 [ERROR] LogOutputStream:75 - [STDERR_REDIRECT] 	at java.desktop/javax.swing.text.JTextComponent.processInputMethodEvent(JTextComponent.java:4581)
2024-07-15 15:50:43,326 [ERROR] LogOutputStream:75 - [STDERR_REDIRECT] 	at java.desktop/java.awt.Component.processEvent(Component.java:6408)
2024-07-15 15:50:43,326 [ERROR] LogOutputStream:75 - [STDERR_REDIRECT] 	at java.desktop/java.awt.Container.processEvent(Container.java:2266)
2024-07-15 15:50:43,327 [ERROR] LogOutputStream:75 - [STDERR_REDIRECT] 	at java.desktop/java.awt.Component.dispatchEventImpl(Component.java:5001)
2024-07-15 15:50:43,327 [ERROR] LogOutputStream:75 - [STDERR_REDIRECT] 	at java.desktop/java.awt.Container.dispatchEventImpl(Container.java:2324)
2024-07-15 15:50:43,328 [ERROR] LogOutputStream:75 - [STDERR_REDIRECT] 	at java.desktop/java.awt.Component.dispatchEvent(Component.java:4833)
2024-07-15 15:50:43,328 [ERROR] LogOutputStream:75 - [STDERR_REDIRECT] 	at java.desktop/java.awt.EventQueue.dispatchEventImpl(EventQueue.java:775)
2024-07-15 15:50:43,329 [ERROR] LogOutputStream:75 - [STDERR_REDIRECT] 	at java.desktop/java.awt.EventQueue$4.run(EventQueue.java:720)
2024-07-15 15:50:43,329 [ERROR] LogOutputStream:75 - [STDERR_REDIRECT] 	at java.desktop/java.awt.EventQueue$4.run(EventQueue.java:714)
2024-07-15 15:50:43,329 [ERROR] LogOutputStream:75 - [STDERR_REDIRECT] 	at java.base/java.security.AccessController.doPrivileged(AccessController.java:399)
2024-07-15 15:50:43,330 [ERROR] LogOutputStream:75 - [STDERR_REDIRECT] 	at java.base/java.security.ProtectionDomain$JavaSecurityAccessImpl.doIntersectionPrivilege(ProtectionDomain.java:86)
2024-07-15 15:50:43,331 [ERROR] LogOutputStream:75 - [STDERR_REDIRECT] 	at java.base/java.security.ProtectionDomain$JavaSecurityAccessImpl.doIntersectionPrivilege(ProtectionDomain.java:97)
2024-07-15 15:50:43,331 [ERROR] LogOutputStream:75 - [STDERR_REDIRECT] 	at java.desktop/java.awt.EventQueue$5.run(EventQueue.java:747)
2024-07-15 15:50:43,331 [ERROR] LogOutputStream:75 - [STDERR_REDIRECT] 	at java.desktop/java.awt.EventQueue$5.run(EventQueue.java:745)
2024-07-15 15:50:43,332 [ERROR] LogOutputStream:75 - [STDERR_REDIRECT] 	at java.base/java.security.AccessController.doPrivileged(AccessController.java:399)
2024-07-15 15:50:43,333 [ERROR] LogOutputStream:75 - [STDERR_REDIRECT] 	at java.base/java.security.ProtectionDomain$JavaSecurityAccessImpl.doIntersectionPrivilege(ProtectionDomain.java:86)
2024-07-15 15:50:43,333 [ERROR] LogOutputStream:75 - [STDERR_REDIRECT] 	at java.desktop/java.awt.EventQueue.dispatchEvent(EventQueue.java:744)
2024-07-15 15:50:43,334 [ERROR] LogOutputStream:75 - [STDERR_REDIRECT] 	at java.desktop/java.awt.EventDispatchThread.pumpOneEventForFilters(EventDispatchThread.java:203)
2024-07-15 15:50:43,334 [ERROR] LogOutputStream:75 - [STDERR_REDIRECT] 	at java.desktop/java.awt.EventDispatchThread.pumpEventsForFilter(EventDispatchThread.java:124)
2024-07-15 15:50:43,335 [ERROR] LogOutputStream:75 - [STDERR_REDIRECT] 	at java.desktop/java.awt.EventDispatchThread.pumpEventsForHierarchy(EventDispatchThread.java:113)
2024-07-15 15:50:43,335 [ERROR] LogOutputStream:75 - [STDERR_REDIRECT] 	at java.desktop/java.awt.EventDispatchThread.pumpEvents(EventDispatchThread.java:109)
2024-07-15 15:50:43,336 [ERROR] LogOutputStream:75 - [STDERR_REDIRECT] 	at java.desktop/java.awt.EventDispatchThread.pumpEvents(EventDispatchThread.java:101)
2024-07-15 15:50:43,336 [ERROR] LogOutputStream:75 - [STDERR_REDIRECT] 	at java.desktop/java.awt.EventDispatchThread.run(EventDispatchThread.java:90)
2024-07-15 15:50:44,217 [INFO] Pin:2311 - value.trim() 
2024-07-15 15:50:44,217 [INFO] Pin:2312 - Pin value PB15
2024-07-15 15:51:42,731 [INFO] UtilMem:75 - End SaveConfig() Used Memory: 767583544 Bytes (1073741824)
2024-07-15 15:51:43,783 [INFO] UtilMem:75 - End SaveConfig() Used Memory: 566923984 Bytes (1073741824)
2024-07-15 15:51:45,035 [INFO] UtilMem:75 - End SaveConfig() Used Memory: 600478416 Bytes (1073741824)
2024-07-15 15:51:45,248 [INFO] BlockDiagram:2759 - set Specific Code input for plugin: NVIC
2024-07-15 15:51:45,248 [INFO] BlockDiagram:2759 - set Specific Code input for plugin: USART
2024-07-15 15:51:45,248 [INFO] BlockDiagram:2759 - set Specific Code input for plugin: SYS
2024-07-15 15:51:45,248 [INFO] BlockDiagram:2759 - set Specific Code input for plugin: GPIO
2024-07-15 15:51:45,248 [INFO] BlockDiagram:2759 - set Specific Code input for plugin: RCC
2024-07-15 15:51:45,249 [INFO] CodeGenerator:807 - code generatio: config db path: C:\ST\STM32CubeIDE_1.15.1\STM32CubeIDE\plugins\com.st.stm32cube.common.mx_6.11.1.202404110753\\db\
2024-07-15 15:51:45,331 [INFO] CodeEngine:255 - oldGeneratedFile, D:\STM32cubeIDE\project\OJ\first\MXTmpFiles\license.tmp_save
2024-07-15 15:51:45,526 [INFO] CodeEngine:279 - Generated code: D:\STM32cubeIDE\project\OJ\first\MXTmpFiles\license.tmp
2024-07-15 15:51:45,620 [INFO] CodeEngine:255 - oldGeneratedFile, D:\STM32cubeIDE\project\OJ\first\MXTmpFiles\gpio.tmp_save
2024-07-15 15:51:45,705 [INFO] CodeEngine:279 - Generated code: D:\STM32cubeIDE\project\OJ\first\MXTmpFiles\gpio.tmp
2024-07-15 15:51:45,798 [INFO] CodeEngine:255 - oldGeneratedFile, D:\STM32cubeIDE\project\OJ\first\Core\Src\stm32f1xx_it.c_save
2024-07-15 15:51:45,864 [INFO] CodeEngine:279 - Generated code: D:\STM32cubeIDE\project\OJ\first\Core\Src\stm32f1xx_it.c
2024-07-15 15:51:45,868 [INFO] CodeEngine:255 - oldGeneratedFile, D:\STM32cubeIDE\project\OJ\first\Core\Inc\stm32f1xx_it.h_save
2024-07-15 15:51:45,904 [INFO] CodeEngine:279 - Generated code: D:\STM32cubeIDE\project\OJ\first\Core\Inc\stm32f1xx_it.h
2024-07-15 15:51:45,914 [INFO] CodeEngine:255 - oldGeneratedFile, D:\STM32cubeIDE\project\OJ\first\Core\Src\stm32f1xx_hal_msp.c_save
2024-07-15 15:51:45,988 [INFO] CodeEngine:279 - Generated code: D:\STM32cubeIDE\project\OJ\first\Core\Src\stm32f1xx_hal_msp.c
2024-07-15 15:51:45,991 [INFO] CodeEngine:255 - oldGeneratedFile, D:\STM32cubeIDE\project\OJ\first\MXTmpFiles\system.tmp_save
2024-07-15 15:51:46,032 [INFO] CodeEngine:279 - Generated code: D:\STM32cubeIDE\project\OJ\first\MXTmpFiles\system.tmp
2024-07-15 15:51:46,040 [INFO] CodeEngine:311 - oldGeneratedFile, D:\STM32cubeIDE\project\OJ\first\Core\Inc\stm32f1xx_hal_conf.h_save
2024-07-15 15:51:46,078 [INFO] CodeEngine:335 - Generated code: D:\STM32cubeIDE\project\OJ\first\Core\Inc\stm32f1xx_hal_conf.h
2024-07-15 15:51:46,104 [INFO] CodeEngine:255 - oldGeneratedFile, D:\STM32cubeIDE\project\OJ\first\Core\Inc\main.h_save
2024-07-15 15:51:46,150 [INFO] CodeEngine:279 - Generated code: D:\STM32cubeIDE\project\OJ\first\Core\Inc\main.h
2024-07-15 15:51:46,161 [INFO] CodeEngine:255 - oldGeneratedFile, D:\STM32cubeIDE\project\OJ\first\Core\Src\main.c_save
2024-07-15 15:51:46,232 [INFO] CodeEngine:279 - Generated code: D:\STM32cubeIDE\project\OJ\first\Core\Src\main.c
2024-07-15 15:51:46,391 [INFO] ProjectBuilder:3163 - Time for Copy HAL[1] : 77mS.
2024-07-15 15:51:46,394 [INFO] ProjectBuilder:4736 - Project Generator version: 4.3.0-B58
2024-07-15 15:51:46,430 [INFO] ConfigFileManager:1503 - The Die is : DIE410
2024-07-15 15:51:46,455 [INFO] ApiDbMcu:508 - Load IP Config File for FATFS
2024-07-15 15:51:46,459 [INFO] ApiDbMcu:508 - Load IP Config File for FREERTOS
2024-07-15 15:51:46,462 [INFO] ApiDbMcu:508 - Load IP Config File for USB_DEVICE
2024-07-15 15:51:46,701 [INFO] LogOutputStream:77 - [STDOUT_REDIRECT] 
2024-07-15 15:51:47,322 [INFO] ProjectBuilder:5002 - Time for Generating toolchain IDE Files: 928mS.
2024-07-15 15:51:47,323 [INFO] ProjectBuilder:3034 - Time for Copy CMSIS : 0mS.
2024-07-15 15:51:47,324 [INFO] ProjectBuilder:3034 - Time for Copy CMSIS : 0mS.
2024-07-15 17:44:04,354 [ERROR] LogOutputStream:75 - [STDERR_REDIRECT] 
