2024-08-09 08:11:28,236 [INFO] Activator:176 - 


2024-08-09 08:11:28,239 [INFO] Activator:177 - !SESSION log4j initialized
2024-08-09 08:11:31,851 [INFO] LogOutputStream:77 - [STDOUT_REDIRECT] 
2024-08-09 08:11:33,715 [INFO] ApplicationProperties:184 - Using Application install path: C:\ST\STM32CubeIDE_1.15.1\STM32CubeIDE\plugins\com.st.stm32cube.common.mx_6.11.1.202404110753
2024-08-09 08:11:33,726 [INFO] DbMcusXml:78 - Set database path to: C:\ST\STM32CubeIDE_1.15.1\STM32CubeIDE\plugins\com.st.stm32cube.common.mx_6.11.1.202404110753\\db\/mcu/
2024-08-09 08:11:33,726 [INFO] ApiDb:274 - Set plugin database path to: C:\ST\STM32CubeIDE_1.15.1\STM32CubeIDE\plugins\com.st.stm32cube.common.mx_6.11.1.202404110753\\db\/plugins/boardmanager/
2024-08-09 08:11:33,728 [WARN] ApiDb:259 - Overriding images path with different value:  => C:\ST\STM32CubeIDE_1.15.1\STM32CubeIDE\plugins\com.st.stm32cube.common.mx_6.11.1.202404110753\\db\/plugins/mcufinder/images/
2024-08-09 08:11:33,731 [INFO] ApiDb:250 - Set database path to: C:\Users\jhwang\.stmcufinder\plugins\mcufinder//mcu/
2024-08-09 08:11:33,732 [INFO] DbMcusAds:125 - Set database path to: C:\Users\jhwang\.stmcufinder\plugins\mcufinder//mcu/
2024-08-09 08:11:33,733 [INFO] CrossReferenceDbSqlite:203 - Set database path to: C:\Users\jhwang\.stmcufinder\plugins\mcufinder//mcu/cs/
2024-08-09 08:11:33,814 [INFO] RulesReader:64 - Compatibility file has been processed (297 Rules)
2024-08-09 08:11:33,875 [INFO] DbMcusXml:78 - Set database path to: C:\ST\STM32CubeIDE_1.15.1\STM32CubeIDE\plugins\com.st.stm32cube.common.mx_6.11.1.202404110753\\db\/mcu/
2024-08-09 08:11:33,875 [INFO] ApiDb:274 - Set plugin database path to: C:\ST\STM32CubeIDE_1.15.1\STM32CubeIDE\plugins\com.st.stm32cube.common.mx_6.11.1.202404110753\\db\/plugins/boardmanager/
2024-08-09 08:11:33,875 [INFO] ApiDb:261 - Set plugin images path to: C:\ST\STM32CubeIDE_1.15.1\STM32CubeIDE\plugins\com.st.stm32cube.common.mx_6.11.1.202404110753\\db\/plugins/mcufinder/images/
2024-08-09 08:11:33,875 [WARN] DbFile:41 - Overriding database path with different value: C:\Users\jhwang\.stmcufinder\plugins\mcufinder/ => C:\Users\jhwang\.stmcufinder\plugins\mcufinder
2024-08-09 08:11:33,875 [INFO] ApiDb:250 - Set database path to: C:\Users\jhwang\.stmcufinder\plugins\mcufinder//mcu/
2024-08-09 08:11:33,876 [WARN] DbFile:41 - Overriding database path with different value: C:\Users\jhwang\.stmcufinder\plugins\mcufinder/ => C:\Users\jhwang\.stmcufinder\plugins\mcufinder
2024-08-09 08:11:33,876 [INFO] DbMcusAds:125 - Set database path to: C:\Users\jhwang\.stmcufinder\plugins\mcufinder//mcu/
2024-08-09 08:11:33,876 [WARN] DbFile:41 - Overriding database path with different value: C:\Users\jhwang\.stmcufinder\plugins\mcufinder/ => C:\Users\jhwang\.stmcufinder\plugins\mcufinder
2024-08-09 08:11:33,876 [WARN] DbFile:41 - Overriding database path with different value: C:\Users\jhwang\.stmcufinder\plugins\mcufinder/ => C:\Users\jhwang\.stmcufinder\plugins\mcufinder
2024-08-09 08:11:33,876 [INFO] CrossReferenceDbSqlite:203 - Set database path to: C:\Users\jhwang\.stmcufinder\plugins\mcufinder//mcu/cs/
2024-08-09 08:11:33,919 [INFO] MainPanel:264 - HeapMemory: 268435456
2024-08-09 08:11:33,970 [INFO] DbMcusXml:78 - Set database path to: C:\ST\STM32CubeIDE_1.15.1\STM32CubeIDE\plugins\com.st.stm32cube.common.mx_6.11.1.202404110753\\db\/mcu/
2024-08-09 08:11:33,970 [INFO] ApiDb:274 - Set plugin database path to: C:\ST\STM32CubeIDE_1.15.1\STM32CubeIDE\plugins\com.st.stm32cube.common.mx_6.11.1.202404110753\\db\/plugins/boardmanager/
2024-08-09 08:11:33,971 [INFO] ApiDb:261 - Set plugin images path to: C:\ST\STM32CubeIDE_1.15.1\STM32CubeIDE\plugins\com.st.stm32cube.common.mx_6.11.1.202404110753\\db\/plugins/mcufinder/images/
2024-08-09 08:11:33,971 [WARN] DbFile:41 - Overriding database path with different value: C:\Users\jhwang\.stmcufinder\plugins\mcufinder/ => C:\Users\jhwang\.stmcufinder\plugins\mcufinder
2024-08-09 08:11:33,971 [INFO] ApiDb:250 - Set database path to: C:\Users\jhwang\.stmcufinder\plugins\mcufinder//mcu/
2024-08-09 08:11:33,971 [WARN] DbFile:41 - Overriding database path with different value: C:\Users\jhwang\.stmcufinder\plugins\mcufinder/ => C:\Users\jhwang\.stmcufinder\plugins\mcufinder
2024-08-09 08:11:33,971 [INFO] DbMcusAds:125 - Set database path to: C:\Users\jhwang\.stmcufinder\plugins\mcufinder//mcu/
2024-08-09 08:11:33,971 [WARN] DbFile:41 - Overriding database path with different value: C:\Users\jhwang\.stmcufinder\plugins\mcufinder/ => C:\Users\jhwang\.stmcufinder\plugins\mcufinder
2024-08-09 08:11:33,971 [WARN] DbFile:41 - Overriding database path with different value: C:\Users\jhwang\.stmcufinder\plugins\mcufinder/ => C:\Users\jhwang\.stmcufinder\plugins\mcufinder
2024-08-09 08:11:33,971 [INFO] CrossReferenceDbSqlite:203 - Set database path to: C:\Users\jhwang\.stmcufinder\plugins\mcufinder//mcu/cs/
2024-08-09 08:11:33,982 [INFO] ApplicationProperties:184 - Using Application install path: C:\ST\STM32CubeIDE_1.15.1\STM32CubeIDE\plugins\com.st.stm32cube.common.mx_6.11.1.202404110753
2024-08-09 08:11:33,983 [INFO] PluginManage:196 - Search for loadable plugins [exclusion list=, ]
2024-08-09 08:11:33,984 [INFO] PluginManage:310 - Check plugin analytics
2024-08-09 08:11:34,095 [INFO] AnalyticsPlugin:253 - Accepted Software Licenses: 
2024-08-09 08:11:34,095 [INFO] AnalyticsPlugin:255 - Accepted CMSIS Pack Licenses: 
2024-08-09 08:11:34,095 [INFO] AnalyticsPlugin:257 - Accepted Firmware Licenses: 
2024-08-09 08:11:34,098 [INFO] PluginManage:359 - Loaded plugin analytics (category:tool,tabindex:-1)
2024-08-09 08:11:34,098 [INFO] PluginManage:310 - Check plugin cadmodel
2024-08-09 08:11:34,120 [INFO] CADModel:105 - Init CAD model plugin
2024-08-09 08:11:34,120 [INFO] PluginManage:359 - Loaded plugin cadmodel (category:power,tabindex:5)
2024-08-09 08:11:34,120 [INFO] PluginManage:310 - Check plugin clock
2024-08-09 08:11:34,135 [INFO] PluginManage:359 - Loaded plugin clock (category:base,tabindex:2)
2024-08-09 08:11:34,136 [INFO] PluginManage:310 - Check plugin ddr
2024-08-09 08:11:34,137 [INFO] PluginManage:359 - Loaded plugin ddr (category:tool,tabindex:6)
2024-08-09 08:11:34,137 [INFO] PluginManage:310 - Check plugin filemanager
2024-08-09 08:11:34,233 [INFO] PluginManage:359 - Loaded plugin filemanager (category:base,tabindex:10)
2024-08-09 08:11:34,233 [INFO] PluginManage:310 - Check plugin ipmanager
2024-08-09 08:11:34,238 [INFO] PluginManage:359 - Loaded plugin ipmanager (category:base,tabindex:5)
2024-08-09 08:11:34,238 [INFO] PluginManage:310 - Check plugin lpbam
2024-08-09 08:11:34,259 [INFO] PluginManage:359 - Loaded plugin lpbam (category:base,tabindex:0)
2024-08-09 08:11:34,259 [INFO] PluginManage:310 - Check plugin memorymap
2024-08-09 08:11:34,274 [INFO] PluginManage:359 - Loaded plugin memorymap (category:base,tabindex:4)
2024-08-09 08:11:34,274 [INFO] PluginManage:310 - Check plugin pinoutandconfiguration
2024-08-09 08:11:34,283 [INFO] PluginManage:359 - Loaded plugin pinoutandconfiguration (category:base,tabindex:1)
2024-08-09 08:11:34,283 [INFO] PluginManage:310 - Check plugin pinoutconfig
2024-08-09 08:11:34,339 [WARN] SupportedApi:132 - Cannot load RTOS API schema: s4s-elt-must-match.1: The content of 'definitions' must match (annotation?, (simpleType | complexType)?, (unique | key | keyref)*)). A problem was found starting at: attribute.
2024-08-09 08:11:34,412 [INFO] PluginManage:359 - Loaded plugin pinoutconfig (category:base,tabindex:0)
2024-08-09 08:11:34,412 [INFO] PluginManage:310 - Check plugin power
2024-08-09 08:11:34,437 [INFO] PluginManage:359 - Loaded plugin power (category:power,tabindex:4)
2024-08-09 08:11:34,437 [INFO] PluginManage:310 - Check plugin projectmanager
2024-08-09 08:11:34,447 [INFO] PluginManage:359 - Loaded plugin projectmanager (category:projectmanager,tabindex:3)
2024-08-09 08:11:34,447 [INFO] PluginManage:310 - Check plugin thirdparty
2024-08-09 08:11:34,555 [INFO] PluginManage:359 - Loaded plugin thirdparty (category:base,tabindex:-1)
2024-08-09 08:11:34,555 [WARN] IntegrityCheckThread:84 - waiting for thirdparty lock release [integrity check]
2024-08-09 08:11:34,555 [INFO] PluginManage:310 - Check plugin tools
2024-08-09 08:11:34,555 [INFO] IntegrityCheckThread:86 - entering critical section [integrity check]
2024-08-09 08:11:34,555 [INFO] ThirdPartyUpdaterWithRetryManager:70 - Updater plugin not ready yet. [1/15]
2024-08-09 08:11:34,559 [INFO] PluginManage:359 - Loaded plugin tools (category:base,tabindex:7)
2024-08-09 08:11:34,559 [INFO] PluginManage:310 - Check plugin tutovideos
2024-08-09 08:11:34,664 [INFO] PluginManage:359 - Loaded plugin tutovideos (category:base,tabindex:-1)
2024-08-09 08:11:34,664 [INFO] PluginManage:310 - Check plugin updater
2024-08-09 08:11:34,671 [INFO] PluginManage:359 - Loaded plugin updater (category:base,tabindex:12)
2024-08-09 08:11:34,672 [INFO] PluginManage:310 - Check plugin userauth
2024-08-09 08:11:34,675 [INFO] UserAuth:114 - Init User Auth plugin
2024-08-09 08:11:34,675 [INFO] PluginManage:359 - Loaded plugin userauth (category:base,tabindex:14)
2024-08-09 08:11:34,676 [INFO] PluginManage:283 - PluginManage : Loaded plugins [17]
2024-08-09 08:11:34,806 [INFO] PinOutPanel:1561 - setPackage(No Configuration,No Configuration)
2024-08-09 08:11:34,853 [INFO] CADModel:165 - CPN selected for project level
2024-08-09 08:11:34,853 [INFO] CADModel:114 - Register for checkConnection events
2024-08-09 08:11:34,868 [INFO] IPUIPlugin:80 - create IPUIPlugin
2024-08-09 08:11:34,868 [INFO] PluginManager:220 - loadIPPluginJar : add adc
2024-08-09 08:11:34,874 [INFO] IPUIPlugin:80 - create IPUIPlugin
2024-08-09 08:11:34,874 [INFO] PluginManager:220 - loadIPPluginJar : add aes
2024-08-09 08:11:34,882 [INFO] IPUIPlugin:80 - create IPUIPlugin
2024-08-09 08:11:34,882 [INFO] PluginManager:220 - loadIPPluginJar : add can
2024-08-09 08:11:34,885 [INFO] IPUIPlugin:80 - create IPUIPlugin
2024-08-09 08:11:34,885 [INFO] PluginManager:220 - loadIPPluginJar : add comp
2024-08-09 08:11:34,890 [INFO] IPUIPlugin:80 - create IPUIPlugin
2024-08-09 08:11:34,890 [INFO] PluginManager:220 - loadIPPluginJar : add cryp
2024-08-09 08:11:34,892 [INFO] IPUIPlugin:80 - create IPUIPlugin
2024-08-09 08:11:34,892 [INFO] PluginManager:220 - loadIPPluginJar : add dfsdm
2024-08-09 08:11:34,902 [INFO] IPUIPlugin:80 - create IPUIPlugin
2024-08-09 08:11:34,902 [INFO] PluginManager:220 - loadIPPluginJar : add dma
2024-08-09 08:11:34,906 [INFO] IPUIPlugin:80 - create IPUIPlugin
2024-08-09 08:11:34,906 [INFO] PluginManager:220 - loadIPPluginJar : add dma3
2024-08-09 08:11:34,915 [INFO] IPUIPlugin:80 - create IPUIPlugin
2024-08-09 08:11:34,915 [INFO] PluginManager:220 - loadIPPluginJar : add extmemmanager
2024-08-09 08:11:34,918 [INFO] IPUIPlugin:80 - create IPUIPlugin
2024-08-09 08:11:34,918 [INFO] PluginManager:220 - loadIPPluginJar : add fatfs
2024-08-09 08:11:34,926 [INFO] IPUIPlugin:80 - create IPUIPlugin
2024-08-09 08:11:34,926 [INFO] PluginManager:220 - loadIPPluginJar : add fmc
2024-08-09 08:11:34,935 [INFO] IPUIPlugin:80 - create IPUIPlugin
2024-08-09 08:11:34,935 [INFO] PluginManager:220 - loadIPPluginJar : add freertos
2024-08-09 08:11:34,938 [INFO] IPUIPlugin:80 - create IPUIPlugin
2024-08-09 08:11:34,938 [INFO] PluginManager:220 - loadIPPluginJar : add genericplugin
2024-08-09 08:11:34,943 [INFO] IPUIPlugin:80 - create IPUIPlugin
2024-08-09 08:11:34,943 [INFO] PluginManager:220 - loadIPPluginJar : add gfxmmu
2024-08-09 08:11:34,949 [INFO] IPUIPlugin:80 - create IPUIPlugin
2024-08-09 08:11:34,949 [INFO] PluginManager:220 - loadIPPluginJar : add gic
2024-08-09 08:11:34,959 [INFO] IPUIPlugin:80 - create IPUIPlugin
2024-08-09 08:11:34,959 [INFO] PluginManager:220 - loadIPPluginJar : add gpio
2024-08-09 08:11:34,963 [INFO] IPUIPlugin:80 - create IPUIPlugin
2024-08-09 08:11:34,963 [INFO] PluginManager:220 - loadIPPluginJar : add gtzc
2024-08-09 08:11:34,967 [INFO] IPUIPlugin:80 - create IPUIPlugin
2024-08-09 08:11:34,968 [INFO] PluginManager:220 - loadIPPluginJar : add hash
2024-08-09 08:11:34,973 [INFO] IPUIPlugin:80 - create IPUIPlugin
2024-08-09 08:11:34,973 [INFO] PluginManager:220 - loadIPPluginJar : add i2c
2024-08-09 08:11:34,978 [INFO] IPUIPlugin:80 - create IPUIPlugin
2024-08-09 08:11:34,978 [INFO] PluginManager:220 - loadIPPluginJar : add i2s
2024-08-09 08:11:34,983 [INFO] IPUIPlugin:80 - create IPUIPlugin
2024-08-09 08:11:34,983 [INFO] PluginManager:220 - loadIPPluginJar : add i3c
2024-08-09 08:11:34,990 [INFO] IPUIPlugin:80 - create IPUIPlugin
2024-08-09 08:11:34,991 [INFO] PluginManager:220 - loadIPPluginJar : add ipddr
2024-08-09 08:11:35,001 [INFO] IPUIPlugin:80 - create IPUIPlugin
2024-08-09 08:11:35,001 [INFO] PluginManager:220 - loadIPPluginJar : add linkedlist
2024-08-09 08:11:35,005 [INFO] IPUIPlugin:80 - create IPUIPlugin
2024-08-09 08:11:35,005 [INFO] PluginManager:220 - loadIPPluginJar : add lorawan
2024-08-09 08:11:35,009 [INFO] IPUIPlugin:80 - create IPUIPlugin
2024-08-09 08:11:35,009 [INFO] PluginManager:220 - loadIPPluginJar : add ltdc
2024-08-09 08:11:35,015 [INFO] IPUIPlugin:80 - create IPUIPlugin
2024-08-09 08:11:35,016 [INFO] PluginManager:220 - loadIPPluginJar : add mdma
2024-08-09 08:11:35,025 [INFO] IPUIPlugin:80 - create IPUIPlugin
2024-08-09 08:11:35,025 [INFO] PluginManager:220 - loadIPPluginJar : add nvic
2024-08-09 08:11:35,029 [INFO] IPUIPlugin:80 - create IPUIPlugin
2024-08-09 08:11:35,029 [INFO] PluginManager:220 - loadIPPluginJar : add opamp
2024-08-09 08:11:35,033 [INFO] IPUIPlugin:80 - create IPUIPlugin
2024-08-09 08:11:35,034 [INFO] PluginManager:220 - loadIPPluginJar : add openamp
2024-08-09 08:11:35,042 [INFO] IPUIPlugin:80 - create IPUIPlugin
2024-08-09 08:11:35,042 [INFO] PluginManager:220 - loadIPPluginJar : add pdm2pcm
2024-08-09 08:11:35,055 [INFO] IPUIPlugin:80 - create IPUIPlugin
2024-08-09 08:11:35,056 [INFO] PluginManager:220 - loadIPPluginJar : add plateformsettings
2024-08-09 08:11:35,059 [INFO] IPUIPlugin:80 - create IPUIPlugin
2024-08-09 08:11:35,059 [INFO] PluginManager:220 - loadIPPluginJar : add quadspi
2024-08-09 08:11:35,065 [INFO] IPUIPlugin:80 - create IPUIPlugin
2024-08-09 08:11:35,065 [INFO] PluginManager:220 - loadIPPluginJar : add resmgrutility
2024-08-09 08:11:35,071 [INFO] IPUIPlugin:80 - create IPUIPlugin
2024-08-09 08:11:35,071 [INFO] PluginManager:220 - loadIPPluginJar : add sai
2024-08-09 08:11:35,075 [INFO] IPUIPlugin:80 - create IPUIPlugin
2024-08-09 08:11:35,075 [INFO] PluginManager:220 - loadIPPluginJar : add spi
2024-08-09 08:11:35,083 [INFO] IPUIPlugin:80 - create IPUIPlugin
2024-08-09 08:11:35,083 [INFO] PluginManager:220 - loadIPPluginJar : add stm32_wpan
2024-08-09 08:11:35,085 [INFO] IPUIPlugin:80 - create IPUIPlugin
2024-08-09 08:11:35,085 [INFO] PluginManager:220 - loadIPPluginJar : add tim
2024-08-09 08:11:35,090 [INFO] IPUIPlugin:80 - create IPUIPlugin
2024-08-09 08:11:35,091 [INFO] PluginManager:220 - loadIPPluginJar : add touchsensing
2024-08-09 08:11:35,093 [INFO] IPUIPlugin:80 - create IPUIPlugin
2024-08-09 08:11:35,093 [INFO] PluginManager:220 - loadIPPluginJar : add tracer_emb
2024-08-09 08:11:35,096 [INFO] IPUIPlugin:80 - create IPUIPlugin
2024-08-09 08:11:35,096 [INFO] PluginManager:220 - loadIPPluginJar : add ts
2024-08-09 08:11:35,098 [INFO] IPUIPlugin:80 - create IPUIPlugin
2024-08-09 08:11:35,098 [INFO] PluginManager:220 - loadIPPluginJar : add tsc
2024-08-09 08:11:35,100 [INFO] IPUIPlugin:80 - create IPUIPlugin
2024-08-09 08:11:35,100 [INFO] PluginManager:220 - loadIPPluginJar : add ucpd
2024-08-09 08:11:35,107 [INFO] IPUIPlugin:80 - create IPUIPlugin
2024-08-09 08:11:35,107 [INFO] PluginManager:220 - loadIPPluginJar : add usart
2024-08-09 08:11:35,113 [INFO] IPUIPlugin:80 - create IPUIPlugin
2024-08-09 08:11:35,113 [INFO] PluginManager:220 - loadIPPluginJar : add usbx
2024-08-09 08:11:35,218 [INFO] CADModel:165 - CPN selected for project level
2024-08-09 08:11:35,218 [INFO] CADModel:114 - Register for checkConnection events
2024-08-09 08:11:35,218 [FATAL] Updater:308 - Updater called before beeing initialized
2024-08-09 08:11:35,218 [ERROR] CADModel:125 - Updater not yet initialized, retry later 
2024-08-09 08:11:35,302 [INFO] CADModel:165 - CPN selected for project level
2024-08-09 08:11:35,302 [INFO] CADModel:114 - Register for checkConnection events
2024-08-09 08:11:35,302 [FATAL] Updater:308 - Updater called before beeing initialized
2024-08-09 08:11:35,302 [ERROR] CADModel:125 - Updater not yet initialized, retry later 
2024-08-09 08:11:35,304 [FATAL] Updater:308 - Updater called before beeing initialized
2024-08-09 08:11:35,372 [FATAL] Updater:308 - Updater called before beeing initialized
2024-08-09 08:11:35,375 [INFO] DbMcusAds:53 - JSON generation date=Thu May 16 18:22:00 KST 2024 (1715851320852)
2024-08-09 08:11:35,375 [FATAL] Updater:308 - Updater called before beeing initialized
2024-08-09 08:11:35,396 [WARN] DetailPanel:346 - Failed to get advertising image, set to default
2024-08-09 08:11:35,459 [FATAL] Updater:308 - Updater called before beeing initialized
2024-08-09 08:11:35,461 [FATAL] Updater:308 - Updater called before beeing initialized
2024-08-09 08:11:35,461 [FATAL] Updater:308 - Updater called before beeing initialized
2024-08-09 08:11:35,461 [WARN] DetailPanel:346 - Failed to get advertising image, set to default
2024-08-09 08:11:35,464 [FATAL] Updater:308 - Updater called before beeing initialized
2024-08-09 08:11:35,492 [ERROR] Updater:1120 - MainUpdater not yet initialized. External WinMGr cannot be set.
2024-08-09 08:11:35,494 [INFO] Updater:1056 - Updater Version found : 6.11.1
2024-08-09 08:11:35,509 [INFO] ApplicationProperties:184 - Using Application install path: C:\ST\STM32CubeIDE_1.15.1\STM32CubeIDE\plugins\com.st.stm32cube.common.mx_6.11.1.202404110753
2024-08-09 08:11:37,087 [ERROR] LogOutputStream:75 - [STDERR_REDIRECT] Aug 09, 2024 8:11:37 AM java.util.prefs.WindowsPreferences <init>
2024-08-09 08:11:37,087 [ERROR] LogOutputStream:75 - [STDERR_REDIRECT] WARNING: Could not open/create prefs root node Software\JavaSoft\Prefs at root 0xffffffff80000002. Windows RegCreateKeyEx(...) returned error code 5.
2024-08-09 08:11:37,088 [ERROR] LogOutputStream:75 - [STDERR_REDIRECT] 
2024-08-09 08:11:37,556 [INFO] ThirdPartyUpdaterWithRetryManager:70 - Updater plugin not ready yet. [2/15]
2024-08-09 08:11:37,630 [INFO] MainUpdater:2873 - connection check result : 10
2024-08-09 08:11:37,631 [INFO] MainUpdater:290 - Updater Check For Update Now.
2024-08-09 08:11:37,631 [INFO] MicroXplorer:498 - Change Database Version : DB.6.0.111
2024-08-09 08:11:37,637 [INFO] McuFinderGlobals:63 - Set McuFinder mode to 2 (CubeIDE integrated)
2024-08-09 08:11:37,637 [INFO] UserAuth:179 - activating auth plugin
2024-08-09 08:11:37,638 [INFO] UserAuth:415 - Internet connection configuration mode: 1
2024-08-09 08:11:37,656 [INFO] JxBrowserEngine:152 - Initiate JxBrowser Engine with user profile folder
2024-08-09 08:11:37,778 [INFO] CheckServerUpdateThread:120 - End of CheckServer Thread
2024-08-09 08:11:38,470 [INFO] WebApp:161 - Instantiating new browser for Auth
2024-08-09 08:11:38,786 [INFO] WebApp:779 - Register for checkConnection events
2024-08-09 08:11:38,786 [INFO] WebApp:414 - Apply proxy settings
2024-08-09 08:11:38,786 [INFO] WebApp:499 - Chromium requires no authentication
2024-08-09 08:11:38,790 [INFO] WebApp:442 - Direct internet connection detected
2024-08-09 08:11:38,885 [INFO] WebApp:192 - Starting web application
2024-08-09 08:11:38,885 [INFO] WebApp:544 - Web application path used C:\ST\STM32CubeIDE_1.15.1\STM32CubeIDE\plugins\com.st.stm32cube.common.mx_6.11.1.202404110753\db\plugins\mcufinder\reactClient1\index.html
2024-08-09 08:11:40,678 [WARN] PackLoader:240 - Cannot read IP mode file for STMicroelectronics.FP-SNS-MOTENVWB1.1.4.0
2024-08-09 08:11:40,686 [WARN] PackLoader:240 - Cannot read IP mode file for STMicroelectronics.X-CUBE-SMBUS.2.1.0
2024-08-09 08:11:40,704 [WARN] PackLoader:240 - Cannot read IP mode file for STMicroelectronics.X-CUBE-AZRTOS-F7.1.1.0
2024-08-09 08:11:40,712 [WARN] PackLoader:240 - Cannot read IP mode file for STMicroelectronics.FP-SNS-FLIGHT1.5.0.2
2024-08-09 08:11:40,718 [WARN] PackLoader:240 - Cannot read IP mode file for STMicroelectronics.X-CUBE-DISPLAY.3.0.0
2024-08-09 08:11:40,730 [WARN] PackLoader:240 - Cannot read IP mode file for STMicroelectronics.X-CUBE-BLE1.7.0.0
2024-08-09 08:11:40,735 [WARN] PackLoader:240 - Cannot read IP mode file for emotas.I-CUBE-CANOPEN.1.3.0
2024-08-09 08:11:40,742 [WARN] PackLoader:240 - Cannot read IP mode file for STMicroelectronics.X-CUBE-BLEMGR.3.1.0
2024-08-09 08:11:40,747 [WARN] PackLoader:240 - Cannot read IP mode file for STMicroelectronics.FP-SNS-SMARTAG2.1.2.0
2024-08-09 08:11:40,754 [INFO] LogOutputStream:77 - [STDOUT_REDIRECT] 1 : Invalid condition id : UX_CORESTACK_Condition cause : null
2024-08-09 08:11:40,754 [INFO] LogOutputStream:77 - [STDOUT_REDIRECT] 1 : Invalid condition id : UX_CORESTACK_Condition cause : null
2024-08-09 08:11:40,755 [INFO] LogOutputStream:77 - [STDOUT_REDIRECT] 1 : Invalid condition id : UX_CORESTACK_Condition cause : null
2024-08-09 08:11:40,756 [INFO] LogOutputStream:77 - [STDOUT_REDIRECT] 1 : Invalid condition id : UX_CORESTACK_Condition cause : null
2024-08-09 08:11:40,756 [INFO] LogOutputStream:77 - [STDOUT_REDIRECT] 1 : Invalid condition id : UX_CORESTACK_Condition cause : null
2024-08-09 08:11:40,757 [WARN] PackLoader:240 - Cannot read IP mode file for STMicroelectronics.X-CUBE-AZRTOS-WL.2.0.0
2024-08-09 08:11:40,761 [WARN] PackLoader:240 - Cannot read IP mode file for wolfSSL.I-CUBE-wolfMQTT.1.19.0
2024-08-09 08:11:40,767 [WARN] PackLoader:240 - Cannot read IP mode file for WES.I-CUBE-Cesium.1.3.0
2024-08-09 08:11:40,773 [WARN] PackLoader:240 - Cannot read IP mode file for STMicroelectronics.X-CUBE-BLE2.3.3.0
2024-08-09 08:11:40,778 [WARN] PackLoader:240 - Cannot read IP mode file for STMicroelectronics.X-CUBE-TCPP.4.1.0
2024-08-09 08:11:40,787 [WARN] PackLoader:240 - Cannot read IP mode file for STMicroelectronics.X-CUBE-AZRTOS-G0.1.1.0
2024-08-09 08:11:40,799 [WARN] PackLoader:240 - Cannot read IP mode file for STMicroelectronics.X-CUBE-SAFEA1.1.2.2
2024-08-09 08:11:40,806 [WARN] PackLoader:240 - Cannot read IP mode file for STMicroelectronics.X-CUBE-NFC4.3.0.0
2024-08-09 08:11:40,812 [WARN] PackLoader:240 - Cannot read IP mode file for EmbeddedOffice.I-CUBE-FS-RTOS.1.0.1
2024-08-09 08:11:40,813 [ERROR] ConditionMgr:805 - Attr not supported : Dmpu
2024-08-09 08:11:40,813 [ERROR] ConditionMgr:805 - Attr not supported : Dmpu
2024-08-09 08:11:40,813 [ERROR] ConditionMgr:805 - Attr not supported : Dmpu
2024-08-09 08:11:40,813 [ERROR] ConditionMgr:805 - Attr not supported : Dmpu
2024-08-09 08:11:40,813 [ERROR] ConditionMgr:805 - Attr not supported : Dmpu
2024-08-09 08:11:40,813 [ERROR] ConditionMgr:805 - Attr not supported : Dmpu
2024-08-09 08:11:40,813 [ERROR] ConditionMgr:805 - Attr not supported : Dmpu
2024-08-09 08:11:40,813 [ERROR] ConditionMgr:805 - Attr not supported : Dmpu
2024-08-09 08:11:40,813 [ERROR] ConditionMgr:805 - Attr not supported : Dmpu
2024-08-09 08:11:40,813 [ERROR] ConditionMgr:805 - Attr not supported : Dmpu
2024-08-09 08:11:40,813 [ERROR] ConditionMgr:805 - Attr not supported : Dmpu
2024-08-09 08:11:40,813 [ERROR] ConditionMgr:805 - Attr not supported : Dmpu
2024-08-09 08:11:40,813 [ERROR] ConditionMgr:805 - Attr not supported : Dmpu
2024-08-09 08:11:40,813 [ERROR] ConditionMgr:805 - Attr not supported : Dmpu
2024-08-09 08:11:40,813 [ERROR] ConditionMgr:805 - Attr not supported : Dmpu
2024-08-09 08:11:40,813 [ERROR] ConditionMgr:805 - Attr not supported : Dmpu
2024-08-09 08:11:40,813 [ERROR] ConditionMgr:805 - Attr not supported : Dmpu
2024-08-09 08:11:40,813 [ERROR] ConditionMgr:805 - Attr not supported : Dmpu
2024-08-09 08:11:40,813 [ERROR] ConditionMgr:805 - Attr not supported : Dmpu
2024-08-09 08:11:40,813 [ERROR] ConditionMgr:805 - Attr not supported : Dmpu
2024-08-09 08:11:40,813 [ERROR] ConditionMgr:805 - Attr not supported : Dmpu
2024-08-09 08:11:40,813 [ERROR] ConditionMgr:805 - Attr not supported : Dmpu
2024-08-09 08:11:40,813 [ERROR] ConditionMgr:805 - Attr not supported : Dmpu
2024-08-09 08:11:40,814 [ERROR] ConditionMgr:805 - Attr not supported : Dmpu
2024-08-09 08:11:40,814 [ERROR] ConditionMgr:805 - Attr not supported : Dmpu
2024-08-09 08:11:40,814 [ERROR] ConditionMgr:805 - Attr not supported : Dmpu
2024-08-09 08:11:40,814 [ERROR] ConditionMgr:805 - Attr not supported : Dmpu
2024-08-09 08:11:40,814 [ERROR] ConditionMgr:805 - Attr not supported : Dmpu
2024-08-09 08:11:40,814 [ERROR] ConditionMgr:805 - Attr not supported : Dmpu
2024-08-09 08:11:40,814 [ERROR] ConditionMgr:805 - Attr not supported : Dmpu
2024-08-09 08:11:40,814 [ERROR] ConditionMgr:805 - Attr not supported : Dmpu
2024-08-09 08:11:40,814 [ERROR] ConditionMgr:805 - Attr not supported : Dmpu
2024-08-09 08:11:40,814 [ERROR] ConditionMgr:805 - Attr not supported : Dmpu
2024-08-09 08:11:40,814 [ERROR] ConditionMgr:805 - Attr not supported : Dmpu
2024-08-09 08:11:40,814 [ERROR] ConditionMgr:805 - Attr not supported : Dmpu
2024-08-09 08:11:40,814 [ERROR] ConditionMgr:805 - Attr not supported : Dmpu
2024-08-09 08:11:40,814 [ERROR] ConditionMgr:805 - Attr not supported : Dmpu
2024-08-09 08:11:40,814 [ERROR] ConditionMgr:805 - Attr not supported : Dmpu
2024-08-09 08:11:40,814 [ERROR] ConditionMgr:805 - Attr not supported : Dmpu
2024-08-09 08:11:40,814 [ERROR] ConditionMgr:805 - Attr not supported : Dmpu
2024-08-09 08:11:40,814 [ERROR] ConditionMgr:805 - Attr not supported : Dmpu
2024-08-09 08:11:40,814 [ERROR] ConditionMgr:805 - Attr not supported : Dmpu
2024-08-09 08:11:40,814 [ERROR] ConditionMgr:805 - Attr not supported : Dmpu
2024-08-09 08:11:40,815 [ERROR] ConditionMgr:805 - Attr not supported : Dmpu
2024-08-09 08:11:40,815 [ERROR] ConditionMgr:805 - Attr not supported : Dmpu
2024-08-09 08:11:40,815 [ERROR] ConditionMgr:805 - Attr not supported : Dmpu
2024-08-09 08:11:40,815 [ERROR] ConditionMgr:805 - Attr not supported : Dmpu
2024-08-09 08:11:40,815 [ERROR] ConditionMgr:805 - Attr not supported : Dmpu
2024-08-09 08:11:40,815 [ERROR] ConditionMgr:805 - Attr not supported : Dmpu
2024-08-09 08:11:40,815 [ERROR] ConditionMgr:805 - Attr not supported : Dmpu
2024-08-09 08:11:40,815 [ERROR] ConditionMgr:805 - Attr not supported : Dmpu
2024-08-09 08:11:40,815 [ERROR] ConditionMgr:805 - Attr not supported : Dmpu
2024-08-09 08:11:40,815 [ERROR] ConditionMgr:805 - Attr not supported : Dmpu
2024-08-09 08:11:40,815 [ERROR] ConditionMgr:805 - Attr not supported : Dmpu
2024-08-09 08:11:40,815 [ERROR] ConditionMgr:805 - Attr not supported : Dmpu
2024-08-09 08:11:40,815 [ERROR] ConditionMgr:805 - Attr not supported : Dmpu
2024-08-09 08:11:40,815 [ERROR] ConditionMgr:805 - Attr not supported : Dmpu
2024-08-09 08:11:40,815 [ERROR] ConditionMgr:805 - Attr not supported : Dmpu
2024-08-09 08:11:40,815 [ERROR] ConditionMgr:805 - Attr not supported : Dmpu
2024-08-09 08:11:40,815 [ERROR] ConditionMgr:805 - Attr not supported : Dmpu
2024-08-09 08:11:40,815 [ERROR] ConditionMgr:805 - Attr not supported : Dmpu
2024-08-09 08:11:40,815 [ERROR] ConditionMgr:805 - Attr not supported : Dmpu
2024-08-09 08:11:40,815 [ERROR] ConditionMgr:805 - Attr not supported : Dmpu
2024-08-09 08:11:40,815 [ERROR] ConditionMgr:805 - Attr not supported : Dmpu
2024-08-09 08:11:40,820 [WARN] PackLoader:240 - Cannot read IP mode file for RealThread.X-CUBE-RT-Thread_Nano.4.1.1
2024-08-09 08:11:40,825 [WARN] PackLoader:240 - Cannot read IP mode file for wolfSSL.I-CUBE-wolfSSL.5.7.0
2024-08-09 08:11:40,828 [WARN] PackLoader:240 - Cannot read IP mode file for STMicroelectronics.FP-ATR-SIGFOX1.3.2.0
2024-08-09 08:11:40,840 [WARN] PackLoader:240 - Cannot read IP mode file for STMicroelectronics.X-CUBE-EEPRMA1.5.1.0
2024-08-09 08:11:40,845 [WARN] PackLoader:240 - Cannot read IP mode file for ITTIA_DB.I-CUBE-ITTIADB.8.9.0
2024-08-09 08:11:40,867 [WARN] PackLoader:240 - Cannot read IP mode file for SEGGER.I-CUBE-embOS.1.3.1
2024-08-09 08:11:40,905 [WARN] PackLoader:240 - Cannot read IP mode file for STMicroelectronics.X-CUBE-ALGOBUILD.1.4.0
2024-08-09 08:11:40,914 [WARN] PackLoader:240 - Cannot read IP mode file for STMicroelectronics.X-CUBE-GNSS1.6.0.0
2024-08-09 08:11:40,926 [WARN] PackLoader:240 - Cannot read IP mode file for STMicroelectronics.X-CUBE-AZRTOS-F4.1.1.0
2024-08-09 08:11:40,933 [WARN] PackLoader:240 - Cannot read IP mode file for STMicroelectronics.X-CUBE-FREERTOS.1.2.0
2024-08-09 08:11:40,942 [WARN] PackLoader:240 - Cannot read IP mode file for STMicroelectronics.X-CUBE-AZRTOS-L5.2.0.0
2024-08-09 08:11:40,961 [WARN] PackLoader:240 - Cannot read IP mode file for STMicroelectronics.X-CUBE-NFC6.3.1.0
2024-08-09 08:11:40,968 [WARN] PackLoader:240 - Cannot read IP mode file for STMicroelectronics.X-CUBE-DPower.1.2.0
2024-08-09 08:11:40,976 [WARN] PackLoader:240 - Cannot read IP mode file for STMicroelectronics.X-CUBE-AI.9.0.0
2024-08-09 08:11:40,989 [WARN] PackLoader:240 - Cannot read IP mode file for STMicroelectronics.X-CUBE-NFC7.1.0.1
2024-08-09 08:11:40,994 [WARN] PackLoader:240 - Cannot read IP mode file for wolfSSL.I-CUBE-wolfTPM.3.2.0
2024-08-09 08:11:41,003 [WARN] ConditionMgr:438 - getConditionDescription Invalid condition id : LAN8742 Phy interface Condition cause : null
2024-08-09 08:11:41,003 [WARN] PackLoader:240 - Cannot read IP mode file for STMicroelectronics.X-CUBE-AZRTOS-L4.2.0.0
2024-08-09 08:11:41,004 [WARN] ConditionMgr:1039 - genDependencies : Invalid condition id : LAN8742 Phy interface Condition cause : null
2024-08-09 08:11:41,004 [WARN] ConditionMgr:1039 - genDependencies : Invalid condition id : LAN8742 Phy interface Condition cause : null
2024-08-09 08:11:41,004 [WARN] ConditionMgr:1039 - genDependencies : Invalid condition id : LAN8742 Phy interface Condition cause : null
2024-08-09 08:11:41,012 [WARN] PackLoader:240 - Cannot read IP mode file for STMicroelectronics.X-CUBE-SFXS2LP1.4.0.0
2024-08-09 08:11:41,022 [WARN] ConditionMgr:438 - getConditionDescription Invalid condition id : UX DEVICE CLASS RTOS Condition cause : null
2024-08-09 08:11:41,022 [WARN] ConditionMgr:438 - getConditionDescription Invalid condition id : UX DEVICE CLASS RTOS Condition cause : null
2024-08-09 08:11:41,023 [WARN] PackLoader:240 - Cannot read IP mode file for STMicroelectronics.X-CUBE-AZRTOS-WB.2.0.0
2024-08-09 08:11:41,023 [WARN] ConditionMgr:1039 - genDependencies : Invalid condition id : UX DEVICE CLASS RTOS Condition cause : null
2024-08-09 08:11:41,023 [WARN] ConditionMgr:1039 - genDependencies : Invalid condition id : UX DEVICE CLASS RTOS Condition cause : null
2024-08-09 08:11:41,023 [WARN] ConditionMgr:1039 - genDependencies : Invalid condition id : UX DEVICE CLASS RTOS Condition cause : null
2024-08-09 08:11:41,023 [WARN] ConditionMgr:1039 - genDependencies : Invalid condition id : UX DEVICE CLASS RTOS Condition cause : null
2024-08-09 08:11:41,023 [WARN] ConditionMgr:1039 - genDependencies : Invalid condition id : UX DEVICE CLASS RTOS Condition cause : null
2024-08-09 08:11:41,032 [WARN] PackLoader:240 - Cannot read IP mode file for STMicroelectronics.FP-SNS-STBOX1.2.0.0
2024-08-09 08:11:41,040 [WARN] PackLoader:240 - Cannot read IP mode file for STMicroelectronics.X-CUBE-SUBG2.5.0.0
2024-08-09 08:11:41,046 [WARN] PackLoader:240 - Cannot read IP mode file for Cesanta.I-CUBE-Mongoose.7.13.0
2024-08-09 08:11:41,058 [WARN] PackLoader:240 - Cannot read IP mode file for STMicroelectronics.X-CUBE-AZRTOS-G4.2.0.0
2024-08-09 08:11:41,064 [WARN] PackLoader:240 - Cannot read IP mode file for STMicroelectronics.X-CUBE-ISPU.2.0.0
2024-08-09 08:11:41,068 [WARN] PackLoader:240 - Cannot read IP mode file for STMicroelectronics.X-CUBE-ALS.1.0.2
2024-08-09 08:11:41,129 [WARN] PackLoader:240 - Cannot read IP mode file for STMicroelectronics.X-CUBE-MEMS1.10.0.0
2024-08-09 08:11:41,177 [WARN] PackLoader:240 - Cannot read IP mode file for STMicroelectronics.X-CUBE-TOUCHGFX.4.24.0
2024-08-09 08:11:41,184 [WARN] PackLoader:240 - Cannot read IP mode file for portGmbH.I-Cube-SoM-uGOAL.1.1.0
2024-08-09 08:11:41,195 [WARN] PackLoader:240 - Cannot read IP mode file for STMicroelectronics.X-CUBE-AZRTOS-H7RS.1.0.0
2024-08-09 08:11:41,201 [WARN] PackLoader:240 - Cannot read IP mode file for STMicroelectronics.FP-ATR-ASTRA1.2.0.0
2024-08-09 08:11:41,209 [WARN] PackLoader:240 - Cannot read IP mode file for STMicroelectronics.X-CUBE-TOF1.3.4.2
2024-08-09 08:11:41,219 [WARN] PackLoader:240 - Cannot read IP mode file for STMicroelectronics.X-CUBE-TOF1.3.4.1
2024-08-09 08:11:41,236 [WARN] PackLoader:240 - Cannot read IP mode file for STMicroelectronics.X-CUBE-AZRTOS-H7.3.2.0
2024-08-09 08:11:41,247 [WARN] PackLoader:240 - Cannot read IP mode file for Infineon.AIROC-Wi-Fi-Bluetooth-STM32.1.6.0
2024-08-09 08:11:41,252 [WARN] PackLoader:240 - Cannot read IP mode file for wolfSSL.I-CUBE-wolfSSH.1.4.17
2024-08-09 08:11:41,253 [INFO] ThirdParty:978 - Integrity check success = true
2024-08-09 08:11:41,253 [INFO] IntegrityCheckThread:100 - exiting critical section [integrity check]
2024-08-09 08:11:41,253 [INFO] IntegrityCheckThread:103 - End integrity checks thread
2024-08-09 08:12:20,014 [INFO] McuFinderGlobals:63 - Set McuFinder mode to 2 (CubeIDE integrated)
2024-08-09 08:12:20,018 [INFO] MainUpdater:2873 - connection check result : 10
2024-08-09 08:12:20,019 [INFO] MainUpdater:2873 - connection check result : 10
2024-08-09 08:12:20,050 [INFO] MicroXplorer:468 - Change Database Path : 
2024-08-09 08:12:20,050 [INFO] MicroXplorer:498 - Change Database Version : DB.6.0.111
2024-08-09 08:12:20,054 [WARN] ThirdParty:871 - waiting for thirdparty lock release [close project]
2024-08-09 08:12:20,055 [INFO] ThirdParty:873 - entering critical section [close project]
2024-08-09 08:12:20,055 [INFO] ThirdParty:883 - exiting critical section [close project]
2024-08-09 08:12:20,056 [INFO] PinOutPanel:1561 - setPackage(No Configuration,No Configuration)
2024-08-09 08:12:20,058 [INFO] UtilMem:75 - Begin LoadConfig() Used Memory: 211481568 Bytes (358612992)
2024-08-09 08:12:20,059 [INFO] MicroXplorer:468 - Change Database Path : 
2024-08-09 08:12:20,059 [INFO] MicroXplorer:498 - Change Database Version : DB.6.0.111
2024-08-09 08:12:20,059 [INFO] OpenFileManager:312 - Change cursor
2024-08-09 08:12:20,074 [INFO] Mcu:2021 - Initializing MCU STM32F103C(8-B)Tx STM32F103C8Tx STM32F103C8T6
2024-08-09 08:12:20,633 [INFO] Context:663 - Trying to add GPIOservice into a context  which must be forbidden
2024-08-09 08:12:20,813 [INFO] RtosManager:555 - Registered RTOS mode: class=CMSIS, group=RTOS, mode=CMSIS_V1, owner=FREERTOS
2024-08-09 08:12:20,813 [INFO] RtosManager:555 - Registered RTOS mode: class=CMSIS, group=RTOS2, mode=CMSIS_V2, owner=FREERTOS
2024-08-09 08:12:20,813 [INFO] RtosManager:555 - Registered RTOS mode: class=RTOS, group=Core, mode=CMSIS_V1, owner=FREERTOS
2024-08-09 08:12:20,813 [INFO] RtosManager:555 - Registered RTOS mode: class=RTOS, group=Core, mode=CMSIS_V2, owner=FREERTOS
2024-08-09 08:12:20,814 [WARN] ModelIntegratedComponent:184 - Missing modes for component STMicroelectronics:FreeRTOS:0.0.1:STMicroelectronics:RTOS:FreeRTOS:Core:::10.2.0:
2024-08-09 08:12:20,821 [WARN] ModelIntegratedComponent:63 - No mode defined for component null
2024-08-09 08:12:20,821 [WARN] ModelIntegratedComponent:63 - No mode defined for component null
2024-08-09 08:12:20,821 [WARN] ModelIntegratedComponent:63 - No mode defined for component null
2024-08-09 08:12:20,821 [WARN] ModelIntegratedComponent:63 - No mode defined for component null
2024-08-09 08:12:20,821 [WARN] ModelIntegratedComponent:63 - No mode defined for component null
2024-08-09 08:12:20,821 [WARN] ModelIntegratedComponent:63 - No mode defined for component null
2024-08-09 08:12:20,821 [WARN] ModelIntegratedComponent:63 - No mode defined for component null
2024-08-09 08:12:20,821 [WARN] ModelIntegratedComponent:63 - No mode defined for component null
2024-08-09 08:12:20,821 [WARN] ModelIntegratedComponent:63 - No mode defined for component null
2024-08-09 08:12:20,821 [WARN] ModelIntegratedComponent:63 - No mode defined for component null
2024-08-09 08:12:20,821 [WARN] ModelIntegratedComponent:63 - No mode defined for component null
2024-08-09 08:12:20,821 [WARN] ModelIntegratedComponent:63 - No mode defined for component null
2024-08-09 08:12:20,821 [WARN] ModelIntegratedComponent:63 - No mode defined for component null
2024-08-09 08:12:20,821 [WARN] ModelIntegratedComponent:63 - No mode defined for component null
2024-08-09 08:12:20,821 [WARN] ModelIntegratedComponent:63 - No mode defined for component null
2024-08-09 08:12:20,821 [WARN] ModelIntegratedComponent:63 - No mode defined for component null
2024-08-09 08:12:20,821 [WARN] ModelIntegratedComponent:63 - No mode defined for component null
2024-08-09 08:12:20,821 [WARN] ModelIntegratedComponent:63 - No mode defined for component null
2024-08-09 08:12:20,821 [WARN] ModelIntegratedComponent:63 - No mode defined for component null
2024-08-09 08:12:20,821 [WARN] ModelIntegratedComponent:63 - No mode defined for component null
2024-08-09 08:12:20,821 [WARN] ModelIntegratedComponent:63 - No mode defined for component null
2024-08-09 08:12:20,821 [WARN] ModelIntegratedComponent:63 - No mode defined for component null
2024-08-09 08:12:20,822 [WARN] ModelIntegratedComponent:63 - No mode defined for component null
2024-08-09 08:12:20,822 [WARN] ModelIntegratedComponent:63 - No mode defined for component null
2024-08-09 08:12:20,822 [WARN] ModelIntegratedComponent:63 - No mode defined for component null
2024-08-09 08:12:20,822 [WARN] ModelIntegratedComponent:63 - No mode defined for component null
2024-08-09 08:12:20,822 [WARN] ModelIntegratedComponent:63 - No mode defined for component null
2024-08-09 08:12:20,822 [WARN] ModelIntegratedComponent:63 - No mode defined for component null
2024-08-09 08:12:20,822 [WARN] ModelIntegratedComponent:63 - No mode defined for component null
2024-08-09 08:12:20,822 [WARN] ModelIntegratedComponent:63 - No mode defined for component null
2024-08-09 08:12:20,822 [WARN] ModelIntegratedComponent:63 - No mode defined for component null
2024-08-09 08:12:20,822 [WARN] ModelIntegratedComponent:63 - No mode defined for component null
2024-08-09 08:12:20,822 [WARN] ModelIntegratedComponent:63 - No mode defined for component null
2024-08-09 08:12:20,822 [WARN] ModelIntegratedComponent:63 - No mode defined for component null
2024-08-09 08:12:20,862 [INFO] ThirdPartyModel:298 - Start build external matchings
2024-08-09 08:12:20,987 [INFO] ThirdPartyModel:316 - End build external matchings
2024-08-09 08:12:20,995 [INFO] ImportTextPane:194 - (OptionalMessage_ERROR) IP (RCC) : Parameter (ADCFreqValue) has invalid value (36000000)
2024-08-09 08:12:20,995 [INFO] ImportTextPane:194 - (OptionalMessage_ERROR) IP (RCC) : Invalid parameter (FamilyName)
2024-08-09 08:12:20,996 [INFO] ImportTextPane:194 - (OptionalMessage_ERROR) IP (RCC) : Parameter (MCOFreq_Value) has invalid value (72000000)
2024-08-09 08:12:20,996 [INFO] ImportTextPane:194 - (OptionalMessage_ERROR) IP (RCC) : Parameter (USBFreq_Value) has invalid value (72000000)
2024-08-09 08:12:21,145 [INFO] ApiDb:581 - Connected to CubeFinder SQLite database (C:\Users\jhwang\.stmcufinder\plugins\mcufinder\mcu\cube-finder-db.db)
2024-08-09 08:12:21,210 [INFO] ApiDb:668 - CubeFinder database Data Model version=2.1
2024-08-09 08:12:21,210 [INFO] ApiDb:669 - CubeFinder database Configuration version=3.0.39
2024-08-09 08:12:21,210 [INFO] ApiDb:670 - CubeFinder database generation date=2024-06-07 (1717689626)
2024-08-09 08:12:21,210 [INFO] ApiDb:671 - CubeFinder database FW Pack versions=[FP-ATR-ASTRA1_V2.0.0, FP-SNS-FLIGHT1_V5.0.2, FP-SNS-MOTENV1_V5.0.0, FP-SNS-MOTENVWB1_V1.4.0, FP-SNS-SMARTAG2_V1.2.0, STM32Cube_FW_C0_V1.2.0, STM32Cube_FW_F4_V1.28.0, STM32Cube_FW_F7_V1.17.2, STM32Cube_FW_G0_V1.6.2, STM32Cube_FW_G4_V1.6.0, STM32Cube_FW_H5_V1.3.0, STM32Cube_FW_H7RS_V1.1.0, STM32Cube_FW_H7_V1.11.2, STM32Cube_FW_L0_V1.12.2, STM32Cube_FW_L5_V1.5.1, STM32Cube_FW_U0_V1.1.0, STM32Cube_FW_U5_V1.6.0, STM32Cube_FW_WB0_V1.0.0, STM32Cube_FW_WBA_V1.4.0, STM32Cube_FW_WB_V1.20.0, STM32Cube_FW_WL_V1.3.0, X-CUBE-ALGOBUILD_V1.4.0, X-CUBE-ALS_V1.0.2, X-CUBE-AZRTOS-F4_V1.1.0, X-CUBE-AZRTOS-F7_V1.1.0, X-CUBE-AZRTOS-G0_V1.1.0, X-CUBE-AZRTOS-G4_V2.0.0, X-CUBE-AZRTOS-H7RS_V1.0.0, X-CUBE-AZRTOS-H7_V3.2.0, X-CUBE-AZRTOS-L4_V2.0.0, X-CUBE-AZRTOS-L5_V1.1.0, X-CUBE-AZRTOS-WB_V2.0.0, X-CUBE-AZRTOS-WL_V2.0.0, X-CUBE-BLE1_V7.0.0, X-CUBE-BLE2_V3.3.0, X-CUBE-BLEMGR_V3.1.0, X-CUBE-EEPRMA1_V5.1.0, X-CUBE-FREERTOS_V1.2.0, X-CUBE-GNSS1_V6.0.0, X-CUBE-MEMS1_V10.0.0, X-CUBE-NFC4_V3.0.0, X-CUBE-NFC7_V1.0.1, X-CUBE-SFXS2LP1_V4.0.0, X-CUBE-SUBG2_V5.0.0, X-CUBE-TOF1_V3.4.1]
2024-08-09 08:12:21,286 [INFO] DbBoardsSqlite:226 - include board P-NUCLEO-WB55-NUCLEO as a kit item of type 'Nucleo-64'
2024-08-09 08:12:21,286 [INFO] DbBoardsSqlite:226 - include board P-NUCLEO-WB55-USBDONGLE as a kit item of type 'Nucleo USB Dongle'
2024-08-09 08:12:21,287 [INFO] DbBoardsSqlite:226 - include board STEVAL-IDP005V1 as a kit item of type 'Evaluation Board'
2024-08-09 08:12:21,287 [INFO] DbBoardsSqlite:226 - include board STEVAL-IDP005V2 as a kit item of type 'Evaluation Board'
2024-08-09 08:12:21,529 [INFO] ApiDb:240 - Found 483 in-development CPN: [B-G473E-ZEST1S, B-WB1M-WPAN1, B-WL5M-SUBG1, NUCLEO-C031C6, NUCLEO-H503RB, NUCLEO-H533RE, NUCLEO-H563ZI, NUCLEO-H7S3L8, NUCLEO-U031R8, NUCLEO-U083RC, NUCLEO-U545RE-Q, NUCLEO-U5A5ZJ-Q, NUCLEO-WBA52CG, NUCLEO-WBA55CG, STEVAL-PROTEUS1, STEVAL-SMARTAG2, STEVAL-STWINBX1, STM320518-EVAL, STM32C0116-DK, STM32C011D6Y3TR, STM32C011D6Y6TR, STM32C011F4P3, STM32C011F4P6, STM32C011F4U3, STM32C011F4U6TR, STM32C011F6P3, STM32C011F6P6, STM32C011F6U3, STM32C011F6U6TR, STM32C011J4M3, STM32C011J4M6, STM32C011J6M3, STM32C011J6M6, STM32C0316-DK, STM32C031C4T3, STM32C031C4T6, STM32C031C4U3, STM32C031C4U6, STM32C031C6T3, STM32C031C6T6, STM32C031C6U3, STM32C031C6U6, STM32C031F4P3, STM32C031F4P6, STM32C031F6P3, STM32C031F6P6, STM32C031G4U3, STM32C031G4U6, STM32C031G6U3, STM32C031G6U6, STM32C031K4T3, STM32C031K4T6, STM32C031K4U3, STM32C031K4U6, STM32C031K6T3, STM32C031K6T6, STM32C031K6U3, STM32C031K6U6, STM32G071K8TXN, STM32G071K8UXN, STM32G081GBU6N, STM32G081KBT6N, STM32G081KBUXN, STM32G0B1CCT6N, STM32G0B1KCT6, STM32G0B1NEY6TR, STM32G0B1RCT6N, STM32G0C1CCT6, STM32G0C1CCT6N, STM32G0C1CCU6N, STM32G0C1CET6N, STM32G0C1CEU6N, STM32G0C1KCT6, STM32G0C1NEY6TR, STM32G0C1RCI6N, STM32G0C1RCT6N, STM32G0C1REI6N, STM32G0C1RET6N, STM32G0C1VCI6, STM32G0C1VEI6, STM32G471CCT6, STM32G471CCU6, STM32G471CET3, STM32G471CET6, STM32G471CEU3, STM32G471CEU6, STM32G471MCT6, STM32G471MET3, STM32G471MET6, STM32G471MEY6TR, STM32G471QCT6, STM32G471QET3, STM32G471RCT6, STM32G471RET3, STM32G471RET6, STM32G471VCH6, STM32G471VCI6, STM32G471VCT6, STM32G471VEH3, STM32G471VEH6, STM32G471VEI3, STM32G471VEI6, STM32G471VET3, STM32G471VET6, STM32G474CCT6, STM32H503CBT6, STM32H503CBU6, STM32H503EBY6TR, STM32H503KBU6, STM32H503RBT6, STM32H523CCT6, STM32H523CCU6, STM32H523CET6, STM32H523CEU6, STM32H523HEY6TR, STM32H523RCT6, STM32H523RET6, STM32H523VCI6, STM32H523VCT6, STM32H523VEI6, STM32H523VET6, STM32H523ZCJ6, STM32H523ZCT6, STM32H523ZEJ6, STM32H523ZET6, STM32H533CET6, STM32H533CEU6, STM32H533HEY6TR, STM32H533RET6, STM32H533VEI6, STM32H533VET6, STM32H533ZEJ6, STM32H533ZET6, STM32H562AGI6, STM32H562AII6, STM32H562IGK6, STM32H562IGT6, STM32H562IIK6, STM32H562IIT6, STM32H562RGT6, STM32H562RGV6, STM32H562RIT6, STM32H562RIV6, STM32H562VGT6, STM32H562VIT6, STM32H562ZGT6, STM32H562ZIT6, STM32H563AGI6, STM32H563AII3Q, STM32H563AII6, STM32H563IGK6, STM32H563IGT6, STM32H563IIK3Q, STM32H563IIK6, STM32H563IIT3Q, STM32H563IIT6, STM32H563MIY3QTR, STM32H563RGT6, STM32H563RGV6, STM32H563RIT6, STM32H563RIV6, STM32H563VGT6, STM32H563VIT3Q, STM32H563VIT6, STM32H563ZGT6, STM32H563ZIT3Q, STM32H563ZIT6, STM32H573AII3Q, STM32H573AII6, STM32H573I-DK, STM32H573IIK3Q, STM32H573IIK6, STM32H573IIT3Q, STM32H573IIT6, STM32H573MIY3QTR, STM32H573RIT6, STM32H573RIV6, STM32H573VIT3Q, STM32H573VIT6, STM32H573ZIT3Q, STM32H573ZIT6, STM32H7R3A8I6, STM32H7R3I8K6, STM32H7R3I8T6, STM32H7R3L8H6, STM32H7R3L8H6H, STM32H7R3R8V6, STM32H7R3V8H6, STM32H7R3V8T6, STM32H7R3V8Y6, STM32H7R3Z8J6, STM32H7R3Z8T6, STM32H7R7A8I6, STM32H7R7I8K6, STM32H7R7I8T6, STM32H7R7L8H6, STM32H7R7L8H6H, STM32H7R7Z8J6, STM32H7S3A8I6, STM32H7S3I8K6, STM32H7S3I8T6, STM32H7S3L8H6, STM32H7S3L8H6H, STM32H7S3R8V6, STM32H7S3V8H6, STM32H7S3V8T6, STM32H7S3V8Y6, STM32H7S3Z8J6, STM32H7S3Z8T6, STM32H7S78-DK, STM32H7S7A8I6, STM32H7S7I8K6, STM32H7S7I8T6, STM32H7S7L8H6, STM32H7S7L8H6H, STM32H7S7Z8J6, STM32L4R5QGI6STR, STM32MP131AAE3, STM32MP131AAF3, STM32MP131AAG3, STM32MP131CAE3, STM32MP131CAF3, STM32MP131CAG3, STM32MP131DAE7, STM32MP131DAF7, STM32MP131DAG7, STM32MP131FAE7, STM32MP131FAF7, STM32MP131FAG7, STM32MP133AAE3, STM32MP133AAF3, STM32MP133AAG3, STM32MP133CAE3, STM32MP133CAF3, STM32MP133CAG3, STM32MP133DAE7, STM32MP133DAF7, STM32MP133DAG7, STM32MP133FAE7, STM32MP133FAF7, STM32MP133FAG7, STM32MP135AAE3, STM32MP135AAF3, STM32MP135AAG3, STM32MP135CAE3, STM32MP135CAF3, STM32MP135CAG3, STM32MP135DAE7, STM32MP135DAF7, STM32MP135DAG7, STM32MP135F-DK, STM32MP135FAE7, STM32MP135FAF7, STM32MP135FAF7T, STM32MP135FAF7U, STM32MP135FAG7, STM32U031C6T6, STM32U031C6U6, STM32U031C8T6, STM32U031C8U6, STM32U031F4P6, STM32U031F6P6, STM32U031F8P6, STM32U031G6Y6TR, STM32U031G8Y6TR, STM32U031K4U6, STM32U031K6U6, STM32U031K8U6, STM32U031R6I6, STM32U031R6T6, STM32U031R8I6, STM32U031R8T6, STM32U073C8T6, STM32U073C8U6, STM32U073CBT6, STM32U073CBU6, STM32U073CCT6, STM32U073CCU6, STM32U073H8Y6TR, STM32U073HBY6TR, STM32U073HCY6TR, STM32U073K8U6, STM32U073KBU6, STM32U073KCU6, STM32U073M8I6, STM32U073M8T6, STM32U073MBI6, STM32U073MBT6, STM32U073MCI6, STM32U073MCT6, STM32U073R8I6, STM32U073R8T6, STM32U073RBI6, STM32U073RBT6, STM32U073RCI6, STM32U073RCT6, STM32U083C-DK, STM32U083CCT6, STM32U083CCU6, STM32U083HCY6TR, STM32U083KCU6, STM32U083MCI6, STM32U083MCT6, STM32U083RCI6, STM32U083RCT6, STM32U535CBT6, STM32U535CBT6Q, STM32U535CBU6, STM32U535CBU6Q, STM32U535CCT6, STM32U535CCT6Q, STM32U535CCU6, STM32U535CCU6Q, STM32U535CET6, STM32U535CET6Q, STM32U535CEU6, STM32U535CEU6Q, STM32U535JEY6QTR, STM32U535NCY6QTR, STM32U535NEY6QTR, STM32U535RBI6, STM32U535RBI6Q, STM32U535RBT6, STM32U535RBT6Q, STM32U535RCI6, STM32U535RCI6Q, STM32U535RCT6, STM32U535RCT6Q, STM32U535REI6, STM32U535REI6Q, STM32U535RET6, STM32U535RET6Q, STM32U535VCI6, STM32U535VCI6Q, STM32U535VCT6, STM32U535VCT6Q, STM32U535VEI6, STM32U535VEI6Q, STM32U535VET6, STM32U535VET6Q, STM32U545CET6, STM32U545CET6Q, STM32U545CEU6, STM32U545CEU6Q, STM32U545JEY6QTR, STM32U545NEY6QTR, STM32U545REI6, STM32U545REI6Q, STM32U545RET6, STM32U545RET6Q, STM32U545VEI6, STM32U545VEI6Q, STM32U545VET6, STM32U545VET6Q, STM32U595AIH6, STM32U595AIH6Q, STM32U595AJH6, STM32U595AJH6Q, STM32U595QII6, STM32U595QII6Q, STM32U595QJI6, STM32U595QJI6Q, STM32U595RIT6, STM32U595RIT6Q, STM32U595RJT6, STM32U595RJT6Q, STM32U595VIT6, STM32U595VIT6Q, STM32U595VJT6, STM32U595VJT6Q, STM32U595ZIT6, STM32U595ZIT6Q, STM32U595ZIY6QTR, STM32U595ZJT6, STM32U595ZJT6Q, STM32U595ZJY6QTR, STM32U599BJY6QTR, STM32U599NIH6Q, STM32U599NJH6Q, STM32U599VIT6Q, STM32U599VJT6, STM32U599VJT6Q, STM32U599ZIT6Q, STM32U599ZIY6QTR, STM32U599ZJT6Q, STM32U599ZJY6QTR, STM32U5A5AJH6, STM32U5A5AJH6Q, STM32U5A5QII3Q , STM32U5A5QJI6, STM32U5A5QJI6Q, STM32U5A5RJT6, STM32U5A5RJT6Q, STM32U5A5VJT6, STM32U5A5VJT6Q, STM32U5A5ZJT6, STM32U5A5ZJT6Q, STM32U5A5ZJY6QTR, STM32U5A9BJY6QTR, STM32U5A9J-DK, STM32U5A9NJH6Q, STM32U5A9VJT6Q, STM32U5A9ZJT6Q, STM32U5A9ZJY6QTR, STM32U5F7VIT6, STM32U5F7VIT6Q, STM32U5F7VJT6, STM32U5F7VJT6Q, STM32U5F9BJY6QTR, STM32U5F9NJH6Q, STM32U5F9VIT6Q, STM32U5F9VJT6Q, STM32U5F9ZIJ6QTR, STM32U5F9ZIT6Q, STM32U5F9ZJJ6QTR, STM32U5F9ZJT6Q, STM32U5G7VJT6, STM32U5G7VJT6Q, STM32U5G9BJY6QTR, STM32U5G9J-DK1, STM32U5G9J-DK2, STM32U5G9NJH6Q, STM32U5G9VJT6Q, STM32U5G9ZJJ6QTR, STM32U5G9ZJT6Q, STM32WB1MMCH6, STM32WBA50KEU6, STM32WBA50KEU6TR, STM32WBA50KGU6, STM32WBA50KGU6TR, STM32WBA52CEU6, STM32WBA52CEU6TR, STM32WBA52CEU7, STM32WBA52CEU7TR, STM32WBA52CGU6, STM32WBA52CGU6TR, STM32WBA52CGU6U, STM32WBA52CGU7, STM32WBA52CGU7TR, STM32WBA52KEU6, STM32WBA52KEU6TR, STM32WBA52KGU6, STM32WBA52KGU6TR, STM32WBA54CEU6, STM32WBA54CEU6TR, STM32WBA54CEU7, STM32WBA54CEU7TR, STM32WBA54CGU6, STM32WBA54CGU6TR, STM32WBA54CGU7, STM32WBA54CGU7TR, STM32WBA54KEU6, STM32WBA54KEU6TR, STM32WBA54KEU7, STM32WBA54KEU7TR, STM32WBA54KGU6, STM32WBA54KGU6TR, STM32WBA54KGU7, STM32WBA54KGU7TR, STM32WBA55CEU6, STM32WBA55CEU6TR, STM32WBA55CEU7, STM32WBA55CEU7TR, STM32WBA55CGU6, STM32WBA55CGU6TR, STM32WBA55CGU6U, STM32WBA55CGU7, STM32WBA55CGU7TR, STM32WBA55G-DK1, STM32WBA55HEF6, STM32WBA55HEF7, STM32WBA55HGF6, STM32WBA55HGF7, STM32WBA55UEI6, STM32WBA55UEI6TR, STM32WBA55UEI7, STM32WBA55UEI7TR, STM32WBA55UGI6, STM32WBA55UGI6TR, STM32WBA55UGI7, STM32WBA55UGI7TR, STM32WL5MOCH6, STM32WL5MOCH6TR]
2024-08-09 08:12:21,531 [INFO] ApiDb:668 - CubeFinder database Data Model version=2.1
2024-08-09 08:12:21,531 [INFO] ApiDb:669 - CubeFinder database Configuration version=3.0.39
2024-08-09 08:12:21,531 [INFO] ApiDb:670 - CubeFinder database generation date=2024-06-07 (1717689626)
2024-08-09 08:12:21,531 [INFO] ApiDb:671 - CubeFinder database FW Pack versions=[FP-ATR-ASTRA1_V2.0.0, FP-SNS-FLIGHT1_V5.0.2, FP-SNS-MOTENV1_V5.0.0, FP-SNS-MOTENVWB1_V1.4.0, FP-SNS-SMARTAG2_V1.2.0, STM32Cube_FW_C0_V1.2.0, STM32Cube_FW_F4_V1.28.0, STM32Cube_FW_F7_V1.17.2, STM32Cube_FW_G0_V1.6.2, STM32Cube_FW_G4_V1.6.0, STM32Cube_FW_H5_V1.3.0, STM32Cube_FW_H7RS_V1.1.0, STM32Cube_FW_H7_V1.11.2, STM32Cube_FW_L0_V1.12.2, STM32Cube_FW_L5_V1.5.1, STM32Cube_FW_U0_V1.1.0, STM32Cube_FW_U5_V1.6.0, STM32Cube_FW_WB0_V1.0.0, STM32Cube_FW_WBA_V1.4.0, STM32Cube_FW_WB_V1.20.0, STM32Cube_FW_WL_V1.3.0, X-CUBE-ALGOBUILD_V1.4.0, X-CUBE-ALS_V1.0.2, X-CUBE-AZRTOS-F4_V1.1.0, X-CUBE-AZRTOS-F7_V1.1.0, X-CUBE-AZRTOS-G0_V1.1.0, X-CUBE-AZRTOS-G4_V2.0.0, X-CUBE-AZRTOS-H7RS_V1.0.0, X-CUBE-AZRTOS-H7_V3.2.0, X-CUBE-AZRTOS-L4_V2.0.0, X-CUBE-AZRTOS-L5_V1.1.0, X-CUBE-AZRTOS-WB_V2.0.0, X-CUBE-AZRTOS-WL_V2.0.0, X-CUBE-BLE1_V7.0.0, X-CUBE-BLE2_V3.3.0, X-CUBE-BLEMGR_V3.1.0, X-CUBE-EEPRMA1_V5.1.0, X-CUBE-FREERTOS_V1.2.0, X-CUBE-GNSS1_V6.0.0, X-CUBE-MEMS1_V10.0.0, X-CUBE-NFC4_V3.0.0, X-CUBE-NFC7_V1.0.1, X-CUBE-SFXS2LP1_V4.0.0, X-CUBE-SUBG2_V5.0.0, X-CUBE-TOF1_V3.4.1]
2024-08-09 08:12:22,586 [INFO] ApiDb:240 - Found 483 in-development CPN: [B-G473E-ZEST1S, B-WB1M-WPAN1, B-WL5M-SUBG1, NUCLEO-C031C6, NUCLEO-H503RB, NUCLEO-H533RE, NUCLEO-H563ZI, NUCLEO-H7S3L8, NUCLEO-U031R8, NUCLEO-U083RC, NUCLEO-U545RE-Q, NUCLEO-U5A5ZJ-Q, NUCLEO-WBA52CG, NUCLEO-WBA55CG, STEVAL-PROTEUS1, STEVAL-SMARTAG2, STEVAL-STWINBX1, STM320518-EVAL, STM32C0116-DK, STM32C011D6Y3TR, STM32C011D6Y6TR, STM32C011F4P3, STM32C011F4P6, STM32C011F4U3, STM32C011F4U6TR, STM32C011F6P3, STM32C011F6P6, STM32C011F6U3, STM32C011F6U6TR, STM32C011J4M3, STM32C011J4M6, STM32C011J6M3, STM32C011J6M6, STM32C0316-DK, STM32C031C4T3, STM32C031C4T6, STM32C031C4U3, STM32C031C4U6, STM32C031C6T3, STM32C031C6T6, STM32C031C6U3, STM32C031C6U6, STM32C031F4P3, STM32C031F4P6, STM32C031F6P3, STM32C031F6P6, STM32C031G4U3, STM32C031G4U6, STM32C031G6U3, STM32C031G6U6, STM32C031K4T3, STM32C031K4T6, STM32C031K4U3, STM32C031K4U6, STM32C031K6T3, STM32C031K6T6, STM32C031K6U3, STM32C031K6U6, STM32G071K8TXN, STM32G071K8UXN, STM32G081GBU6N, STM32G081KBT6N, STM32G081KBUXN, STM32G0B1CCT6N, STM32G0B1KCT6, STM32G0B1NEY6TR, STM32G0B1RCT6N, STM32G0C1CCT6, STM32G0C1CCT6N, STM32G0C1CCU6N, STM32G0C1CET6N, STM32G0C1CEU6N, STM32G0C1KCT6, STM32G0C1NEY6TR, STM32G0C1RCI6N, STM32G0C1RCT6N, STM32G0C1REI6N, STM32G0C1RET6N, STM32G0C1VCI6, STM32G0C1VEI6, STM32G471CCT6, STM32G471CCU6, STM32G471CET3, STM32G471CET6, STM32G471CEU3, STM32G471CEU6, STM32G471MCT6, STM32G471MET3, STM32G471MET6, STM32G471MEY6TR, STM32G471QCT6, STM32G471QET3, STM32G471RCT6, STM32G471RET3, STM32G471RET6, STM32G471VCH6, STM32G471VCI6, STM32G471VCT6, STM32G471VEH3, STM32G471VEH6, STM32G471VEI3, STM32G471VEI6, STM32G471VET3, STM32G471VET6, STM32G474CCT6, STM32H503CBT6, STM32H503CBU6, STM32H503EBY6TR, STM32H503KBU6, STM32H503RBT6, STM32H523CCT6, STM32H523CCU6, STM32H523CET6, STM32H523CEU6, STM32H523HEY6TR, STM32H523RCT6, STM32H523RET6, STM32H523VCI6, STM32H523VCT6, STM32H523VEI6, STM32H523VET6, STM32H523ZCJ6, STM32H523ZCT6, STM32H523ZEJ6, STM32H523ZET6, STM32H533CET6, STM32H533CEU6, STM32H533HEY6TR, STM32H533RET6, STM32H533VEI6, STM32H533VET6, STM32H533ZEJ6, STM32H533ZET6, STM32H562AGI6, STM32H562AII6, STM32H562IGK6, STM32H562IGT6, STM32H562IIK6, STM32H562IIT6, STM32H562RGT6, STM32H562RGV6, STM32H562RIT6, STM32H562RIV6, STM32H562VGT6, STM32H562VIT6, STM32H562ZGT6, STM32H562ZIT6, STM32H563AGI6, STM32H563AII3Q, STM32H563AII6, STM32H563IGK6, STM32H563IGT6, STM32H563IIK3Q, STM32H563IIK6, STM32H563IIT3Q, STM32H563IIT6, STM32H563MIY3QTR, STM32H563RGT6, STM32H563RGV6, STM32H563RIT6, STM32H563RIV6, STM32H563VGT6, STM32H563VIT3Q, STM32H563VIT6, STM32H563ZGT6, STM32H563ZIT3Q, STM32H563ZIT6, STM32H573AII3Q, STM32H573AII6, STM32H573I-DK, STM32H573IIK3Q, STM32H573IIK6, STM32H573IIT3Q, STM32H573IIT6, STM32H573MIY3QTR, STM32H573RIT6, STM32H573RIV6, STM32H573VIT3Q, STM32H573VIT6, STM32H573ZIT3Q, STM32H573ZIT6, STM32H7R3A8I6, STM32H7R3I8K6, STM32H7R3I8T6, STM32H7R3L8H6, STM32H7R3L8H6H, STM32H7R3R8V6, STM32H7R3V8H6, STM32H7R3V8T6, STM32H7R3V8Y6, STM32H7R3Z8J6, STM32H7R3Z8T6, STM32H7R7A8I6, STM32H7R7I8K6, STM32H7R7I8T6, STM32H7R7L8H6, STM32H7R7L8H6H, STM32H7R7Z8J6, STM32H7S3A8I6, STM32H7S3I8K6, STM32H7S3I8T6, STM32H7S3L8H6, STM32H7S3L8H6H, STM32H7S3R8V6, STM32H7S3V8H6, STM32H7S3V8T6, STM32H7S3V8Y6, STM32H7S3Z8J6, STM32H7S3Z8T6, STM32H7S78-DK, STM32H7S7A8I6, STM32H7S7I8K6, STM32H7S7I8T6, STM32H7S7L8H6, STM32H7S7L8H6H, STM32H7S7Z8J6, STM32L4R5QGI6STR, STM32MP131AAE3, STM32MP131AAF3, STM32MP131AAG3, STM32MP131CAE3, STM32MP131CAF3, STM32MP131CAG3, STM32MP131DAE7, STM32MP131DAF7, STM32MP131DAG7, STM32MP131FAE7, STM32MP131FAF7, STM32MP131FAG7, STM32MP133AAE3, STM32MP133AAF3, STM32MP133AAG3, STM32MP133CAE3, STM32MP133CAF3, STM32MP133CAG3, STM32MP133DAE7, STM32MP133DAF7, STM32MP133DAG7, STM32MP133FAE7, STM32MP133FAF7, STM32MP133FAG7, STM32MP135AAE3, STM32MP135AAF3, STM32MP135AAG3, STM32MP135CAE3, STM32MP135CAF3, STM32MP135CAG3, STM32MP135DAE7, STM32MP135DAF7, STM32MP135DAG7, STM32MP135F-DK, STM32MP135FAE7, STM32MP135FAF7, STM32MP135FAF7T, STM32MP135FAF7U, STM32MP135FAG7, STM32U031C6T6, STM32U031C6U6, STM32U031C8T6, STM32U031C8U6, STM32U031F4P6, STM32U031F6P6, STM32U031F8P6, STM32U031G6Y6TR, STM32U031G8Y6TR, STM32U031K4U6, STM32U031K6U6, STM32U031K8U6, STM32U031R6I6, STM32U031R6T6, STM32U031R8I6, STM32U031R8T6, STM32U073C8T6, STM32U073C8U6, STM32U073CBT6, STM32U073CBU6, STM32U073CCT6, STM32U073CCU6, STM32U073H8Y6TR, STM32U073HBY6TR, STM32U073HCY6TR, STM32U073K8U6, STM32U073KBU6, STM32U073KCU6, STM32U073M8I6, STM32U073M8T6, STM32U073MBI6, STM32U073MBT6, STM32U073MCI6, STM32U073MCT6, STM32U073R8I6, STM32U073R8T6, STM32U073RBI6, STM32U073RBT6, STM32U073RCI6, STM32U073RCT6, STM32U083C-DK, STM32U083CCT6, STM32U083CCU6, STM32U083HCY6TR, STM32U083KCU6, STM32U083MCI6, STM32U083MCT6, STM32U083RCI6, STM32U083RCT6, STM32U535CBT6, STM32U535CBT6Q, STM32U535CBU6, STM32U535CBU6Q, STM32U535CCT6, STM32U535CCT6Q, STM32U535CCU6, STM32U535CCU6Q, STM32U535CET6, STM32U535CET6Q, STM32U535CEU6, STM32U535CEU6Q, STM32U535JEY6QTR, STM32U535NCY6QTR, STM32U535NEY6QTR, STM32U535RBI6, STM32U535RBI6Q, STM32U535RBT6, STM32U535RBT6Q, STM32U535RCI6, STM32U535RCI6Q, STM32U535RCT6, STM32U535RCT6Q, STM32U535REI6, STM32U535REI6Q, STM32U535RET6, STM32U535RET6Q, STM32U535VCI6, STM32U535VCI6Q, STM32U535VCT6, STM32U535VCT6Q, STM32U535VEI6, STM32U535VEI6Q, STM32U535VET6, STM32U535VET6Q, STM32U545CET6, STM32U545CET6Q, STM32U545CEU6, STM32U545CEU6Q, STM32U545JEY6QTR, STM32U545NEY6QTR, STM32U545REI6, STM32U545REI6Q, STM32U545RET6, STM32U545RET6Q, STM32U545VEI6, STM32U545VEI6Q, STM32U545VET6, STM32U545VET6Q, STM32U595AIH6, STM32U595AIH6Q, STM32U595AJH6, STM32U595AJH6Q, STM32U595QII6, STM32U595QII6Q, STM32U595QJI6, STM32U595QJI6Q, STM32U595RIT6, STM32U595RIT6Q, STM32U595RJT6, STM32U595RJT6Q, STM32U595VIT6, STM32U595VIT6Q, STM32U595VJT6, STM32U595VJT6Q, STM32U595ZIT6, STM32U595ZIT6Q, STM32U595ZIY6QTR, STM32U595ZJT6, STM32U595ZJT6Q, STM32U595ZJY6QTR, STM32U599BJY6QTR, STM32U599NIH6Q, STM32U599NJH6Q, STM32U599VIT6Q, STM32U599VJT6, STM32U599VJT6Q, STM32U599ZIT6Q, STM32U599ZIY6QTR, STM32U599ZJT6Q, STM32U599ZJY6QTR, STM32U5A5AJH6, STM32U5A5AJH6Q, STM32U5A5QII3Q , STM32U5A5QJI6, STM32U5A5QJI6Q, STM32U5A5RJT6, STM32U5A5RJT6Q, STM32U5A5VJT6, STM32U5A5VJT6Q, STM32U5A5ZJT6, STM32U5A5ZJT6Q, STM32U5A5ZJY6QTR, STM32U5A9BJY6QTR, STM32U5A9J-DK, STM32U5A9NJH6Q, STM32U5A9VJT6Q, STM32U5A9ZJT6Q, STM32U5A9ZJY6QTR, STM32U5F7VIT6, STM32U5F7VIT6Q, STM32U5F7VJT6, STM32U5F7VJT6Q, STM32U5F9BJY6QTR, STM32U5F9NJH6Q, STM32U5F9VIT6Q, STM32U5F9VJT6Q, STM32U5F9ZIJ6QTR, STM32U5F9ZIT6Q, STM32U5F9ZJJ6QTR, STM32U5F9ZJT6Q, STM32U5G7VJT6, STM32U5G7VJT6Q, STM32U5G9BJY6QTR, STM32U5G9J-DK1, STM32U5G9J-DK2, STM32U5G9NJH6Q, STM32U5G9VJT6Q, STM32U5G9ZJJ6QTR, STM32U5G9ZJT6Q, STM32WB1MMCH6, STM32WBA50KEU6, STM32WBA50KEU6TR, STM32WBA50KGU6, STM32WBA50KGU6TR, STM32WBA52CEU6, STM32WBA52CEU6TR, STM32WBA52CEU7, STM32WBA52CEU7TR, STM32WBA52CGU6, STM32WBA52CGU6TR, STM32WBA52CGU6U, STM32WBA52CGU7, STM32WBA52CGU7TR, STM32WBA52KEU6, STM32WBA52KEU6TR, STM32WBA52KGU6, STM32WBA52KGU6TR, STM32WBA54CEU6, STM32WBA54CEU6TR, STM32WBA54CEU7, STM32WBA54CEU7TR, STM32WBA54CGU6, STM32WBA54CGU6TR, STM32WBA54CGU7, STM32WBA54CGU7TR, STM32WBA54KEU6, STM32WBA54KEU6TR, STM32WBA54KEU7, STM32WBA54KEU7TR, STM32WBA54KGU6, STM32WBA54KGU6TR, STM32WBA54KGU7, STM32WBA54KGU7TR, STM32WBA55CEU6, STM32WBA55CEU6TR, STM32WBA55CEU7, STM32WBA55CEU7TR, STM32WBA55CGU6, STM32WBA55CGU6TR, STM32WBA55CGU6U, STM32WBA55CGU7, STM32WBA55CGU7TR, STM32WBA55G-DK1, STM32WBA55HEF6, STM32WBA55HEF7, STM32WBA55HGF6, STM32WBA55HGF7, STM32WBA55UEI6, STM32WBA55UEI6TR, STM32WBA55UEI7, STM32WBA55UEI7TR, STM32WBA55UGI6, STM32WBA55UGI6TR, STM32WBA55UGI7, STM32WBA55UGI7TR, STM32WL5MOCH6, STM32WL5MOCH6TR]
2024-08-09 08:12:22,588 [INFO] DbMcus:218 - Found 4229 MCUs, 4229 are supported
2024-08-09 08:12:22,589 [INFO] ApiDb:423 - Load user favorites file C:\Users\jhwang/.stm32cubeide/favorites.mcus.txt: 0 item(s)
2024-08-09 08:12:22,589 [INFO] ApiDb:427 - User favorites MCUs=[]
2024-08-09 08:12:22,589 [INFO] DbMcus:224 - Set 0 / 0 favorites MCUs
2024-08-09 08:12:22,801 [INFO] BoardInfo:889 - No configuration file found for board P-NUCLEO-WB55
2024-08-09 08:12:22,802 [INFO] DbBoards:161 - Kit is not supported: P-NUCLEO-WB55
2024-08-09 08:12:22,804 [INFO] BoardInfo:889 - No configuration file found for board STEVAL-BFA001V1B
2024-08-09 08:12:22,804 [INFO] DbBoards:161 - Kit is not supported: STEVAL-BFA001V1B
2024-08-09 08:12:22,805 [INFO] BoardInfo:889 - No configuration file found for board STEVAL-BFA001V2B
2024-08-09 08:12:22,805 [INFO] DbBoards:161 - Kit is not supported: STEVAL-BFA001V2B
2024-08-09 08:12:22,878 [INFO] DbBoards:168 - Found 195 boards, 192 are supported
2024-08-09 08:12:22,878 [INFO] DbBoards:169 - Found 195 boards, 8 of them is supported for  Bsp
2024-08-09 08:12:22,886 [INFO] ApiDb:414 - User favorites file not found: C:\Users\jhwang/.stm32cubeide/favorites.boards.txt
2024-08-09 08:12:22,886 [INFO] DbBoards:198 - Set 0 / 0 favorites Boards
2024-08-09 08:12:22,934 [INFO] UtilMem:75 - End LoadConfig() Used Memory: 289117848 Bytes (450887680)
2024-08-09 08:12:23,017 [WARN] ThirdParty:833 - waiting for thirdparty lock release [change project]
2024-08-09 08:12:23,045 [INFO] ThirdParty:835 - entering critical section [change project]
2024-08-09 08:12:23,046 [INFO] ThirdParty:1030 - CMSIS Pack Vendor :STMicroelectronics USBPD 4.1
2024-08-09 08:12:23,046 [INFO] ThirdParty:1030 - CMSIS Pack Vendor :STMicroelectronics X-CUBE-GNSS1 6.0.0
2024-08-09 08:12:23,046 [INFO] ThirdParty:1030 - CMSIS Pack Vendor :STMicroelectronics USB_HOST 2.0.0
2024-08-09 08:12:23,046 [INFO] ThirdParty:1030 - CMSIS Pack Vendor :STMicroelectronics FP-SNS-MOTENVWB1 1.4.0
2024-08-09 08:12:23,046 [INFO] ThirdParty:1030 - CMSIS Pack Vendor :STMicroelectronics X-CUBE-AZRTOS-F4 1.1.0
2024-08-09 08:12:23,046 [INFO] ThirdParty:1030 - CMSIS Pack Vendor :STMicroelectronics LIBJPEG 8.0.0
2024-08-09 08:12:23,046 [INFO] ThirdParty:1030 - CMSIS Pack Vendor :STMicroelectronics X-CUBE-SMBUS 2.1.0
2024-08-09 08:12:23,046 [INFO] ThirdParty:1030 - CMSIS Pack Vendor :STMicroelectronics USB_DEVICE 3.0.0
2024-08-09 08:12:23,046 [INFO] ThirdParty:1030 - CMSIS Pack Vendor :STMicroelectronics X-CUBE-TCPP 4.1.0
2024-08-09 08:12:23,046 [INFO] ThirdParty:1030 - CMSIS Pack Vendor :STMicroelectronics X-CUBE-FREERTOS 1.2.0
2024-08-09 08:12:23,046 [INFO] ThirdParty:1030 - CMSIS Pack Vendor :STMicroelectronics X-CUBE-AZRTOS-WB 2.0.0
2024-08-09 08:12:23,046 [INFO] ThirdParty:1030 - CMSIS Pack Vendor :STMicroelectronics X-CUBE-AZRTOS-F7 1.1.0
2024-08-09 08:12:23,046 [INFO] ThirdParty:1030 - CMSIS Pack Vendor :STMicroelectronics X-CUBE-AZRTOS-L5 2.0.0
2024-08-09 08:12:23,046 [INFO] ThirdParty:1030 - CMSIS Pack Vendor :STMicroelectronics USB_DEVICE 2.0.0
2024-08-09 08:12:23,046 [INFO] ThirdParty:1030 - CMSIS Pack Vendor :STMicroelectronics X-CUBE-NFC6 3.1.0
2024-08-09 08:12:23,046 [INFO] ThirdParty:1030 - CMSIS Pack Vendor :STMicroelectronics FP-SNS-STBOX1 2.0.0
2024-08-09 08:12:23,046 [INFO] ThirdParty:1030 - CMSIS Pack Vendor :STMicroelectronics FreeRTOS 0.0.1
2024-08-09 08:12:23,046 [INFO] ThirdParty:1030 - CMSIS Pack Vendor :STMicroelectronics X-CUBE-AZRTOS-G0 1.1.0
2024-08-09 08:12:23,046 [INFO] ThirdParty:1030 - CMSIS Pack Vendor :STMicroelectronics X-CUBE-SAFEA1 1.2.2
2024-08-09 08:12:23,046 [INFO] ThirdParty:1030 - CMSIS Pack Vendor :STMicroelectronics X-CUBE-NFC4 3.0.0
2024-08-09 08:12:23,046 [INFO] ThirdParty:1030 - CMSIS Pack Vendor :STMicroelectronics X-CUBE-DPower 1.2.0
2024-08-09 08:12:23,046 [INFO] ThirdParty:1030 - CMSIS Pack Vendor :STMicroelectronics X-CUBE-SUBG2 5.0.0
2024-08-09 08:12:23,046 [INFO] ThirdParty:1030 - CMSIS Pack Vendor :STMicroelectronics STM32_WPAN 1.0.0
2024-08-09 08:12:23,046 [INFO] ThirdParty:1030 - CMSIS Pack Vendor :EmbeddedOffice I-CUBE-FS-RTOS 1.0.1
2024-08-09 08:12:23,046 [INFO] ThirdParty:1030 - CMSIS Pack Vendor :STMicroelectronics lwIP 2.0.3
2024-08-09 08:12:23,046 [INFO] ThirdParty:1030 - CMSIS Pack Vendor :STMicroelectronics FP-SNS-FLIGHT1 5.0.2
2024-08-09 08:12:23,046 [INFO] ThirdParty:1030 - CMSIS Pack Vendor :Cesanta I-CUBE-Mongoose 7.13.0
2024-08-09 08:12:23,046 [INFO] ThirdParty:1030 - CMSIS Pack Vendor :STMicroelectronics USB_HOST 1.0.0
2024-08-09 08:12:23,046 [INFO] ThirdParty:1030 - CMSIS Pack Vendor :STMicroelectronics X-CUBE-AI 9.0.0
2024-08-09 08:12:23,046 [INFO] ThirdParty:1030 - CMSIS Pack Vendor :STMicroelectronics X-CUBE-AZRTOS-G4 2.0.0
2024-08-09 08:12:23,046 [INFO] ThirdParty:1030 - CMSIS Pack Vendor :STMicroelectronics PDM2PCM 3.1.0
2024-08-09 08:12:23,046 [INFO] ThirdParty:1030 - CMSIS Pack Vendor :STMicroelectronics PDM2PCM 3.3.0
2024-08-09 08:12:23,046 [INFO] ThirdParty:1030 - CMSIS Pack Vendor :STMicroelectronics X-CUBE-DISPLAY 3.0.0
2024-08-09 08:12:23,046 [INFO] ThirdParty:1030 - CMSIS Pack Vendor :RealThread X-CUBE-RT-Thread_Nano 4.1.1
2024-08-09 08:12:23,046 [INFO] ThirdParty:1030 - CMSIS Pack Vendor :wolfSSL I-CUBE-wolfSSL 5.7.0
2024-08-09 08:12:23,046 [INFO] ThirdParty:1030 - CMSIS Pack Vendor :STMicroelectronics X-CUBE-BLE1 7.0.0
2024-08-09 08:12:23,046 [INFO] ThirdParty:1030 - CMSIS Pack Vendor :STMicroelectronics FP-ATR-SIGFOX1 3.2.0
2024-08-09 08:12:23,046 [INFO] ThirdParty:1030 - CMSIS Pack Vendor :STMicroelectronics X-CUBE-ISPU 2.0.0
2024-08-09 08:12:23,046 [INFO] ThirdParty:1030 - CMSIS Pack Vendor :STMicroelectronics X-CUBE-EEPRMA1 5.1.0
2024-08-09 08:12:23,046 [INFO] ThirdParty:1030 - CMSIS Pack Vendor :STMicroelectronics HAL Drivers 0.0.0
2024-08-09 08:12:23,046 [INFO] ThirdParty:1030 - CMSIS Pack Vendor :STMicroelectronics MBEDTLS 2.16.2
2024-08-09 08:12:23,046 [INFO] ThirdParty:1030 - CMSIS Pack Vendor :STMicroelectronics X-CUBE-ALS 1.0.2
2024-08-09 08:12:23,046 [INFO] ThirdParty:1030 - CMSIS Pack Vendor :emotas I-CUBE-CANOPEN 1.3.0
2024-08-09 08:12:23,046 [INFO] ThirdParty:1030 - CMSIS Pack Vendor :STMicroelectronics X-CUBE-MEMS1 10.0.0
2024-08-09 08:12:23,046 [INFO] ThirdParty:1030 - CMSIS Pack Vendor :STMicroelectronics X-CUBE-NFC7 1.0.1
2024-08-09 08:12:23,046 [INFO] ThirdParty:1030 - CMSIS Pack Vendor :STMicroelectronics MBEDTLS 2.14.1
2024-08-09 08:12:23,046 [INFO] ThirdParty:1030 - CMSIS Pack Vendor :STMicroelectronics X-CUBE-TOUCHGFX 4.24.0
2024-08-09 08:12:23,046 [INFO] ThirdParty:1030 - CMSIS Pack Vendor :ITTIA_DB I-CUBE-ITTIADB 8.9.0
2024-08-09 08:12:23,046 [INFO] ThirdParty:1030 - CMSIS Pack Vendor :wolfSSL I-CUBE-wolfTPM 3.2.0
2024-08-09 08:12:23,046 [INFO] ThirdParty:1030 - CMSIS Pack Vendor :portGmbH I-Cube-SoM-uGOAL 1.1.0
2024-08-09 08:12:23,046 [INFO] ThirdParty:1030 - CMSIS Pack Vendor :STMicroelectronics X-CUBE-BLEMGR 3.1.0
2024-08-09 08:12:23,046 [INFO] ThirdParty:1030 - CMSIS Pack Vendor :STMicroelectronics ThreadX 1.0.0
2024-08-09 08:12:23,046 [INFO] ThirdParty:1030 - CMSIS Pack Vendor :STMicroelectronics FP-SNS-SMARTAG2 1.2.0
2024-08-09 08:12:23,046 [INFO] ThirdParty:1030 - CMSIS Pack Vendor :STMicroelectronics X-CUBE-AZRTOS-WL 2.0.0
2024-08-09 08:12:23,046 [INFO] ThirdParty:1030 - CMSIS Pack Vendor :SEGGER I-CUBE-embOS 1.3.1
2024-08-09 08:12:23,046 [INFO] ThirdParty:1030 - CMSIS Pack Vendor :STMicroelectronics X-CUBE-ALGOBUILD 1.4.0
2024-08-09 08:12:23,046 [INFO] ThirdParty:1030 - CMSIS Pack Vendor :STMicroelectronics USB_DEVICE 1.0.0
2024-08-09 08:12:23,046 [INFO] ThirdParty:1030 - CMSIS Pack Vendor :STMicroelectronics X-CUBE-AZRTOS-H7RS 1.0.0
2024-08-09 08:12:23,046 [INFO] ThirdParty:1030 - CMSIS Pack Vendor :wolfSSL I-CUBE-wolfMQTT 1.19.0
2024-08-09 08:12:23,046 [INFO] ThirdParty:1030 - CMSIS Pack Vendor :STMicroelectronics X-CUBE-AZRTOS-L4 2.0.0
2024-08-09 08:12:23,046 [INFO] ThirdParty:1030 - CMSIS Pack Vendor :STMicroelectronics ThreadX 0.0.2
2024-08-09 08:12:23,046 [INFO] ThirdParty:1030 - CMSIS Pack Vendor :WES I-CUBE-Cesium 1.3.0
2024-08-09 08:12:23,046 [INFO] ThirdParty:1030 - CMSIS Pack Vendor :STMicroelectronics FP-ATR-ASTRA1 2.0.0
2024-08-09 08:12:23,046 [INFO] ThirdParty:1030 - CMSIS Pack Vendor :STMicroelectronics lwIP 2.1.2
2024-08-09 08:12:23,046 [INFO] ThirdParty:1030 - CMSIS Pack Vendor :STMicroelectronics X-CUBE-SFXS2LP1 4.0.0
2024-08-09 08:12:23,046 [INFO] ThirdParty:1030 - CMSIS Pack Vendor :STMicroelectronics X-CUBE-BLE2 3.3.0
2024-08-09 08:12:23,046 [INFO] ThirdParty:1030 - CMSIS Pack Vendor :STMicroelectronics X-CUBE-TOF1 3.4.2
2024-08-09 08:12:23,046 [INFO] ThirdParty:1030 - CMSIS Pack Vendor :STMicroelectronics X-CUBE-TOF1 3.4.1
2024-08-09 08:12:23,047 [INFO] ThirdParty:1030 - CMSIS Pack Vendor :STMicroelectronics X-CUBE-AZRTOS-H7 3.2.0
2024-08-09 08:12:23,047 [INFO] ThirdParty:1030 - CMSIS Pack Vendor :Infineon AIROC-Wi-Fi-Bluetooth-STM32 1.6.0
2024-08-09 08:12:23,047 [INFO] ThirdParty:1030 - CMSIS Pack Vendor :STMicroelectronics PDM2PCM 3.2.0
2024-08-09 08:12:23,047 [INFO] ThirdParty:1030 - CMSIS Pack Vendor :wolfSSL I-CUBE-wolfSSH 1.4.17
2024-08-09 08:12:23,047 [INFO] ThirdParty:841 - exiting critical section [change project]
2024-08-09 08:12:23,234 [INFO] PinOutPanel:1561 - setPackage(No Configuration,No Configuration)
2024-08-09 08:12:23,235 [INFO] PinOutPanel:1561 - setPackage(STM32F103C8Tx,LQFP48)
2024-08-09 08:12:23,481 [INFO] UtilMem:75 - Before build in PCC Used Memory: 384306192 Bytes (566231040)
2024-08-09 08:12:24,153 [INFO] UtilMem:75 - After build in PCC Used Memory: 330547808 Bytes (566231040)
2024-08-09 08:12:24,169 [INFO] IPUIPlugin:80 - create IPUIPlugin
2024-08-09 08:12:24,170 [INFO] IPUIPlugin:80 - create IPUIPlugin
2024-08-09 08:12:24,170 [INFO] IPUIPlugin:80 - create IPUIPlugin
2024-08-09 08:12:24,170 [INFO] IPUIPlugin:80 - create IPUIPlugin
2024-08-09 08:12:24,170 [INFO] IPUIPlugin:80 - create IPUIPlugin
2024-08-09 08:12:24,170 [INFO] IPUIPlugin:80 - create IPUIPlugin
2024-08-09 08:12:24,170 [INFO] IPUIPlugin:80 - create IPUIPlugin
2024-08-09 08:12:24,170 [INFO] IPUIPlugin:80 - create IPUIPlugin
2024-08-09 08:12:24,170 [INFO] IPUIPlugin:80 - create IPUIPlugin
2024-08-09 08:12:24,170 [INFO] IPUIPlugin:80 - create IPUIPlugin
2024-08-09 08:12:24,170 [INFO] IPUIPlugin:80 - create IPUIPlugin
2024-08-09 08:12:24,170 [INFO] IPUIPlugin:80 - create IPUIPlugin
2024-08-09 08:12:24,170 [INFO] IPUIPlugin:80 - create IPUIPlugin
2024-08-09 08:12:24,171 [INFO] IPUIPlugin:80 - create IPUIPlugin
2024-08-09 08:12:24,171 [INFO] IPUIPlugin:80 - create IPUIPlugin
2024-08-09 08:12:24,171 [INFO] IPUIPlugin:80 - create IPUIPlugin
2024-08-09 08:12:24,171 [INFO] IPUIPlugin:80 - create IPUIPlugin
2024-08-09 08:12:24,171 [INFO] IPUIPlugin:80 - create IPUIPlugin
2024-08-09 08:12:24,171 [INFO] IPUIPlugin:80 - create IPUIPlugin
2024-08-09 08:12:24,171 [INFO] IPUIPlugin:80 - create IPUIPlugin
2024-08-09 08:12:24,171 [INFO] IPUIPlugin:80 - create IPUIPlugin
2024-08-09 08:12:24,171 [INFO] IPUIPlugin:80 - create IPUIPlugin
2024-08-09 08:12:24,171 [INFO] IPUIPlugin:80 - create IPUIPlugin
2024-08-09 08:12:24,171 [INFO] IPUIPlugin:80 - create IPUIPlugin
2024-08-09 08:12:24,171 [INFO] IPUIPlugin:80 - create IPUIPlugin
2024-08-09 08:12:24,172 [INFO] IPUIPlugin:80 - create IPUIPlugin
2024-08-09 08:12:24,172 [INFO] IPUIPlugin:80 - create IPUIPlugin
2024-08-09 08:12:24,366 [INFO] CADModel:165 - CPN selected for project levelSTM32F103C8T6
2024-08-09 08:12:24,366 [INFO] CADModel:114 - Register for checkConnection events
2024-08-09 08:12:24,410 [INFO] OpenFileManager:343 - Restore cursor
2024-08-09 08:14:47,605 [INFO] Gpio:277 - dependency for GPIO [RCC, SYS, USART1]
2024-08-09 08:15:22,813 [INFO] Gpio:277 - dependency for GPIO [RCC, SYS, USART1]
2024-08-09 08:15:22,879 [INFO] Gpio:277 - dependency for GPIO [RCC, SYS, USART1]
2024-08-09 08:15:36,755 [INFO] Gpio:277 - dependency for GPIO [RCC, SYS, USART1]
2024-08-09 08:15:36,811 [INFO] Gpio:277 - dependency for GPIO [RCC, SYS, USART1]
2024-08-09 08:15:38,613 [INFO] UtilMem:75 - End SaveConfig() Used Memory: 920232152 Bytes (1073741824)
2024-08-09 08:15:39,624 [INFO] UtilMem:75 - End SaveConfig() Used Memory: 939025536 Bytes (1073741824)
2024-08-09 08:15:40,515 [INFO] UtilMem:75 - End SaveConfig() Used Memory: 582125904 Bytes (1073741824)
2024-08-09 08:15:40,795 [INFO] BlockDiagram:2759 - set Specific Code input for plugin: NVIC
2024-08-09 08:15:40,795 [INFO] BlockDiagram:2759 - set Specific Code input for plugin: USART
2024-08-09 08:15:40,795 [INFO] BlockDiagram:2759 - set Specific Code input for plugin: TIM1_8F1
2024-08-09 08:15:40,795 [INFO] BlockDiagram:2759 - set Specific Code input for plugin: SYS
2024-08-09 08:15:40,796 [INFO] BlockDiagram:2759 - set Specific Code input for plugin: GPIO
2024-08-09 08:15:40,796 [INFO] BlockDiagram:2759 - set Specific Code input for plugin: RCC
2024-08-09 08:15:40,797 [INFO] CodeGenerator:807 - code generatio: config db path: C:\ST\STM32CubeIDE_1.15.1\STM32CubeIDE\plugins\com.st.stm32cube.common.mx_6.11.1.202404110753\\db\
2024-08-09 08:15:40,878 [INFO] CodeEngine:255 - oldGeneratedFile, D:\STM32cubeIDE\project\OJ\first\MXTmpFiles\license.tmp_save
2024-08-09 08:15:41,045 [INFO] CodeEngine:279 - Generated code: D:\STM32cubeIDE\project\OJ\first\MXTmpFiles\license.tmp
2024-08-09 08:15:41,160 [INFO] CodeEngine:255 - oldGeneratedFile, D:\STM32cubeIDE\project\OJ\first\MXTmpFiles\gpio.tmp_save
2024-08-09 08:15:41,241 [INFO] CodeEngine:279 - Generated code: D:\STM32cubeIDE\project\OJ\first\MXTmpFiles\gpio.tmp
2024-08-09 08:15:41,380 [INFO] CodeEngine:255 - oldGeneratedFile, D:\STM32cubeIDE\project\OJ\first\Core\Src\stm32f1xx_it.c_save
2024-08-09 08:15:41,456 [INFO] CodeEngine:279 - Generated code: D:\STM32cubeIDE\project\OJ\first\Core\Src\stm32f1xx_it.c
2024-08-09 08:15:41,463 [INFO] CodeEngine:255 - oldGeneratedFile, D:\STM32cubeIDE\project\OJ\first\Core\Inc\stm32f1xx_it.h_save
2024-08-09 08:15:41,503 [INFO] CodeEngine:279 - Generated code: D:\STM32cubeIDE\project\OJ\first\Core\Inc\stm32f1xx_it.h
2024-08-09 08:15:41,516 [INFO] CodeEngine:255 - oldGeneratedFile, D:\STM32cubeIDE\project\OJ\first\Core\Src\stm32f1xx_hal_msp.c_save
2024-08-09 08:15:41,650 [INFO] CodeEngine:279 - Generated code: D:\STM32cubeIDE\project\OJ\first\Core\Src\stm32f1xx_hal_msp.c
2024-08-09 08:15:41,656 [INFO] CodeEngine:255 - oldGeneratedFile, D:\STM32cubeIDE\project\OJ\first\MXTmpFiles\system.tmp_save
2024-08-09 08:15:41,691 [INFO] CodeEngine:279 - Generated code: D:\STM32cubeIDE\project\OJ\first\MXTmpFiles\system.tmp
2024-08-09 08:15:41,702 [INFO] CodeEngine:311 - oldGeneratedFile, D:\STM32cubeIDE\project\OJ\first\Core\Inc\stm32f1xx_hal_conf.h_save
2024-08-09 08:15:41,740 [INFO] CodeEngine:335 - Generated code: D:\STM32cubeIDE\project\OJ\first\Core\Inc\stm32f1xx_hal_conf.h
2024-08-09 08:15:41,754 [WARN] IPConfigManager:3513 - IP not found : TIM
2024-08-09 08:15:41,755 [WARN] CodeGenerator:3951 - IP not found : null
2024-08-09 08:15:41,765 [INFO] CodeEngine:255 - oldGeneratedFile, D:\STM32cubeIDE\project\OJ\first\Core\Inc\main.h_save
2024-08-09 08:15:41,814 [INFO] CodeEngine:279 - Generated code: D:\STM32cubeIDE\project\OJ\first\Core\Inc\main.h
2024-08-09 08:15:41,828 [INFO] CodeEngine:255 - oldGeneratedFile, D:\STM32cubeIDE\project\OJ\first\Core\Src\main.c_save
2024-08-09 08:15:41,899 [INFO] CodeEngine:279 - Generated code: D:\STM32cubeIDE\project\OJ\first\Core\Src\main.c
2024-08-09 08:15:42,253 [INFO] ProjectBuilder:3163 - Time for Copy HAL[1] : 272mS.
2024-08-09 08:15:42,256 [INFO] ProjectBuilder:4736 - Project Generator version: 4.3.0-B58
2024-08-09 08:15:42,293 [INFO] ConfigFileManager:1503 - The Die is : DIE410
2024-08-09 08:15:42,311 [INFO] ApiDbMcu:508 - Load IP Config File for FATFS
2024-08-09 08:15:42,315 [INFO] ApiDbMcu:508 - Load IP Config File for FREERTOS
2024-08-09 08:15:42,320 [INFO] ApiDbMcu:508 - Load IP Config File for USB_DEVICE
2024-08-09 08:15:42,521 [INFO] LogOutputStream:77 - [STDOUT_REDIRECT] 
2024-08-09 08:15:43,124 [INFO] ProjectBuilder:5002 - Time for Generating toolchain IDE Files: 868mS.
2024-08-09 08:15:43,125 [INFO] ProjectBuilder:3034 - Time for Copy CMSIS : 0mS.
2024-08-09 08:15:43,126 [INFO] ProjectBuilder:3034 - Time for Copy CMSIS : 0mS.
2024-08-09 08:16:21,574 [INFO] UtilMem:75 - End SaveConfig() Used Memory: 777628800 Bytes (1073741824)
2024-08-09 08:16:22,751 [INFO] UtilMem:75 - End SaveConfig() Used Memory: 796063424 Bytes (1073741824)
2024-08-09 08:16:23,612 [INFO] UtilMem:75 - End SaveConfig() Used Memory: 825056536 Bytes (1073741824)
2024-08-09 08:16:23,723 [INFO] BlockDiagram:2759 - set Specific Code input for plugin: NVIC
2024-08-09 08:16:23,723 [INFO] BlockDiagram:2759 - set Specific Code input for plugin: USART
2024-08-09 08:16:23,723 [INFO] BlockDiagram:2759 - set Specific Code input for plugin: TIM1_8F1
2024-08-09 08:16:23,723 [INFO] BlockDiagram:2759 - set Specific Code input for plugin: SYS
2024-08-09 08:16:23,723 [INFO] BlockDiagram:2759 - set Specific Code input for plugin: GPIO
2024-08-09 08:16:23,723 [INFO] BlockDiagram:2759 - set Specific Code input for plugin: RCC
2024-08-09 08:16:23,723 [INFO] CodeGenerator:807 - code generatio: config db path: C:\ST\STM32CubeIDE_1.15.1\STM32CubeIDE\plugins\com.st.stm32cube.common.mx_6.11.1.202404110753\\db\
2024-08-09 08:16:23,760 [INFO] CodeEngine:255 - oldGeneratedFile, D:\STM32cubeIDE\project\OJ\first\MXTmpFiles\license.tmp_save
2024-08-09 08:16:23,795 [INFO] CodeEngine:279 - Generated code: D:\STM32cubeIDE\project\OJ\first\MXTmpFiles\license.tmp
2024-08-09 08:16:23,806 [INFO] CodeEngine:255 - oldGeneratedFile, D:\STM32cubeIDE\project\OJ\first\MXTmpFiles\gpio.tmp_save
2024-08-09 08:16:23,845 [INFO] CodeEngine:279 - Generated code: D:\STM32cubeIDE\project\OJ\first\MXTmpFiles\gpio.tmp
2024-08-09 08:16:23,882 [INFO] CodeEngine:255 - oldGeneratedFile, D:\STM32cubeIDE\project\OJ\first\Core\Src\stm32f1xx_it.c_save
2024-08-09 08:16:23,928 [INFO] CodeEngine:279 - Generated code: D:\STM32cubeIDE\project\OJ\first\Core\Src\stm32f1xx_it.c
2024-08-09 08:16:23,932 [INFO] CodeEngine:255 - oldGeneratedFile, D:\STM32cubeIDE\project\OJ\first\Core\Inc\stm32f1xx_it.h_save
2024-08-09 08:16:23,960 [INFO] CodeEngine:279 - Generated code: D:\STM32cubeIDE\project\OJ\first\Core\Inc\stm32f1xx_it.h
2024-08-09 08:16:23,971 [INFO] CodeEngine:255 - oldGeneratedFile, D:\STM32cubeIDE\project\OJ\first\Core\Src\stm32f1xx_hal_msp.c_save
2024-08-09 08:16:24,021 [INFO] CodeEngine:279 - Generated code: D:\STM32cubeIDE\project\OJ\first\Core\Src\stm32f1xx_hal_msp.c
2024-08-09 08:16:24,023 [INFO] CodeEngine:255 - oldGeneratedFile, D:\STM32cubeIDE\project\OJ\first\MXTmpFiles\system.tmp_save
2024-08-09 08:16:24,049 [INFO] CodeEngine:279 - Generated code: D:\STM32cubeIDE\project\OJ\first\MXTmpFiles\system.tmp
2024-08-09 08:16:24,056 [INFO] CodeEngine:311 - oldGeneratedFile, D:\STM32cubeIDE\project\OJ\first\Core\Inc\stm32f1xx_hal_conf.h_save
2024-08-09 08:16:24,087 [INFO] CodeEngine:335 - Generated code: D:\STM32cubeIDE\project\OJ\first\Core\Inc\stm32f1xx_hal_conf.h
2024-08-09 08:16:24,094 [WARN] IPConfigManager:3513 - IP not found : TIM
2024-08-09 08:16:24,095 [WARN] CodeGenerator:3951 - IP not found : null
2024-08-09 08:16:24,100 [INFO] CodeEngine:255 - oldGeneratedFile, D:\STM32cubeIDE\project\OJ\first\Core\Inc\main.h_save
2024-08-09 08:16:24,137 [INFO] CodeEngine:279 - Generated code: D:\STM32cubeIDE\project\OJ\first\Core\Inc\main.h
2024-08-09 08:16:24,144 [INFO] CodeEngine:255 - oldGeneratedFile, D:\STM32cubeIDE\project\OJ\first\Core\Src\main.c_save
2024-08-09 08:16:24,204 [INFO] CodeEngine:279 - Generated code: D:\STM32cubeIDE\project\OJ\first\Core\Src\main.c
2024-08-09 08:16:24,331 [INFO] ProjectBuilder:3163 - Time for Copy HAL[1] : 70mS.
2024-08-09 08:16:24,333 [INFO] ProjectBuilder:4736 - Project Generator version: 4.3.0-B58
2024-08-09 08:16:24,363 [INFO] ConfigFileManager:1503 - The Die is : DIE410
2024-08-09 08:16:24,890 [INFO] ProjectBuilder:5002 - Time for Generating toolchain IDE Files: 557mS.
2024-08-09 08:16:24,891 [INFO] ProjectBuilder:3034 - Time for Copy CMSIS : 0mS.
2024-08-09 08:16:24,892 [INFO] ProjectBuilder:3034 - Time for Copy CMSIS : 0mS.
2024-08-09 08:17:07,917 [INFO] UtilMem:75 - End SaveConfig() Used Memory: 631314200 Bytes (1073741824)
2024-08-09 08:17:08,733 [INFO] UtilMem:75 - End SaveConfig() Used Memory: 648560120 Bytes (1073741824)
2024-08-09 08:17:09,930 [INFO] UtilMem:75 - End SaveConfig() Used Memory: 629043616 Bytes (1073741824)
2024-08-09 08:17:10,019 [INFO] BlockDiagram:2759 - set Specific Code input for plugin: NVIC
2024-08-09 08:17:10,019 [INFO] BlockDiagram:2759 - set Specific Code input for plugin: USART
2024-08-09 08:17:10,019 [INFO] BlockDiagram:2759 - set Specific Code input for plugin: TIM1_8F1
2024-08-09 08:17:10,019 [INFO] BlockDiagram:2759 - set Specific Code input for plugin: SYS
2024-08-09 08:17:10,019 [INFO] BlockDiagram:2759 - set Specific Code input for plugin: GPIO
2024-08-09 08:17:10,019 [INFO] BlockDiagram:2759 - set Specific Code input for plugin: RCC
2024-08-09 08:17:10,021 [INFO] CodeGenerator:807 - code generatio: config db path: C:\ST\STM32CubeIDE_1.15.1\STM32CubeIDE\plugins\com.st.stm32cube.common.mx_6.11.1.202404110753\\db\
2024-08-09 08:17:10,047 [INFO] CodeEngine:255 - oldGeneratedFile, D:\STM32cubeIDE\project\OJ\first\MXTmpFiles\license.tmp_save
2024-08-09 08:17:10,077 [INFO] CodeEngine:279 - Generated code: D:\STM32cubeIDE\project\OJ\first\MXTmpFiles\license.tmp
2024-08-09 08:17:10,089 [INFO] CodeEngine:255 - oldGeneratedFile, D:\STM32cubeIDE\project\OJ\first\MXTmpFiles\gpio.tmp_save
2024-08-09 08:17:10,124 [INFO] CodeEngine:279 - Generated code: D:\STM32cubeIDE\project\OJ\first\MXTmpFiles\gpio.tmp
2024-08-09 08:17:10,163 [INFO] CodeEngine:255 - oldGeneratedFile, D:\STM32cubeIDE\project\OJ\first\Core\Src\stm32f1xx_it.c_save
2024-08-09 08:17:10,240 [INFO] CodeEngine:279 - Generated code: D:\STM32cubeIDE\project\OJ\first\Core\Src\stm32f1xx_it.c
2024-08-09 08:17:10,249 [INFO] CodeEngine:255 - oldGeneratedFile, D:\STM32cubeIDE\project\OJ\first\Core\Inc\stm32f1xx_it.h_save
2024-08-09 08:17:10,283 [INFO] CodeEngine:279 - Generated code: D:\STM32cubeIDE\project\OJ\first\Core\Inc\stm32f1xx_it.h
2024-08-09 08:17:10,293 [INFO] CodeEngine:255 - oldGeneratedFile, D:\STM32cubeIDE\project\OJ\first\Core\Src\stm32f1xx_hal_msp.c_save
2024-08-09 08:17:10,432 [INFO] CodeEngine:279 - Generated code: D:\STM32cubeIDE\project\OJ\first\Core\Src\stm32f1xx_hal_msp.c
2024-08-09 08:17:10,434 [INFO] CodeEngine:255 - oldGeneratedFile, D:\STM32cubeIDE\project\OJ\first\MXTmpFiles\system.tmp_save
2024-08-09 08:17:10,461 [INFO] CodeEngine:279 - Generated code: D:\STM32cubeIDE\project\OJ\first\MXTmpFiles\system.tmp
2024-08-09 08:17:10,468 [INFO] CodeEngine:311 - oldGeneratedFile, D:\STM32cubeIDE\project\OJ\first\Core\Inc\stm32f1xx_hal_conf.h_save
2024-08-09 08:17:10,502 [INFO] CodeEngine:335 - Generated code: D:\STM32cubeIDE\project\OJ\first\Core\Inc\stm32f1xx_hal_conf.h
2024-08-09 08:17:10,510 [WARN] IPConfigManager:3513 - IP not found : TIM
2024-08-09 08:17:10,510 [WARN] CodeGenerator:3951 - IP not found : null
2024-08-09 08:17:10,518 [INFO] CodeEngine:255 - oldGeneratedFile, D:\STM32cubeIDE\project\OJ\first\Core\Inc\main.h_save
2024-08-09 08:17:10,553 [INFO] CodeEngine:279 - Generated code: D:\STM32cubeIDE\project\OJ\first\Core\Inc\main.h
2024-08-09 08:17:10,562 [INFO] CodeEngine:255 - oldGeneratedFile, D:\STM32cubeIDE\project\OJ\first\Core\Src\main.c_save
2024-08-09 08:17:10,610 [INFO] CodeEngine:279 - Generated code: D:\STM32cubeIDE\project\OJ\first\Core\Src\main.c
2024-08-09 08:17:10,745 [INFO] ProjectBuilder:3163 - Time for Copy HAL[1] : 76mS.
2024-08-09 08:17:10,746 [INFO] ProjectBuilder:4736 - Project Generator version: 4.3.0-B58
2024-08-09 08:17:10,775 [INFO] ConfigFileManager:1503 - The Die is : DIE410
2024-08-09 08:17:11,255 [INFO] ProjectBuilder:5002 - Time for Generating toolchain IDE Files: 509mS.
2024-08-09 08:17:11,256 [INFO] ProjectBuilder:3034 - Time for Copy CMSIS : 0mS.
2024-08-09 08:17:11,259 [INFO] ProjectBuilder:3034 - Time for Copy CMSIS : 1mS.
2024-08-09 13:24:04,292 [ERROR] LogOutputStream:75 - [STDERR_REDIRECT] 
