2024-07-01 08:26:23,234 [INFO] Activator:176 - 


2024-07-01 08:26:23,234 [INFO] Activator:177 - !SESSION log4j initialized
2024-07-01 08:26:26,544 [INFO] LogOutputStream:77 - [STDOUT_REDIRECT] 
2024-07-01 08:26:27,984 [INFO] ApplicationProperties:184 - Using Application install path: C:\ST\STM32CubeIDE_1.15.1\STM32CubeIDE\plugins\com.st.stm32cube.common.mx_6.11.1.202404110753
2024-07-01 08:26:27,995 [INFO] DbMcusXml:78 - Set database path to: C:\ST\STM32CubeIDE_1.15.1\STM32CubeIDE\plugins\com.st.stm32cube.common.mx_6.11.1.202404110753\\db\/mcu/
2024-07-01 08:26:27,995 [INFO] ApiDb:274 - Set plugin database path to: C:\ST\STM32CubeIDE_1.15.1\STM32CubeIDE\plugins\com.st.stm32cube.common.mx_6.11.1.202404110753\\db\/plugins/boardmanager/
2024-07-01 08:26:27,996 [WARN] ApiDb:259 - Overriding images path with different value:  => C:\ST\STM32CubeIDE_1.15.1\STM32CubeIDE\plugins\com.st.stm32cube.common.mx_6.11.1.202404110753\\db\/plugins/mcufinder/images/
2024-07-01 08:26:28,001 [INFO] ApiDb:250 - Set database path to: C:\Users\jhwang\.stmcufinder\plugins\mcufinder//mcu/
2024-07-01 08:26:28,002 [INFO] DbMcusAds:125 - Set database path to: C:\Users\jhwang\.stmcufinder\plugins\mcufinder//mcu/
2024-07-01 08:26:28,003 [INFO] CrossReferenceDbSqlite:203 - Set database path to: C:\Users\jhwang\.stmcufinder\plugins\mcufinder//mcu/cs/
2024-07-01 08:26:28,071 [INFO] RulesReader:64 - Compatibility file has been processed (297 Rules)
2024-07-01 08:26:28,129 [INFO] DbMcusXml:78 - Set database path to: C:\ST\STM32CubeIDE_1.15.1\STM32CubeIDE\plugins\com.st.stm32cube.common.mx_6.11.1.202404110753\\db\/mcu/
2024-07-01 08:26:28,129 [INFO] ApiDb:274 - Set plugin database path to: C:\ST\STM32CubeIDE_1.15.1\STM32CubeIDE\plugins\com.st.stm32cube.common.mx_6.11.1.202404110753\\db\/plugins/boardmanager/
2024-07-01 08:26:28,129 [INFO] ApiDb:261 - Set plugin images path to: C:\ST\STM32CubeIDE_1.15.1\STM32CubeIDE\plugins\com.st.stm32cube.common.mx_6.11.1.202404110753\\db\/plugins/mcufinder/images/
2024-07-01 08:26:28,129 [WARN] DbFile:41 - Overriding database path with different value: C:\Users\jhwang\.stmcufinder\plugins\mcufinder/ => C:\Users\jhwang\.stmcufinder\plugins\mcufinder
2024-07-01 08:26:28,129 [INFO] ApiDb:250 - Set database path to: C:\Users\jhwang\.stmcufinder\plugins\mcufinder//mcu/
2024-07-01 08:26:28,129 [WARN] DbFile:41 - Overriding database path with different value: C:\Users\jhwang\.stmcufinder\plugins\mcufinder/ => C:\Users\jhwang\.stmcufinder\plugins\mcufinder
2024-07-01 08:26:28,129 [INFO] DbMcusAds:125 - Set database path to: C:\Users\jhwang\.stmcufinder\plugins\mcufinder//mcu/
2024-07-01 08:26:28,129 [WARN] DbFile:41 - Overriding database path with different value: C:\Users\jhwang\.stmcufinder\plugins\mcufinder/ => C:\Users\jhwang\.stmcufinder\plugins\mcufinder
2024-07-01 08:26:28,129 [WARN] DbFile:41 - Overriding database path with different value: C:\Users\jhwang\.stmcufinder\plugins\mcufinder/ => C:\Users\jhwang\.stmcufinder\plugins\mcufinder
2024-07-01 08:26:28,129 [INFO] CrossReferenceDbSqlite:203 - Set database path to: C:\Users\jhwang\.stmcufinder\plugins\mcufinder//mcu/cs/
2024-07-01 08:26:28,172 [INFO] MainPanel:264 - HeapMemory: 268435456
2024-07-01 08:26:28,221 [INFO] DbMcusXml:78 - Set database path to: C:\ST\STM32CubeIDE_1.15.1\STM32CubeIDE\plugins\com.st.stm32cube.common.mx_6.11.1.202404110753\\db\/mcu/
2024-07-01 08:26:28,221 [INFO] ApiDb:274 - Set plugin database path to: C:\ST\STM32CubeIDE_1.15.1\STM32CubeIDE\plugins\com.st.stm32cube.common.mx_6.11.1.202404110753\\db\/plugins/boardmanager/
2024-07-01 08:26:28,221 [INFO] ApiDb:261 - Set plugin images path to: C:\ST\STM32CubeIDE_1.15.1\STM32CubeIDE\plugins\com.st.stm32cube.common.mx_6.11.1.202404110753\\db\/plugins/mcufinder/images/
2024-07-01 08:26:28,222 [WARN] DbFile:41 - Overriding database path with different value: C:\Users\jhwang\.stmcufinder\plugins\mcufinder/ => C:\Users\jhwang\.stmcufinder\plugins\mcufinder
2024-07-01 08:26:28,222 [INFO] ApiDb:250 - Set database path to: C:\Users\jhwang\.stmcufinder\plugins\mcufinder//mcu/
2024-07-01 08:26:28,222 [WARN] DbFile:41 - Overriding database path with different value: C:\Users\jhwang\.stmcufinder\plugins\mcufinder/ => C:\Users\jhwang\.stmcufinder\plugins\mcufinder
2024-07-01 08:26:28,222 [INFO] DbMcusAds:125 - Set database path to: C:\Users\jhwang\.stmcufinder\plugins\mcufinder//mcu/
2024-07-01 08:26:28,222 [WARN] DbFile:41 - Overriding database path with different value: C:\Users\jhwang\.stmcufinder\plugins\mcufinder/ => C:\Users\jhwang\.stmcufinder\plugins\mcufinder
2024-07-01 08:26:28,222 [WARN] DbFile:41 - Overriding database path with different value: C:\Users\jhwang\.stmcufinder\plugins\mcufinder/ => C:\Users\jhwang\.stmcufinder\plugins\mcufinder
2024-07-01 08:26:28,222 [INFO] CrossReferenceDbSqlite:203 - Set database path to: C:\Users\jhwang\.stmcufinder\plugins\mcufinder//mcu/cs/
2024-07-01 08:26:28,232 [INFO] ApplicationProperties:184 - Using Application install path: C:\ST\STM32CubeIDE_1.15.1\STM32CubeIDE\plugins\com.st.stm32cube.common.mx_6.11.1.202404110753
2024-07-01 08:26:28,233 [INFO] PluginManage:196 - Search for loadable plugins [exclusion list=, ]
2024-07-01 08:26:28,234 [INFO] PluginManage:310 - Check plugin analytics
2024-07-01 08:26:28,326 [INFO] AnalyticsPlugin:253 - Accepted Software Licenses: 
2024-07-01 08:26:28,326 [INFO] AnalyticsPlugin:255 - Accepted CMSIS Pack Licenses: 
2024-07-01 08:26:28,326 [INFO] AnalyticsPlugin:257 - Accepted Firmware Licenses: 
2024-07-01 08:26:28,329 [INFO] PluginManage:359 - Loaded plugin analytics (category:tool,tabindex:-1)
2024-07-01 08:26:28,330 [INFO] PluginManage:310 - Check plugin cadmodel
2024-07-01 08:26:28,347 [INFO] CADModel:105 - Init CAD model plugin
2024-07-01 08:26:28,347 [INFO] PluginManage:359 - Loaded plugin cadmodel (category:power,tabindex:5)
2024-07-01 08:26:28,347 [INFO] PluginManage:310 - Check plugin clock
2024-07-01 08:26:28,359 [INFO] PluginManage:359 - Loaded plugin clock (category:base,tabindex:2)
2024-07-01 08:26:28,359 [INFO] PluginManage:310 - Check plugin ddr
2024-07-01 08:26:28,361 [INFO] PluginManage:359 - Loaded plugin ddr (category:tool,tabindex:6)
2024-07-01 08:26:28,361 [INFO] PluginManage:310 - Check plugin filemanager
2024-07-01 08:26:28,452 [INFO] PluginManage:359 - Loaded plugin filemanager (category:base,tabindex:10)
2024-07-01 08:26:28,452 [INFO] PluginManage:310 - Check plugin ipmanager
2024-07-01 08:26:28,456 [INFO] PluginManage:359 - Loaded plugin ipmanager (category:base,tabindex:5)
2024-07-01 08:26:28,457 [INFO] PluginManage:310 - Check plugin lpbam
2024-07-01 08:26:28,472 [INFO] PluginManage:359 - Loaded plugin lpbam (category:base,tabindex:0)
2024-07-01 08:26:28,472 [INFO] PluginManage:310 - Check plugin memorymap
2024-07-01 08:26:28,499 [INFO] PluginManage:359 - Loaded plugin memorymap (category:base,tabindex:4)
2024-07-01 08:26:28,499 [INFO] PluginManage:310 - Check plugin pinoutandconfiguration
2024-07-01 08:26:28,515 [INFO] PluginManage:359 - Loaded plugin pinoutandconfiguration (category:base,tabindex:1)
2024-07-01 08:26:28,515 [INFO] PluginManage:310 - Check plugin pinoutconfig
2024-07-01 08:26:28,579 [WARN] SupportedApi:132 - Cannot load RTOS API schema: s4s-elt-must-match.1: The content of 'definitions' must match (annotation?, (simpleType | complexType)?, (unique | key | keyref)*)). A problem was found starting at: attribute.
2024-07-01 08:26:28,652 [INFO] PluginManage:359 - Loaded plugin pinoutconfig (category:base,tabindex:0)
2024-07-01 08:26:28,652 [INFO] PluginManage:310 - Check plugin power
2024-07-01 08:26:28,670 [INFO] PluginManage:359 - Loaded plugin power (category:power,tabindex:4)
2024-07-01 08:26:28,670 [INFO] PluginManage:310 - Check plugin projectmanager
2024-07-01 08:26:28,679 [INFO] PluginManage:359 - Loaded plugin projectmanager (category:projectmanager,tabindex:3)
2024-07-01 08:26:28,679 [INFO] PluginManage:310 - Check plugin thirdparty
2024-07-01 08:26:28,827 [WARN] IntegrityCheckThread:84 - waiting for thirdparty lock release [integrity check]
2024-07-01 08:26:28,828 [INFO] IntegrityCheckThread:86 - entering critical section [integrity check]
2024-07-01 08:26:28,828 [INFO] PluginManage:359 - Loaded plugin thirdparty (category:base,tabindex:-1)
2024-07-01 08:26:28,828 [INFO] PluginManage:310 - Check plugin tools
2024-07-01 08:26:28,828 [INFO] ThirdPartyUpdaterWithRetryManager:70 - Updater plugin not ready yet. [1/15]
2024-07-01 08:26:28,832 [INFO] PluginManage:359 - Loaded plugin tools (category:base,tabindex:7)
2024-07-01 08:26:28,832 [INFO] PluginManage:310 - Check plugin tutovideos
2024-07-01 08:26:28,944 [INFO] PluginManage:359 - Loaded plugin tutovideos (category:base,tabindex:-1)
2024-07-01 08:26:28,944 [INFO] PluginManage:310 - Check plugin updater
2024-07-01 08:26:28,950 [INFO] PluginManage:359 - Loaded plugin updater (category:base,tabindex:12)
2024-07-01 08:26:28,950 [INFO] PluginManage:310 - Check plugin userauth
2024-07-01 08:26:28,954 [INFO] UserAuth:114 - Init User Auth plugin
2024-07-01 08:26:28,954 [INFO] PluginManage:359 - Loaded plugin userauth (category:base,tabindex:14)
2024-07-01 08:26:28,954 [INFO] PluginManage:283 - PluginManage : Loaded plugins [17]
2024-07-01 08:26:29,079 [INFO] PinOutPanel:1561 - setPackage(No Configuration,No Configuration)
2024-07-01 08:26:29,123 [INFO] CADModel:165 - CPN selected for project level
2024-07-01 08:26:29,123 [INFO] CADModel:114 - Register for checkConnection events
2024-07-01 08:26:29,136 [INFO] IPUIPlugin:80 - create IPUIPlugin
2024-07-01 08:26:29,136 [INFO] PluginManager:220 - loadIPPluginJar : add adc
2024-07-01 08:26:29,141 [INFO] IPUIPlugin:80 - create IPUIPlugin
2024-07-01 08:26:29,141 [INFO] PluginManager:220 - loadIPPluginJar : add aes
2024-07-01 08:26:29,149 [INFO] IPUIPlugin:80 - create IPUIPlugin
2024-07-01 08:26:29,149 [INFO] PluginManager:220 - loadIPPluginJar : add can
2024-07-01 08:26:29,153 [INFO] IPUIPlugin:80 - create IPUIPlugin
2024-07-01 08:26:29,154 [INFO] PluginManager:220 - loadIPPluginJar : add comp
2024-07-01 08:26:29,157 [INFO] IPUIPlugin:80 - create IPUIPlugin
2024-07-01 08:26:29,158 [INFO] PluginManager:220 - loadIPPluginJar : add cryp
2024-07-01 08:26:29,160 [INFO] IPUIPlugin:80 - create IPUIPlugin
2024-07-01 08:26:29,160 [INFO] PluginManager:220 - loadIPPluginJar : add dfsdm
2024-07-01 08:26:29,170 [INFO] IPUIPlugin:80 - create IPUIPlugin
2024-07-01 08:26:29,170 [INFO] PluginManager:220 - loadIPPluginJar : add dma
2024-07-01 08:26:29,175 [INFO] IPUIPlugin:80 - create IPUIPlugin
2024-07-01 08:26:29,175 [INFO] PluginManager:220 - loadIPPluginJar : add dma3
2024-07-01 08:26:29,183 [INFO] IPUIPlugin:80 - create IPUIPlugin
2024-07-01 08:26:29,183 [INFO] PluginManager:220 - loadIPPluginJar : add extmemmanager
2024-07-01 08:26:29,185 [INFO] IPUIPlugin:80 - create IPUIPlugin
2024-07-01 08:26:29,185 [INFO] PluginManager:220 - loadIPPluginJar : add fatfs
2024-07-01 08:26:29,192 [INFO] IPUIPlugin:80 - create IPUIPlugin
2024-07-01 08:26:29,192 [INFO] PluginManager:220 - loadIPPluginJar : add fmc
2024-07-01 08:26:29,200 [INFO] IPUIPlugin:80 - create IPUIPlugin
2024-07-01 08:26:29,200 [INFO] PluginManager:220 - loadIPPluginJar : add freertos
2024-07-01 08:26:29,202 [INFO] IPUIPlugin:80 - create IPUIPlugin
2024-07-01 08:26:29,202 [INFO] PluginManager:220 - loadIPPluginJar : add genericplugin
2024-07-01 08:26:29,206 [INFO] IPUIPlugin:80 - create IPUIPlugin
2024-07-01 08:26:29,206 [INFO] PluginManager:220 - loadIPPluginJar : add gfxmmu
2024-07-01 08:26:29,220 [INFO] IPUIPlugin:80 - create IPUIPlugin
2024-07-01 08:26:29,220 [INFO] PluginManager:220 - loadIPPluginJar : add gic
2024-07-01 08:26:29,234 [INFO] IPUIPlugin:80 - create IPUIPlugin
2024-07-01 08:26:29,234 [INFO] PluginManager:220 - loadIPPluginJar : add gpio
2024-07-01 08:26:29,245 [INFO] IPUIPlugin:80 - create IPUIPlugin
2024-07-01 08:26:29,245 [INFO] PluginManager:220 - loadIPPluginJar : add gtzc
2024-07-01 08:26:29,255 [INFO] IPUIPlugin:80 - create IPUIPlugin
2024-07-01 08:26:29,255 [INFO] PluginManager:220 - loadIPPluginJar : add hash
2024-07-01 08:26:29,267 [INFO] IPUIPlugin:80 - create IPUIPlugin
2024-07-01 08:26:29,267 [INFO] PluginManager:220 - loadIPPluginJar : add i2c
2024-07-01 08:26:29,280 [INFO] IPUIPlugin:80 - create IPUIPlugin
2024-07-01 08:26:29,280 [INFO] PluginManager:220 - loadIPPluginJar : add i2s
2024-07-01 08:26:29,289 [INFO] IPUIPlugin:80 - create IPUIPlugin
2024-07-01 08:26:29,289 [INFO] PluginManager:220 - loadIPPluginJar : add i3c
2024-07-01 08:26:29,297 [INFO] IPUIPlugin:80 - create IPUIPlugin
2024-07-01 08:26:29,297 [INFO] PluginManager:220 - loadIPPluginJar : add ipddr
2024-07-01 08:26:29,305 [INFO] IPUIPlugin:80 - create IPUIPlugin
2024-07-01 08:26:29,306 [INFO] PluginManager:220 - loadIPPluginJar : add linkedlist
2024-07-01 08:26:29,310 [INFO] IPUIPlugin:80 - create IPUIPlugin
2024-07-01 08:26:29,310 [INFO] PluginManager:220 - loadIPPluginJar : add lorawan
2024-07-01 08:26:29,313 [INFO] IPUIPlugin:80 - create IPUIPlugin
2024-07-01 08:26:29,313 [INFO] PluginManager:220 - loadIPPluginJar : add ltdc
2024-07-01 08:26:29,325 [INFO] IPUIPlugin:80 - create IPUIPlugin
2024-07-01 08:26:29,325 [INFO] PluginManager:220 - loadIPPluginJar : add mdma
2024-07-01 08:26:29,330 [INFO] IPUIPlugin:80 - create IPUIPlugin
2024-07-01 08:26:29,330 [INFO] PluginManager:220 - loadIPPluginJar : add nvic
2024-07-01 08:26:29,334 [INFO] IPUIPlugin:80 - create IPUIPlugin
2024-07-01 08:26:29,334 [INFO] PluginManager:220 - loadIPPluginJar : add opamp
2024-07-01 08:26:29,338 [INFO] IPUIPlugin:80 - create IPUIPlugin
2024-07-01 08:26:29,338 [INFO] PluginManager:220 - loadIPPluginJar : add openamp
2024-07-01 08:26:29,343 [INFO] IPUIPlugin:80 - create IPUIPlugin
2024-07-01 08:26:29,343 [INFO] PluginManager:220 - loadIPPluginJar : add pdm2pcm
2024-07-01 08:26:29,350 [INFO] IPUIPlugin:80 - create IPUIPlugin
2024-07-01 08:26:29,351 [INFO] PluginManager:220 - loadIPPluginJar : add plateformsettings
2024-07-01 08:26:29,354 [INFO] IPUIPlugin:80 - create IPUIPlugin
2024-07-01 08:26:29,354 [INFO] PluginManager:220 - loadIPPluginJar : add quadspi
2024-07-01 08:26:29,360 [INFO] IPUIPlugin:80 - create IPUIPlugin
2024-07-01 08:26:29,360 [INFO] PluginManager:220 - loadIPPluginJar : add resmgrutility
2024-07-01 08:26:29,371 [INFO] IPUIPlugin:80 - create IPUIPlugin
2024-07-01 08:26:29,371 [INFO] PluginManager:220 - loadIPPluginJar : add sai
2024-07-01 08:26:29,381 [INFO] IPUIPlugin:80 - create IPUIPlugin
2024-07-01 08:26:29,381 [INFO] PluginManager:220 - loadIPPluginJar : add spi
2024-07-01 08:26:29,389 [INFO] IPUIPlugin:80 - create IPUIPlugin
2024-07-01 08:26:29,389 [INFO] PluginManager:220 - loadIPPluginJar : add stm32_wpan
2024-07-01 08:26:29,392 [INFO] IPUIPlugin:80 - create IPUIPlugin
2024-07-01 08:26:29,392 [INFO] PluginManager:220 - loadIPPluginJar : add tim
2024-07-01 08:26:29,403 [INFO] IPUIPlugin:80 - create IPUIPlugin
2024-07-01 08:26:29,403 [INFO] PluginManager:220 - loadIPPluginJar : add touchsensing
2024-07-01 08:26:29,406 [INFO] IPUIPlugin:80 - create IPUIPlugin
2024-07-01 08:26:29,406 [INFO] PluginManager:220 - loadIPPluginJar : add tracer_emb
2024-07-01 08:26:29,408 [INFO] IPUIPlugin:80 - create IPUIPlugin
2024-07-01 08:26:29,408 [INFO] PluginManager:220 - loadIPPluginJar : add ts
2024-07-01 08:26:29,410 [INFO] IPUIPlugin:80 - create IPUIPlugin
2024-07-01 08:26:29,410 [INFO] PluginManager:220 - loadIPPluginJar : add tsc
2024-07-01 08:26:29,413 [INFO] IPUIPlugin:80 - create IPUIPlugin
2024-07-01 08:26:29,413 [INFO] PluginManager:220 - loadIPPluginJar : add ucpd
2024-07-01 08:26:29,419 [INFO] IPUIPlugin:80 - create IPUIPlugin
2024-07-01 08:26:29,419 [INFO] PluginManager:220 - loadIPPluginJar : add usart
2024-07-01 08:26:29,423 [INFO] IPUIPlugin:80 - create IPUIPlugin
2024-07-01 08:26:29,423 [INFO] PluginManager:220 - loadIPPluginJar : add usbx
2024-07-01 08:26:29,531 [INFO] CADModel:165 - CPN selected for project level
2024-07-01 08:26:29,531 [INFO] CADModel:114 - Register for checkConnection events
2024-07-01 08:26:29,531 [FATAL] Updater:308 - Updater called before beeing initialized
2024-07-01 08:26:29,531 [ERROR] CADModel:125 - Updater not yet initialized, retry later 
2024-07-01 08:26:29,610 [INFO] CADModel:165 - CPN selected for project level
2024-07-01 08:26:29,610 [INFO] CADModel:114 - Register for checkConnection events
2024-07-01 08:26:29,610 [FATAL] Updater:308 - Updater called before beeing initialized
2024-07-01 08:26:29,610 [ERROR] CADModel:125 - Updater not yet initialized, retry later 
2024-07-01 08:26:29,612 [FATAL] Updater:308 - Updater called before beeing initialized
2024-07-01 08:26:29,677 [FATAL] Updater:308 - Updater called before beeing initialized
2024-07-01 08:26:29,694 [INFO] DbMcusAds:53 - JSON generation date=Thu May 16 18:22:00 KST 2024 (1715851320852)
2024-07-01 08:26:29,694 [FATAL] Updater:308 - Updater called before beeing initialized
2024-07-01 08:26:29,716 [WARN] DetailPanel:346 - Failed to get advertising image, set to default
2024-07-01 08:26:29,769 [FATAL] Updater:308 - Updater called before beeing initialized
2024-07-01 08:26:29,770 [FATAL] Updater:308 - Updater called before beeing initialized
2024-07-01 08:26:29,770 [FATAL] Updater:308 - Updater called before beeing initialized
2024-07-01 08:26:29,770 [WARN] DetailPanel:346 - Failed to get advertising image, set to default
2024-07-01 08:26:29,771 [FATAL] Updater:308 - Updater called before beeing initialized
2024-07-01 08:26:29,796 [ERROR] Updater:1120 - MainUpdater not yet initialized. External WinMGr cannot be set.
2024-07-01 08:26:29,800 [INFO] Updater:1056 - Updater Version found : 6.11.1
2024-07-01 08:26:29,814 [INFO] ApplicationProperties:184 - Using Application install path: C:\ST\STM32CubeIDE_1.15.1\STM32CubeIDE\plugins\com.st.stm32cube.common.mx_6.11.1.202404110753
2024-07-01 08:26:31,387 [ERROR] LogOutputStream:75 - [STDERR_REDIRECT] Jul 01, 2024 8:26:31 AM java.util.prefs.WindowsPreferences <init>
2024-07-01 08:26:31,389 [ERROR] LogOutputStream:75 - [STDERR_REDIRECT] WARNING: Could not open/create prefs root node Software\JavaSoft\Prefs at root 0xffffffff80000002. Windows RegCreateKeyEx(...) returned error code 5.
2024-07-01 08:26:31,389 [ERROR] LogOutputStream:75 - [STDERR_REDIRECT] 
2024-07-01 08:26:31,830 [INFO] ThirdPartyUpdaterWithRetryManager:70 - Updater plugin not ready yet. [2/15]
2024-07-01 08:26:31,994 [INFO] MainUpdater:2873 - connection check result : 10
2024-07-01 08:26:31,995 [INFO] MainUpdater:3567 - Updater definition file requires update
2024-07-01 08:26:31,995 [INFO] MainUpdater:290 - Updater Check For Update Now.
2024-07-01 08:26:31,995 [INFO] MicroXplorer:498 - Change Database Version : DB.6.0.111
2024-07-01 08:26:32,000 [INFO] McuFinderGlobals:63 - Set McuFinder mode to 2 (CubeIDE integrated)
2024-07-01 08:26:32,000 [INFO] UserAuth:179 - activating auth plugin
2024-07-01 08:26:32,001 [INFO] UserAuth:415 - Internet connection configuration mode: 1
2024-07-01 08:26:32,011 [INFO] JxBrowserEngine:152 - Initiate JxBrowser Engine with user profile folder
2024-07-01 08:26:32,145 [INFO] ServerAccessManage:473 - Download File updaters.zip
2024-07-01 08:26:32,506 [INFO] FileExtend:240 - Unzip File : updaters.zip
2024-07-01 08:26:32,506 [INFO] FileExtend:255 - Standard Zip Deflate
2024-07-01 08:26:32,811 [INFO] WebApp:161 - Instantiating new browser for Auth
2024-07-01 08:26:33,095 [INFO] ServerAccessManage:473 - Download File PacksControlFlags.xml
2024-07-01 08:26:33,101 [INFO] WebApp:779 - Register for checkConnection events
2024-07-01 08:26:33,101 [INFO] WebApp:414 - Apply proxy settings
2024-07-01 08:26:33,101 [INFO] WebApp:499 - Chromium requires no authentication
2024-07-01 08:26:33,105 [INFO] WebApp:442 - Direct internet connection detected
2024-07-01 08:26:33,201 [INFO] WebApp:192 - Starting web application
2024-07-01 08:26:33,201 [INFO] WebApp:544 - Web application path used C:\ST\STM32CubeIDE_1.15.1\STM32CubeIDE\plugins\com.st.stm32cube.common.mx_6.11.1.202404110753\db\plugins\mcufinder\reactClient1\index.html
2024-07-01 08:26:33,294 [INFO] ServerAccessManage:473 - Download File cubemx.pidx
2024-07-01 08:26:34,833 [WARN] MainUpdater:1194 - Updater busy. Cannot search thirdparties
2024-07-01 08:26:34,833 [INFO] ThirdPartyUpdaterWithRetryManager:96 - Updater plugin is busy. [1/15]
2024-07-01 08:26:34,968 [INFO] ServerAccessManage:473 - Download File STMicroelectronics.FP-SNS-MOTENVWB1.pdsc
2024-07-01 08:26:37,836 [WARN] MainUpdater:1194 - Updater busy. Cannot search thirdparties
2024-07-01 08:26:37,837 [INFO] ThirdPartyUpdaterWithRetryManager:96 - Updater plugin is busy. [2/15]
2024-07-01 08:26:39,029 [INFO] ServerAccessManage:473 - Download File STMicroelectronics.FP-SNS-SMARTAG2.pdsc
2024-07-01 08:26:40,385 [INFO] ServerAccessManage:473 - Download File STMicroelectronics.X-CUBE-AI.pdsc
2024-07-01 08:26:40,837 [WARN] MainUpdater:1194 - Updater busy. Cannot search thirdparties
2024-07-01 08:26:40,838 [INFO] ThirdPartyUpdaterWithRetryManager:96 - Updater plugin is busy. [3/15]
2024-07-01 08:26:43,838 [WARN] MainUpdater:1194 - Updater busy. Cannot search thirdparties
2024-07-01 08:26:43,838 [INFO] ThirdPartyUpdaterWithRetryManager:96 - Updater plugin is busy. [4/15]
2024-07-01 08:26:46,839 [WARN] MainUpdater:1194 - Updater busy. Cannot search thirdparties
2024-07-01 08:26:46,840 [INFO] ThirdPartyUpdaterWithRetryManager:96 - Updater plugin is busy. [5/15]
2024-07-01 08:26:49,840 [WARN] MainUpdater:1194 - Updater busy. Cannot search thirdparties
2024-07-01 08:26:49,841 [INFO] ThirdPartyUpdaterWithRetryManager:96 - Updater plugin is busy. [6/15]
2024-07-01 08:26:52,027 [INFO] ServerAccessManage:473 - Download File STMicroelectronics.X-CUBE-ALS.pdsc
2024-07-01 08:26:52,842 [WARN] MainUpdater:1194 - Updater busy. Cannot search thirdparties
2024-07-01 08:26:52,842 [INFO] ThirdPartyUpdaterWithRetryManager:96 - Updater plugin is busy. [7/15]
2024-07-01 08:26:53,342 [INFO] ServerAccessManage:473 - Download File STMicroelectronics.X-CUBE-BLE1.pdsc
2024-07-01 08:26:55,844 [WARN] MainUpdater:1194 - Updater busy. Cannot search thirdparties
2024-07-01 08:26:55,844 [INFO] ThirdPartyUpdaterWithRetryManager:96 - Updater plugin is busy. [8/15]
2024-07-01 08:26:58,846 [WARN] MainUpdater:1194 - Updater busy. Cannot search thirdparties
2024-07-01 08:26:58,846 [INFO] ThirdPartyUpdaterWithRetryManager:96 - Updater plugin is busy. [9/15]
2024-07-01 08:27:01,847 [WARN] MainUpdater:1194 - Updater busy. Cannot search thirdparties
2024-07-01 08:27:01,847 [INFO] ThirdPartyUpdaterWithRetryManager:96 - Updater plugin is busy. [10/15]
2024-07-01 08:27:04,108 [ERROR] ServerAccessManage:1089 - Problem, file not found on Server
2024-07-01 08:27:04,577 [INFO] ServerAccessManage:473 - Download File STMicroelectronics.X-CUBE-BLE2.pdsc
2024-07-01 08:27:04,848 [WARN] MainUpdater:1194 - Updater busy. Cannot search thirdparties
2024-07-01 08:27:04,849 [INFO] ThirdPartyUpdaterWithRetryManager:96 - Updater plugin is busy. [11/15]
2024-07-01 08:27:07,851 [WARN] MainUpdater:1194 - Updater busy. Cannot search thirdparties
2024-07-01 08:27:07,851 [INFO] ThirdPartyUpdaterWithRetryManager:96 - Updater plugin is busy. [12/15]
2024-07-01 08:27:10,853 [WARN] MainUpdater:1194 - Updater busy. Cannot search thirdparties
2024-07-01 08:27:10,853 [INFO] ThirdPartyUpdaterWithRetryManager:96 - Updater plugin is busy. [13/15]
2024-07-01 08:27:11,036 [INFO] ServerAccessManage:473 - Download File STMicroelectronics.X-CUBE-BLEMGR.pdsc
2024-07-01 08:27:13,854 [WARN] MainUpdater:1194 - Updater busy. Cannot search thirdparties
2024-07-01 08:27:13,854 [INFO] ThirdPartyUpdaterWithRetryManager:96 - Updater plugin is busy. [14/15]
2024-07-01 08:27:16,856 [WARN] MainUpdater:1194 - Updater busy. Cannot search thirdparties
2024-07-01 08:27:16,860 [INFO] ThirdPartyUpdaterWithRetryManager:96 - Updater plugin is busy. [15/15]
2024-07-01 08:27:16,860 [ERROR] IntegrityCheckThread:130 - Cannot retrieve database content from updater: error -1
2024-07-01 08:27:16,860 [INFO] ThirdParty:978 - Integrity check success = false
2024-07-01 08:27:16,860 [INFO] IntegrityCheckThread:100 - exiting critical section [integrity check]
2024-07-01 08:27:16,860 [INFO] IntegrityCheckThread:103 - End integrity checks thread
2024-07-01 08:27:17,573 [INFO] ServerAccessManage:473 - Download File STMicroelectronics.X-CUBE-DISPLAY.pdsc
2024-07-01 08:27:22,641 [INFO] ServerAccessManage:473 - Download File STMicroelectronics.X-CUBE-EEPRMA1.pdsc
2024-07-01 08:27:24,038 [ERROR] ServerAccessManage:1089 - Problem, file not found on Server
2024-07-01 08:27:26,023 [ERROR] ServerAccessManage:1089 - Problem, file not found on Server
2024-07-01 08:27:29,034 [INFO] ServerAccessManage:473 - Download File STMicroelectronics.X-CUBE-FREERTOS.pdsc
2024-07-01 08:27:32,352 [INFO] ServerAccessManage:473 - Download File STMicroelectronics.X-CUBE-GNSS1.pdsc
2024-07-01 08:27:39,765 [ERROR] ServerAccessManage:1089 - Problem, file not found on Server
2024-07-01 08:27:40,210 [ERROR] ServerAccessManage:1089 - Problem, file not found on Server
2024-07-01 08:27:40,625 [ERROR] ServerAccessManage:1089 - Problem, file not found on Server
2024-07-01 08:27:41,488 [ERROR] ServerAccessManage:1089 - Problem, file not found on Server
2024-07-01 08:27:42,330 [ERROR] ServerAccessManage:1089 - Problem, file not found on Server
2024-07-01 08:27:43,223 [ERROR] ServerAccessManage:1089 - Problem, file not found on Server
2024-07-01 08:27:44,069 [INFO] ServerAccessManage:473 - Download File STMicroelectronics.X-CUBE-ISPU.pdsc
2024-07-01 08:27:47,490 [INFO] ServerAccessManage:473 - Download File STMicroelectronics.X-CUBE-MEMS1.pdsc
2024-07-01 08:28:08,543 [INFO] ServerAccessManage:473 - Download File STMicroelectronics.X-CUBE-NFC4.pdsc
2024-07-01 08:28:18,665 [INFO] ServerAccessManage:473 - Download File STMicroelectronics.X-CUBE-NFC6.pdsc
2024-07-01 08:28:21,213 [INFO] ServerAccessManage:473 - Download File STMicroelectronics.X-CUBE-NFC7.pdsc
2024-07-01 08:28:23,539 [INFO] ServerAccessManage:473 - Download File STMicroelectronics.X-CUBE-SFXS2LP1.pdsc
2024-07-01 08:28:27,641 [INFO] ServerAccessManage:473 - Download File STMicroelectronics.X-CUBE-SAFEA1.pdsc
2024-07-01 08:28:28,804 [INFO] ServerAccessManage:473 - Download File STMicroelectronics.X-CUBE-SUBG2.pdsc
2024-07-01 08:28:36,166 [INFO] ServerAccessManage:473 - Download File STMicroelectronics.X-CUBE-SMBUS.pdsc
2024-07-01 08:28:37,471 [ERROR] ServerAccessManage:1089 - Problem, file not found on Server
2024-07-01 08:28:37,766 [INFO] ServerAccessManage:473 - Download File STMicroelectronics.X-CUBE-TCPP.pdsc
2024-07-01 08:28:38,955 [INFO] ServerAccessManage:473 - Download File STMicroelectronics.X-CUBE-TOF1.pdsc
2024-07-01 08:28:44,220 [ERROR] ServerAccessManage:1089 - Problem, file not found on Server
2024-07-01 08:28:44,774 [INFO] ServerAccessManage:473 - Download File STMicroelectronics.X-CUBE-TOUCHGFX.pdsc
2024-07-01 08:28:51,538 [INFO] ServerAccessManage:473 - Download File STMicroelectronics.X-CUBE-ALGOBUILD.pdsc
2024-07-01 08:28:54,644 [INFO] ServerAccessManage:473 - Download File STMicroelectronics.X-CUBE-AZRTOS-H7.pdsc
2024-07-01 08:29:00,916 [INFO] ServerAccessManage:473 - Download File STMicroelectronics.X-CUBE-AZRTOS-H7RS.pdsc
2024-07-01 08:29:02,345 [INFO] ServerAccessManage:473 - Download File STMicroelectronics.X-CUBE-AZRTOS-F4.pdsc
2024-07-01 08:29:05,022 [INFO] ServerAccessManage:473 - Download File STMicroelectronics.X-CUBE-AZRTOS-F7.pdsc
2024-07-01 08:29:07,311 [INFO] ServerAccessManage:473 - Download File STMicroelectronics.X-CUBE-AZRTOS-L4.pdsc
2024-07-01 08:29:10,003 [INFO] ServerAccessManage:473 - Download File STMicroelectronics.X-CUBE-AZRTOS-L5.pdsc
2024-07-01 08:29:13,542 [INFO] ServerAccessManage:473 - Download File STMicroelectronics.X-CUBE-AZRTOS-G0.pdsc
2024-07-01 08:29:16,272 [INFO] ServerAccessManage:473 - Download File STMicroelectronics.X-CUBE-AZRTOS-G4.pdsc
2024-07-01 08:29:19,082 [INFO] ServerAccessManage:473 - Download File STMicroelectronics.X-CUBE-AZRTOS-WB.pdsc
2024-07-01 08:29:21,804 [INFO] ServerAccessManage:473 - Download File STMicroelectronics.X-CUBE-AZRTOS-WL.pdsc
2024-07-01 08:29:24,476 [INFO] ServerAccessManage:473 - Download File wolfSSL.I-CUBE-wolfSSL.pdsc
2024-07-01 08:29:28,756 [ERROR] ServerAccessManage:1089 - Problem, file not found on Server
2024-07-01 08:29:29,158 [ERROR] ServerAccessManage:1089 - Problem, file not found on Server
2024-07-01 08:29:29,553 [ERROR] ServerAccessManage:1089 - Problem, file not found on Server
2024-07-01 08:29:29,758 [INFO] ServerAccessManage:473 - Download File wolfSSL.I-CUBE-wolfMQTT.pdsc
2024-07-01 08:29:30,827 [ERROR] ServerAccessManage:1089 - Problem, file not found on Server
2024-07-01 08:29:32,608 [INFO] ServerAccessManage:473 - Download File SEGGER.I-CUBE-embOS.pdsc
2024-07-01 08:29:36,647 [INFO] ServerAccessManage:473 - Download File portGmbH.I-Cube-SoM-uGOAL.pdsc
2024-07-01 08:29:39,475 [ERROR] ServerAccessManage:1089 - Problem, file not found on Server
2024-07-01 08:29:39,765 [ERROR] ServerAccessManage:1089 - Problem, file not found on Server
2024-07-01 08:29:40,053 [ERROR] ServerAccessManage:1089 - Problem, file not found on Server
2024-07-01 08:29:42,012 [INFO] ServerAccessManage:473 - Download File emotas.I-CUBE-CANOPEN.pdsc
2024-07-01 08:29:44,322 [INFO] ServerAccessManage:473 - Download File WES.I-CUBE-Cesium.pdsc
2024-07-01 08:29:45,025 [ERROR] ServerAccessManage:1089 - Problem, file not found on Server
2024-07-01 08:29:45,372 [ERROR] ServerAccessManage:1089 - Problem, file not found on Server
2024-07-01 08:29:46,360 [INFO] ServerAccessManage:473 - Download File ITTIA_DB.I-CUBE-ITTIADB.pdsc
2024-07-01 08:29:50,357 [INFO] ServerAccessManage:473 - Download File Infineon.AIROC-Wi-Fi-Bluetooth-STM32.pdsc
2024-07-01 08:29:55,628 [INFO] ServerAccessManage:473 - Download File Cesanta.I-CUBE-Mongoose.pdsc
2024-07-01 08:29:58,500 [WARN] PackLoader:240 - Cannot read IP mode file for STMicroelectronics.FP-SNS-MOTENVWB1.1.4.0
2024-07-01 08:29:58,506 [WARN] PackLoader:240 - Cannot read IP mode file for STMicroelectronics.FP-SNS-SMARTAG2.1.2.0
2024-07-01 08:29:58,511 [WARN] PackLoader:240 - Cannot read IP mode file for STMicroelectronics.X-CUBE-AI.9.0.0
2024-07-01 08:29:58,515 [WARN] PackLoader:240 - Cannot read IP mode file for STMicroelectronics.X-CUBE-ALS.1.0.2
2024-07-01 08:29:58,520 [WARN] PackLoader:240 - Cannot read IP mode file for STMicroelectronics.X-CUBE-BLE1.7.0.0
2024-07-01 08:29:58,522 [WARN] PackLoader:240 - Cannot read IP mode file for STMicroelectronics.X-CUBE-BLE2.3.3.0
2024-07-01 08:29:58,527 [WARN] PackLoader:240 - Cannot read IP mode file for STMicroelectronics.X-CUBE-BLEMGR.3.1.0
2024-07-01 08:29:58,538 [WARN] PackLoader:240 - Cannot read IP mode file for STMicroelectronics.X-CUBE-DISPLAY.3.0.0
2024-07-01 08:29:58,544 [WARN] PackLoader:240 - Cannot read IP mode file for STMicroelectronics.X-CUBE-EEPRMA1.5.1.0
2024-07-01 08:29:58,551 [WARN] PackLoader:240 - Cannot read IP mode file for STMicroelectronics.X-CUBE-FREERTOS.1.2.0
2024-07-01 08:29:58,554 [WARN] PackLoader:240 - Cannot read IP mode file for STMicroelectronics.X-CUBE-GNSS1.6.0.0
2024-07-01 08:29:58,556 [WARN] PackLoader:240 - Cannot read IP mode file for STMicroelectronics.X-CUBE-ISPU.2.0.0
2024-07-01 08:29:58,573 [WARN] PackLoader:240 - Cannot read IP mode file for STMicroelectronics.X-CUBE-MEMS1.10.0.0
2024-07-01 08:29:58,613 [INFO] CheckServerUpdateThread:120 - End of CheckServer Thread
2024-07-01 08:29:58,623 [WARN] PackLoader:240 - Cannot read IP mode file for STMicroelectronics.X-CUBE-NFC4.3.0.0
2024-07-01 08:29:58,627 [WARN] PackLoader:240 - Cannot read IP mode file for STMicroelectronics.X-CUBE-NFC6.3.1.0
2024-07-01 08:29:58,631 [WARN] PackLoader:240 - Cannot read IP mode file for STMicroelectronics.X-CUBE-NFC7.1.0.1
2024-07-01 08:29:58,658 [WARN] PackLoader:240 - Cannot read IP mode file for STMicroelectronics.X-CUBE-SFXS2LP1.4.0.0
2024-07-01 08:29:58,662 [WARN] PackLoader:240 - Cannot read IP mode file for STMicroelectronics.X-CUBE-SAFEA1.1.2.2
2024-07-01 08:29:58,667 [WARN] PackLoader:240 - Cannot read IP mode file for STMicroelectronics.X-CUBE-SUBG2.5.0.0
2024-07-01 08:29:58,671 [WARN] PackLoader:240 - Cannot read IP mode file for STMicroelectronics.X-CUBE-SMBUS.2.1.0
2024-07-01 08:29:58,674 [WARN] PackLoader:240 - Cannot read IP mode file for STMicroelectronics.X-CUBE-TCPP.4.1.0
2024-07-01 08:29:58,680 [WARN] PackLoader:240 - Cannot read IP mode file for STMicroelectronics.X-CUBE-TOF1.3.4.1
2024-07-01 08:29:58,687 [WARN] PackLoader:240 - Cannot read IP mode file for STMicroelectronics.X-CUBE-TOUCHGFX.4.24.0
2024-07-01 08:29:58,691 [WARN] PackLoader:240 - Cannot read IP mode file for STMicroelectronics.X-CUBE-ALGOBUILD.1.4.0
2024-07-01 08:29:58,701 [WARN] PackLoader:240 - Cannot read IP mode file for STMicroelectronics.X-CUBE-AZRTOS-H7.3.2.0
2024-07-01 08:29:58,710 [WARN] PackLoader:240 - Cannot read IP mode file for STMicroelectronics.X-CUBE-AZRTOS-H7RS.1.0.0
2024-07-01 08:29:58,718 [WARN] PackLoader:240 - Cannot read IP mode file for STMicroelectronics.X-CUBE-AZRTOS-F4.1.1.0
2024-07-01 08:29:58,728 [WARN] PackLoader:240 - Cannot read IP mode file for STMicroelectronics.X-CUBE-AZRTOS-F7.1.1.0
2024-07-01 08:29:58,741 [WARN] ConditionMgr:438 - getConditionDescription Invalid condition id : LAN8742 Phy interface Condition cause : null
2024-07-01 08:29:58,741 [WARN] PackLoader:240 - Cannot read IP mode file for STMicroelectronics.X-CUBE-AZRTOS-L4.2.0.0
2024-07-01 08:29:58,742 [WARN] ConditionMgr:1039 - genDependencies : Invalid condition id : LAN8742 Phy interface Condition cause : null
2024-07-01 08:29:58,742 [WARN] ConditionMgr:1039 - genDependencies : Invalid condition id : LAN8742 Phy interface Condition cause : null
2024-07-01 08:29:58,742 [WARN] ConditionMgr:1039 - genDependencies : Invalid condition id : LAN8742 Phy interface Condition cause : null
2024-07-01 08:29:58,753 [WARN] PackLoader:240 - Cannot read IP mode file for STMicroelectronics.X-CUBE-AZRTOS-L5.2.0.0
2024-07-01 08:29:58,760 [WARN] PackLoader:240 - Cannot read IP mode file for STMicroelectronics.X-CUBE-AZRTOS-G0.1.1.0
2024-07-01 08:29:58,769 [WARN] PackLoader:240 - Cannot read IP mode file for STMicroelectronics.X-CUBE-AZRTOS-G4.2.0.0
2024-07-01 08:29:58,780 [WARN] ConditionMgr:438 - getConditionDescription Invalid condition id : UX DEVICE CLASS RTOS Condition cause : null
2024-07-01 08:29:58,781 [WARN] ConditionMgr:438 - getConditionDescription Invalid condition id : UX DEVICE CLASS RTOS Condition cause : null
2024-07-01 08:29:58,782 [WARN] PackLoader:240 - Cannot read IP mode file for STMicroelectronics.X-CUBE-AZRTOS-WB.2.0.0
2024-07-01 08:29:58,782 [WARN] ConditionMgr:1039 - genDependencies : Invalid condition id : UX DEVICE CLASS RTOS Condition cause : null
2024-07-01 08:29:58,782 [WARN] ConditionMgr:1039 - genDependencies : Invalid condition id : UX DEVICE CLASS RTOS Condition cause : null
2024-07-01 08:29:58,782 [WARN] ConditionMgr:1039 - genDependencies : Invalid condition id : UX DEVICE CLASS RTOS Condition cause : null
2024-07-01 08:29:58,782 [WARN] ConditionMgr:1039 - genDependencies : Invalid condition id : UX DEVICE CLASS RTOS Condition cause : null
2024-07-01 08:29:58,782 [WARN] ConditionMgr:1039 - genDependencies : Invalid condition id : UX DEVICE CLASS RTOS Condition cause : null
2024-07-01 08:29:58,788 [INFO] LogOutputStream:77 - [STDOUT_REDIRECT] 1 : Invalid condition id : UX_CORESTACK_Condition cause : null
2024-07-01 08:29:58,788 [INFO] LogOutputStream:77 - [STDOUT_REDIRECT] 1 : Invalid condition id : UX_CORESTACK_Condition cause : null
2024-07-01 08:29:58,789 [INFO] LogOutputStream:77 - [STDOUT_REDIRECT] 1 : Invalid condition id : UX_CORESTACK_Condition cause : null
2024-07-01 08:29:58,790 [INFO] LogOutputStream:77 - [STDOUT_REDIRECT] 1 : Invalid condition id : UX_CORESTACK_Condition cause : null
2024-07-01 08:29:58,791 [INFO] LogOutputStream:77 - [STDOUT_REDIRECT] 1 : Invalid condition id : UX_CORESTACK_Condition cause : null
2024-07-01 08:29:58,792 [WARN] PackLoader:240 - Cannot read IP mode file for STMicroelectronics.X-CUBE-AZRTOS-WL.2.0.0
2024-07-01 08:29:58,795 [WARN] PackLoader:240 - Cannot read IP mode file for wolfSSL.I-CUBE-wolfSSL.5.7.0
2024-07-01 08:29:58,797 [WARN] PackLoader:240 - Cannot read IP mode file for wolfSSL.I-CUBE-wolfMQTT.1.19.0
2024-07-01 08:29:58,817 [WARN] PackLoader:240 - Cannot read IP mode file for SEGGER.I-CUBE-embOS.1.3.1
2024-07-01 08:29:58,848 [WARN] PackLoader:240 - Cannot read IP mode file for portGmbH.I-Cube-SoM-uGOAL.1.1.0
2024-07-01 08:29:58,853 [WARN] PackLoader:240 - Cannot read IP mode file for emotas.I-CUBE-CANOPEN.1.3.0
2024-07-01 08:29:58,859 [WARN] PackLoader:240 - Cannot read IP mode file for WES.I-CUBE-Cesium.1.3.0
2024-07-01 08:29:58,866 [WARN] PackLoader:240 - Cannot read IP mode file for ITTIA_DB.I-CUBE-ITTIADB.8.9.0
2024-07-01 08:29:58,877 [WARN] PackLoader:240 - Cannot read IP mode file for Infineon.AIROC-Wi-Fi-Bluetooth-STM32.1.6.0
2024-07-01 08:29:58,884 [WARN] PackLoader:240 - Cannot read IP mode file for Cesanta.I-CUBE-Mongoose.7.13.0
2024-07-01 08:29:58,885 [INFO] PopulateThirdPartyThread:66 - Ending populate Thread
2024-07-01 08:29:58,886 [INFO] ThirdParty:1030 - CMSIS Pack Vendor :STMicroelectronics X-CUBE-DISPLAY 3.0.0
2024-07-01 08:29:58,887 [INFO] ThirdParty:1030 - CMSIS Pack Vendor :STMicroelectronics X-CUBE-GNSS1 6.0.0
2024-07-01 08:29:58,887 [INFO] ThirdParty:1030 - CMSIS Pack Vendor :STMicroelectronics FP-SNS-MOTENVWB1 1.4.0
2024-07-01 08:29:58,887 [INFO] ThirdParty:1030 - CMSIS Pack Vendor :STMicroelectronics X-CUBE-AZRTOS-F4 1.1.0
2024-07-01 08:29:58,887 [INFO] ThirdParty:1030 - CMSIS Pack Vendor :wolfSSL I-CUBE-wolfSSL 5.7.0
2024-07-01 08:29:58,887 [INFO] ThirdParty:1030 - CMSIS Pack Vendor :STMicroelectronics X-CUBE-BLE1 7.0.0
2024-07-01 08:29:58,887 [INFO] ThirdParty:1030 - CMSIS Pack Vendor :STMicroelectronics X-CUBE-SMBUS 2.1.0
2024-07-01 08:29:58,887 [INFO] ThirdParty:1030 - CMSIS Pack Vendor :STMicroelectronics X-CUBE-ISPU 2.0.0
2024-07-01 08:29:58,887 [INFO] ThirdParty:1030 - CMSIS Pack Vendor :STMicroelectronics X-CUBE-TCPP 4.1.0
2024-07-01 08:29:58,887 [INFO] ThirdParty:1030 - CMSIS Pack Vendor :STMicroelectronics X-CUBE-EEPRMA1 5.1.0
2024-07-01 08:29:58,887 [INFO] ThirdParty:1030 - CMSIS Pack Vendor :STMicroelectronics X-CUBE-ALS 1.0.2
2024-07-01 08:29:58,887 [INFO] ThirdParty:1030 - CMSIS Pack Vendor :STMicroelectronics X-CUBE-FREERTOS 1.2.0
2024-07-01 08:29:58,887 [INFO] ThirdParty:1030 - CMSIS Pack Vendor :STMicroelectronics X-CUBE-AZRTOS-WB 2.0.0
2024-07-01 08:29:58,887 [INFO] ThirdParty:1030 - CMSIS Pack Vendor :emotas I-CUBE-CANOPEN 1.3.0
2024-07-01 08:29:58,887 [INFO] ThirdParty:1030 - CMSIS Pack Vendor :STMicroelectronics X-CUBE-MEMS1 10.0.0
2024-07-01 08:29:58,887 [INFO] ThirdParty:1030 - CMSIS Pack Vendor :STMicroelectronics X-CUBE-NFC7 1.0.1
2024-07-01 08:29:58,887 [INFO] ThirdParty:1030 - CMSIS Pack Vendor :STMicroelectronics X-CUBE-TOUCHGFX 4.24.0
2024-07-01 08:29:58,887 [INFO] ThirdParty:1030 - CMSIS Pack Vendor :ITTIA_DB I-CUBE-ITTIADB 8.9.0
2024-07-01 08:29:58,887 [INFO] ThirdParty:1030 - CMSIS Pack Vendor :STMicroelectronics X-CUBE-AZRTOS-F7 1.1.0
2024-07-01 08:29:58,887 [INFO] ThirdParty:1030 - CMSIS Pack Vendor :STMicroelectronics X-CUBE-AZRTOS-L5 2.0.0
2024-07-01 08:29:58,887 [INFO] ThirdParty:1030 - CMSIS Pack Vendor :portGmbH I-Cube-SoM-uGOAL 1.1.0
2024-07-01 08:29:58,887 [INFO] ThirdParty:1030 - CMSIS Pack Vendor :STMicroelectronics X-CUBE-NFC6 3.1.0
2024-07-01 08:29:58,887 [INFO] ThirdParty:1030 - CMSIS Pack Vendor :STMicroelectronics X-CUBE-BLEMGR 3.1.0
2024-07-01 08:29:58,887 [INFO] ThirdParty:1030 - CMSIS Pack Vendor :STMicroelectronics FP-SNS-SMARTAG2 1.2.0
2024-07-01 08:29:58,887 [INFO] ThirdParty:1030 - CMSIS Pack Vendor :STMicroelectronics X-CUBE-AZRTOS-WL 2.0.0
2024-07-01 08:29:58,887 [INFO] ThirdParty:1030 - CMSIS Pack Vendor :SEGGER I-CUBE-embOS 1.3.1
2024-07-01 08:29:58,887 [INFO] ThirdParty:1030 - CMSIS Pack Vendor :STMicroelectronics X-CUBE-ALGOBUILD 1.4.0
2024-07-01 08:29:58,887 [INFO] ThirdParty:1030 - CMSIS Pack Vendor :STMicroelectronics X-CUBE-AZRTOS-G0 1.1.0
2024-07-01 08:29:58,887 [INFO] ThirdParty:1030 - CMSIS Pack Vendor :STMicroelectronics X-CUBE-NFC4 3.0.0
2024-07-01 08:29:58,887 [INFO] ThirdParty:1030 - CMSIS Pack Vendor :STMicroelectronics X-CUBE-SAFEA1 1.2.2
2024-07-01 08:29:58,887 [INFO] ThirdParty:1030 - CMSIS Pack Vendor :STMicroelectronics X-CUBE-SUBG2 5.0.0
2024-07-01 08:29:58,887 [INFO] ThirdParty:1030 - CMSIS Pack Vendor :STMicroelectronics X-CUBE-AZRTOS-H7RS 1.0.0
2024-07-01 08:29:58,887 [INFO] ThirdParty:1030 - CMSIS Pack Vendor :wolfSSL I-CUBE-wolfMQTT 1.19.0
2024-07-01 08:29:58,887 [INFO] ThirdParty:1030 - CMSIS Pack Vendor :STMicroelectronics X-CUBE-AZRTOS-L4 2.0.0
2024-07-01 08:29:58,888 [INFO] ThirdParty:1030 - CMSIS Pack Vendor :WES I-CUBE-Cesium 1.3.0
2024-07-01 08:29:58,888 [INFO] ThirdParty:1030 - CMSIS Pack Vendor :STMicroelectronics X-CUBE-SFXS2LP1 4.0.0
2024-07-01 08:29:58,888 [INFO] ThirdParty:1030 - CMSIS Pack Vendor :STMicroelectronics X-CUBE-BLE2 3.3.0
2024-07-01 08:29:58,888 [INFO] ThirdParty:1030 - CMSIS Pack Vendor :Cesanta I-CUBE-Mongoose 7.13.0
2024-07-01 08:29:58,888 [INFO] ThirdParty:1030 - CMSIS Pack Vendor :STMicroelectronics X-CUBE-AI 9.0.0
2024-07-01 08:29:58,888 [INFO] ThirdParty:1030 - CMSIS Pack Vendor :STMicroelectronics X-CUBE-TOF1 3.4.1
2024-07-01 08:29:58,888 [INFO] ThirdParty:1030 - CMSIS Pack Vendor :STMicroelectronics X-CUBE-AZRTOS-G4 2.0.0
2024-07-01 08:29:58,888 [INFO] ThirdParty:1030 - CMSIS Pack Vendor :STMicroelectronics X-CUBE-AZRTOS-H7 3.2.0
2024-07-01 08:29:58,888 [INFO] ThirdParty:1030 - CMSIS Pack Vendor :Infineon AIROC-Wi-Fi-Bluetooth-STM32 1.6.0
2024-07-01 08:29:58,888 [INFO] LoadServerUpdatesThread:375 - End of LoadServerUpdate Thread
2024-07-01 09:05:06,462 [ERROR] LogOutputStream:75 - [STDERR_REDIRECT] 
2024-07-01 14:39:08,002 [INFO] Activator:176 - 


2024-07-01 14:39:08,002 [INFO] Activator:177 - !SESSION log4j initialized
2024-07-01 14:39:11,385 [INFO] LogOutputStream:77 - [STDOUT_REDIRECT] 
2024-07-01 14:39:12,689 [INFO] ApplicationProperties:184 - Using Application install path: C:\ST\STM32CubeIDE_1.15.1\STM32CubeIDE\plugins\com.st.stm32cube.common.mx_6.11.1.202404110753
2024-07-01 14:39:12,698 [INFO] DbMcusXml:78 - Set database path to: C:\ST\STM32CubeIDE_1.15.1\STM32CubeIDE\plugins\com.st.stm32cube.common.mx_6.11.1.202404110753\\db\/mcu/
2024-07-01 14:39:12,699 [INFO] ApiDb:274 - Set plugin database path to: C:\ST\STM32CubeIDE_1.15.1\STM32CubeIDE\plugins\com.st.stm32cube.common.mx_6.11.1.202404110753\\db\/plugins/boardmanager/
2024-07-01 14:39:12,699 [WARN] ApiDb:259 - Overriding images path with different value:  => C:\ST\STM32CubeIDE_1.15.1\STM32CubeIDE\plugins\com.st.stm32cube.common.mx_6.11.1.202404110753\\db\/plugins/mcufinder/images/
2024-07-01 14:39:12,702 [INFO] ApiDb:250 - Set database path to: C:\Users\jhwang\.stmcufinder\plugins\mcufinder//mcu/
2024-07-01 14:39:12,702 [INFO] DbMcusAds:125 - Set database path to: C:\Users\jhwang\.stmcufinder\plugins\mcufinder//mcu/
2024-07-01 14:39:12,704 [INFO] CrossReferenceDbSqlite:203 - Set database path to: C:\Users\jhwang\.stmcufinder\plugins\mcufinder//mcu/cs/
2024-07-01 14:39:12,757 [INFO] RulesReader:64 - Compatibility file has been processed (297 Rules)
2024-07-01 14:39:12,804 [INFO] DbMcusXml:78 - Set database path to: C:\ST\STM32CubeIDE_1.15.1\STM32CubeIDE\plugins\com.st.stm32cube.common.mx_6.11.1.202404110753\\db\/mcu/
2024-07-01 14:39:12,804 [INFO] ApiDb:274 - Set plugin database path to: C:\ST\STM32CubeIDE_1.15.1\STM32CubeIDE\plugins\com.st.stm32cube.common.mx_6.11.1.202404110753\\db\/plugins/boardmanager/
2024-07-01 14:39:12,804 [INFO] ApiDb:261 - Set plugin images path to: C:\ST\STM32CubeIDE_1.15.1\STM32CubeIDE\plugins\com.st.stm32cube.common.mx_6.11.1.202404110753\\db\/plugins/mcufinder/images/
2024-07-01 14:39:12,805 [WARN] DbFile:41 - Overriding database path with different value: C:\Users\jhwang\.stmcufinder\plugins\mcufinder/ => C:\Users\jhwang\.stmcufinder\plugins\mcufinder
2024-07-01 14:39:12,805 [INFO] ApiDb:250 - Set database path to: C:\Users\jhwang\.stmcufinder\plugins\mcufinder//mcu/
2024-07-01 14:39:12,805 [WARN] DbFile:41 - Overriding database path with different value: C:\Users\jhwang\.stmcufinder\plugins\mcufinder/ => C:\Users\jhwang\.stmcufinder\plugins\mcufinder
2024-07-01 14:39:12,805 [INFO] DbMcusAds:125 - Set database path to: C:\Users\jhwang\.stmcufinder\plugins\mcufinder//mcu/
2024-07-01 14:39:12,805 [WARN] DbFile:41 - Overriding database path with different value: C:\Users\jhwang\.stmcufinder\plugins\mcufinder/ => C:\Users\jhwang\.stmcufinder\plugins\mcufinder
2024-07-01 14:39:12,805 [WARN] DbFile:41 - Overriding database path with different value: C:\Users\jhwang\.stmcufinder\plugins\mcufinder/ => C:\Users\jhwang\.stmcufinder\plugins\mcufinder
2024-07-01 14:39:12,805 [INFO] CrossReferenceDbSqlite:203 - Set database path to: C:\Users\jhwang\.stmcufinder\plugins\mcufinder//mcu/cs/
2024-07-01 14:39:12,842 [INFO] MainPanel:264 - HeapMemory: 268435456
2024-07-01 14:39:12,881 [INFO] DbMcusXml:78 - Set database path to: C:\ST\STM32CubeIDE_1.15.1\STM32CubeIDE\plugins\com.st.stm32cube.common.mx_6.11.1.202404110753\\db\/mcu/
2024-07-01 14:39:12,881 [INFO] ApiDb:274 - Set plugin database path to: C:\ST\STM32CubeIDE_1.15.1\STM32CubeIDE\plugins\com.st.stm32cube.common.mx_6.11.1.202404110753\\db\/plugins/boardmanager/
2024-07-01 14:39:12,881 [INFO] ApiDb:261 - Set plugin images path to: C:\ST\STM32CubeIDE_1.15.1\STM32CubeIDE\plugins\com.st.stm32cube.common.mx_6.11.1.202404110753\\db\/plugins/mcufinder/images/
2024-07-01 14:39:12,881 [WARN] DbFile:41 - Overriding database path with different value: C:\Users\jhwang\.stmcufinder\plugins\mcufinder/ => C:\Users\jhwang\.stmcufinder\plugins\mcufinder
2024-07-01 14:39:12,881 [INFO] ApiDb:250 - Set database path to: C:\Users\jhwang\.stmcufinder\plugins\mcufinder//mcu/
2024-07-01 14:39:12,881 [WARN] DbFile:41 - Overriding database path with different value: C:\Users\jhwang\.stmcufinder\plugins\mcufinder/ => C:\Users\jhwang\.stmcufinder\plugins\mcufinder
2024-07-01 14:39:12,881 [INFO] DbMcusAds:125 - Set database path to: C:\Users\jhwang\.stmcufinder\plugins\mcufinder//mcu/
2024-07-01 14:39:12,881 [WARN] DbFile:41 - Overriding database path with different value: C:\Users\jhwang\.stmcufinder\plugins\mcufinder/ => C:\Users\jhwang\.stmcufinder\plugins\mcufinder
2024-07-01 14:39:12,881 [WARN] DbFile:41 - Overriding database path with different value: C:\Users\jhwang\.stmcufinder\plugins\mcufinder/ => C:\Users\jhwang\.stmcufinder\plugins\mcufinder
2024-07-01 14:39:12,881 [INFO] CrossReferenceDbSqlite:203 - Set database path to: C:\Users\jhwang\.stmcufinder\plugins\mcufinder//mcu/cs/
2024-07-01 14:39:12,891 [INFO] ApplicationProperties:184 - Using Application install path: C:\ST\STM32CubeIDE_1.15.1\STM32CubeIDE\plugins\com.st.stm32cube.common.mx_6.11.1.202404110753
2024-07-01 14:39:12,893 [INFO] PluginManage:196 - Search for loadable plugins [exclusion list=, ]
2024-07-01 14:39:12,893 [INFO] PluginManage:310 - Check plugin analytics
2024-07-01 14:39:13,005 [INFO] AnalyticsPlugin:253 - Accepted Software Licenses: 
2024-07-01 14:39:13,005 [INFO] AnalyticsPlugin:255 - Accepted CMSIS Pack Licenses: 
2024-07-01 14:39:13,005 [INFO] AnalyticsPlugin:257 - Accepted Firmware Licenses: 
2024-07-01 14:39:13,007 [INFO] PluginManage:359 - Loaded plugin analytics (category:tool,tabindex:-1)
2024-07-01 14:39:13,008 [INFO] PluginManage:310 - Check plugin cadmodel
2024-07-01 14:39:13,018 [INFO] CADModel:105 - Init CAD model plugin
2024-07-01 14:39:13,019 [INFO] PluginManage:359 - Loaded plugin cadmodel (category:power,tabindex:5)
2024-07-01 14:39:13,019 [INFO] PluginManage:310 - Check plugin clock
2024-07-01 14:39:13,029 [INFO] PluginManage:359 - Loaded plugin clock (category:base,tabindex:2)
2024-07-01 14:39:13,029 [INFO] PluginManage:310 - Check plugin ddr
2024-07-01 14:39:13,030 [INFO] PluginManage:359 - Loaded plugin ddr (category:tool,tabindex:6)
2024-07-01 14:39:13,030 [INFO] PluginManage:310 - Check plugin filemanager
2024-07-01 14:39:13,117 [INFO] PluginManage:359 - Loaded plugin filemanager (category:base,tabindex:10)
2024-07-01 14:39:13,117 [INFO] PluginManage:310 - Check plugin ipmanager
2024-07-01 14:39:13,122 [INFO] PluginManage:359 - Loaded plugin ipmanager (category:base,tabindex:5)
2024-07-01 14:39:13,122 [INFO] PluginManage:310 - Check plugin lpbam
2024-07-01 14:39:13,130 [INFO] PluginManage:359 - Loaded plugin lpbam (category:base,tabindex:0)
2024-07-01 14:39:13,130 [INFO] PluginManage:310 - Check plugin memorymap
2024-07-01 14:39:13,140 [INFO] PluginManage:359 - Loaded plugin memorymap (category:base,tabindex:4)
2024-07-01 14:39:13,140 [INFO] PluginManage:310 - Check plugin pinoutandconfiguration
2024-07-01 14:39:13,148 [INFO] PluginManage:359 - Loaded plugin pinoutandconfiguration (category:base,tabindex:1)
2024-07-01 14:39:13,148 [INFO] PluginManage:310 - Check plugin pinoutconfig
2024-07-01 14:39:13,211 [WARN] SupportedApi:132 - Cannot load RTOS API schema: s4s-elt-must-match.1: The content of 'definitions' must match (annotation?, (simpleType | complexType)?, (unique | key | keyref)*)). A problem was found starting at: attribute.
2024-07-01 14:39:13,278 [INFO] PluginManage:359 - Loaded plugin pinoutconfig (category:base,tabindex:0)
2024-07-01 14:39:13,278 [INFO] PluginManage:310 - Check plugin power
2024-07-01 14:39:13,291 [INFO] PluginManage:359 - Loaded plugin power (category:power,tabindex:4)
2024-07-01 14:39:13,291 [INFO] PluginManage:310 - Check plugin projectmanager
2024-07-01 14:39:13,300 [INFO] PluginManage:359 - Loaded plugin projectmanager (category:projectmanager,tabindex:3)
2024-07-01 14:39:13,300 [INFO] PluginManage:310 - Check plugin thirdparty
2024-07-01 14:39:13,418 [WARN] IntegrityCheckThread:84 - waiting for thirdparty lock release [integrity check]
2024-07-01 14:39:13,418 [INFO] IntegrityCheckThread:86 - entering critical section [integrity check]
2024-07-01 14:39:13,418 [INFO] PluginManage:359 - Loaded plugin thirdparty (category:base,tabindex:-1)
2024-07-01 14:39:13,418 [INFO] PluginManage:310 - Check plugin tools
2024-07-01 14:39:13,418 [INFO] ThirdPartyUpdaterWithRetryManager:70 - Updater plugin not ready yet. [1/15]
2024-07-01 14:39:13,423 [INFO] PluginManage:359 - Loaded plugin tools (category:base,tabindex:7)
2024-07-01 14:39:13,423 [INFO] PluginManage:310 - Check plugin tutovideos
2024-07-01 14:39:13,522 [INFO] PluginManage:359 - Loaded plugin tutovideos (category:base,tabindex:-1)
2024-07-01 14:39:13,523 [INFO] PluginManage:310 - Check plugin updater
2024-07-01 14:39:13,528 [INFO] PluginManage:359 - Loaded plugin updater (category:base,tabindex:12)
2024-07-01 14:39:13,528 [INFO] PluginManage:310 - Check plugin userauth
2024-07-01 14:39:13,531 [INFO] UserAuth:114 - Init User Auth plugin
2024-07-01 14:39:13,531 [INFO] PluginManage:359 - Loaded plugin userauth (category:base,tabindex:14)
2024-07-01 14:39:13,532 [INFO] PluginManage:283 - PluginManage : Loaded plugins [17]
2024-07-01 14:39:13,648 [INFO] PinOutPanel:1561 - setPackage(No Configuration,No Configuration)
2024-07-01 14:39:13,690 [INFO] CADModel:165 - CPN selected for project level
2024-07-01 14:39:13,690 [INFO] CADModel:114 - Register for checkConnection events
2024-07-01 14:39:13,704 [INFO] IPUIPlugin:80 - create IPUIPlugin
2024-07-01 14:39:13,705 [INFO] PluginManager:220 - loadIPPluginJar : add adc
2024-07-01 14:39:13,709 [INFO] IPUIPlugin:80 - create IPUIPlugin
2024-07-01 14:39:13,709 [INFO] PluginManager:220 - loadIPPluginJar : add aes
2024-07-01 14:39:13,714 [INFO] IPUIPlugin:80 - create IPUIPlugin
2024-07-01 14:39:13,714 [INFO] PluginManager:220 - loadIPPluginJar : add can
2024-07-01 14:39:13,716 [INFO] IPUIPlugin:80 - create IPUIPlugin
2024-07-01 14:39:13,716 [INFO] PluginManager:220 - loadIPPluginJar : add comp
2024-07-01 14:39:13,722 [INFO] IPUIPlugin:80 - create IPUIPlugin
2024-07-01 14:39:13,722 [INFO] PluginManager:220 - loadIPPluginJar : add cryp
2024-07-01 14:39:13,725 [INFO] IPUIPlugin:80 - create IPUIPlugin
2024-07-01 14:39:13,725 [INFO] PluginManager:220 - loadIPPluginJar : add dfsdm
2024-07-01 14:39:13,732 [INFO] IPUIPlugin:80 - create IPUIPlugin
2024-07-01 14:39:13,732 [INFO] PluginManager:220 - loadIPPluginJar : add dma
2024-07-01 14:39:13,735 [INFO] IPUIPlugin:80 - create IPUIPlugin
2024-07-01 14:39:13,735 [INFO] PluginManager:220 - loadIPPluginJar : add dma3
2024-07-01 14:39:13,740 [INFO] IPUIPlugin:80 - create IPUIPlugin
2024-07-01 14:39:13,740 [INFO] PluginManager:220 - loadIPPluginJar : add extmemmanager
2024-07-01 14:39:13,742 [INFO] IPUIPlugin:80 - create IPUIPlugin
2024-07-01 14:39:13,742 [INFO] PluginManager:220 - loadIPPluginJar : add fatfs
2024-07-01 14:39:13,748 [INFO] IPUIPlugin:80 - create IPUIPlugin
2024-07-01 14:39:13,748 [INFO] PluginManager:220 - loadIPPluginJar : add fmc
2024-07-01 14:39:13,756 [INFO] IPUIPlugin:80 - create IPUIPlugin
2024-07-01 14:39:13,756 [INFO] PluginManager:220 - loadIPPluginJar : add freertos
2024-07-01 14:39:13,758 [INFO] IPUIPlugin:80 - create IPUIPlugin
2024-07-01 14:39:13,758 [INFO] PluginManager:220 - loadIPPluginJar : add genericplugin
2024-07-01 14:39:13,761 [INFO] IPUIPlugin:80 - create IPUIPlugin
2024-07-01 14:39:13,762 [INFO] PluginManager:220 - loadIPPluginJar : add gfxmmu
2024-07-01 14:39:13,768 [INFO] IPUIPlugin:80 - create IPUIPlugin
2024-07-01 14:39:13,768 [INFO] PluginManager:220 - loadIPPluginJar : add gic
2024-07-01 14:39:13,774 [INFO] IPUIPlugin:80 - create IPUIPlugin
2024-07-01 14:39:13,774 [INFO] PluginManager:220 - loadIPPluginJar : add gpio
2024-07-01 14:39:13,778 [INFO] IPUIPlugin:80 - create IPUIPlugin
2024-07-01 14:39:13,778 [INFO] PluginManager:220 - loadIPPluginJar : add gtzc
2024-07-01 14:39:13,781 [INFO] IPUIPlugin:80 - create IPUIPlugin
2024-07-01 14:39:13,781 [INFO] PluginManager:220 - loadIPPluginJar : add hash
2024-07-01 14:39:13,787 [INFO] IPUIPlugin:80 - create IPUIPlugin
2024-07-01 14:39:13,787 [INFO] PluginManager:220 - loadIPPluginJar : add i2c
2024-07-01 14:39:13,791 [INFO] IPUIPlugin:80 - create IPUIPlugin
2024-07-01 14:39:13,791 [INFO] PluginManager:220 - loadIPPluginJar : add i2s
2024-07-01 14:39:13,796 [INFO] IPUIPlugin:80 - create IPUIPlugin
2024-07-01 14:39:13,796 [INFO] PluginManager:220 - loadIPPluginJar : add i3c
2024-07-01 14:39:13,801 [INFO] IPUIPlugin:80 - create IPUIPlugin
2024-07-01 14:39:13,801 [INFO] PluginManager:220 - loadIPPluginJar : add ipddr
2024-07-01 14:39:13,813 [INFO] IPUIPlugin:80 - create IPUIPlugin
2024-07-01 14:39:13,813 [INFO] PluginManager:220 - loadIPPluginJar : add linkedlist
2024-07-01 14:39:13,816 [INFO] IPUIPlugin:80 - create IPUIPlugin
2024-07-01 14:39:13,817 [INFO] PluginManager:220 - loadIPPluginJar : add lorawan
2024-07-01 14:39:13,820 [INFO] IPUIPlugin:80 - create IPUIPlugin
2024-07-01 14:39:13,820 [INFO] PluginManager:220 - loadIPPluginJar : add ltdc
2024-07-01 14:39:13,826 [INFO] IPUIPlugin:80 - create IPUIPlugin
2024-07-01 14:39:13,827 [INFO] PluginManager:220 - loadIPPluginJar : add mdma
2024-07-01 14:39:13,834 [INFO] IPUIPlugin:80 - create IPUIPlugin
2024-07-01 14:39:13,834 [INFO] PluginManager:220 - loadIPPluginJar : add nvic
2024-07-01 14:39:13,838 [INFO] IPUIPlugin:80 - create IPUIPlugin
2024-07-01 14:39:13,838 [INFO] PluginManager:220 - loadIPPluginJar : add opamp
2024-07-01 14:39:13,842 [INFO] IPUIPlugin:80 - create IPUIPlugin
2024-07-01 14:39:13,842 [INFO] PluginManager:220 - loadIPPluginJar : add openamp
2024-07-01 14:39:13,852 [INFO] IPUIPlugin:80 - create IPUIPlugin
2024-07-01 14:39:13,852 [INFO] PluginManager:220 - loadIPPluginJar : add pdm2pcm
2024-07-01 14:39:13,860 [INFO] IPUIPlugin:80 - create IPUIPlugin
2024-07-01 14:39:13,861 [INFO] PluginManager:220 - loadIPPluginJar : add plateformsettings
2024-07-01 14:39:13,863 [INFO] IPUIPlugin:80 - create IPUIPlugin
2024-07-01 14:39:13,863 [INFO] PluginManager:220 - loadIPPluginJar : add quadspi
2024-07-01 14:39:13,870 [INFO] IPUIPlugin:80 - create IPUIPlugin
2024-07-01 14:39:13,870 [INFO] PluginManager:220 - loadIPPluginJar : add resmgrutility
2024-07-01 14:39:13,875 [INFO] IPUIPlugin:80 - create IPUIPlugin
2024-07-01 14:39:13,876 [INFO] PluginManager:220 - loadIPPluginJar : add sai
2024-07-01 14:39:13,883 [INFO] IPUIPlugin:80 - create IPUIPlugin
2024-07-01 14:39:13,883 [INFO] PluginManager:220 - loadIPPluginJar : add spi
2024-07-01 14:39:13,891 [INFO] IPUIPlugin:80 - create IPUIPlugin
2024-07-01 14:39:13,891 [INFO] PluginManager:220 - loadIPPluginJar : add stm32_wpan
2024-07-01 14:39:13,894 [INFO] IPUIPlugin:80 - create IPUIPlugin
2024-07-01 14:39:13,894 [INFO] PluginManager:220 - loadIPPluginJar : add tim
2024-07-01 14:39:13,899 [INFO] IPUIPlugin:80 - create IPUIPlugin
2024-07-01 14:39:13,899 [INFO] PluginManager:220 - loadIPPluginJar : add touchsensing
2024-07-01 14:39:13,901 [INFO] IPUIPlugin:80 - create IPUIPlugin
2024-07-01 14:39:13,901 [INFO] PluginManager:220 - loadIPPluginJar : add tracer_emb
2024-07-01 14:39:13,904 [INFO] IPUIPlugin:80 - create IPUIPlugin
2024-07-01 14:39:13,904 [INFO] PluginManager:220 - loadIPPluginJar : add ts
2024-07-01 14:39:13,906 [INFO] IPUIPlugin:80 - create IPUIPlugin
2024-07-01 14:39:13,906 [INFO] PluginManager:220 - loadIPPluginJar : add tsc
2024-07-01 14:39:13,908 [INFO] IPUIPlugin:80 - create IPUIPlugin
2024-07-01 14:39:13,908 [INFO] PluginManager:220 - loadIPPluginJar : add ucpd
2024-07-01 14:39:13,913 [INFO] IPUIPlugin:80 - create IPUIPlugin
2024-07-01 14:39:13,913 [INFO] PluginManager:220 - loadIPPluginJar : add usart
2024-07-01 14:39:13,918 [INFO] IPUIPlugin:80 - create IPUIPlugin
2024-07-01 14:39:13,918 [INFO] PluginManager:220 - loadIPPluginJar : add usbx
2024-07-01 14:39:14,024 [INFO] CADModel:165 - CPN selected for project level
2024-07-01 14:39:14,025 [INFO] CADModel:114 - Register for checkConnection events
2024-07-01 14:39:14,025 [FATAL] Updater:308 - Updater called before beeing initialized
2024-07-01 14:39:14,025 [ERROR] CADModel:125 - Updater not yet initialized, retry later 
2024-07-01 14:39:14,096 [INFO] CADModel:165 - CPN selected for project level
2024-07-01 14:39:14,096 [INFO] CADModel:114 - Register for checkConnection events
2024-07-01 14:39:14,096 [FATAL] Updater:308 - Updater called before beeing initialized
2024-07-01 14:39:14,096 [ERROR] CADModel:125 - Updater not yet initialized, retry later 
2024-07-01 14:39:14,098 [FATAL] Updater:308 - Updater called before beeing initialized
2024-07-01 14:39:14,159 [FATAL] Updater:308 - Updater called before beeing initialized
2024-07-01 14:39:14,162 [INFO] DbMcusAds:53 - JSON generation date=Thu May 16 18:22:00 KST 2024 (1715851320852)
2024-07-01 14:39:14,162 [FATAL] Updater:308 - Updater called before beeing initialized
2024-07-01 14:39:14,182 [WARN] DetailPanel:346 - Failed to get advertising image, set to default
2024-07-01 14:39:14,234 [FATAL] Updater:308 - Updater called before beeing initialized
2024-07-01 14:39:14,235 [FATAL] Updater:308 - Updater called before beeing initialized
2024-07-01 14:39:14,235 [FATAL] Updater:308 - Updater called before beeing initialized
2024-07-01 14:39:14,235 [WARN] DetailPanel:346 - Failed to get advertising image, set to default
2024-07-01 14:39:14,236 [FATAL] Updater:308 - Updater called before beeing initialized
2024-07-01 14:39:14,262 [ERROR] Updater:1120 - MainUpdater not yet initialized. External WinMGr cannot be set.
2024-07-01 14:39:14,263 [INFO] Updater:1056 - Updater Version found : 6.11.1
2024-07-01 14:39:14,274 [INFO] ApplicationProperties:184 - Using Application install path: C:\ST\STM32CubeIDE_1.15.1\STM32CubeIDE\plugins\com.st.stm32cube.common.mx_6.11.1.202404110753
2024-07-01 14:39:15,844 [ERROR] LogOutputStream:75 - [STDERR_REDIRECT] Jul 01, 2024 2:39:15 PM java.util.prefs.WindowsPreferences <init>
2024-07-01 14:39:15,844 [ERROR] LogOutputStream:75 - [STDERR_REDIRECT] WARNING: Could not open/create prefs root node Software\JavaSoft\Prefs at root 0xffffffff80000002. Windows RegCreateKeyEx(...) returned error code 5.
2024-07-01 14:39:15,845 [ERROR] LogOutputStream:75 - [STDERR_REDIRECT] 
2024-07-01 14:39:16,420 [INFO] ThirdPartyUpdaterWithRetryManager:70 - Updater plugin not ready yet. [2/15]
2024-07-01 14:39:16,422 [INFO] MainUpdater:2873 - connection check result : 10
2024-07-01 14:39:16,423 [INFO] MainUpdater:290 - Updater Check For Update Now.
2024-07-01 14:39:16,423 [INFO] MicroXplorer:498 - Change Database Version : DB.6.0.111
2024-07-01 14:39:16,427 [INFO] McuFinderGlobals:63 - Set McuFinder mode to 2 (CubeIDE integrated)
2024-07-01 14:39:16,427 [INFO] UserAuth:179 - activating auth plugin
2024-07-01 14:39:16,428 [INFO] UserAuth:415 - Internet connection configuration mode: 1
2024-07-01 14:39:16,446 [INFO] JxBrowserEngine:152 - Initiate JxBrowser Engine with user profile folder
2024-07-01 14:39:16,572 [INFO] CheckServerUpdateThread:120 - End of CheckServer Thread
2024-07-01 14:39:17,072 [INFO] WebApp:161 - Instantiating new browser for Auth
2024-07-01 14:39:17,324 [INFO] WebApp:779 - Register for checkConnection events
2024-07-01 14:39:17,325 [INFO] WebApp:414 - Apply proxy settings
2024-07-01 14:39:17,325 [INFO] WebApp:499 - Chromium requires no authentication
2024-07-01 14:39:17,328 [INFO] WebApp:442 - Direct internet connection detected
2024-07-01 14:39:17,399 [INFO] WebApp:192 - Starting web application
2024-07-01 14:39:17,399 [INFO] WebApp:544 - Web application path used C:\ST\STM32CubeIDE_1.15.1\STM32CubeIDE\plugins\com.st.stm32cube.common.mx_6.11.1.202404110753\db\plugins\mcufinder\reactClient1\index.html
2024-07-01 14:39:19,729 [WARN] PackLoader:240 - Cannot read IP mode file for STMicroelectronics.FP-SNS-MOTENVWB1.1.4.0
2024-07-01 14:39:19,745 [WARN] PackLoader:240 - Cannot read IP mode file for STMicroelectronics.X-CUBE-SMBUS.2.1.0
2024-07-01 14:39:19,838 [WARN] PackLoader:240 - Cannot read IP mode file for STMicroelectronics.X-CUBE-AZRTOS-F7.1.1.0
2024-07-01 14:39:19,870 [WARN] PackLoader:240 - Cannot read IP mode file for STMicroelectronics.FP-SNS-FLIGHT1.5.0.2
2024-07-01 14:39:19,889 [WARN] PackLoader:240 - Cannot read IP mode file for STMicroelectronics.X-CUBE-DISPLAY.3.0.0
2024-07-01 14:39:19,909 [WARN] PackLoader:240 - Cannot read IP mode file for STMicroelectronics.X-CUBE-BLE1.7.0.0
2024-07-01 14:39:19,909 [WARN] PackLoader:240 - Cannot read IP mode file for emotas.I-CUBE-CANOPEN.1.3.0
2024-07-01 14:39:19,940 [WARN] PackLoader:240 - Cannot read IP mode file for STMicroelectronics.X-CUBE-BLEMGR.3.1.0
2024-07-01 14:39:19,956 [WARN] PackLoader:240 - Cannot read IP mode file for STMicroelectronics.FP-SNS-SMARTAG2.1.2.0
2024-07-01 14:39:19,956 [INFO] LogOutputStream:77 - [STDOUT_REDIRECT] 1 : Invalid condition id : UX_CORESTACK_Condition cause : null
2024-07-01 14:39:19,971 [INFO] LogOutputStream:77 - [STDOUT_REDIRECT] 1 : Invalid condition id : UX_CORESTACK_Condition cause : null
2024-07-01 14:39:19,971 [INFO] LogOutputStream:77 - [STDOUT_REDIRECT] 1 : Invalid condition id : UX_CORESTACK_Condition cause : null
2024-07-01 14:39:19,971 [INFO] LogOutputStream:77 - [STDOUT_REDIRECT] 1 : Invalid condition id : UX_CORESTACK_Condition cause : null
2024-07-01 14:39:19,971 [INFO] LogOutputStream:77 - [STDOUT_REDIRECT] 1 : Invalid condition id : UX_CORESTACK_Condition cause : null
2024-07-01 14:39:19,971 [WARN] PackLoader:240 - Cannot read IP mode file for STMicroelectronics.X-CUBE-AZRTOS-WL.2.0.0
2024-07-01 14:39:19,987 [WARN] PackLoader:240 - Cannot read IP mode file for wolfSSL.I-CUBE-wolfMQTT.1.19.0
2024-07-01 14:39:20,003 [WARN] PackLoader:240 - Cannot read IP mode file for WES.I-CUBE-Cesium.1.3.0
2024-07-01 14:39:20,003 [WARN] PackLoader:240 - Cannot read IP mode file for STMicroelectronics.X-CUBE-BLE2.3.3.0
2024-07-01 14:39:20,034 [WARN] PackLoader:240 - Cannot read IP mode file for STMicroelectronics.X-CUBE-TCPP.4.1.0
2024-07-01 14:39:20,049 [WARN] PackLoader:240 - Cannot read IP mode file for STMicroelectronics.X-CUBE-AZRTOS-G0.1.1.0
2024-07-01 14:39:20,065 [WARN] PackLoader:240 - Cannot read IP mode file for STMicroelectronics.X-CUBE-SAFEA1.1.2.2
2024-07-01 14:39:20,081 [WARN] PackLoader:240 - Cannot read IP mode file for STMicroelectronics.X-CUBE-NFC4.3.0.0
2024-07-01 14:39:20,096 [WARN] PackLoader:240 - Cannot read IP mode file for wolfSSL.I-CUBE-wolfSSL.5.7.0
2024-07-01 14:39:20,096 [WARN] PackLoader:240 - Cannot read IP mode file for STMicroelectronics.FP-ATR-SIGFOX1.3.2.0
2024-07-01 14:39:20,112 [WARN] PackLoader:240 - Cannot read IP mode file for STMicroelectronics.X-CUBE-EEPRMA1.5.1.0
2024-07-01 14:39:20,112 [WARN] PackLoader:240 - Cannot read IP mode file for ITTIA_DB.I-CUBE-ITTIADB.8.9.0
2024-07-01 14:39:20,143 [WARN] PackLoader:240 - Cannot read IP mode file for SEGGER.I-CUBE-embOS.1.3.1
2024-07-01 14:39:20,221 [WARN] PackLoader:240 - Cannot read IP mode file for STMicroelectronics.X-CUBE-ALGOBUILD.1.4.0
2024-07-01 14:39:20,247 [WARN] PackLoader:240 - Cannot read IP mode file for STMicroelectronics.X-CUBE-GNSS1.6.0.0
2024-07-01 14:39:20,273 [WARN] PackLoader:240 - Cannot read IP mode file for STMicroelectronics.X-CUBE-AZRTOS-F4.1.1.0
2024-07-01 14:39:20,273 [WARN] PackLoader:240 - Cannot read IP mode file for STMicroelectronics.X-CUBE-FREERTOS.1.2.0
2024-07-01 14:39:20,304 [WARN] PackLoader:240 - Cannot read IP mode file for STMicroelectronics.X-CUBE-AZRTOS-L5.2.0.0
2024-07-01 14:39:20,320 [WARN] PackLoader:240 - Cannot read IP mode file for STMicroelectronics.X-CUBE-NFC6.3.1.0
2024-07-01 14:39:20,335 [WARN] PackLoader:240 - Cannot read IP mode file for STMicroelectronics.X-CUBE-AI.9.0.0
2024-07-01 14:39:20,351 [WARN] PackLoader:240 - Cannot read IP mode file for STMicroelectronics.X-CUBE-NFC7.1.0.1
2024-07-01 14:39:20,382 [WARN] ConditionMgr:438 - getConditionDescription Invalid condition id : LAN8742 Phy interface Condition cause : null
2024-07-01 14:39:20,382 [WARN] PackLoader:240 - Cannot read IP mode file for STMicroelectronics.X-CUBE-AZRTOS-L4.2.0.0
2024-07-01 14:39:20,382 [WARN] ConditionMgr:1039 - genDependencies : Invalid condition id : LAN8742 Phy interface Condition cause : null
2024-07-01 14:39:20,382 [WARN] ConditionMgr:1039 - genDependencies : Invalid condition id : LAN8742 Phy interface Condition cause : null
2024-07-01 14:39:20,382 [WARN] ConditionMgr:1039 - genDependencies : Invalid condition id : LAN8742 Phy interface Condition cause : null
2024-07-01 14:39:20,398 [WARN] PackLoader:240 - Cannot read IP mode file for STMicroelectronics.X-CUBE-SFXS2LP1.4.0.0
2024-07-01 14:39:20,429 [WARN] ConditionMgr:438 - getConditionDescription Invalid condition id : UX DEVICE CLASS RTOS Condition cause : null
2024-07-01 14:39:20,429 [WARN] ConditionMgr:438 - getConditionDescription Invalid condition id : UX DEVICE CLASS RTOS Condition cause : null
2024-07-01 14:39:20,429 [WARN] PackLoader:240 - Cannot read IP mode file for STMicroelectronics.X-CUBE-AZRTOS-WB.2.0.0
2024-07-01 14:39:20,429 [WARN] ConditionMgr:1039 - genDependencies : Invalid condition id : UX DEVICE CLASS RTOS Condition cause : null
2024-07-01 14:39:20,429 [WARN] ConditionMgr:1039 - genDependencies : Invalid condition id : UX DEVICE CLASS RTOS Condition cause : null
2024-07-01 14:39:20,429 [WARN] ConditionMgr:1039 - genDependencies : Invalid condition id : UX DEVICE CLASS RTOS Condition cause : null
2024-07-01 14:39:20,429 [WARN] ConditionMgr:1039 - genDependencies : Invalid condition id : UX DEVICE CLASS RTOS Condition cause : null
2024-07-01 14:39:20,429 [WARN] ConditionMgr:1039 - genDependencies : Invalid condition id : UX DEVICE CLASS RTOS Condition cause : null
2024-07-01 14:39:20,445 [WARN] PackLoader:240 - Cannot read IP mode file for STMicroelectronics.X-CUBE-SUBG2.5.0.0
2024-07-01 14:39:20,460 [WARN] PackLoader:240 - Cannot read IP mode file for Cesanta.I-CUBE-Mongoose.7.13.0
2024-07-01 14:39:20,476 [WARN] PackLoader:240 - Cannot read IP mode file for STMicroelectronics.X-CUBE-AZRTOS-G4.2.0.0
2024-07-01 14:39:20,492 [WARN] PackLoader:240 - Cannot read IP mode file for STMicroelectronics.X-CUBE-ISPU.2.0.0
2024-07-01 14:39:20,507 [WARN] PackLoader:240 - Cannot read IP mode file for STMicroelectronics.X-CUBE-ALS.1.0.2
2024-07-01 14:39:20,617 [WARN] PackLoader:240 - Cannot read IP mode file for STMicroelectronics.X-CUBE-MEMS1.10.0.0
2024-07-01 14:39:20,820 [WARN] PackLoader:240 - Cannot read IP mode file for STMicroelectronics.X-CUBE-TOUCHGFX.4.24.0
2024-07-01 14:39:20,820 [WARN] PackLoader:240 - Cannot read IP mode file for portGmbH.I-Cube-SoM-uGOAL.1.1.0
2024-07-01 14:39:20,836 [WARN] PackLoader:240 - Cannot read IP mode file for STMicroelectronics.X-CUBE-AZRTOS-H7RS.1.0.0
2024-07-01 14:39:20,851 [WARN] PackLoader:240 - Cannot read IP mode file for STMicroelectronics.FP-ATR-ASTRA1.2.0.0
2024-07-01 14:39:20,867 [WARN] PackLoader:240 - Cannot read IP mode file for STMicroelectronics.X-CUBE-TOF1.3.4.1
2024-07-01 14:39:20,883 [WARN] PackLoader:240 - Cannot read IP mode file for STMicroelectronics.X-CUBE-AZRTOS-H7.3.2.0
2024-07-01 14:39:20,914 [WARN] PackLoader:240 - Cannot read IP mode file for Infineon.AIROC-Wi-Fi-Bluetooth-STM32.1.6.0
2024-07-01 14:39:20,914 [INFO] ThirdParty:978 - Integrity check success = true
2024-07-01 14:39:20,914 [INFO] IntegrityCheckThread:100 - exiting critical section [integrity check]
2024-07-01 14:39:20,914 [INFO] IntegrityCheckThread:103 - End integrity checks thread
2024-07-01 14:58:33,414 [ERROR] LogOutputStream:75 - [STDERR_REDIRECT] 
2024-07-01 14:58:33,416 [ERROR] LogOutputStream:75 - [STDERR_REDIRECT] 
