2024-07-22 08:12:42,274 [INFO] Activator:176 - 


2024-07-22 08:12:42,289 [INFO] Activator:177 - !SESSION log4j initialized
2024-07-22 08:12:45,705 [INFO] LogOutputStream:77 - [STDOUT_REDIRECT] 
2024-07-22 08:12:47,552 [INFO] ApplicationProperties:184 - Using Application install path: C:\ST\STM32CubeIDE_1.15.1\STM32CubeIDE\plugins\com.st.stm32cube.common.mx_6.11.1.202404110753
2024-07-22 08:12:47,562 [INFO] DbMcusXml:78 - Set database path to: C:\ST\STM32CubeIDE_1.15.1\STM32CubeIDE\plugins\com.st.stm32cube.common.mx_6.11.1.202404110753\\db\/mcu/
2024-07-22 08:12:47,562 [INFO] ApiDb:274 - Set plugin database path to: C:\ST\STM32CubeIDE_1.15.1\STM32CubeIDE\plugins\com.st.stm32cube.common.mx_6.11.1.202404110753\\db\/plugins/boardmanager/
2024-07-22 08:12:47,564 [WARN] ApiDb:259 - Overriding images path with different value:  => C:\ST\STM32CubeIDE_1.15.1\STM32CubeIDE\plugins\com.st.stm32cube.common.mx_6.11.1.202404110753\\db\/plugins/mcufinder/images/
2024-07-22 08:12:47,568 [INFO] ApiDb:250 - Set database path to: C:\Users\jhwang\.stmcufinder\plugins\mcufinder//mcu/
2024-07-22 08:12:47,568 [INFO] DbMcusAds:125 - Set database path to: C:\Users\jhwang\.stmcufinder\plugins\mcufinder//mcu/
2024-07-22 08:12:47,569 [INFO] CrossReferenceDbSqlite:203 - Set database path to: C:\Users\jhwang\.stmcufinder\plugins\mcufinder//mcu/cs/
2024-07-22 08:12:47,626 [INFO] RulesReader:64 - Compatibility file has been processed (297 Rules)
2024-07-22 08:12:47,677 [INFO] DbMcusXml:78 - Set database path to: C:\ST\STM32CubeIDE_1.15.1\STM32CubeIDE\plugins\com.st.stm32cube.common.mx_6.11.1.202404110753\\db\/mcu/
2024-07-22 08:12:47,677 [INFO] ApiDb:274 - Set plugin database path to: C:\ST\STM32CubeIDE_1.15.1\STM32CubeIDE\plugins\com.st.stm32cube.common.mx_6.11.1.202404110753\\db\/plugins/boardmanager/
2024-07-22 08:12:47,677 [INFO] ApiDb:261 - Set plugin images path to: C:\ST\STM32CubeIDE_1.15.1\STM32CubeIDE\plugins\com.st.stm32cube.common.mx_6.11.1.202404110753\\db\/plugins/mcufinder/images/
2024-07-22 08:12:47,677 [WARN] DbFile:41 - Overriding database path with different value: C:\Users\jhwang\.stmcufinder\plugins\mcufinder/ => C:\Users\jhwang\.stmcufinder\plugins\mcufinder
2024-07-22 08:12:47,677 [INFO] ApiDb:250 - Set database path to: C:\Users\jhwang\.stmcufinder\plugins\mcufinder//mcu/
2024-07-22 08:12:47,677 [WARN] DbFile:41 - Overriding database path with different value: C:\Users\jhwang\.stmcufinder\plugins\mcufinder/ => C:\Users\jhwang\.stmcufinder\plugins\mcufinder
2024-07-22 08:12:47,677 [INFO] DbMcusAds:125 - Set database path to: C:\Users\jhwang\.stmcufinder\plugins\mcufinder//mcu/
2024-07-22 08:12:47,677 [WARN] DbFile:41 - Overriding database path with different value: C:\Users\jhwang\.stmcufinder\plugins\mcufinder/ => C:\Users\jhwang\.stmcufinder\plugins\mcufinder
2024-07-22 08:12:47,677 [WARN] DbFile:41 - Overriding database path with different value: C:\Users\jhwang\.stmcufinder\plugins\mcufinder/ => C:\Users\jhwang\.stmcufinder\plugins\mcufinder
2024-07-22 08:12:47,677 [INFO] CrossReferenceDbSqlite:203 - Set database path to: C:\Users\jhwang\.stmcufinder\plugins\mcufinder//mcu/cs/
2024-07-22 08:12:47,721 [INFO] MainPanel:264 - HeapMemory: 268435456
2024-07-22 08:12:47,777 [INFO] DbMcusXml:78 - Set database path to: C:\ST\STM32CubeIDE_1.15.1\STM32CubeIDE\plugins\com.st.stm32cube.common.mx_6.11.1.202404110753\\db\/mcu/
2024-07-22 08:12:47,777 [INFO] ApiDb:274 - Set plugin database path to: C:\ST\STM32CubeIDE_1.15.1\STM32CubeIDE\plugins\com.st.stm32cube.common.mx_6.11.1.202404110753\\db\/plugins/boardmanager/
2024-07-22 08:12:47,777 [INFO] ApiDb:261 - Set plugin images path to: C:\ST\STM32CubeIDE_1.15.1\STM32CubeIDE\plugins\com.st.stm32cube.common.mx_6.11.1.202404110753\\db\/plugins/mcufinder/images/
2024-07-22 08:12:47,777 [WARN] DbFile:41 - Overriding database path with different value: C:\Users\jhwang\.stmcufinder\plugins\mcufinder/ => C:\Users\jhwang\.stmcufinder\plugins\mcufinder
2024-07-22 08:12:47,777 [INFO] ApiDb:250 - Set database path to: C:\Users\jhwang\.stmcufinder\plugins\mcufinder//mcu/
2024-07-22 08:12:47,777 [WARN] DbFile:41 - Overriding database path with different value: C:\Users\jhwang\.stmcufinder\plugins\mcufinder/ => C:\Users\jhwang\.stmcufinder\plugins\mcufinder
2024-07-22 08:12:47,777 [INFO] DbMcusAds:125 - Set database path to: C:\Users\jhwang\.stmcufinder\plugins\mcufinder//mcu/
2024-07-22 08:12:47,777 [WARN] DbFile:41 - Overriding database path with different value: C:\Users\jhwang\.stmcufinder\plugins\mcufinder/ => C:\Users\jhwang\.stmcufinder\plugins\mcufinder
2024-07-22 08:12:47,778 [WARN] DbFile:41 - Overriding database path with different value: C:\Users\jhwang\.stmcufinder\plugins\mcufinder/ => C:\Users\jhwang\.stmcufinder\plugins\mcufinder
2024-07-22 08:12:47,778 [INFO] CrossReferenceDbSqlite:203 - Set database path to: C:\Users\jhwang\.stmcufinder\plugins\mcufinder//mcu/cs/
2024-07-22 08:12:47,788 [INFO] ApplicationProperties:184 - Using Application install path: C:\ST\STM32CubeIDE_1.15.1\STM32CubeIDE\plugins\com.st.stm32cube.common.mx_6.11.1.202404110753
2024-07-22 08:12:47,789 [INFO] PluginManage:196 - Search for loadable plugins [exclusion list=, ]
2024-07-22 08:12:47,790 [INFO] PluginManage:310 - Check plugin analytics
2024-07-22 08:12:47,891 [INFO] AnalyticsPlugin:253 - Accepted Software Licenses: 
2024-07-22 08:12:47,891 [INFO] AnalyticsPlugin:255 - Accepted CMSIS Pack Licenses: 
2024-07-22 08:12:47,891 [INFO] AnalyticsPlugin:257 - Accepted Firmware Licenses: 
2024-07-22 08:12:47,893 [INFO] PluginManage:359 - Loaded plugin analytics (category:tool,tabindex:-1)
2024-07-22 08:12:47,893 [INFO] PluginManage:310 - Check plugin cadmodel
2024-07-22 08:12:47,910 [INFO] CADModel:105 - Init CAD model plugin
2024-07-22 08:12:47,910 [INFO] PluginManage:359 - Loaded plugin cadmodel (category:power,tabindex:5)
2024-07-22 08:12:47,910 [INFO] PluginManage:310 - Check plugin clock
2024-07-22 08:12:47,915 [INFO] PluginManage:359 - Loaded plugin clock (category:base,tabindex:2)
2024-07-22 08:12:47,916 [INFO] PluginManage:310 - Check plugin ddr
2024-07-22 08:12:47,917 [INFO] PluginManage:359 - Loaded plugin ddr (category:tool,tabindex:6)
2024-07-22 08:12:47,918 [INFO] PluginManage:310 - Check plugin filemanager
2024-07-22 08:12:48,012 [INFO] PluginManage:359 - Loaded plugin filemanager (category:base,tabindex:10)
2024-07-22 08:12:48,012 [INFO] PluginManage:310 - Check plugin ipmanager
2024-07-22 08:12:48,017 [INFO] PluginManage:359 - Loaded plugin ipmanager (category:base,tabindex:5)
2024-07-22 08:12:48,017 [INFO] PluginManage:310 - Check plugin lpbam
2024-07-22 08:12:48,028 [INFO] PluginManage:359 - Loaded plugin lpbam (category:base,tabindex:0)
2024-07-22 08:12:48,028 [INFO] PluginManage:310 - Check plugin memorymap
2024-07-22 08:12:48,044 [INFO] PluginManage:359 - Loaded plugin memorymap (category:base,tabindex:4)
2024-07-22 08:12:48,044 [INFO] PluginManage:310 - Check plugin pinoutandconfiguration
2024-07-22 08:12:48,048 [INFO] PluginManage:359 - Loaded plugin pinoutandconfiguration (category:base,tabindex:1)
2024-07-22 08:12:48,048 [INFO] PluginManage:310 - Check plugin pinoutconfig
2024-07-22 08:12:48,127 [WARN] SupportedApi:132 - Cannot load RTOS API schema: s4s-elt-must-match.1: The content of 'definitions' must match (annotation?, (simpleType | complexType)?, (unique | key | keyref)*)). A problem was found starting at: attribute.
2024-07-22 08:12:48,230 [INFO] PluginManage:359 - Loaded plugin pinoutconfig (category:base,tabindex:0)
2024-07-22 08:12:48,230 [INFO] PluginManage:310 - Check plugin power
2024-07-22 08:12:48,249 [INFO] PluginManage:359 - Loaded plugin power (category:power,tabindex:4)
2024-07-22 08:12:48,249 [INFO] PluginManage:310 - Check plugin projectmanager
2024-07-22 08:12:48,259 [INFO] PluginManage:359 - Loaded plugin projectmanager (category:projectmanager,tabindex:3)
2024-07-22 08:12:48,259 [INFO] PluginManage:310 - Check plugin thirdparty
2024-07-22 08:12:48,347 [INFO] PluginManage:359 - Loaded plugin thirdparty (category:base,tabindex:-1)
2024-07-22 08:12:48,347 [WARN] IntegrityCheckThread:84 - waiting for thirdparty lock release [integrity check]
2024-07-22 08:12:48,347 [INFO] PluginManage:310 - Check plugin tools
2024-07-22 08:12:48,347 [INFO] IntegrityCheckThread:86 - entering critical section [integrity check]
2024-07-22 08:12:48,347 [INFO] ThirdPartyUpdaterWithRetryManager:70 - Updater plugin not ready yet. [1/15]
2024-07-22 08:12:48,348 [INFO] PluginManage:359 - Loaded plugin tools (category:base,tabindex:7)
2024-07-22 08:12:48,348 [INFO] PluginManage:310 - Check plugin tutovideos
2024-07-22 08:12:48,459 [INFO] PluginManage:359 - Loaded plugin tutovideos (category:base,tabindex:-1)
2024-07-22 08:12:48,460 [INFO] PluginManage:310 - Check plugin updater
2024-07-22 08:12:48,467 [INFO] PluginManage:359 - Loaded plugin updater (category:base,tabindex:12)
2024-07-22 08:12:48,467 [INFO] PluginManage:310 - Check plugin userauth
2024-07-22 08:12:48,472 [INFO] UserAuth:114 - Init User Auth plugin
2024-07-22 08:12:48,472 [INFO] PluginManage:359 - Loaded plugin userauth (category:base,tabindex:14)
2024-07-22 08:12:48,472 [INFO] PluginManage:283 - PluginManage : Loaded plugins [17]
2024-07-22 08:12:48,628 [INFO] PinOutPanel:1561 - setPackage(No Configuration,No Configuration)
2024-07-22 08:12:48,715 [INFO] CADModel:165 - CPN selected for project level
2024-07-22 08:12:48,715 [INFO] CADModel:114 - Register for checkConnection events
2024-07-22 08:12:48,734 [INFO] IPUIPlugin:80 - create IPUIPlugin
2024-07-22 08:12:48,734 [INFO] PluginManager:220 - loadIPPluginJar : add adc
2024-07-22 08:12:48,736 [INFO] IPUIPlugin:80 - create IPUIPlugin
2024-07-22 08:12:48,736 [INFO] PluginManager:220 - loadIPPluginJar : add aes
2024-07-22 08:12:48,742 [INFO] IPUIPlugin:80 - create IPUIPlugin
2024-07-22 08:12:48,742 [INFO] PluginManager:220 - loadIPPluginJar : add can
2024-07-22 08:12:48,744 [INFO] IPUIPlugin:80 - create IPUIPlugin
2024-07-22 08:12:48,744 [INFO] PluginManager:220 - loadIPPluginJar : add comp
2024-07-22 08:12:48,748 [INFO] IPUIPlugin:80 - create IPUIPlugin
2024-07-22 08:12:48,748 [INFO] PluginManager:220 - loadIPPluginJar : add cryp
2024-07-22 08:12:48,750 [INFO] IPUIPlugin:80 - create IPUIPlugin
2024-07-22 08:12:48,750 [INFO] PluginManager:220 - loadIPPluginJar : add dfsdm
2024-07-22 08:12:48,757 [INFO] IPUIPlugin:80 - create IPUIPlugin
2024-07-22 08:12:48,758 [INFO] PluginManager:220 - loadIPPluginJar : add dma
2024-07-22 08:12:48,761 [INFO] IPUIPlugin:80 - create IPUIPlugin
2024-07-22 08:12:48,761 [INFO] PluginManager:220 - loadIPPluginJar : add dma3
2024-07-22 08:12:48,767 [INFO] IPUIPlugin:80 - create IPUIPlugin
2024-07-22 08:12:48,767 [INFO] PluginManager:220 - loadIPPluginJar : add extmemmanager
2024-07-22 08:12:48,769 [INFO] IPUIPlugin:80 - create IPUIPlugin
2024-07-22 08:12:48,769 [INFO] PluginManager:220 - loadIPPluginJar : add fatfs
2024-07-22 08:12:48,774 [INFO] IPUIPlugin:80 - create IPUIPlugin
2024-07-22 08:12:48,775 [INFO] PluginManager:220 - loadIPPluginJar : add fmc
2024-07-22 08:12:48,783 [INFO] IPUIPlugin:80 - create IPUIPlugin
2024-07-22 08:12:48,783 [INFO] PluginManager:220 - loadIPPluginJar : add freertos
2024-07-22 08:12:48,784 [INFO] IPUIPlugin:80 - create IPUIPlugin
2024-07-22 08:12:48,784 [INFO] PluginManager:220 - loadIPPluginJar : add genericplugin
2024-07-22 08:12:48,787 [INFO] IPUIPlugin:80 - create IPUIPlugin
2024-07-22 08:12:48,788 [INFO] PluginManager:220 - loadIPPluginJar : add gfxmmu
2024-07-22 08:12:48,790 [INFO] IPUIPlugin:80 - create IPUIPlugin
2024-07-22 08:12:48,790 [INFO] PluginManager:220 - loadIPPluginJar : add gic
2024-07-22 08:12:48,792 [INFO] IPUIPlugin:80 - create IPUIPlugin
2024-07-22 08:12:48,792 [INFO] PluginManager:220 - loadIPPluginJar : add gpio
2024-07-22 08:12:48,796 [INFO] IPUIPlugin:80 - create IPUIPlugin
2024-07-22 08:12:48,796 [INFO] PluginManager:220 - loadIPPluginJar : add gtzc
2024-07-22 08:12:48,798 [INFO] IPUIPlugin:80 - create IPUIPlugin
2024-07-22 08:12:48,798 [INFO] PluginManager:220 - loadIPPluginJar : add hash
2024-07-22 08:12:48,802 [INFO] IPUIPlugin:80 - create IPUIPlugin
2024-07-22 08:12:48,802 [INFO] PluginManager:220 - loadIPPluginJar : add i2c
2024-07-22 08:12:48,813 [INFO] IPUIPlugin:80 - create IPUIPlugin
2024-07-22 08:12:48,813 [INFO] PluginManager:220 - loadIPPluginJar : add i2s
2024-07-22 08:12:48,814 [INFO] IPUIPlugin:80 - create IPUIPlugin
2024-07-22 08:12:48,814 [INFO] PluginManager:220 - loadIPPluginJar : add i3c
2024-07-22 08:12:48,817 [INFO] IPUIPlugin:80 - create IPUIPlugin
2024-07-22 08:12:48,817 [INFO] PluginManager:220 - loadIPPluginJar : add ipddr
2024-07-22 08:12:48,821 [INFO] IPUIPlugin:80 - create IPUIPlugin
2024-07-22 08:12:48,821 [INFO] PluginManager:220 - loadIPPluginJar : add linkedlist
2024-07-22 08:12:48,822 [INFO] IPUIPlugin:80 - create IPUIPlugin
2024-07-22 08:12:48,822 [INFO] PluginManager:220 - loadIPPluginJar : add lorawan
2024-07-22 08:12:48,823 [INFO] IPUIPlugin:80 - create IPUIPlugin
2024-07-22 08:12:48,823 [INFO] PluginManager:220 - loadIPPluginJar : add ltdc
2024-07-22 08:12:48,835 [INFO] IPUIPlugin:80 - create IPUIPlugin
2024-07-22 08:12:48,836 [INFO] PluginManager:220 - loadIPPluginJar : add mdma
2024-07-22 08:12:48,841 [INFO] IPUIPlugin:80 - create IPUIPlugin
2024-07-22 08:12:48,841 [INFO] PluginManager:220 - loadIPPluginJar : add nvic
2024-07-22 08:12:48,843 [INFO] IPUIPlugin:80 - create IPUIPlugin
2024-07-22 08:12:48,843 [INFO] PluginManager:220 - loadIPPluginJar : add opamp
2024-07-22 08:12:48,844 [INFO] IPUIPlugin:80 - create IPUIPlugin
2024-07-22 08:12:48,845 [INFO] PluginManager:220 - loadIPPluginJar : add openamp
2024-07-22 08:12:48,849 [INFO] IPUIPlugin:80 - create IPUIPlugin
2024-07-22 08:12:48,849 [INFO] PluginManager:220 - loadIPPluginJar : add pdm2pcm
2024-07-22 08:12:48,870 [INFO] IPUIPlugin:80 - create IPUIPlugin
2024-07-22 08:12:48,871 [INFO] PluginManager:220 - loadIPPluginJar : add plateformsettings
2024-07-22 08:12:48,872 [INFO] IPUIPlugin:80 - create IPUIPlugin
2024-07-22 08:12:48,872 [INFO] PluginManager:220 - loadIPPluginJar : add quadspi
2024-07-22 08:12:48,877 [INFO] IPUIPlugin:80 - create IPUIPlugin
2024-07-22 08:12:48,877 [INFO] PluginManager:220 - loadIPPluginJar : add resmgrutility
2024-07-22 08:12:48,882 [INFO] IPUIPlugin:80 - create IPUIPlugin
2024-07-22 08:12:48,882 [INFO] PluginManager:220 - loadIPPluginJar : add sai
2024-07-22 08:12:48,883 [INFO] IPUIPlugin:80 - create IPUIPlugin
2024-07-22 08:12:48,883 [INFO] PluginManager:220 - loadIPPluginJar : add spi
2024-07-22 08:12:48,886 [INFO] IPUIPlugin:80 - create IPUIPlugin
2024-07-22 08:12:48,886 [INFO] PluginManager:220 - loadIPPluginJar : add stm32_wpan
2024-07-22 08:12:48,887 [INFO] IPUIPlugin:80 - create IPUIPlugin
2024-07-22 08:12:48,887 [INFO] PluginManager:220 - loadIPPluginJar : add tim
2024-07-22 08:12:48,892 [INFO] IPUIPlugin:80 - create IPUIPlugin
2024-07-22 08:12:48,892 [INFO] PluginManager:220 - loadIPPluginJar : add touchsensing
2024-07-22 08:12:48,894 [INFO] IPUIPlugin:80 - create IPUIPlugin
2024-07-22 08:12:48,894 [INFO] PluginManager:220 - loadIPPluginJar : add tracer_emb
2024-07-22 08:12:48,897 [INFO] IPUIPlugin:80 - create IPUIPlugin
2024-07-22 08:12:48,897 [INFO] PluginManager:220 - loadIPPluginJar : add ts
2024-07-22 08:12:48,899 [INFO] IPUIPlugin:80 - create IPUIPlugin
2024-07-22 08:12:48,899 [INFO] PluginManager:220 - loadIPPluginJar : add tsc
2024-07-22 08:12:48,900 [INFO] IPUIPlugin:80 - create IPUIPlugin
2024-07-22 08:12:48,900 [INFO] PluginManager:220 - loadIPPluginJar : add ucpd
2024-07-22 08:12:48,901 [INFO] IPUIPlugin:80 - create IPUIPlugin
2024-07-22 08:12:48,901 [INFO] PluginManager:220 - loadIPPluginJar : add usart
2024-07-22 08:12:48,907 [INFO] IPUIPlugin:80 - create IPUIPlugin
2024-07-22 08:12:48,907 [INFO] PluginManager:220 - loadIPPluginJar : add usbx
2024-07-22 08:12:49,010 [INFO] CADModel:165 - CPN selected for project level
2024-07-22 08:12:49,010 [INFO] CADModel:114 - Register for checkConnection events
2024-07-22 08:12:49,010 [FATAL] Updater:308 - Updater called before beeing initialized
2024-07-22 08:12:49,010 [ERROR] CADModel:125 - Updater not yet initialized, retry later 
2024-07-22 08:12:49,092 [INFO] CADModel:165 - CPN selected for project level
2024-07-22 08:12:49,092 [INFO] CADModel:114 - Register for checkConnection events
2024-07-22 08:12:49,092 [FATAL] Updater:308 - Updater called before beeing initialized
2024-07-22 08:12:49,092 [ERROR] CADModel:125 - Updater not yet initialized, retry later 
2024-07-22 08:12:49,094 [FATAL] Updater:308 - Updater called before beeing initialized
2024-07-22 08:12:49,171 [FATAL] Updater:308 - Updater called before beeing initialized
2024-07-22 08:12:49,173 [INFO] DbMcusAds:53 - JSON generation date=Thu May 16 18:22:00 KST 2024 (1715851320852)
2024-07-22 08:12:49,173 [FATAL] Updater:308 - Updater called before beeing initialized
2024-07-22 08:12:49,198 [WARN] DetailPanel:346 - Failed to get advertising image, set to default
2024-07-22 08:12:49,246 [FATAL] Updater:308 - Updater called before beeing initialized
2024-07-22 08:12:49,247 [FATAL] Updater:308 - Updater called before beeing initialized
2024-07-22 08:12:49,247 [FATAL] Updater:308 - Updater called before beeing initialized
2024-07-22 08:12:49,248 [WARN] DetailPanel:346 - Failed to get advertising image, set to default
2024-07-22 08:12:49,248 [FATAL] Updater:308 - Updater called before beeing initialized
2024-07-22 08:12:49,274 [ERROR] Updater:1120 - MainUpdater not yet initialized. External WinMGr cannot be set.
2024-07-22 08:12:49,275 [INFO] Updater:1056 - Updater Version found : 6.11.1
2024-07-22 08:12:49,288 [INFO] ApplicationProperties:184 - Using Application install path: C:\ST\STM32CubeIDE_1.15.1\STM32CubeIDE\plugins\com.st.stm32cube.common.mx_6.11.1.202404110753
2024-07-22 08:12:50,853 [ERROR] LogOutputStream:75 - [STDERR_REDIRECT] Jul 22, 2024 8:12:50 AM java.util.prefs.WindowsPreferences <init>
2024-07-22 08:12:50,854 [ERROR] LogOutputStream:75 - [STDERR_REDIRECT] WARNING: Could not open/create prefs root node Software\JavaSoft\Prefs at root 0xffffffff80000002. Windows RegCreateKeyEx(...) returned error code 5.
2024-07-22 08:12:50,854 [ERROR] LogOutputStream:75 - [STDERR_REDIRECT] 
2024-07-22 08:12:51,349 [INFO] ThirdPartyUpdaterWithRetryManager:70 - Updater plugin not ready yet. [2/15]
2024-07-22 08:12:51,424 [INFO] MainUpdater:2873 - connection check result : 10
2024-07-22 08:12:51,424 [INFO] MainUpdater:3567 - Updater definition file requires update
2024-07-22 08:12:51,424 [INFO] MainUpdater:290 - Updater Check For Update Now.
2024-07-22 08:12:51,425 [INFO] MicroXplorer:498 - Change Database Version : DB.6.0.111
2024-07-22 08:12:51,431 [INFO] McuFinderGlobals:63 - Set McuFinder mode to 2 (CubeIDE integrated)
2024-07-22 08:12:51,431 [INFO] UserAuth:179 - activating auth plugin
2024-07-22 08:12:51,432 [INFO] UserAuth:415 - Internet connection configuration mode: 1
2024-07-22 08:12:51,441 [INFO] JxBrowserEngine:152 - Initiate JxBrowser Engine with user profile folder
2024-07-22 08:12:51,554 [INFO] ServerAccessManage:473 - Download File updaters.zip
2024-07-22 08:12:51,857 [INFO] FileExtend:240 - Unzip File : updaters.zip
2024-07-22 08:12:51,858 [INFO] FileExtend:255 - Standard Zip Deflate
2024-07-22 08:12:51,931 [INFO] WebApp:161 - Instantiating new browser for Auth
2024-07-22 08:12:52,254 [INFO] WebApp:779 - Register for checkConnection events
2024-07-22 08:12:52,254 [INFO] WebApp:414 - Apply proxy settings
2024-07-22 08:12:52,254 [INFO] WebApp:499 - Chromium requires no authentication
2024-07-22 08:12:52,259 [INFO] WebApp:442 - Direct internet connection detected
2024-07-22 08:12:52,346 [INFO] WebApp:192 - Starting web application
2024-07-22 08:12:52,346 [INFO] WebApp:544 - Web application path used C:\ST\STM32CubeIDE_1.15.1\STM32CubeIDE\plugins\com.st.stm32cube.common.mx_6.11.1.202404110753\db\plugins\mcufinder\reactClient1\index.html
2024-07-22 08:12:52,427 [INFO] ServerAccessManage:473 - Download File PacksControlFlags.xml
2024-07-22 08:12:52,578 [INFO] ServerAccessManage:473 - Download File cubemx.pidx
2024-07-22 08:12:53,005 [INFO] ServerAccessManage:473 - Download File STMicroelectronics.FP-SNS-STBOX1.pdsc
2024-07-22 08:12:54,350 [WARN] MainUpdater:1194 - Updater busy. Cannot search thirdparties
2024-07-22 08:12:54,350 [INFO] ThirdPartyUpdaterWithRetryManager:96 - Updater plugin is busy. [1/15]
2024-07-22 08:12:54,641 [INFO] ServerAccessManage:473 - Download File wolfSSL.I-CUBE-wolfSSH.pdsc
2024-07-22 08:12:55,752 [WARN] PackLoader:240 - Cannot read IP mode file for STMicroelectronics.FP-SNS-STBOX1.2.0.0
2024-07-22 08:12:55,757 [WARN] PackLoader:240 - Cannot read IP mode file for wolfSSL.I-CUBE-wolfSSH.1.4.17
2024-07-22 08:12:55,757 [INFO] PopulateThirdPartyThread:66 - Ending populate Thread
2024-07-22 08:12:55,759 [INFO] ThirdParty:1030 - CMSIS Pack Vendor :STMicroelectronics FP-SNS-STBOX1 2.0.0
2024-07-22 08:12:55,759 [INFO] ThirdParty:1030 - CMSIS Pack Vendor :wolfSSL I-CUBE-wolfSSH 1.4.17
2024-07-22 08:12:55,759 [INFO] LoadServerUpdatesThread:375 - End of LoadServerUpdate Thread
2024-07-22 08:12:55,827 [INFO] CheckServerUpdateThread:120 - End of CheckServer Thread
2024-07-22 08:12:57,447 [WARN] PackLoader:240 - Cannot read IP mode file for STMicroelectronics.FP-SNS-MOTENVWB1.1.4.0
2024-07-22 08:12:57,452 [WARN] PackLoader:240 - Cannot read IP mode file for STMicroelectronics.X-CUBE-SMBUS.2.1.0
2024-07-22 08:12:57,461 [WARN] PackLoader:240 - Cannot read IP mode file for STMicroelectronics.X-CUBE-AZRTOS-F7.1.1.0
2024-07-22 08:12:57,464 [WARN] PackLoader:240 - Cannot read IP mode file for STMicroelectronics.FP-SNS-FLIGHT1.5.0.2
2024-07-22 08:12:57,468 [WARN] PackLoader:240 - Cannot read IP mode file for STMicroelectronics.X-CUBE-DISPLAY.3.0.0
2024-07-22 08:12:57,473 [WARN] PackLoader:240 - Cannot read IP mode file for STMicroelectronics.X-CUBE-BLE1.7.0.0
2024-07-22 08:12:57,476 [WARN] PackLoader:240 - Cannot read IP mode file for emotas.I-CUBE-CANOPEN.1.3.0
2024-07-22 08:12:57,479 [WARN] PackLoader:240 - Cannot read IP mode file for STMicroelectronics.X-CUBE-BLEMGR.3.1.0
2024-07-22 08:12:57,483 [WARN] PackLoader:240 - Cannot read IP mode file for STMicroelectronics.FP-SNS-SMARTAG2.1.2.0
2024-07-22 08:12:57,487 [INFO] LogOutputStream:77 - [STDOUT_REDIRECT] 1 : Invalid condition id : UX_CORESTACK_Condition cause : null
2024-07-22 08:12:57,487 [INFO] LogOutputStream:77 - [STDOUT_REDIRECT] 1 : Invalid condition id : UX_CORESTACK_Condition cause : null
2024-07-22 08:12:57,488 [INFO] LogOutputStream:77 - [STDOUT_REDIRECT] 1 : Invalid condition id : UX_CORESTACK_Condition cause : null
2024-07-22 08:12:57,488 [INFO] LogOutputStream:77 - [STDOUT_REDIRECT] 1 : Invalid condition id : UX_CORESTACK_Condition cause : null
2024-07-22 08:12:57,489 [INFO] LogOutputStream:77 - [STDOUT_REDIRECT] 1 : Invalid condition id : UX_CORESTACK_Condition cause : null
2024-07-22 08:12:57,490 [WARN] PackLoader:240 - Cannot read IP mode file for STMicroelectronics.X-CUBE-AZRTOS-WL.2.0.0
2024-07-22 08:12:57,493 [WARN] PackLoader:240 - Cannot read IP mode file for wolfSSL.I-CUBE-wolfMQTT.1.19.0
2024-07-22 08:12:57,496 [WARN] PackLoader:240 - Cannot read IP mode file for WES.I-CUBE-Cesium.1.3.0
2024-07-22 08:12:57,498 [WARN] PackLoader:240 - Cannot read IP mode file for STMicroelectronics.X-CUBE-BLE2.3.3.0
2024-07-22 08:12:57,501 [WARN] PackLoader:240 - Cannot read IP mode file for STMicroelectronics.X-CUBE-TCPP.4.1.0
2024-07-22 08:12:57,507 [WARN] PackLoader:240 - Cannot read IP mode file for STMicroelectronics.X-CUBE-AZRTOS-G0.1.1.0
2024-07-22 08:12:57,511 [WARN] PackLoader:240 - Cannot read IP mode file for STMicroelectronics.X-CUBE-SAFEA1.1.2.2
2024-07-22 08:12:57,514 [WARN] PackLoader:240 - Cannot read IP mode file for STMicroelectronics.X-CUBE-NFC4.3.0.0
2024-07-22 08:12:57,518 [WARN] PackLoader:240 - Cannot read IP mode file for EmbeddedOffice.I-CUBE-FS-RTOS.1.0.1
2024-07-22 08:12:57,518 [ERROR] ConditionMgr:805 - Attr not supported : Dmpu
2024-07-22 08:12:57,518 [ERROR] ConditionMgr:805 - Attr not supported : Dmpu
2024-07-22 08:12:57,518 [ERROR] ConditionMgr:805 - Attr not supported : Dmpu
2024-07-22 08:12:57,518 [ERROR] ConditionMgr:805 - Attr not supported : Dmpu
2024-07-22 08:12:57,518 [ERROR] ConditionMgr:805 - Attr not supported : Dmpu
2024-07-22 08:12:57,518 [ERROR] ConditionMgr:805 - Attr not supported : Dmpu
2024-07-22 08:12:57,518 [ERROR] ConditionMgr:805 - Attr not supported : Dmpu
2024-07-22 08:12:57,520 [ERROR] ConditionMgr:805 - Attr not supported : Dmpu
2024-07-22 08:12:57,520 [ERROR] ConditionMgr:805 - Attr not supported : Dmpu
2024-07-22 08:12:57,520 [ERROR] ConditionMgr:805 - Attr not supported : Dmpu
2024-07-22 08:12:57,520 [ERROR] ConditionMgr:805 - Attr not supported : Dmpu
2024-07-22 08:12:57,520 [ERROR] ConditionMgr:805 - Attr not supported : Dmpu
2024-07-22 08:12:57,520 [ERROR] ConditionMgr:805 - Attr not supported : Dmpu
2024-07-22 08:12:57,520 [ERROR] ConditionMgr:805 - Attr not supported : Dmpu
2024-07-22 08:12:57,520 [ERROR] ConditionMgr:805 - Attr not supported : Dmpu
2024-07-22 08:12:57,520 [ERROR] ConditionMgr:805 - Attr not supported : Dmpu
2024-07-22 08:12:57,520 [ERROR] ConditionMgr:805 - Attr not supported : Dmpu
2024-07-22 08:12:57,520 [ERROR] ConditionMgr:805 - Attr not supported : Dmpu
2024-07-22 08:12:57,520 [ERROR] ConditionMgr:805 - Attr not supported : Dmpu
2024-07-22 08:12:57,520 [ERROR] ConditionMgr:805 - Attr not supported : Dmpu
2024-07-22 08:12:57,520 [ERROR] ConditionMgr:805 - Attr not supported : Dmpu
2024-07-22 08:12:57,520 [ERROR] ConditionMgr:805 - Attr not supported : Dmpu
2024-07-22 08:12:57,520 [ERROR] ConditionMgr:805 - Attr not supported : Dmpu
2024-07-22 08:12:57,520 [ERROR] ConditionMgr:805 - Attr not supported : Dmpu
2024-07-22 08:12:57,520 [ERROR] ConditionMgr:805 - Attr not supported : Dmpu
2024-07-22 08:12:57,520 [ERROR] ConditionMgr:805 - Attr not supported : Dmpu
2024-07-22 08:12:57,520 [ERROR] ConditionMgr:805 - Attr not supported : Dmpu
2024-07-22 08:12:57,520 [ERROR] ConditionMgr:805 - Attr not supported : Dmpu
2024-07-22 08:12:57,520 [ERROR] ConditionMgr:805 - Attr not supported : Dmpu
2024-07-22 08:12:57,520 [ERROR] ConditionMgr:805 - Attr not supported : Dmpu
2024-07-22 08:12:57,520 [ERROR] ConditionMgr:805 - Attr not supported : Dmpu
2024-07-22 08:12:57,520 [ERROR] ConditionMgr:805 - Attr not supported : Dmpu
2024-07-22 08:12:57,520 [ERROR] ConditionMgr:805 - Attr not supported : Dmpu
2024-07-22 08:12:57,520 [ERROR] ConditionMgr:805 - Attr not supported : Dmpu
2024-07-22 08:12:57,520 [ERROR] ConditionMgr:805 - Attr not supported : Dmpu
2024-07-22 08:12:57,521 [ERROR] ConditionMgr:805 - Attr not supported : Dmpu
2024-07-22 08:12:57,521 [ERROR] ConditionMgr:805 - Attr not supported : Dmpu
2024-07-22 08:12:57,521 [ERROR] ConditionMgr:805 - Attr not supported : Dmpu
2024-07-22 08:12:57,521 [ERROR] ConditionMgr:805 - Attr not supported : Dmpu
2024-07-22 08:12:57,521 [ERROR] ConditionMgr:805 - Attr not supported : Dmpu
2024-07-22 08:12:57,521 [ERROR] ConditionMgr:805 - Attr not supported : Dmpu
2024-07-22 08:12:57,521 [ERROR] ConditionMgr:805 - Attr not supported : Dmpu
2024-07-22 08:12:57,521 [ERROR] ConditionMgr:805 - Attr not supported : Dmpu
2024-07-22 08:12:57,521 [ERROR] ConditionMgr:805 - Attr not supported : Dmpu
2024-07-22 08:12:57,521 [ERROR] ConditionMgr:805 - Attr not supported : Dmpu
2024-07-22 08:12:57,521 [ERROR] ConditionMgr:805 - Attr not supported : Dmpu
2024-07-22 08:12:57,521 [ERROR] ConditionMgr:805 - Attr not supported : Dmpu
2024-07-22 08:12:57,521 [ERROR] ConditionMgr:805 - Attr not supported : Dmpu
2024-07-22 08:12:57,521 [ERROR] ConditionMgr:805 - Attr not supported : Dmpu
2024-07-22 08:12:57,521 [ERROR] ConditionMgr:805 - Attr not supported : Dmpu
2024-07-22 08:12:57,521 [ERROR] ConditionMgr:805 - Attr not supported : Dmpu
2024-07-22 08:12:57,521 [ERROR] ConditionMgr:805 - Attr not supported : Dmpu
2024-07-22 08:12:57,521 [ERROR] ConditionMgr:805 - Attr not supported : Dmpu
2024-07-22 08:12:57,521 [ERROR] ConditionMgr:805 - Attr not supported : Dmpu
2024-07-22 08:12:57,521 [ERROR] ConditionMgr:805 - Attr not supported : Dmpu
2024-07-22 08:12:57,521 [ERROR] ConditionMgr:805 - Attr not supported : Dmpu
2024-07-22 08:12:57,521 [ERROR] ConditionMgr:805 - Attr not supported : Dmpu
2024-07-22 08:12:57,521 [ERROR] ConditionMgr:805 - Attr not supported : Dmpu
2024-07-22 08:12:57,522 [ERROR] ConditionMgr:805 - Attr not supported : Dmpu
2024-07-22 08:12:57,522 [ERROR] ConditionMgr:805 - Attr not supported : Dmpu
2024-07-22 08:12:57,522 [ERROR] ConditionMgr:805 - Attr not supported : Dmpu
2024-07-22 08:12:57,522 [ERROR] ConditionMgr:805 - Attr not supported : Dmpu
2024-07-22 08:12:57,522 [ERROR] ConditionMgr:805 - Attr not supported : Dmpu
2024-07-22 08:12:57,522 [ERROR] ConditionMgr:805 - Attr not supported : Dmpu
2024-07-22 08:12:57,525 [WARN] PackLoader:240 - Cannot read IP mode file for RealThread.X-CUBE-RT-Thread_Nano.4.1.1
2024-07-22 08:12:57,527 [WARN] PackLoader:240 - Cannot read IP mode file for wolfSSL.I-CUBE-wolfSSL.5.7.0
2024-07-22 08:12:57,529 [WARN] PackLoader:240 - Cannot read IP mode file for STMicroelectronics.FP-ATR-SIGFOX1.3.2.0
2024-07-22 08:12:57,532 [WARN] PackLoader:240 - Cannot read IP mode file for STMicroelectronics.X-CUBE-EEPRMA1.5.1.0
2024-07-22 08:12:57,538 [WARN] PackLoader:240 - Cannot read IP mode file for ITTIA_DB.I-CUBE-ITTIADB.8.9.0
2024-07-22 08:12:57,552 [WARN] PackLoader:240 - Cannot read IP mode file for SEGGER.I-CUBE-embOS.1.3.1
2024-07-22 08:12:57,572 [WARN] PackLoader:240 - Cannot read IP mode file for STMicroelectronics.X-CUBE-ALGOBUILD.1.4.0
2024-07-22 08:12:57,575 [WARN] PackLoader:240 - Cannot read IP mode file for STMicroelectronics.X-CUBE-GNSS1.6.0.0
2024-07-22 08:12:57,581 [WARN] PackLoader:240 - Cannot read IP mode file for STMicroelectronics.X-CUBE-AZRTOS-F4.1.1.0
2024-07-22 08:12:57,585 [WARN] PackLoader:240 - Cannot read IP mode file for STMicroelectronics.X-CUBE-FREERTOS.1.2.0
2024-07-22 08:12:57,591 [WARN] PackLoader:240 - Cannot read IP mode file for STMicroelectronics.X-CUBE-AZRTOS-L5.2.0.0
2024-07-22 08:12:57,595 [WARN] PackLoader:240 - Cannot read IP mode file for STMicroelectronics.X-CUBE-NFC6.3.1.0
2024-07-22 08:12:57,599 [WARN] PackLoader:240 - Cannot read IP mode file for STMicroelectronics.X-CUBE-DPower.1.2.0
2024-07-22 08:12:57,601 [WARN] PackLoader:240 - Cannot read IP mode file for STMicroelectronics.X-CUBE-AI.9.0.0
2024-07-22 08:12:57,603 [WARN] PackLoader:240 - Cannot read IP mode file for STMicroelectronics.X-CUBE-NFC7.1.0.1
2024-07-22 08:12:57,606 [WARN] PackLoader:240 - Cannot read IP mode file for wolfSSL.I-CUBE-wolfTPM.3.2.0
2024-07-22 08:12:57,612 [WARN] ConditionMgr:438 - getConditionDescription Invalid condition id : LAN8742 Phy interface Condition cause : null
2024-07-22 08:12:57,612 [WARN] PackLoader:240 - Cannot read IP mode file for STMicroelectronics.X-CUBE-AZRTOS-L4.2.0.0
2024-07-22 08:12:57,613 [WARN] ConditionMgr:1039 - genDependencies : Invalid condition id : LAN8742 Phy interface Condition cause : null
2024-07-22 08:12:57,613 [WARN] ConditionMgr:1039 - genDependencies : Invalid condition id : LAN8742 Phy interface Condition cause : null
2024-07-22 08:12:57,613 [WARN] ConditionMgr:1039 - genDependencies : Invalid condition id : LAN8742 Phy interface Condition cause : null
2024-07-22 08:12:57,616 [WARN] PackLoader:240 - Cannot read IP mode file for STMicroelectronics.X-CUBE-SFXS2LP1.4.0.0
2024-07-22 08:12:57,622 [WARN] ConditionMgr:438 - getConditionDescription Invalid condition id : UX DEVICE CLASS RTOS Condition cause : null
2024-07-22 08:12:57,622 [WARN] ConditionMgr:438 - getConditionDescription Invalid condition id : UX DEVICE CLASS RTOS Condition cause : null
2024-07-22 08:12:57,622 [WARN] PackLoader:240 - Cannot read IP mode file for STMicroelectronics.X-CUBE-AZRTOS-WB.2.0.0
2024-07-22 08:12:57,623 [WARN] ConditionMgr:1039 - genDependencies : Invalid condition id : UX DEVICE CLASS RTOS Condition cause : null
2024-07-22 08:12:57,623 [WARN] ConditionMgr:1039 - genDependencies : Invalid condition id : UX DEVICE CLASS RTOS Condition cause : null
2024-07-22 08:12:57,623 [WARN] ConditionMgr:1039 - genDependencies : Invalid condition id : UX DEVICE CLASS RTOS Condition cause : null
2024-07-22 08:12:57,623 [WARN] ConditionMgr:1039 - genDependencies : Invalid condition id : UX DEVICE CLASS RTOS Condition cause : null
2024-07-22 08:12:57,623 [WARN] ConditionMgr:1039 - genDependencies : Invalid condition id : UX DEVICE CLASS RTOS Condition cause : null
2024-07-22 08:12:57,626 [WARN] PackLoader:240 - Cannot read IP mode file for STMicroelectronics.FP-SNS-STBOX1.2.0.0
2024-07-22 08:12:57,631 [WARN] PackLoader:240 - Cannot read IP mode file for STMicroelectronics.X-CUBE-SUBG2.5.0.0
2024-07-22 08:12:57,635 [WARN] PackLoader:240 - Cannot read IP mode file for Cesanta.I-CUBE-Mongoose.7.13.0
2024-07-22 08:12:57,640 [WARN] PackLoader:240 - Cannot read IP mode file for STMicroelectronics.X-CUBE-AZRTOS-G4.2.0.0
2024-07-22 08:12:57,643 [WARN] PackLoader:240 - Cannot read IP mode file for STMicroelectronics.X-CUBE-ISPU.2.0.0
2024-07-22 08:12:57,645 [WARN] PackLoader:240 - Cannot read IP mode file for STMicroelectronics.X-CUBE-ALS.1.0.2
2024-07-22 08:12:57,658 [WARN] PackLoader:240 - Cannot read IP mode file for STMicroelectronics.X-CUBE-MEMS1.10.0.0
2024-07-22 08:12:57,710 [WARN] PackLoader:240 - Cannot read IP mode file for STMicroelectronics.X-CUBE-TOUCHGFX.4.24.0
2024-07-22 08:12:57,713 [WARN] PackLoader:240 - Cannot read IP mode file for portGmbH.I-Cube-SoM-uGOAL.1.1.0
2024-07-22 08:12:57,720 [WARN] PackLoader:240 - Cannot read IP mode file for STMicroelectronics.X-CUBE-AZRTOS-H7RS.1.0.0
2024-07-22 08:12:57,724 [WARN] PackLoader:240 - Cannot read IP mode file for STMicroelectronics.FP-ATR-ASTRA1.2.0.0
2024-07-22 08:12:57,728 [WARN] PackLoader:240 - Cannot read IP mode file for STMicroelectronics.X-CUBE-TOF1.3.4.1
2024-07-22 08:12:57,740 [WARN] PackLoader:240 - Cannot read IP mode file for STMicroelectronics.X-CUBE-AZRTOS-H7.3.2.0
2024-07-22 08:12:57,746 [WARN] PackLoader:240 - Cannot read IP mode file for Infineon.AIROC-Wi-Fi-Bluetooth-STM32.1.6.0
2024-07-22 08:12:57,750 [WARN] PackLoader:240 - Cannot read IP mode file for wolfSSL.I-CUBE-wolfSSH.1.4.17
2024-07-22 08:12:57,750 [INFO] ThirdParty:978 - Integrity check success = true
2024-07-22 08:12:57,751 [INFO] IntegrityCheckThread:100 - exiting critical section [integrity check]
2024-07-22 08:12:57,751 [INFO] IntegrityCheckThread:103 - End integrity checks thread
2024-07-22 09:08:45,985 [ERROR] LogOutputStream:75 - [STDERR_REDIRECT] 
