2024-07-26 09:39:14,338 [INFO] Activator:176 - 


2024-07-26 09:39:14,341 [INFO] Activator:177 - !SESSION log4j initialized
2024-07-26 09:39:17,809 [INFO] LogOutputStream:77 - [STDOUT_REDIRECT] 
2024-07-26 09:39:19,692 [INFO] ApplicationProperties:184 - Using Application install path: C:\ST\STM32CubeIDE_1.15.1\STM32CubeIDE\plugins\com.st.stm32cube.common.mx_6.11.1.202404110753
2024-07-26 09:39:19,718 [INFO] DbMcusXml:78 - Set database path to: C:\ST\STM32CubeIDE_1.15.1\STM32CubeIDE\plugins\com.st.stm32cube.common.mx_6.11.1.202404110753\\db\/mcu/
2024-07-26 09:39:19,719 [INFO] ApiDb:274 - Set plugin database path to: C:\ST\STM32CubeIDE_1.15.1\STM32CubeIDE\plugins\com.st.stm32cube.common.mx_6.11.1.202404110753\\db\/plugins/boardmanager/
2024-07-26 09:39:19,720 [WARN] ApiDb:259 - Overriding images path with different value:  => C:\ST\STM32CubeIDE_1.15.1\STM32CubeIDE\plugins\com.st.stm32cube.common.mx_6.11.1.202404110753\\db\/plugins/mcufinder/images/
2024-07-26 09:39:19,731 [INFO] ApiDb:250 - Set database path to: C:\Users\jhwang\.stmcufinder\plugins\mcufinder//mcu/
2024-07-26 09:39:19,732 [INFO] DbMcusAds:125 - Set database path to: C:\Users\jhwang\.stmcufinder\plugins\mcufinder//mcu/
2024-07-26 09:39:19,733 [INFO] CrossReferenceDbSqlite:203 - Set database path to: C:\Users\jhwang\.stmcufinder\plugins\mcufinder//mcu/cs/
2024-07-26 09:39:19,911 [INFO] RulesReader:64 - Compatibility file has been processed (297 Rules)
2024-07-26 09:39:20,027 [INFO] DbMcusXml:78 - Set database path to: C:\ST\STM32CubeIDE_1.15.1\STM32CubeIDE\plugins\com.st.stm32cube.common.mx_6.11.1.202404110753\\db\/mcu/
2024-07-26 09:39:20,027 [INFO] ApiDb:274 - Set plugin database path to: C:\ST\STM32CubeIDE_1.15.1\STM32CubeIDE\plugins\com.st.stm32cube.common.mx_6.11.1.202404110753\\db\/plugins/boardmanager/
2024-07-26 09:39:20,027 [INFO] ApiDb:261 - Set plugin images path to: C:\ST\STM32CubeIDE_1.15.1\STM32CubeIDE\plugins\com.st.stm32cube.common.mx_6.11.1.202404110753\\db\/plugins/mcufinder/images/
2024-07-26 09:39:20,028 [WARN] DbFile:41 - Overriding database path with different value: C:\Users\jhwang\.stmcufinder\plugins\mcufinder/ => C:\Users\jhwang\.stmcufinder\plugins\mcufinder
2024-07-26 09:39:20,028 [INFO] ApiDb:250 - Set database path to: C:\Users\jhwang\.stmcufinder\plugins\mcufinder//mcu/
2024-07-26 09:39:20,028 [WARN] DbFile:41 - Overriding database path with different value: C:\Users\jhwang\.stmcufinder\plugins\mcufinder/ => C:\Users\jhwang\.stmcufinder\plugins\mcufinder
2024-07-26 09:39:20,028 [INFO] DbMcusAds:125 - Set database path to: C:\Users\jhwang\.stmcufinder\plugins\mcufinder//mcu/
2024-07-26 09:39:20,028 [WARN] DbFile:41 - Overriding database path with different value: C:\Users\jhwang\.stmcufinder\plugins\mcufinder/ => C:\Users\jhwang\.stmcufinder\plugins\mcufinder
2024-07-26 09:39:20,028 [WARN] DbFile:41 - Overriding database path with different value: C:\Users\jhwang\.stmcufinder\plugins\mcufinder/ => C:\Users\jhwang\.stmcufinder\plugins\mcufinder
2024-07-26 09:39:20,028 [INFO] CrossReferenceDbSqlite:203 - Set database path to: C:\Users\jhwang\.stmcufinder\plugins\mcufinder//mcu/cs/
2024-07-26 09:39:20,147 [INFO] MainPanel:264 - HeapMemory: 268435456
2024-07-26 09:39:20,288 [INFO] DbMcusXml:78 - Set database path to: C:\ST\STM32CubeIDE_1.15.1\STM32CubeIDE\plugins\com.st.stm32cube.common.mx_6.11.1.202404110753\\db\/mcu/
2024-07-26 09:39:20,288 [INFO] ApiDb:274 - Set plugin database path to: C:\ST\STM32CubeIDE_1.15.1\STM32CubeIDE\plugins\com.st.stm32cube.common.mx_6.11.1.202404110753\\db\/plugins/boardmanager/
2024-07-26 09:39:20,288 [INFO] ApiDb:261 - Set plugin images path to: C:\ST\STM32CubeIDE_1.15.1\STM32CubeIDE\plugins\com.st.stm32cube.common.mx_6.11.1.202404110753\\db\/plugins/mcufinder/images/
2024-07-26 09:39:20,289 [WARN] DbFile:41 - Overriding database path with different value: C:\Users\jhwang\.stmcufinder\plugins\mcufinder/ => C:\Users\jhwang\.stmcufinder\plugins\mcufinder
2024-07-26 09:39:20,289 [INFO] ApiDb:250 - Set database path to: C:\Users\jhwang\.stmcufinder\plugins\mcufinder//mcu/
2024-07-26 09:39:20,289 [WARN] DbFile:41 - Overriding database path with different value: C:\Users\jhwang\.stmcufinder\plugins\mcufinder/ => C:\Users\jhwang\.stmcufinder\plugins\mcufinder
2024-07-26 09:39:20,289 [INFO] DbMcusAds:125 - Set database path to: C:\Users\jhwang\.stmcufinder\plugins\mcufinder//mcu/
2024-07-26 09:39:20,289 [WARN] DbFile:41 - Overriding database path with different value: C:\Users\jhwang\.stmcufinder\plugins\mcufinder/ => C:\Users\jhwang\.stmcufinder\plugins\mcufinder
2024-07-26 09:39:20,289 [WARN] DbFile:41 - Overriding database path with different value: C:\Users\jhwang\.stmcufinder\plugins\mcufinder/ => C:\Users\jhwang\.stmcufinder\plugins\mcufinder
2024-07-26 09:39:20,289 [INFO] CrossReferenceDbSqlite:203 - Set database path to: C:\Users\jhwang\.stmcufinder\plugins\mcufinder//mcu/cs/
2024-07-26 09:39:20,309 [INFO] ApplicationProperties:184 - Using Application install path: C:\ST\STM32CubeIDE_1.15.1\STM32CubeIDE\plugins\com.st.stm32cube.common.mx_6.11.1.202404110753
2024-07-26 09:39:20,312 [INFO] PluginManage:196 - Search for loadable plugins [exclusion list=, ]
2024-07-26 09:39:20,314 [INFO] PluginManage:310 - Check plugin analytics
2024-07-26 09:39:20,643 [INFO] AnalyticsPlugin:253 - Accepted Software Licenses: 
2024-07-26 09:39:20,644 [INFO] AnalyticsPlugin:255 - Accepted CMSIS Pack Licenses: 
2024-07-26 09:39:20,644 [INFO] AnalyticsPlugin:257 - Accepted Firmware Licenses: 
2024-07-26 09:39:20,647 [INFO] PluginManage:359 - Loaded plugin analytics (category:tool,tabindex:-1)
2024-07-26 09:39:20,647 [INFO] PluginManage:310 - Check plugin cadmodel
2024-07-26 09:39:20,667 [INFO] CADModel:105 - Init CAD model plugin
2024-07-26 09:39:20,667 [INFO] PluginManage:359 - Loaded plugin cadmodel (category:power,tabindex:5)
2024-07-26 09:39:20,668 [INFO] PluginManage:310 - Check plugin clock
2024-07-26 09:39:20,696 [INFO] PluginManage:359 - Loaded plugin clock (category:base,tabindex:2)
2024-07-26 09:39:20,696 [INFO] PluginManage:310 - Check plugin ddr
2024-07-26 09:39:20,700 [INFO] PluginManage:359 - Loaded plugin ddr (category:tool,tabindex:6)
2024-07-26 09:39:20,701 [INFO] PluginManage:310 - Check plugin filemanager
2024-07-26 09:39:20,958 [INFO] PluginManage:359 - Loaded plugin filemanager (category:base,tabindex:10)
2024-07-26 09:39:20,958 [INFO] PluginManage:310 - Check plugin ipmanager
2024-07-26 09:39:20,968 [INFO] PluginManage:359 - Loaded plugin ipmanager (category:base,tabindex:5)
2024-07-26 09:39:20,968 [INFO] PluginManage:310 - Check plugin lpbam
2024-07-26 09:39:20,984 [INFO] PluginManage:359 - Loaded plugin lpbam (category:base,tabindex:0)
2024-07-26 09:39:20,984 [INFO] PluginManage:310 - Check plugin memorymap
2024-07-26 09:39:21,023 [INFO] PluginManage:359 - Loaded plugin memorymap (category:base,tabindex:4)
2024-07-26 09:39:21,023 [INFO] PluginManage:310 - Check plugin pinoutandconfiguration
2024-07-26 09:39:21,040 [INFO] PluginManage:359 - Loaded plugin pinoutandconfiguration (category:base,tabindex:1)
2024-07-26 09:39:21,040 [INFO] PluginManage:310 - Check plugin pinoutconfig
2024-07-26 09:39:21,186 [WARN] SupportedApi:132 - Cannot load RTOS API schema: s4s-elt-must-match.1: The content of 'definitions' must match (annotation?, (simpleType | complexType)?, (unique | key | keyref)*)). A problem was found starting at: attribute.
2024-07-26 09:39:21,482 [INFO] PluginManage:359 - Loaded plugin pinoutconfig (category:base,tabindex:0)
2024-07-26 09:39:21,482 [INFO] PluginManage:310 - Check plugin power
2024-07-26 09:39:21,512 [INFO] PluginManage:359 - Loaded plugin power (category:power,tabindex:4)
2024-07-26 09:39:21,513 [INFO] PluginManage:310 - Check plugin projectmanager
2024-07-26 09:39:21,535 [INFO] PluginManage:359 - Loaded plugin projectmanager (category:projectmanager,tabindex:3)
2024-07-26 09:39:21,535 [INFO] PluginManage:310 - Check plugin thirdparty
2024-07-26 09:39:21,825 [WARN] IntegrityCheckThread:84 - waiting for thirdparty lock release [integrity check]
2024-07-26 09:39:21,825 [INFO] IntegrityCheckThread:86 - entering critical section [integrity check]
2024-07-26 09:39:21,826 [INFO] PluginManage:359 - Loaded plugin thirdparty (category:base,tabindex:-1)
2024-07-26 09:39:21,826 [INFO] PluginManage:310 - Check plugin tools
2024-07-26 09:39:21,826 [INFO] ThirdPartyUpdaterWithRetryManager:70 - Updater plugin not ready yet. [1/15]
2024-07-26 09:39:21,833 [INFO] PluginManage:359 - Loaded plugin tools (category:base,tabindex:7)
2024-07-26 09:39:21,833 [INFO] PluginManage:310 - Check plugin tutovideos
2024-07-26 09:39:22,177 [INFO] PluginManage:359 - Loaded plugin tutovideos (category:base,tabindex:-1)
2024-07-26 09:39:22,177 [INFO] PluginManage:310 - Check plugin updater
2024-07-26 09:39:22,191 [INFO] PluginManage:359 - Loaded plugin updater (category:base,tabindex:12)
2024-07-26 09:39:22,191 [INFO] PluginManage:310 - Check plugin userauth
2024-07-26 09:39:22,198 [INFO] UserAuth:114 - Init User Auth plugin
2024-07-26 09:39:22,198 [INFO] PluginManage:359 - Loaded plugin userauth (category:base,tabindex:14)
2024-07-26 09:39:22,199 [INFO] PluginManage:283 - PluginManage : Loaded plugins [17]
2024-07-26 09:39:22,498 [INFO] PinOutPanel:1561 - setPackage(No Configuration,No Configuration)
2024-07-26 09:39:22,582 [INFO] CADModel:165 - CPN selected for project level
2024-07-26 09:39:22,582 [INFO] CADModel:114 - Register for checkConnection events
2024-07-26 09:39:22,607 [INFO] IPUIPlugin:80 - create IPUIPlugin
2024-07-26 09:39:22,607 [INFO] PluginManager:220 - loadIPPluginJar : add adc
2024-07-26 09:39:22,614 [INFO] IPUIPlugin:80 - create IPUIPlugin
2024-07-26 09:39:22,614 [INFO] PluginManager:220 - loadIPPluginJar : add aes
2024-07-26 09:39:22,622 [INFO] IPUIPlugin:80 - create IPUIPlugin
2024-07-26 09:39:22,622 [INFO] PluginManager:220 - loadIPPluginJar : add can
2024-07-26 09:39:22,627 [INFO] IPUIPlugin:80 - create IPUIPlugin
2024-07-26 09:39:22,627 [INFO] PluginManager:220 - loadIPPluginJar : add comp
2024-07-26 09:39:22,634 [INFO] IPUIPlugin:80 - create IPUIPlugin
2024-07-26 09:39:22,634 [INFO] PluginManager:220 - loadIPPluginJar : add cryp
2024-07-26 09:39:22,641 [INFO] IPUIPlugin:80 - create IPUIPlugin
2024-07-26 09:39:22,641 [INFO] PluginManager:220 - loadIPPluginJar : add dfsdm
2024-07-26 09:39:22,653 [INFO] IPUIPlugin:80 - create IPUIPlugin
2024-07-26 09:39:22,654 [INFO] PluginManager:220 - loadIPPluginJar : add dma
2024-07-26 09:39:22,661 [INFO] IPUIPlugin:80 - create IPUIPlugin
2024-07-26 09:39:22,661 [INFO] PluginManager:220 - loadIPPluginJar : add dma3
2024-07-26 09:39:22,672 [INFO] IPUIPlugin:80 - create IPUIPlugin
2024-07-26 09:39:22,672 [INFO] PluginManager:220 - loadIPPluginJar : add extmemmanager
2024-07-26 09:39:22,676 [INFO] IPUIPlugin:80 - create IPUIPlugin
2024-07-26 09:39:22,676 [INFO] PluginManager:220 - loadIPPluginJar : add fatfs
2024-07-26 09:39:22,686 [INFO] IPUIPlugin:80 - create IPUIPlugin
2024-07-26 09:39:22,686 [INFO] PluginManager:220 - loadIPPluginJar : add fmc
2024-07-26 09:39:22,706 [INFO] IPUIPlugin:80 - create IPUIPlugin
2024-07-26 09:39:22,706 [INFO] PluginManager:220 - loadIPPluginJar : add freertos
2024-07-26 09:39:22,710 [INFO] IPUIPlugin:80 - create IPUIPlugin
2024-07-26 09:39:22,710 [INFO] PluginManager:220 - loadIPPluginJar : add genericplugin
2024-07-26 09:39:22,716 [INFO] IPUIPlugin:80 - create IPUIPlugin
2024-07-26 09:39:22,716 [INFO] PluginManager:220 - loadIPPluginJar : add gfxmmu
2024-07-26 09:39:22,724 [INFO] IPUIPlugin:80 - create IPUIPlugin
2024-07-26 09:39:22,725 [INFO] PluginManager:220 - loadIPPluginJar : add gic
2024-07-26 09:39:22,732 [INFO] IPUIPlugin:80 - create IPUIPlugin
2024-07-26 09:39:22,732 [INFO] PluginManager:220 - loadIPPluginJar : add gpio
2024-07-26 09:39:22,739 [INFO] IPUIPlugin:80 - create IPUIPlugin
2024-07-26 09:39:22,740 [INFO] PluginManager:220 - loadIPPluginJar : add gtzc
2024-07-26 09:39:22,745 [INFO] IPUIPlugin:80 - create IPUIPlugin
2024-07-26 09:39:22,745 [INFO] PluginManager:220 - loadIPPluginJar : add hash
2024-07-26 09:39:22,752 [INFO] IPUIPlugin:80 - create IPUIPlugin
2024-07-26 09:39:22,752 [INFO] PluginManager:220 - loadIPPluginJar : add i2c
2024-07-26 09:39:22,760 [INFO] IPUIPlugin:80 - create IPUIPlugin
2024-07-26 09:39:22,760 [INFO] PluginManager:220 - loadIPPluginJar : add i2s
2024-07-26 09:39:22,768 [INFO] IPUIPlugin:80 - create IPUIPlugin
2024-07-26 09:39:22,768 [INFO] PluginManager:220 - loadIPPluginJar : add i3c
2024-07-26 09:39:22,778 [INFO] IPUIPlugin:80 - create IPUIPlugin
2024-07-26 09:39:22,779 [INFO] PluginManager:220 - loadIPPluginJar : add ipddr
2024-07-26 09:39:22,789 [INFO] IPUIPlugin:80 - create IPUIPlugin
2024-07-26 09:39:22,789 [INFO] PluginManager:220 - loadIPPluginJar : add linkedlist
2024-07-26 09:39:22,794 [INFO] IPUIPlugin:80 - create IPUIPlugin
2024-07-26 09:39:22,794 [INFO] PluginManager:220 - loadIPPluginJar : add lorawan
2024-07-26 09:39:22,798 [INFO] IPUIPlugin:80 - create IPUIPlugin
2024-07-26 09:39:22,798 [INFO] PluginManager:220 - loadIPPluginJar : add ltdc
2024-07-26 09:39:22,804 [INFO] IPUIPlugin:80 - create IPUIPlugin
2024-07-26 09:39:22,804 [INFO] PluginManager:220 - loadIPPluginJar : add mdma
2024-07-26 09:39:22,814 [INFO] IPUIPlugin:80 - create IPUIPlugin
2024-07-26 09:39:22,814 [INFO] PluginManager:220 - loadIPPluginJar : add nvic
2024-07-26 09:39:22,818 [INFO] IPUIPlugin:80 - create IPUIPlugin
2024-07-26 09:39:22,818 [INFO] PluginManager:220 - loadIPPluginJar : add opamp
2024-07-26 09:39:22,823 [INFO] IPUIPlugin:80 - create IPUIPlugin
2024-07-26 09:39:22,823 [INFO] PluginManager:220 - loadIPPluginJar : add openamp
2024-07-26 09:39:22,828 [INFO] IPUIPlugin:80 - create IPUIPlugin
2024-07-26 09:39:22,828 [INFO] PluginManager:220 - loadIPPluginJar : add pdm2pcm
2024-07-26 09:39:22,838 [INFO] IPUIPlugin:80 - create IPUIPlugin
2024-07-26 09:39:22,840 [INFO] PluginManager:220 - loadIPPluginJar : add plateformsettings
2024-07-26 09:39:22,841 [INFO] IPUIPlugin:80 - create IPUIPlugin
2024-07-26 09:39:22,841 [INFO] PluginManager:220 - loadIPPluginJar : add quadspi
2024-07-26 09:39:22,847 [INFO] IPUIPlugin:80 - create IPUIPlugin
2024-07-26 09:39:22,847 [INFO] PluginManager:220 - loadIPPluginJar : add resmgrutility
2024-07-26 09:39:22,853 [INFO] IPUIPlugin:80 - create IPUIPlugin
2024-07-26 09:39:22,853 [INFO] PluginManager:220 - loadIPPluginJar : add sai
2024-07-26 09:39:22,857 [INFO] IPUIPlugin:80 - create IPUIPlugin
2024-07-26 09:39:22,857 [INFO] PluginManager:220 - loadIPPluginJar : add spi
2024-07-26 09:39:22,865 [INFO] IPUIPlugin:80 - create IPUIPlugin
2024-07-26 09:39:22,866 [INFO] PluginManager:220 - loadIPPluginJar : add stm32_wpan
2024-07-26 09:39:22,868 [INFO] IPUIPlugin:80 - create IPUIPlugin
2024-07-26 09:39:22,868 [INFO] PluginManager:220 - loadIPPluginJar : add tim
2024-07-26 09:39:22,873 [INFO] IPUIPlugin:80 - create IPUIPlugin
2024-07-26 09:39:22,873 [INFO] PluginManager:220 - loadIPPluginJar : add touchsensing
2024-07-26 09:39:22,875 [INFO] IPUIPlugin:80 - create IPUIPlugin
2024-07-26 09:39:22,875 [INFO] PluginManager:220 - loadIPPluginJar : add tracer_emb
2024-07-26 09:39:22,878 [INFO] IPUIPlugin:80 - create IPUIPlugin
2024-07-26 09:39:22,878 [INFO] PluginManager:220 - loadIPPluginJar : add ts
2024-07-26 09:39:22,881 [INFO] IPUIPlugin:80 - create IPUIPlugin
2024-07-26 09:39:22,881 [INFO] PluginManager:220 - loadIPPluginJar : add tsc
2024-07-26 09:39:22,884 [INFO] IPUIPlugin:80 - create IPUIPlugin
2024-07-26 09:39:22,884 [INFO] PluginManager:220 - loadIPPluginJar : add ucpd
2024-07-26 09:39:22,889 [INFO] IPUIPlugin:80 - create IPUIPlugin
2024-07-26 09:39:22,890 [INFO] PluginManager:220 - loadIPPluginJar : add usart
2024-07-26 09:39:22,895 [INFO] IPUIPlugin:80 - create IPUIPlugin
2024-07-26 09:39:22,895 [INFO] PluginManager:220 - loadIPPluginJar : add usbx
2024-07-26 09:39:23,003 [INFO] CADModel:165 - CPN selected for project level
2024-07-26 09:39:23,003 [INFO] CADModel:114 - Register for checkConnection events
2024-07-26 09:39:23,003 [FATAL] Updater:308 - Updater called before beeing initialized
2024-07-26 09:39:23,004 [ERROR] CADModel:125 - Updater not yet initialized, retry later 
2024-07-26 09:39:23,082 [INFO] CADModel:165 - CPN selected for project level
2024-07-26 09:39:23,083 [INFO] CADModel:114 - Register for checkConnection events
2024-07-26 09:39:23,083 [FATAL] Updater:308 - Updater called before beeing initialized
2024-07-26 09:39:23,083 [ERROR] CADModel:125 - Updater not yet initialized, retry later 
2024-07-26 09:39:23,085 [FATAL] Updater:308 - Updater called before beeing initialized
2024-07-26 09:39:23,149 [FATAL] Updater:308 - Updater called before beeing initialized
2024-07-26 09:39:23,152 [INFO] DbMcusAds:53 - JSON generation date=Thu May 16 18:22:00 KST 2024 (1715851320852)
2024-07-26 09:39:23,153 [FATAL] Updater:308 - Updater called before beeing initialized
2024-07-26 09:39:23,174 [WARN] DetailPanel:346 - Failed to get advertising image, set to default
2024-07-26 09:39:23,244 [FATAL] Updater:308 - Updater called before beeing initialized
2024-07-26 09:39:23,246 [FATAL] Updater:308 - Updater called before beeing initialized
2024-07-26 09:39:23,246 [FATAL] Updater:308 - Updater called before beeing initialized
2024-07-26 09:39:23,246 [WARN] DetailPanel:346 - Failed to get advertising image, set to default
2024-07-26 09:39:23,246 [FATAL] Updater:308 - Updater called before beeing initialized
2024-07-26 09:39:23,274 [ERROR] Updater:1120 - MainUpdater not yet initialized. External WinMGr cannot be set.
2024-07-26 09:39:23,277 [INFO] Updater:1056 - Updater Version found : 6.11.1
2024-07-26 09:39:23,303 [INFO] ApplicationProperties:184 - Using Application install path: C:\ST\STM32CubeIDE_1.15.1\STM32CubeIDE\plugins\com.st.stm32cube.common.mx_6.11.1.202404110753
2024-07-26 09:39:24,828 [INFO] ThirdPartyUpdaterWithRetryManager:70 - Updater plugin not ready yet. [2/15]
2024-07-26 09:39:24,876 [ERROR] LogOutputStream:75 - [STDERR_REDIRECT] Jul 26, 2024 9:39:24 AM java.util.prefs.WindowsPreferences <init>
2024-07-26 09:39:24,877 [ERROR] LogOutputStream:75 - [STDERR_REDIRECT] WARNING: Could not open/create prefs root node Software\JavaSoft\Prefs at root 0xffffffff80000002. Windows RegCreateKeyEx(...) returned error code 5.
2024-07-26 09:39:24,877 [ERROR] LogOutputStream:75 - [STDERR_REDIRECT] 
2024-07-26 09:39:25,413 [INFO] MainUpdater:2873 - connection check result : 10
2024-07-26 09:39:25,414 [INFO] MainUpdater:290 - Updater Check For Update Now.
2024-07-26 09:39:25,414 [INFO] MicroXplorer:498 - Change Database Version : DB.6.0.111
2024-07-26 09:39:25,419 [INFO] McuFinderGlobals:63 - Set McuFinder mode to 2 (CubeIDE integrated)
2024-07-26 09:39:25,419 [INFO] UserAuth:179 - activating auth plugin
2024-07-26 09:39:25,422 [INFO] UserAuth:415 - Internet connection configuration mode: 1
2024-07-26 09:39:25,455 [INFO] JxBrowserEngine:152 - Initiate JxBrowser Engine with user profile folder
2024-07-26 09:39:25,573 [INFO] CheckServerUpdateThread:120 - End of CheckServer Thread
2024-07-26 09:39:26,394 [INFO] WebApp:161 - Instantiating new browser for Auth
2024-07-26 09:39:26,687 [INFO] WebApp:779 - Register for checkConnection events
2024-07-26 09:39:26,687 [INFO] WebApp:414 - Apply proxy settings
2024-07-26 09:39:26,687 [INFO] WebApp:499 - Chromium requires no authentication
2024-07-26 09:39:26,691 [INFO] WebApp:442 - Direct internet connection detected
2024-07-26 09:39:26,782 [INFO] WebApp:192 - Starting web application
2024-07-26 09:39:26,782 [INFO] WebApp:544 - Web application path used C:\ST\STM32CubeIDE_1.15.1\STM32CubeIDE\plugins\com.st.stm32cube.common.mx_6.11.1.202404110753\db\plugins\mcufinder\reactClient1\index.html
2024-07-26 09:39:27,951 [WARN] PackLoader:240 - Cannot read IP mode file for STMicroelectronics.FP-SNS-MOTENVWB1.1.4.0
2024-07-26 09:39:27,960 [WARN] PackLoader:240 - Cannot read IP mode file for STMicroelectronics.X-CUBE-SMBUS.2.1.0
2024-07-26 09:39:27,990 [WARN] PackLoader:240 - Cannot read IP mode file for STMicroelectronics.X-CUBE-AZRTOS-F7.1.1.0
2024-07-26 09:39:27,996 [WARN] PackLoader:240 - Cannot read IP mode file for STMicroelectronics.FP-SNS-FLIGHT1.5.0.2
2024-07-26 09:39:28,002 [WARN] PackLoader:240 - Cannot read IP mode file for STMicroelectronics.X-CUBE-DISPLAY.3.0.0
2024-07-26 09:39:28,015 [WARN] PackLoader:240 - Cannot read IP mode file for STMicroelectronics.X-CUBE-BLE1.7.0.0
2024-07-26 09:39:28,020 [WARN] PackLoader:240 - Cannot read IP mode file for emotas.I-CUBE-CANOPEN.1.3.0
2024-07-26 09:39:28,028 [WARN] PackLoader:240 - Cannot read IP mode file for STMicroelectronics.X-CUBE-BLEMGR.3.1.0
2024-07-26 09:39:28,035 [WARN] PackLoader:240 - Cannot read IP mode file for STMicroelectronics.FP-SNS-SMARTAG2.1.2.0
2024-07-26 09:39:28,044 [INFO] LogOutputStream:77 - [STDOUT_REDIRECT] 1 : Invalid condition id : UX_CORESTACK_Condition cause : null
2024-07-26 09:39:28,045 [INFO] LogOutputStream:77 - [STDOUT_REDIRECT] 1 : Invalid condition id : UX_CORESTACK_Condition cause : null
2024-07-26 09:39:28,045 [INFO] LogOutputStream:77 - [STDOUT_REDIRECT] 1 : Invalid condition id : UX_CORESTACK_Condition cause : null
2024-07-26 09:39:28,046 [INFO] LogOutputStream:77 - [STDOUT_REDIRECT] 1 : Invalid condition id : UX_CORESTACK_Condition cause : null
2024-07-26 09:39:28,047 [INFO] LogOutputStream:77 - [STDOUT_REDIRECT] 1 : Invalid condition id : UX_CORESTACK_Condition cause : null
2024-07-26 09:39:28,048 [WARN] PackLoader:240 - Cannot read IP mode file for STMicroelectronics.X-CUBE-AZRTOS-WL.2.0.0
2024-07-26 09:39:28,052 [WARN] PackLoader:240 - Cannot read IP mode file for wolfSSL.I-CUBE-wolfMQTT.1.19.0
2024-07-26 09:39:28,061 [WARN] PackLoader:240 - Cannot read IP mode file for WES.I-CUBE-Cesium.1.3.0
2024-07-26 09:39:28,069 [WARN] PackLoader:240 - Cannot read IP mode file for STMicroelectronics.X-CUBE-BLE2.3.3.0
2024-07-26 09:39:28,073 [WARN] PackLoader:240 - Cannot read IP mode file for STMicroelectronics.X-CUBE-TCPP.4.1.0
2024-07-26 09:39:28,083 [WARN] PackLoader:240 - Cannot read IP mode file for STMicroelectronics.X-CUBE-AZRTOS-G0.1.1.0
2024-07-26 09:39:28,095 [WARN] PackLoader:240 - Cannot read IP mode file for STMicroelectronics.X-CUBE-SAFEA1.1.2.2
2024-07-26 09:39:28,102 [WARN] PackLoader:240 - Cannot read IP mode file for STMicroelectronics.X-CUBE-NFC4.3.0.0
2024-07-26 09:39:28,109 [WARN] PackLoader:240 - Cannot read IP mode file for EmbeddedOffice.I-CUBE-FS-RTOS.1.0.1
2024-07-26 09:39:28,109 [ERROR] ConditionMgr:805 - Attr not supported : Dmpu
2024-07-26 09:39:28,109 [ERROR] ConditionMgr:805 - Attr not supported : Dmpu
2024-07-26 09:39:28,109 [ERROR] ConditionMgr:805 - Attr not supported : Dmpu
2024-07-26 09:39:28,109 [ERROR] ConditionMgr:805 - Attr not supported : Dmpu
2024-07-26 09:39:28,109 [ERROR] ConditionMgr:805 - Attr not supported : Dmpu
2024-07-26 09:39:28,109 [ERROR] ConditionMgr:805 - Attr not supported : Dmpu
2024-07-26 09:39:28,109 [ERROR] ConditionMgr:805 - Attr not supported : Dmpu
2024-07-26 09:39:28,109 [ERROR] ConditionMgr:805 - Attr not supported : Dmpu
2024-07-26 09:39:28,109 [ERROR] ConditionMgr:805 - Attr not supported : Dmpu
2024-07-26 09:39:28,109 [ERROR] ConditionMgr:805 - Attr not supported : Dmpu
2024-07-26 09:39:28,109 [ERROR] ConditionMgr:805 - Attr not supported : Dmpu
2024-07-26 09:39:28,109 [ERROR] ConditionMgr:805 - Attr not supported : Dmpu
2024-07-26 09:39:28,109 [ERROR] ConditionMgr:805 - Attr not supported : Dmpu
2024-07-26 09:39:28,109 [ERROR] ConditionMgr:805 - Attr not supported : Dmpu
2024-07-26 09:39:28,109 [ERROR] ConditionMgr:805 - Attr not supported : Dmpu
2024-07-26 09:39:28,109 [ERROR] ConditionMgr:805 - Attr not supported : Dmpu
2024-07-26 09:39:28,109 [ERROR] ConditionMgr:805 - Attr not supported : Dmpu
2024-07-26 09:39:28,109 [ERROR] ConditionMgr:805 - Attr not supported : Dmpu
2024-07-26 09:39:28,109 [ERROR] ConditionMgr:805 - Attr not supported : Dmpu
2024-07-26 09:39:28,109 [ERROR] ConditionMgr:805 - Attr not supported : Dmpu
2024-07-26 09:39:28,109 [ERROR] ConditionMgr:805 - Attr not supported : Dmpu
2024-07-26 09:39:28,109 [ERROR] ConditionMgr:805 - Attr not supported : Dmpu
2024-07-26 09:39:28,109 [ERROR] ConditionMgr:805 - Attr not supported : Dmpu
2024-07-26 09:39:28,109 [ERROR] ConditionMgr:805 - Attr not supported : Dmpu
2024-07-26 09:39:28,109 [ERROR] ConditionMgr:805 - Attr not supported : Dmpu
2024-07-26 09:39:28,109 [ERROR] ConditionMgr:805 - Attr not supported : Dmpu
2024-07-26 09:39:28,109 [ERROR] ConditionMgr:805 - Attr not supported : Dmpu
2024-07-26 09:39:28,109 [ERROR] ConditionMgr:805 - Attr not supported : Dmpu
2024-07-26 09:39:28,109 [ERROR] ConditionMgr:805 - Attr not supported : Dmpu
2024-07-26 09:39:28,109 [ERROR] ConditionMgr:805 - Attr not supported : Dmpu
2024-07-26 09:39:28,109 [ERROR] ConditionMgr:805 - Attr not supported : Dmpu
2024-07-26 09:39:28,109 [ERROR] ConditionMgr:805 - Attr not supported : Dmpu
2024-07-26 09:39:28,109 [ERROR] ConditionMgr:805 - Attr not supported : Dmpu
2024-07-26 09:39:28,109 [ERROR] ConditionMgr:805 - Attr not supported : Dmpu
2024-07-26 09:39:28,110 [ERROR] ConditionMgr:805 - Attr not supported : Dmpu
2024-07-26 09:39:28,110 [ERROR] ConditionMgr:805 - Attr not supported : Dmpu
2024-07-26 09:39:28,110 [ERROR] ConditionMgr:805 - Attr not supported : Dmpu
2024-07-26 09:39:28,110 [ERROR] ConditionMgr:805 - Attr not supported : Dmpu
2024-07-26 09:39:28,110 [ERROR] ConditionMgr:805 - Attr not supported : Dmpu
2024-07-26 09:39:28,110 [ERROR] ConditionMgr:805 - Attr not supported : Dmpu
2024-07-26 09:39:28,110 [ERROR] ConditionMgr:805 - Attr not supported : Dmpu
2024-07-26 09:39:28,110 [ERROR] ConditionMgr:805 - Attr not supported : Dmpu
2024-07-26 09:39:28,110 [ERROR] ConditionMgr:805 - Attr not supported : Dmpu
2024-07-26 09:39:28,110 [ERROR] ConditionMgr:805 - Attr not supported : Dmpu
2024-07-26 09:39:28,110 [ERROR] ConditionMgr:805 - Attr not supported : Dmpu
2024-07-26 09:39:28,110 [ERROR] ConditionMgr:805 - Attr not supported : Dmpu
2024-07-26 09:39:28,110 [ERROR] ConditionMgr:805 - Attr not supported : Dmpu
2024-07-26 09:39:28,110 [ERROR] ConditionMgr:805 - Attr not supported : Dmpu
2024-07-26 09:39:28,110 [ERROR] ConditionMgr:805 - Attr not supported : Dmpu
2024-07-26 09:39:28,110 [ERROR] ConditionMgr:805 - Attr not supported : Dmpu
2024-07-26 09:39:28,110 [ERROR] ConditionMgr:805 - Attr not supported : Dmpu
2024-07-26 09:39:28,110 [ERROR] ConditionMgr:805 - Attr not supported : Dmpu
2024-07-26 09:39:28,110 [ERROR] ConditionMgr:805 - Attr not supported : Dmpu
2024-07-26 09:39:28,110 [ERROR] ConditionMgr:805 - Attr not supported : Dmpu
2024-07-26 09:39:28,110 [ERROR] ConditionMgr:805 - Attr not supported : Dmpu
2024-07-26 09:39:28,110 [ERROR] ConditionMgr:805 - Attr not supported : Dmpu
2024-07-26 09:39:28,110 [ERROR] ConditionMgr:805 - Attr not supported : Dmpu
2024-07-26 09:39:28,110 [ERROR] ConditionMgr:805 - Attr not supported : Dmpu
2024-07-26 09:39:28,110 [ERROR] ConditionMgr:805 - Attr not supported : Dmpu
2024-07-26 09:39:28,111 [ERROR] ConditionMgr:805 - Attr not supported : Dmpu
2024-07-26 09:39:28,111 [ERROR] ConditionMgr:805 - Attr not supported : Dmpu
2024-07-26 09:39:28,111 [ERROR] ConditionMgr:805 - Attr not supported : Dmpu
2024-07-26 09:39:28,111 [ERROR] ConditionMgr:805 - Attr not supported : Dmpu
2024-07-26 09:39:28,111 [ERROR] ConditionMgr:805 - Attr not supported : Dmpu
2024-07-26 09:39:28,115 [WARN] PackLoader:240 - Cannot read IP mode file for RealThread.X-CUBE-RT-Thread_Nano.4.1.1
2024-07-26 09:39:28,119 [WARN] PackLoader:240 - Cannot read IP mode file for wolfSSL.I-CUBE-wolfSSL.5.7.0
2024-07-26 09:39:28,122 [WARN] PackLoader:240 - Cannot read IP mode file for STMicroelectronics.FP-ATR-SIGFOX1.3.2.0
2024-07-26 09:39:28,131 [WARN] PackLoader:240 - Cannot read IP mode file for STMicroelectronics.X-CUBE-EEPRMA1.5.1.0
2024-07-26 09:39:28,136 [WARN] PackLoader:240 - Cannot read IP mode file for ITTIA_DB.I-CUBE-ITTIADB.8.9.0
2024-07-26 09:39:28,150 [WARN] PackLoader:240 - Cannot read IP mode file for SEGGER.I-CUBE-embOS.1.3.1
2024-07-26 09:39:28,175 [WARN] PackLoader:240 - Cannot read IP mode file for STMicroelectronics.X-CUBE-ALGOBUILD.1.4.0
2024-07-26 09:39:28,186 [WARN] PackLoader:240 - Cannot read IP mode file for STMicroelectronics.X-CUBE-GNSS1.6.0.0
2024-07-26 09:39:28,197 [WARN] PackLoader:240 - Cannot read IP mode file for STMicroelectronics.X-CUBE-AZRTOS-F4.1.1.0
2024-07-26 09:39:28,202 [WARN] PackLoader:240 - Cannot read IP mode file for STMicroelectronics.X-CUBE-FREERTOS.1.2.0
2024-07-26 09:39:28,221 [WARN] PackLoader:240 - Cannot read IP mode file for STMicroelectronics.X-CUBE-AZRTOS-L5.2.0.0
2024-07-26 09:39:28,249 [WARN] PackLoader:240 - Cannot read IP mode file for STMicroelectronics.X-CUBE-NFC6.3.1.0
2024-07-26 09:39:28,255 [WARN] PackLoader:240 - Cannot read IP mode file for STMicroelectronics.X-CUBE-DPower.1.2.0
2024-07-26 09:39:28,261 [WARN] PackLoader:240 - Cannot read IP mode file for STMicroelectronics.X-CUBE-AI.9.0.0
2024-07-26 09:39:28,268 [WARN] PackLoader:240 - Cannot read IP mode file for STMicroelectronics.X-CUBE-NFC7.1.0.1
2024-07-26 09:39:28,273 [WARN] PackLoader:240 - Cannot read IP mode file for wolfSSL.I-CUBE-wolfTPM.3.2.0
2024-07-26 09:39:28,287 [WARN] ConditionMgr:438 - getConditionDescription Invalid condition id : LAN8742 Phy interface Condition cause : null
2024-07-26 09:39:28,288 [WARN] PackLoader:240 - Cannot read IP mode file for STMicroelectronics.X-CUBE-AZRTOS-L4.2.0.0
2024-07-26 09:39:28,288 [WARN] ConditionMgr:1039 - genDependencies : Invalid condition id : LAN8742 Phy interface Condition cause : null
2024-07-26 09:39:28,288 [WARN] ConditionMgr:1039 - genDependencies : Invalid condition id : LAN8742 Phy interface Condition cause : null
2024-07-26 09:39:28,289 [WARN] ConditionMgr:1039 - genDependencies : Invalid condition id : LAN8742 Phy interface Condition cause : null
2024-07-26 09:39:28,305 [WARN] PackLoader:240 - Cannot read IP mode file for STMicroelectronics.X-CUBE-SFXS2LP1.4.0.0
2024-07-26 09:39:28,316 [WARN] ConditionMgr:438 - getConditionDescription Invalid condition id : UX DEVICE CLASS RTOS Condition cause : null
2024-07-26 09:39:28,316 [WARN] ConditionMgr:438 - getConditionDescription Invalid condition id : UX DEVICE CLASS RTOS Condition cause : null
2024-07-26 09:39:28,317 [WARN] PackLoader:240 - Cannot read IP mode file for STMicroelectronics.X-CUBE-AZRTOS-WB.2.0.0
2024-07-26 09:39:28,317 [WARN] ConditionMgr:1039 - genDependencies : Invalid condition id : UX DEVICE CLASS RTOS Condition cause : null
2024-07-26 09:39:28,318 [WARN] ConditionMgr:1039 - genDependencies : Invalid condition id : UX DEVICE CLASS RTOS Condition cause : null
2024-07-26 09:39:28,318 [WARN] ConditionMgr:1039 - genDependencies : Invalid condition id : UX DEVICE CLASS RTOS Condition cause : null
2024-07-26 09:39:28,318 [WARN] ConditionMgr:1039 - genDependencies : Invalid condition id : UX DEVICE CLASS RTOS Condition cause : null
2024-07-26 09:39:28,318 [WARN] ConditionMgr:1039 - genDependencies : Invalid condition id : UX DEVICE CLASS RTOS Condition cause : null
2024-07-26 09:39:28,324 [WARN] PackLoader:240 - Cannot read IP mode file for STMicroelectronics.FP-SNS-STBOX1.2.0.0
2024-07-26 09:39:28,333 [WARN] PackLoader:240 - Cannot read IP mode file for STMicroelectronics.X-CUBE-SUBG2.5.0.0
2024-07-26 09:39:28,338 [WARN] PackLoader:240 - Cannot read IP mode file for Cesanta.I-CUBE-Mongoose.7.13.0
2024-07-26 09:39:28,347 [WARN] PackLoader:240 - Cannot read IP mode file for STMicroelectronics.X-CUBE-AZRTOS-G4.2.0.0
2024-07-26 09:39:28,353 [WARN] PackLoader:240 - Cannot read IP mode file for STMicroelectronics.X-CUBE-ISPU.2.0.0
2024-07-26 09:39:28,358 [WARN] PackLoader:240 - Cannot read IP mode file for STMicroelectronics.X-CUBE-ALS.1.0.2
2024-07-26 09:39:28,416 [WARN] PackLoader:240 - Cannot read IP mode file for STMicroelectronics.X-CUBE-MEMS1.10.0.0
2024-07-26 09:39:28,458 [WARN] PackLoader:240 - Cannot read IP mode file for STMicroelectronics.X-CUBE-TOUCHGFX.4.24.0
2024-07-26 09:39:28,464 [WARN] PackLoader:240 - Cannot read IP mode file for portGmbH.I-Cube-SoM-uGOAL.1.1.0
2024-07-26 09:39:28,477 [WARN] PackLoader:240 - Cannot read IP mode file for STMicroelectronics.X-CUBE-AZRTOS-H7RS.1.0.0
2024-07-26 09:39:28,482 [WARN] PackLoader:240 - Cannot read IP mode file for STMicroelectronics.FP-ATR-ASTRA1.2.0.0
2024-07-26 09:39:28,490 [WARN] PackLoader:240 - Cannot read IP mode file for STMicroelectronics.X-CUBE-TOF1.3.4.1
2024-07-26 09:39:28,504 [WARN] PackLoader:240 - Cannot read IP mode file for STMicroelectronics.X-CUBE-AZRTOS-H7.3.2.0
2024-07-26 09:39:28,512 [WARN] PackLoader:240 - Cannot read IP mode file for Infineon.AIROC-Wi-Fi-Bluetooth-STM32.1.6.0
2024-07-26 09:39:28,517 [WARN] PackLoader:240 - Cannot read IP mode file for wolfSSL.I-CUBE-wolfSSH.1.4.17
2024-07-26 09:39:28,518 [INFO] ThirdParty:978 - Integrity check success = true
2024-07-26 09:39:28,518 [INFO] IntegrityCheckThread:100 - exiting critical section [integrity check]
2024-07-26 09:39:28,518 [INFO] IntegrityCheckThread:103 - End integrity checks thread
2024-07-26 09:39:33,567 [INFO] McuFinderGlobals:63 - Set McuFinder mode to 2 (CubeIDE integrated)
2024-07-26 09:39:33,571 [INFO] MainUpdater:2873 - connection check result : 10
2024-07-26 09:39:33,572 [INFO] MainUpdater:2873 - connection check result : 10
2024-07-26 09:39:33,596 [INFO] MicroXplorer:468 - Change Database Path : 
2024-07-26 09:39:33,596 [INFO] MicroXplorer:498 - Change Database Version : DB.6.0.111
2024-07-26 09:39:33,600 [WARN] ThirdParty:871 - waiting for thirdparty lock release [close project]
2024-07-26 09:39:33,600 [INFO] ThirdParty:873 - entering critical section [close project]
2024-07-26 09:39:33,601 [INFO] ThirdParty:883 - exiting critical section [close project]
2024-07-26 09:39:33,604 [INFO] PinOutPanel:1561 - setPackage(No Configuration,No Configuration)
2024-07-26 09:39:33,607 [INFO] UtilMem:75 - Begin LoadConfig() Used Memory: 172205976 Bytes (300941312)
2024-07-26 09:39:33,608 [INFO] MicroXplorer:468 - Change Database Path : 
2024-07-26 09:39:33,608 [INFO] MicroXplorer:498 - Change Database Version : DB.6.0.111
2024-07-26 09:39:33,608 [INFO] OpenFileManager:312 - Change cursor
2024-07-26 09:39:33,627 [INFO] Mcu:2021 - Initializing MCU STM32F103C(8-B)Tx STM32F103C8Tx STM32F103C8T6
2024-07-26 09:39:34,118 [INFO] Context:663 - Trying to add GPIOservice into a context  which must be forbidden
2024-07-26 09:39:34,289 [INFO] RtosManager:555 - Registered RTOS mode: class=CMSIS, group=RTOS, mode=CMSIS_V1, owner=FREERTOS
2024-07-26 09:39:34,289 [INFO] RtosManager:555 - Registered RTOS mode: class=CMSIS, group=RTOS2, mode=CMSIS_V2, owner=FREERTOS
2024-07-26 09:39:34,289 [INFO] RtosManager:555 - Registered RTOS mode: class=RTOS, group=Core, mode=CMSIS_V1, owner=FREERTOS
2024-07-26 09:39:34,289 [INFO] RtosManager:555 - Registered RTOS mode: class=RTOS, group=Core, mode=CMSIS_V2, owner=FREERTOS
2024-07-26 09:39:34,289 [WARN] ModelIntegratedComponent:184 - Missing modes for component STMicroelectronics:FreeRTOS:0.0.1:STMicroelectronics:RTOS:FreeRTOS:Core:::10.2.0:
2024-07-26 09:39:34,299 [WARN] ModelIntegratedComponent:63 - No mode defined for component null
2024-07-26 09:39:34,299 [WARN] ModelIntegratedComponent:63 - No mode defined for component null
2024-07-26 09:39:34,299 [WARN] ModelIntegratedComponent:63 - No mode defined for component null
2024-07-26 09:39:34,299 [WARN] ModelIntegratedComponent:63 - No mode defined for component null
2024-07-26 09:39:34,299 [WARN] ModelIntegratedComponent:63 - No mode defined for component null
2024-07-26 09:39:34,299 [WARN] ModelIntegratedComponent:63 - No mode defined for component null
2024-07-26 09:39:34,299 [WARN] ModelIntegratedComponent:63 - No mode defined for component null
2024-07-26 09:39:34,299 [WARN] ModelIntegratedComponent:63 - No mode defined for component null
2024-07-26 09:39:34,299 [WARN] ModelIntegratedComponent:63 - No mode defined for component null
2024-07-26 09:39:34,299 [WARN] ModelIntegratedComponent:63 - No mode defined for component null
2024-07-26 09:39:34,299 [WARN] ModelIntegratedComponent:63 - No mode defined for component null
2024-07-26 09:39:34,299 [WARN] ModelIntegratedComponent:63 - No mode defined for component null
2024-07-26 09:39:34,299 [WARN] ModelIntegratedComponent:63 - No mode defined for component null
2024-07-26 09:39:34,299 [WARN] ModelIntegratedComponent:63 - No mode defined for component null
2024-07-26 09:39:34,299 [WARN] ModelIntegratedComponent:63 - No mode defined for component null
2024-07-26 09:39:34,299 [WARN] ModelIntegratedComponent:63 - No mode defined for component null
2024-07-26 09:39:34,299 [WARN] ModelIntegratedComponent:63 - No mode defined for component null
2024-07-26 09:39:34,299 [WARN] ModelIntegratedComponent:63 - No mode defined for component null
2024-07-26 09:39:34,299 [WARN] ModelIntegratedComponent:63 - No mode defined for component null
2024-07-26 09:39:34,300 [WARN] ModelIntegratedComponent:63 - No mode defined for component null
2024-07-26 09:39:34,300 [WARN] ModelIntegratedComponent:63 - No mode defined for component null
2024-07-26 09:39:34,300 [WARN] ModelIntegratedComponent:63 - No mode defined for component null
2024-07-26 09:39:34,300 [WARN] ModelIntegratedComponent:63 - No mode defined for component null
2024-07-26 09:39:34,300 [WARN] ModelIntegratedComponent:63 - No mode defined for component null
2024-07-26 09:39:34,300 [WARN] ModelIntegratedComponent:63 - No mode defined for component null
2024-07-26 09:39:34,300 [WARN] ModelIntegratedComponent:63 - No mode defined for component null
2024-07-26 09:39:34,300 [WARN] ModelIntegratedComponent:63 - No mode defined for component null
2024-07-26 09:39:34,300 [WARN] ModelIntegratedComponent:63 - No mode defined for component null
2024-07-26 09:39:34,300 [WARN] ModelIntegratedComponent:63 - No mode defined for component null
2024-07-26 09:39:34,300 [WARN] ModelIntegratedComponent:63 - No mode defined for component null
2024-07-26 09:39:34,300 [WARN] ModelIntegratedComponent:63 - No mode defined for component null
2024-07-26 09:39:34,300 [WARN] ModelIntegratedComponent:63 - No mode defined for component null
2024-07-26 09:39:34,300 [WARN] ModelIntegratedComponent:63 - No mode defined for component null
2024-07-26 09:39:34,300 [WARN] ModelIntegratedComponent:63 - No mode defined for component null
2024-07-26 09:39:34,336 [INFO] ThirdPartyModel:298 - Start build external matchings
2024-07-26 09:39:34,446 [INFO] ThirdPartyModel:316 - End build external matchings
2024-07-26 09:39:34,616 [INFO] ApiDb:581 - Connected to CubeFinder SQLite database (C:\Users\jhwang\.stmcufinder\plugins\mcufinder\mcu\cube-finder-db.db)
2024-07-26 09:39:34,670 [INFO] ApiDb:668 - CubeFinder database Data Model version=2.1
2024-07-26 09:39:34,670 [INFO] ApiDb:669 - CubeFinder database Configuration version=3.0.39
2024-07-26 09:39:34,670 [INFO] ApiDb:670 - CubeFinder database generation date=2024-06-07 (1717689626)
2024-07-26 09:39:34,670 [INFO] ApiDb:671 - CubeFinder database FW Pack versions=[FP-ATR-ASTRA1_V2.0.0, FP-SNS-FLIGHT1_V5.0.2, FP-SNS-MOTENV1_V5.0.0, FP-SNS-MOTENVWB1_V1.4.0, FP-SNS-SMARTAG2_V1.2.0, STM32Cube_FW_C0_V1.2.0, STM32Cube_FW_F4_V1.28.0, STM32Cube_FW_F7_V1.17.2, STM32Cube_FW_G0_V1.6.2, STM32Cube_FW_G4_V1.6.0, STM32Cube_FW_H5_V1.3.0, STM32Cube_FW_H7RS_V1.1.0, STM32Cube_FW_H7_V1.11.2, STM32Cube_FW_L0_V1.12.2, STM32Cube_FW_L5_V1.5.1, STM32Cube_FW_U0_V1.1.0, STM32Cube_FW_U5_V1.6.0, STM32Cube_FW_WB0_V1.0.0, STM32Cube_FW_WBA_V1.4.0, STM32Cube_FW_WB_V1.20.0, STM32Cube_FW_WL_V1.3.0, X-CUBE-ALGOBUILD_V1.4.0, X-CUBE-ALS_V1.0.2, X-CUBE-AZRTOS-F4_V1.1.0, X-CUBE-AZRTOS-F7_V1.1.0, X-CUBE-AZRTOS-G0_V1.1.0, X-CUBE-AZRTOS-G4_V2.0.0, X-CUBE-AZRTOS-H7RS_V1.0.0, X-CUBE-AZRTOS-H7_V3.2.0, X-CUBE-AZRTOS-L4_V2.0.0, X-CUBE-AZRTOS-L5_V1.1.0, X-CUBE-AZRTOS-WB_V2.0.0, X-CUBE-AZRTOS-WL_V2.0.0, X-CUBE-BLE1_V7.0.0, X-CUBE-BLE2_V3.3.0, X-CUBE-BLEMGR_V3.1.0, X-CUBE-EEPRMA1_V5.1.0, X-CUBE-FREERTOS_V1.2.0, X-CUBE-GNSS1_V6.0.0, X-CUBE-MEMS1_V10.0.0, X-CUBE-NFC4_V3.0.0, X-CUBE-NFC7_V1.0.1, X-CUBE-SFXS2LP1_V4.0.0, X-CUBE-SUBG2_V5.0.0, X-CUBE-TOF1_V3.4.1]
2024-07-26 09:39:34,739 [INFO] DbBoardsSqlite:226 - include board P-NUCLEO-WB55-NUCLEO as a kit item of type 'Nucleo-64'
2024-07-26 09:39:34,739 [INFO] DbBoardsSqlite:226 - include board P-NUCLEO-WB55-USBDONGLE as a kit item of type 'Nucleo USB Dongle'
2024-07-26 09:39:34,740 [INFO] DbBoardsSqlite:226 - include board STEVAL-IDP005V1 as a kit item of type 'Evaluation Board'
2024-07-26 09:39:34,740 [INFO] DbBoardsSqlite:226 - include board STEVAL-IDP005V2 as a kit item of type 'Evaluation Board'
2024-07-26 09:39:34,906 [INFO] ApiDb:240 - Found 483 in-development CPN: [B-G473E-ZEST1S, B-WB1M-WPAN1, B-WL5M-SUBG1, NUCLEO-C031C6, NUCLEO-H503RB, NUCLEO-H533RE, NUCLEO-H563ZI, NUCLEO-H7S3L8, NUCLEO-U031R8, NUCLEO-U083RC, NUCLEO-U545RE-Q, NUCLEO-U5A5ZJ-Q, NUCLEO-WBA52CG, NUCLEO-WBA55CG, STEVAL-PROTEUS1, STEVAL-SMARTAG2, STEVAL-STWINBX1, STM320518-EVAL, STM32C0116-DK, STM32C011D6Y3TR, STM32C011D6Y6TR, STM32C011F4P3, STM32C011F4P6, STM32C011F4U3, STM32C011F4U6TR, STM32C011F6P3, STM32C011F6P6, STM32C011F6U3, STM32C011F6U6TR, STM32C011J4M3, STM32C011J4M6, STM32C011J6M3, STM32C011J6M6, STM32C0316-DK, STM32C031C4T3, STM32C031C4T6, STM32C031C4U3, STM32C031C4U6, STM32C031C6T3, STM32C031C6T6, STM32C031C6U3, STM32C031C6U6, STM32C031F4P3, STM32C031F4P6, STM32C031F6P3, STM32C031F6P6, STM32C031G4U3, STM32C031G4U6, STM32C031G6U3, STM32C031G6U6, STM32C031K4T3, STM32C031K4T6, STM32C031K4U3, STM32C031K4U6, STM32C031K6T3, STM32C031K6T6, STM32C031K6U3, STM32C031K6U6, STM32G071K8TXN, STM32G071K8UXN, STM32G081GBU6N, STM32G081KBT6N, STM32G081KBUXN, STM32G0B1CCT6N, STM32G0B1KCT6, STM32G0B1NEY6TR, STM32G0B1RCT6N, STM32G0C1CCT6, STM32G0C1CCT6N, STM32G0C1CCU6N, STM32G0C1CET6N, STM32G0C1CEU6N, STM32G0C1KCT6, STM32G0C1NEY6TR, STM32G0C1RCI6N, STM32G0C1RCT6N, STM32G0C1REI6N, STM32G0C1RET6N, STM32G0C1VCI6, STM32G0C1VEI6, STM32G471CCT6, STM32G471CCU6, STM32G471CET3, STM32G471CET6, STM32G471CEU3, STM32G471CEU6, STM32G471MCT6, STM32G471MET3, STM32G471MET6, STM32G471MEY6TR, STM32G471QCT6, STM32G471QET3, STM32G471RCT6, STM32G471RET3, STM32G471RET6, STM32G471VCH6, STM32G471VCI6, STM32G471VCT6, STM32G471VEH3, STM32G471VEH6, STM32G471VEI3, STM32G471VEI6, STM32G471VET3, STM32G471VET6, STM32G474CCT6, STM32H503CBT6, STM32H503CBU6, STM32H503EBY6TR, STM32H503KBU6, STM32H503RBT6, STM32H523CCT6, STM32H523CCU6, STM32H523CET6, STM32H523CEU6, STM32H523HEY6TR, STM32H523RCT6, STM32H523RET6, STM32H523VCI6, STM32H523VCT6, STM32H523VEI6, STM32H523VET6, STM32H523ZCJ6, STM32H523ZCT6, STM32H523ZEJ6, STM32H523ZET6, STM32H533CET6, STM32H533CEU6, STM32H533HEY6TR, STM32H533RET6, STM32H533VEI6, STM32H533VET6, STM32H533ZEJ6, STM32H533ZET6, STM32H562AGI6, STM32H562AII6, STM32H562IGK6, STM32H562IGT6, STM32H562IIK6, STM32H562IIT6, STM32H562RGT6, STM32H562RGV6, STM32H562RIT6, STM32H562RIV6, STM32H562VGT6, STM32H562VIT6, STM32H562ZGT6, STM32H562ZIT6, STM32H563AGI6, STM32H563AII3Q, STM32H563AII6, STM32H563IGK6, STM32H563IGT6, STM32H563IIK3Q, STM32H563IIK6, STM32H563IIT3Q, STM32H563IIT6, STM32H563MIY3QTR, STM32H563RGT6, STM32H563RGV6, STM32H563RIT6, STM32H563RIV6, STM32H563VGT6, STM32H563VIT3Q, STM32H563VIT6, STM32H563ZGT6, STM32H563ZIT3Q, STM32H563ZIT6, STM32H573AII3Q, STM32H573AII6, STM32H573I-DK, STM32H573IIK3Q, STM32H573IIK6, STM32H573IIT3Q, STM32H573IIT6, STM32H573MIY3QTR, STM32H573RIT6, STM32H573RIV6, STM32H573VIT3Q, STM32H573VIT6, STM32H573ZIT3Q, STM32H573ZIT6, STM32H7R3A8I6, STM32H7R3I8K6, STM32H7R3I8T6, STM32H7R3L8H6, STM32H7R3L8H6H, STM32H7R3R8V6, STM32H7R3V8H6, STM32H7R3V8T6, STM32H7R3V8Y6, STM32H7R3Z8J6, STM32H7R3Z8T6, STM32H7R7A8I6, STM32H7R7I8K6, STM32H7R7I8T6, STM32H7R7L8H6, STM32H7R7L8H6H, STM32H7R7Z8J6, STM32H7S3A8I6, STM32H7S3I8K6, STM32H7S3I8T6, STM32H7S3L8H6, STM32H7S3L8H6H, STM32H7S3R8V6, STM32H7S3V8H6, STM32H7S3V8T6, STM32H7S3V8Y6, STM32H7S3Z8J6, STM32H7S3Z8T6, STM32H7S78-DK, STM32H7S7A8I6, STM32H7S7I8K6, STM32H7S7I8T6, STM32H7S7L8H6, STM32H7S7L8H6H, STM32H7S7Z8J6, STM32L4R5QGI6STR, STM32MP131AAE3, STM32MP131AAF3, STM32MP131AAG3, STM32MP131CAE3, STM32MP131CAF3, STM32MP131CAG3, STM32MP131DAE7, STM32MP131DAF7, STM32MP131DAG7, STM32MP131FAE7, STM32MP131FAF7, STM32MP131FAG7, STM32MP133AAE3, STM32MP133AAF3, STM32MP133AAG3, STM32MP133CAE3, STM32MP133CAF3, STM32MP133CAG3, STM32MP133DAE7, STM32MP133DAF7, STM32MP133DAG7, STM32MP133FAE7, STM32MP133FAF7, STM32MP133FAG7, STM32MP135AAE3, STM32MP135AAF3, STM32MP135AAG3, STM32MP135CAE3, STM32MP135CAF3, STM32MP135CAG3, STM32MP135DAE7, STM32MP135DAF7, STM32MP135DAG7, STM32MP135F-DK, STM32MP135FAE7, STM32MP135FAF7, STM32MP135FAF7T, STM32MP135FAF7U, STM32MP135FAG7, STM32U031C6T6, STM32U031C6U6, STM32U031C8T6, STM32U031C8U6, STM32U031F4P6, STM32U031F6P6, STM32U031F8P6, STM32U031G6Y6TR, STM32U031G8Y6TR, STM32U031K4U6, STM32U031K6U6, STM32U031K8U6, STM32U031R6I6, STM32U031R6T6, STM32U031R8I6, STM32U031R8T6, STM32U073C8T6, STM32U073C8U6, STM32U073CBT6, STM32U073CBU6, STM32U073CCT6, STM32U073CCU6, STM32U073H8Y6TR, STM32U073HBY6TR, STM32U073HCY6TR, STM32U073K8U6, STM32U073KBU6, STM32U073KCU6, STM32U073M8I6, STM32U073M8T6, STM32U073MBI6, STM32U073MBT6, STM32U073MCI6, STM32U073MCT6, STM32U073R8I6, STM32U073R8T6, STM32U073RBI6, STM32U073RBT6, STM32U073RCI6, STM32U073RCT6, STM32U083C-DK, STM32U083CCT6, STM32U083CCU6, STM32U083HCY6TR, STM32U083KCU6, STM32U083MCI6, STM32U083MCT6, STM32U083RCI6, STM32U083RCT6, STM32U535CBT6, STM32U535CBT6Q, STM32U535CBU6, STM32U535CBU6Q, STM32U535CCT6, STM32U535CCT6Q, STM32U535CCU6, STM32U535CCU6Q, STM32U535CET6, STM32U535CET6Q, STM32U535CEU6, STM32U535CEU6Q, STM32U535JEY6QTR, STM32U535NCY6QTR, STM32U535NEY6QTR, STM32U535RBI6, STM32U535RBI6Q, STM32U535RBT6, STM32U535RBT6Q, STM32U535RCI6, STM32U535RCI6Q, STM32U535RCT6, STM32U535RCT6Q, STM32U535REI6, STM32U535REI6Q, STM32U535RET6, STM32U535RET6Q, STM32U535VCI6, STM32U535VCI6Q, STM32U535VCT6, STM32U535VCT6Q, STM32U535VEI6, STM32U535VEI6Q, STM32U535VET6, STM32U535VET6Q, STM32U545CET6, STM32U545CET6Q, STM32U545CEU6, STM32U545CEU6Q, STM32U545JEY6QTR, STM32U545NEY6QTR, STM32U545REI6, STM32U545REI6Q, STM32U545RET6, STM32U545RET6Q, STM32U545VEI6, STM32U545VEI6Q, STM32U545VET6, STM32U545VET6Q, STM32U595AIH6, STM32U595AIH6Q, STM32U595AJH6, STM32U595AJH6Q, STM32U595QII6, STM32U595QII6Q, STM32U595QJI6, STM32U595QJI6Q, STM32U595RIT6, STM32U595RIT6Q, STM32U595RJT6, STM32U595RJT6Q, STM32U595VIT6, STM32U595VIT6Q, STM32U595VJT6, STM32U595VJT6Q, STM32U595ZIT6, STM32U595ZIT6Q, STM32U595ZIY6QTR, STM32U595ZJT6, STM32U595ZJT6Q, STM32U595ZJY6QTR, STM32U599BJY6QTR, STM32U599NIH6Q, STM32U599NJH6Q, STM32U599VIT6Q, STM32U599VJT6, STM32U599VJT6Q, STM32U599ZIT6Q, STM32U599ZIY6QTR, STM32U599ZJT6Q, STM32U599ZJY6QTR, STM32U5A5AJH6, STM32U5A5AJH6Q, STM32U5A5QII3Q , STM32U5A5QJI6, STM32U5A5QJI6Q, STM32U5A5RJT6, STM32U5A5RJT6Q, STM32U5A5VJT6, STM32U5A5VJT6Q, STM32U5A5ZJT6, STM32U5A5ZJT6Q, STM32U5A5ZJY6QTR, STM32U5A9BJY6QTR, STM32U5A9J-DK, STM32U5A9NJH6Q, STM32U5A9VJT6Q, STM32U5A9ZJT6Q, STM32U5A9ZJY6QTR, STM32U5F7VIT6, STM32U5F7VIT6Q, STM32U5F7VJT6, STM32U5F7VJT6Q, STM32U5F9BJY6QTR, STM32U5F9NJH6Q, STM32U5F9VIT6Q, STM32U5F9VJT6Q, STM32U5F9ZIJ6QTR, STM32U5F9ZIT6Q, STM32U5F9ZJJ6QTR, STM32U5F9ZJT6Q, STM32U5G7VJT6, STM32U5G7VJT6Q, STM32U5G9BJY6QTR, STM32U5G9J-DK1, STM32U5G9J-DK2, STM32U5G9NJH6Q, STM32U5G9VJT6Q, STM32U5G9ZJJ6QTR, STM32U5G9ZJT6Q, STM32WB1MMCH6, STM32WBA50KEU6, STM32WBA50KEU6TR, STM32WBA50KGU6, STM32WBA50KGU6TR, STM32WBA52CEU6, STM32WBA52CEU6TR, STM32WBA52CEU7, STM32WBA52CEU7TR, STM32WBA52CGU6, STM32WBA52CGU6TR, STM32WBA52CGU6U, STM32WBA52CGU7, STM32WBA52CGU7TR, STM32WBA52KEU6, STM32WBA52KEU6TR, STM32WBA52KGU6, STM32WBA52KGU6TR, STM32WBA54CEU6, STM32WBA54CEU6TR, STM32WBA54CEU7, STM32WBA54CEU7TR, STM32WBA54CGU6, STM32WBA54CGU6TR, STM32WBA54CGU7, STM32WBA54CGU7TR, STM32WBA54KEU6, STM32WBA54KEU6TR, STM32WBA54KEU7, STM32WBA54KEU7TR, STM32WBA54KGU6, STM32WBA54KGU6TR, STM32WBA54KGU7, STM32WBA54KGU7TR, STM32WBA55CEU6, STM32WBA55CEU6TR, STM32WBA55CEU7, STM32WBA55CEU7TR, STM32WBA55CGU6, STM32WBA55CGU6TR, STM32WBA55CGU6U, STM32WBA55CGU7, STM32WBA55CGU7TR, STM32WBA55G-DK1, STM32WBA55HEF6, STM32WBA55HEF7, STM32WBA55HGF6, STM32WBA55HGF7, STM32WBA55UEI6, STM32WBA55UEI6TR, STM32WBA55UEI7, STM32WBA55UEI7TR, STM32WBA55UGI6, STM32WBA55UGI6TR, STM32WBA55UGI7, STM32WBA55UGI7TR, STM32WL5MOCH6, STM32WL5MOCH6TR]
2024-07-26 09:39:34,908 [INFO] ApiDb:668 - CubeFinder database Data Model version=2.1
2024-07-26 09:39:34,908 [INFO] ApiDb:669 - CubeFinder database Configuration version=3.0.39
2024-07-26 09:39:34,908 [INFO] ApiDb:670 - CubeFinder database generation date=2024-06-07 (1717689626)
2024-07-26 09:39:34,908 [INFO] ApiDb:671 - CubeFinder database FW Pack versions=[FP-ATR-ASTRA1_V2.0.0, FP-SNS-FLIGHT1_V5.0.2, FP-SNS-MOTENV1_V5.0.0, FP-SNS-MOTENVWB1_V1.4.0, FP-SNS-SMARTAG2_V1.2.0, STM32Cube_FW_C0_V1.2.0, STM32Cube_FW_F4_V1.28.0, STM32Cube_FW_F7_V1.17.2, STM32Cube_FW_G0_V1.6.2, STM32Cube_FW_G4_V1.6.0, STM32Cube_FW_H5_V1.3.0, STM32Cube_FW_H7RS_V1.1.0, STM32Cube_FW_H7_V1.11.2, STM32Cube_FW_L0_V1.12.2, STM32Cube_FW_L5_V1.5.1, STM32Cube_FW_U0_V1.1.0, STM32Cube_FW_U5_V1.6.0, STM32Cube_FW_WB0_V1.0.0, STM32Cube_FW_WBA_V1.4.0, STM32Cube_FW_WB_V1.20.0, STM32Cube_FW_WL_V1.3.0, X-CUBE-ALGOBUILD_V1.4.0, X-CUBE-ALS_V1.0.2, X-CUBE-AZRTOS-F4_V1.1.0, X-CUBE-AZRTOS-F7_V1.1.0, X-CUBE-AZRTOS-G0_V1.1.0, X-CUBE-AZRTOS-G4_V2.0.0, X-CUBE-AZRTOS-H7RS_V1.0.0, X-CUBE-AZRTOS-H7_V3.2.0, X-CUBE-AZRTOS-L4_V2.0.0, X-CUBE-AZRTOS-L5_V1.1.0, X-CUBE-AZRTOS-WB_V2.0.0, X-CUBE-AZRTOS-WL_V2.0.0, X-CUBE-BLE1_V7.0.0, X-CUBE-BLE2_V3.3.0, X-CUBE-BLEMGR_V3.1.0, X-CUBE-EEPRMA1_V5.1.0, X-CUBE-FREERTOS_V1.2.0, X-CUBE-GNSS1_V6.0.0, X-CUBE-MEMS1_V10.0.0, X-CUBE-NFC4_V3.0.0, X-CUBE-NFC7_V1.0.1, X-CUBE-SFXS2LP1_V4.0.0, X-CUBE-SUBG2_V5.0.0, X-CUBE-TOF1_V3.4.1]
2024-07-26 09:39:36,156 [INFO] ApiDb:240 - Found 483 in-development CPN: [B-G473E-ZEST1S, B-WB1M-WPAN1, B-WL5M-SUBG1, NUCLEO-C031C6, NUCLEO-H503RB, NUCLEO-H533RE, NUCLEO-H563ZI, NUCLEO-H7S3L8, NUCLEO-U031R8, NUCLEO-U083RC, NUCLEO-U545RE-Q, NUCLEO-U5A5ZJ-Q, NUCLEO-WBA52CG, NUCLEO-WBA55CG, STEVAL-PROTEUS1, STEVAL-SMARTAG2, STEVAL-STWINBX1, STM320518-EVAL, STM32C0116-DK, STM32C011D6Y3TR, STM32C011D6Y6TR, STM32C011F4P3, STM32C011F4P6, STM32C011F4U3, STM32C011F4U6TR, STM32C011F6P3, STM32C011F6P6, STM32C011F6U3, STM32C011F6U6TR, STM32C011J4M3, STM32C011J4M6, STM32C011J6M3, STM32C011J6M6, STM32C0316-DK, STM32C031C4T3, STM32C031C4T6, STM32C031C4U3, STM32C031C4U6, STM32C031C6T3, STM32C031C6T6, STM32C031C6U3, STM32C031C6U6, STM32C031F4P3, STM32C031F4P6, STM32C031F6P3, STM32C031F6P6, STM32C031G4U3, STM32C031G4U6, STM32C031G6U3, STM32C031G6U6, STM32C031K4T3, STM32C031K4T6, STM32C031K4U3, STM32C031K4U6, STM32C031K6T3, STM32C031K6T6, STM32C031K6U3, STM32C031K6U6, STM32G071K8TXN, STM32G071K8UXN, STM32G081GBU6N, STM32G081KBT6N, STM32G081KBUXN, STM32G0B1CCT6N, STM32G0B1KCT6, STM32G0B1NEY6TR, STM32G0B1RCT6N, STM32G0C1CCT6, STM32G0C1CCT6N, STM32G0C1CCU6N, STM32G0C1CET6N, STM32G0C1CEU6N, STM32G0C1KCT6, STM32G0C1NEY6TR, STM32G0C1RCI6N, STM32G0C1RCT6N, STM32G0C1REI6N, STM32G0C1RET6N, STM32G0C1VCI6, STM32G0C1VEI6, STM32G471CCT6, STM32G471CCU6, STM32G471CET3, STM32G471CET6, STM32G471CEU3, STM32G471CEU6, STM32G471MCT6, STM32G471MET3, STM32G471MET6, STM32G471MEY6TR, STM32G471QCT6, STM32G471QET3, STM32G471RCT6, STM32G471RET3, STM32G471RET6, STM32G471VCH6, STM32G471VCI6, STM32G471VCT6, STM32G471VEH3, STM32G471VEH6, STM32G471VEI3, STM32G471VEI6, STM32G471VET3, STM32G471VET6, STM32G474CCT6, STM32H503CBT6, STM32H503CBU6, STM32H503EBY6TR, STM32H503KBU6, STM32H503RBT6, STM32H523CCT6, STM32H523CCU6, STM32H523CET6, STM32H523CEU6, STM32H523HEY6TR, STM32H523RCT6, STM32H523RET6, STM32H523VCI6, STM32H523VCT6, STM32H523VEI6, STM32H523VET6, STM32H523ZCJ6, STM32H523ZCT6, STM32H523ZEJ6, STM32H523ZET6, STM32H533CET6, STM32H533CEU6, STM32H533HEY6TR, STM32H533RET6, STM32H533VEI6, STM32H533VET6, STM32H533ZEJ6, STM32H533ZET6, STM32H562AGI6, STM32H562AII6, STM32H562IGK6, STM32H562IGT6, STM32H562IIK6, STM32H562IIT6, STM32H562RGT6, STM32H562RGV6, STM32H562RIT6, STM32H562RIV6, STM32H562VGT6, STM32H562VIT6, STM32H562ZGT6, STM32H562ZIT6, STM32H563AGI6, STM32H563AII3Q, STM32H563AII6, STM32H563IGK6, STM32H563IGT6, STM32H563IIK3Q, STM32H563IIK6, STM32H563IIT3Q, STM32H563IIT6, STM32H563MIY3QTR, STM32H563RGT6, STM32H563RGV6, STM32H563RIT6, STM32H563RIV6, STM32H563VGT6, STM32H563VIT3Q, STM32H563VIT6, STM32H563ZGT6, STM32H563ZIT3Q, STM32H563ZIT6, STM32H573AII3Q, STM32H573AII6, STM32H573I-DK, STM32H573IIK3Q, STM32H573IIK6, STM32H573IIT3Q, STM32H573IIT6, STM32H573MIY3QTR, STM32H573RIT6, STM32H573RIV6, STM32H573VIT3Q, STM32H573VIT6, STM32H573ZIT3Q, STM32H573ZIT6, STM32H7R3A8I6, STM32H7R3I8K6, STM32H7R3I8T6, STM32H7R3L8H6, STM32H7R3L8H6H, STM32H7R3R8V6, STM32H7R3V8H6, STM32H7R3V8T6, STM32H7R3V8Y6, STM32H7R3Z8J6, STM32H7R3Z8T6, STM32H7R7A8I6, STM32H7R7I8K6, STM32H7R7I8T6, STM32H7R7L8H6, STM32H7R7L8H6H, STM32H7R7Z8J6, STM32H7S3A8I6, STM32H7S3I8K6, STM32H7S3I8T6, STM32H7S3L8H6, STM32H7S3L8H6H, STM32H7S3R8V6, STM32H7S3V8H6, STM32H7S3V8T6, STM32H7S3V8Y6, STM32H7S3Z8J6, STM32H7S3Z8T6, STM32H7S78-DK, STM32H7S7A8I6, STM32H7S7I8K6, STM32H7S7I8T6, STM32H7S7L8H6, STM32H7S7L8H6H, STM32H7S7Z8J6, STM32L4R5QGI6STR, STM32MP131AAE3, STM32MP131AAF3, STM32MP131AAG3, STM32MP131CAE3, STM32MP131CAF3, STM32MP131CAG3, STM32MP131DAE7, STM32MP131DAF7, STM32MP131DAG7, STM32MP131FAE7, STM32MP131FAF7, STM32MP131FAG7, STM32MP133AAE3, STM32MP133AAF3, STM32MP133AAG3, STM32MP133CAE3, STM32MP133CAF3, STM32MP133CAG3, STM32MP133DAE7, STM32MP133DAF7, STM32MP133DAG7, STM32MP133FAE7, STM32MP133FAF7, STM32MP133FAG7, STM32MP135AAE3, STM32MP135AAF3, STM32MP135AAG3, STM32MP135CAE3, STM32MP135CAF3, STM32MP135CAG3, STM32MP135DAE7, STM32MP135DAF7, STM32MP135DAG7, STM32MP135F-DK, STM32MP135FAE7, STM32MP135FAF7, STM32MP135FAF7T, STM32MP135FAF7U, STM32MP135FAG7, STM32U031C6T6, STM32U031C6U6, STM32U031C8T6, STM32U031C8U6, STM32U031F4P6, STM32U031F6P6, STM32U031F8P6, STM32U031G6Y6TR, STM32U031G8Y6TR, STM32U031K4U6, STM32U031K6U6, STM32U031K8U6, STM32U031R6I6, STM32U031R6T6, STM32U031R8I6, STM32U031R8T6, STM32U073C8T6, STM32U073C8U6, STM32U073CBT6, STM32U073CBU6, STM32U073CCT6, STM32U073CCU6, STM32U073H8Y6TR, STM32U073HBY6TR, STM32U073HCY6TR, STM32U073K8U6, STM32U073KBU6, STM32U073KCU6, STM32U073M8I6, STM32U073M8T6, STM32U073MBI6, STM32U073MBT6, STM32U073MCI6, STM32U073MCT6, STM32U073R8I6, STM32U073R8T6, STM32U073RBI6, STM32U073RBT6, STM32U073RCI6, STM32U073RCT6, STM32U083C-DK, STM32U083CCT6, STM32U083CCU6, STM32U083HCY6TR, STM32U083KCU6, STM32U083MCI6, STM32U083MCT6, STM32U083RCI6, STM32U083RCT6, STM32U535CBT6, STM32U535CBT6Q, STM32U535CBU6, STM32U535CBU6Q, STM32U535CCT6, STM32U535CCT6Q, STM32U535CCU6, STM32U535CCU6Q, STM32U535CET6, STM32U535CET6Q, STM32U535CEU6, STM32U535CEU6Q, STM32U535JEY6QTR, STM32U535NCY6QTR, STM32U535NEY6QTR, STM32U535RBI6, STM32U535RBI6Q, STM32U535RBT6, STM32U535RBT6Q, STM32U535RCI6, STM32U535RCI6Q, STM32U535RCT6, STM32U535RCT6Q, STM32U535REI6, STM32U535REI6Q, STM32U535RET6, STM32U535RET6Q, STM32U535VCI6, STM32U535VCI6Q, STM32U535VCT6, STM32U535VCT6Q, STM32U535VEI6, STM32U535VEI6Q, STM32U535VET6, STM32U535VET6Q, STM32U545CET6, STM32U545CET6Q, STM32U545CEU6, STM32U545CEU6Q, STM32U545JEY6QTR, STM32U545NEY6QTR, STM32U545REI6, STM32U545REI6Q, STM32U545RET6, STM32U545RET6Q, STM32U545VEI6, STM32U545VEI6Q, STM32U545VET6, STM32U545VET6Q, STM32U595AIH6, STM32U595AIH6Q, STM32U595AJH6, STM32U595AJH6Q, STM32U595QII6, STM32U595QII6Q, STM32U595QJI6, STM32U595QJI6Q, STM32U595RIT6, STM32U595RIT6Q, STM32U595RJT6, STM32U595RJT6Q, STM32U595VIT6, STM32U595VIT6Q, STM32U595VJT6, STM32U595VJT6Q, STM32U595ZIT6, STM32U595ZIT6Q, STM32U595ZIY6QTR, STM32U595ZJT6, STM32U595ZJT6Q, STM32U595ZJY6QTR, STM32U599BJY6QTR, STM32U599NIH6Q, STM32U599NJH6Q, STM32U599VIT6Q, STM32U599VJT6, STM32U599VJT6Q, STM32U599ZIT6Q, STM32U599ZIY6QTR, STM32U599ZJT6Q, STM32U599ZJY6QTR, STM32U5A5AJH6, STM32U5A5AJH6Q, STM32U5A5QII3Q , STM32U5A5QJI6, STM32U5A5QJI6Q, STM32U5A5RJT6, STM32U5A5RJT6Q, STM32U5A5VJT6, STM32U5A5VJT6Q, STM32U5A5ZJT6, STM32U5A5ZJT6Q, STM32U5A5ZJY6QTR, STM32U5A9BJY6QTR, STM32U5A9J-DK, STM32U5A9NJH6Q, STM32U5A9VJT6Q, STM32U5A9ZJT6Q, STM32U5A9ZJY6QTR, STM32U5F7VIT6, STM32U5F7VIT6Q, STM32U5F7VJT6, STM32U5F7VJT6Q, STM32U5F9BJY6QTR, STM32U5F9NJH6Q, STM32U5F9VIT6Q, STM32U5F9VJT6Q, STM32U5F9ZIJ6QTR, STM32U5F9ZIT6Q, STM32U5F9ZJJ6QTR, STM32U5F9ZJT6Q, STM32U5G7VJT6, STM32U5G7VJT6Q, STM32U5G9BJY6QTR, STM32U5G9J-DK1, STM32U5G9J-DK2, STM32U5G9NJH6Q, STM32U5G9VJT6Q, STM32U5G9ZJJ6QTR, STM32U5G9ZJT6Q, STM32WB1MMCH6, STM32WBA50KEU6, STM32WBA50KEU6TR, STM32WBA50KGU6, STM32WBA50KGU6TR, STM32WBA52CEU6, STM32WBA52CEU6TR, STM32WBA52CEU7, STM32WBA52CEU7TR, STM32WBA52CGU6, STM32WBA52CGU6TR, STM32WBA52CGU6U, STM32WBA52CGU7, STM32WBA52CGU7TR, STM32WBA52KEU6, STM32WBA52KEU6TR, STM32WBA52KGU6, STM32WBA52KGU6TR, STM32WBA54CEU6, STM32WBA54CEU6TR, STM32WBA54CEU7, STM32WBA54CEU7TR, STM32WBA54CGU6, STM32WBA54CGU6TR, STM32WBA54CGU7, STM32WBA54CGU7TR, STM32WBA54KEU6, STM32WBA54KEU6TR, STM32WBA54KEU7, STM32WBA54KEU7TR, STM32WBA54KGU6, STM32WBA54KGU6TR, STM32WBA54KGU7, STM32WBA54KGU7TR, STM32WBA55CEU6, STM32WBA55CEU6TR, STM32WBA55CEU7, STM32WBA55CEU7TR, STM32WBA55CGU6, STM32WBA55CGU6TR, STM32WBA55CGU6U, STM32WBA55CGU7, STM32WBA55CGU7TR, STM32WBA55G-DK1, STM32WBA55HEF6, STM32WBA55HEF7, STM32WBA55HGF6, STM32WBA55HGF7, STM32WBA55UEI6, STM32WBA55UEI6TR, STM32WBA55UEI7, STM32WBA55UEI7TR, STM32WBA55UGI6, STM32WBA55UGI6TR, STM32WBA55UGI7, STM32WBA55UGI7TR, STM32WL5MOCH6, STM32WL5MOCH6TR]
2024-07-26 09:39:36,159 [INFO] DbMcus:218 - Found 4229 MCUs, 4229 are supported
2024-07-26 09:39:36,159 [INFO] ApiDb:423 - Load user favorites file C:\Users\jhwang/.stm32cubeide/favorites.mcus.txt: 0 item(s)
2024-07-26 09:39:36,159 [INFO] ApiDb:427 - User favorites MCUs=[]
2024-07-26 09:39:36,159 [INFO] DbMcus:224 - Set 0 / 0 favorites MCUs
2024-07-26 09:39:36,360 [INFO] BoardInfo:889 - No configuration file found for board P-NUCLEO-WB55
2024-07-26 09:39:36,360 [INFO] DbBoards:161 - Kit is not supported: P-NUCLEO-WB55
2024-07-26 09:39:36,363 [INFO] BoardInfo:889 - No configuration file found for board STEVAL-BFA001V1B
2024-07-26 09:39:36,363 [INFO] DbBoards:161 - Kit is not supported: STEVAL-BFA001V1B
2024-07-26 09:39:36,364 [INFO] BoardInfo:889 - No configuration file found for board STEVAL-BFA001V2B
2024-07-26 09:39:36,364 [INFO] DbBoards:161 - Kit is not supported: STEVAL-BFA001V2B
2024-07-26 09:39:36,435 [INFO] DbBoards:168 - Found 195 boards, 192 are supported
2024-07-26 09:39:36,435 [INFO] DbBoards:169 - Found 195 boards, 8 of them is supported for  Bsp
2024-07-26 09:39:36,437 [INFO] ApiDb:414 - User favorites file not found: C:\Users\jhwang/.stm32cubeide/favorites.boards.txt
2024-07-26 09:39:36,437 [INFO] DbBoards:198 - Set 0 / 0 favorites Boards
2024-07-26 09:39:36,479 [INFO] UtilMem:75 - End LoadConfig() Used Memory: 185198288 Bytes (300941312)
2024-07-26 09:39:36,556 [WARN] ThirdParty:833 - waiting for thirdparty lock release [change project]
2024-07-26 09:39:36,556 [INFO] ThirdParty:835 - entering critical section [change project]
2024-07-26 09:39:36,556 [INFO] ThirdParty:1030 - CMSIS Pack Vendor :STMicroelectronics USBPD 4.1
2024-07-26 09:39:36,556 [INFO] ThirdParty:1030 - CMSIS Pack Vendor :STMicroelectronics X-CUBE-GNSS1 6.0.0
2024-07-26 09:39:36,556 [INFO] ThirdParty:1030 - CMSIS Pack Vendor :STMicroelectronics USB_HOST 2.0.0
2024-07-26 09:39:36,556 [INFO] ThirdParty:1030 - CMSIS Pack Vendor :STMicroelectronics FP-SNS-MOTENVWB1 1.4.0
2024-07-26 09:39:36,556 [INFO] ThirdParty:1030 - CMSIS Pack Vendor :STMicroelectronics X-CUBE-AZRTOS-F4 1.1.0
2024-07-26 09:39:36,556 [INFO] ThirdParty:1030 - CMSIS Pack Vendor :STMicroelectronics LIBJPEG 8.0.0
2024-07-26 09:39:36,556 [INFO] ThirdParty:1030 - CMSIS Pack Vendor :STMicroelectronics X-CUBE-SMBUS 2.1.0
2024-07-26 09:39:36,556 [INFO] ThirdParty:1030 - CMSIS Pack Vendor :STMicroelectronics USB_DEVICE 3.0.0
2024-07-26 09:39:36,556 [INFO] ThirdParty:1030 - CMSIS Pack Vendor :STMicroelectronics X-CUBE-TCPP 4.1.0
2024-07-26 09:39:36,556 [INFO] ThirdParty:1030 - CMSIS Pack Vendor :STMicroelectronics X-CUBE-FREERTOS 1.2.0
2024-07-26 09:39:36,556 [INFO] ThirdParty:1030 - CMSIS Pack Vendor :STMicroelectronics X-CUBE-AZRTOS-WB 2.0.0
2024-07-26 09:39:36,556 [INFO] ThirdParty:1030 - CMSIS Pack Vendor :STMicroelectronics X-CUBE-AZRTOS-F7 1.1.0
2024-07-26 09:39:36,556 [INFO] ThirdParty:1030 - CMSIS Pack Vendor :STMicroelectronics X-CUBE-AZRTOS-L5 2.0.0
2024-07-26 09:39:36,556 [INFO] ThirdParty:1030 - CMSIS Pack Vendor :STMicroelectronics USB_DEVICE 2.0.0
2024-07-26 09:39:36,556 [INFO] ThirdParty:1030 - CMSIS Pack Vendor :STMicroelectronics X-CUBE-NFC6 3.1.0
2024-07-26 09:39:36,556 [INFO] ThirdParty:1030 - CMSIS Pack Vendor :STMicroelectronics FP-SNS-STBOX1 2.0.0
2024-07-26 09:39:36,556 [INFO] ThirdParty:1030 - CMSIS Pack Vendor :STMicroelectronics FreeRTOS 0.0.1
2024-07-26 09:39:36,556 [INFO] ThirdParty:1030 - CMSIS Pack Vendor :STMicroelectronics X-CUBE-AZRTOS-G0 1.1.0
2024-07-26 09:39:36,556 [INFO] ThirdParty:1030 - CMSIS Pack Vendor :STMicroelectronics X-CUBE-SAFEA1 1.2.2
2024-07-26 09:39:36,556 [INFO] ThirdParty:1030 - CMSIS Pack Vendor :STMicroelectronics X-CUBE-NFC4 3.0.0
2024-07-26 09:39:36,556 [INFO] ThirdParty:1030 - CMSIS Pack Vendor :STMicroelectronics X-CUBE-DPower 1.2.0
2024-07-26 09:39:36,556 [INFO] ThirdParty:1030 - CMSIS Pack Vendor :STMicroelectronics X-CUBE-SUBG2 5.0.0
2024-07-26 09:39:36,556 [INFO] ThirdParty:1030 - CMSIS Pack Vendor :STMicroelectronics STM32_WPAN 1.0.0
2024-07-26 09:39:36,556 [INFO] ThirdParty:1030 - CMSIS Pack Vendor :EmbeddedOffice I-CUBE-FS-RTOS 1.0.1
2024-07-26 09:39:36,557 [INFO] ThirdParty:1030 - CMSIS Pack Vendor :STMicroelectronics lwIP 2.0.3
2024-07-26 09:39:36,557 [INFO] ThirdParty:1030 - CMSIS Pack Vendor :STMicroelectronics FP-SNS-FLIGHT1 5.0.2
2024-07-26 09:39:36,557 [INFO] ThirdParty:1030 - CMSIS Pack Vendor :Cesanta I-CUBE-Mongoose 7.13.0
2024-07-26 09:39:36,557 [INFO] ThirdParty:1030 - CMSIS Pack Vendor :STMicroelectronics USB_HOST 1.0.0
2024-07-26 09:39:36,557 [INFO] ThirdParty:1030 - CMSIS Pack Vendor :STMicroelectronics X-CUBE-AI 9.0.0
2024-07-26 09:39:36,557 [INFO] ThirdParty:1030 - CMSIS Pack Vendor :STMicroelectronics X-CUBE-AZRTOS-G4 2.0.0
2024-07-26 09:39:36,557 [INFO] ThirdParty:1030 - CMSIS Pack Vendor :STMicroelectronics PDM2PCM 3.1.0
2024-07-26 09:39:36,557 [INFO] ThirdParty:1030 - CMSIS Pack Vendor :STMicroelectronics PDM2PCM 3.3.0
2024-07-26 09:39:36,557 [INFO] ThirdParty:1030 - CMSIS Pack Vendor :STMicroelectronics X-CUBE-DISPLAY 3.0.0
2024-07-26 09:39:36,557 [INFO] ThirdParty:1030 - CMSIS Pack Vendor :RealThread X-CUBE-RT-Thread_Nano 4.1.1
2024-07-26 09:39:36,557 [INFO] ThirdParty:1030 - CMSIS Pack Vendor :wolfSSL I-CUBE-wolfSSL 5.7.0
2024-07-26 09:39:36,557 [INFO] ThirdParty:1030 - CMSIS Pack Vendor :STMicroelectronics X-CUBE-BLE1 7.0.0
2024-07-26 09:39:36,557 [INFO] ThirdParty:1030 - CMSIS Pack Vendor :STMicroelectronics FP-ATR-SIGFOX1 3.2.0
2024-07-26 09:39:36,557 [INFO] ThirdParty:1030 - CMSIS Pack Vendor :STMicroelectronics X-CUBE-ISPU 2.0.0
2024-07-26 09:39:36,557 [INFO] ThirdParty:1030 - CMSIS Pack Vendor :STMicroelectronics X-CUBE-EEPRMA1 5.1.0
2024-07-26 09:39:36,557 [INFO] ThirdParty:1030 - CMSIS Pack Vendor :STMicroelectronics HAL Drivers 0.0.0
2024-07-26 09:39:36,557 [INFO] ThirdParty:1030 - CMSIS Pack Vendor :STMicroelectronics MBEDTLS 2.16.2
2024-07-26 09:39:36,557 [INFO] ThirdParty:1030 - CMSIS Pack Vendor :STMicroelectronics X-CUBE-ALS 1.0.2
2024-07-26 09:39:36,557 [INFO] ThirdParty:1030 - CMSIS Pack Vendor :emotas I-CUBE-CANOPEN 1.3.0
2024-07-26 09:39:36,557 [INFO] ThirdParty:1030 - CMSIS Pack Vendor :STMicroelectronics X-CUBE-MEMS1 10.0.0
2024-07-26 09:39:36,557 [INFO] ThirdParty:1030 - CMSIS Pack Vendor :STMicroelectronics X-CUBE-NFC7 1.0.1
2024-07-26 09:39:36,557 [INFO] ThirdParty:1030 - CMSIS Pack Vendor :STMicroelectronics MBEDTLS 2.14.1
2024-07-26 09:39:36,557 [INFO] ThirdParty:1030 - CMSIS Pack Vendor :STMicroelectronics X-CUBE-TOUCHGFX 4.24.0
2024-07-26 09:39:36,557 [INFO] ThirdParty:1030 - CMSIS Pack Vendor :ITTIA_DB I-CUBE-ITTIADB 8.9.0
2024-07-26 09:39:36,557 [INFO] ThirdParty:1030 - CMSIS Pack Vendor :wolfSSL I-CUBE-wolfTPM 3.2.0
2024-07-26 09:39:36,557 [INFO] ThirdParty:1030 - CMSIS Pack Vendor :portGmbH I-Cube-SoM-uGOAL 1.1.0
2024-07-26 09:39:36,557 [INFO] ThirdParty:1030 - CMSIS Pack Vendor :STMicroelectronics X-CUBE-BLEMGR 3.1.0
2024-07-26 09:39:36,557 [INFO] ThirdParty:1030 - CMSIS Pack Vendor :STMicroelectronics ThreadX 1.0.0
2024-07-26 09:39:36,557 [INFO] ThirdParty:1030 - CMSIS Pack Vendor :STMicroelectronics FP-SNS-SMARTAG2 1.2.0
2024-07-26 09:39:36,557 [INFO] ThirdParty:1030 - CMSIS Pack Vendor :STMicroelectronics X-CUBE-AZRTOS-WL 2.0.0
2024-07-26 09:39:36,557 [INFO] ThirdParty:1030 - CMSIS Pack Vendor :SEGGER I-CUBE-embOS 1.3.1
2024-07-26 09:39:36,557 [INFO] ThirdParty:1030 - CMSIS Pack Vendor :STMicroelectronics X-CUBE-ALGOBUILD 1.4.0
2024-07-26 09:39:36,557 [INFO] ThirdParty:1030 - CMSIS Pack Vendor :STMicroelectronics USB_DEVICE 1.0.0
2024-07-26 09:39:36,557 [INFO] ThirdParty:1030 - CMSIS Pack Vendor :STMicroelectronics X-CUBE-AZRTOS-H7RS 1.0.0
2024-07-26 09:39:36,557 [INFO] ThirdParty:1030 - CMSIS Pack Vendor :wolfSSL I-CUBE-wolfMQTT 1.19.0
2024-07-26 09:39:36,557 [INFO] ThirdParty:1030 - CMSIS Pack Vendor :STMicroelectronics X-CUBE-AZRTOS-L4 2.0.0
2024-07-26 09:39:36,557 [INFO] ThirdParty:1030 - CMSIS Pack Vendor :STMicroelectronics ThreadX 0.0.2
2024-07-26 09:39:36,557 [INFO] ThirdParty:1030 - CMSIS Pack Vendor :WES I-CUBE-Cesium 1.3.0
2024-07-26 09:39:36,557 [INFO] ThirdParty:1030 - CMSIS Pack Vendor :STMicroelectronics FP-ATR-ASTRA1 2.0.0
2024-07-26 09:39:36,557 [INFO] ThirdParty:1030 - CMSIS Pack Vendor :STMicroelectronics lwIP 2.1.2
2024-07-26 09:39:36,557 [INFO] ThirdParty:1030 - CMSIS Pack Vendor :STMicroelectronics X-CUBE-SFXS2LP1 4.0.0
2024-07-26 09:39:36,557 [INFO] ThirdParty:1030 - CMSIS Pack Vendor :STMicroelectronics X-CUBE-BLE2 3.3.0
2024-07-26 09:39:36,557 [INFO] ThirdParty:1030 - CMSIS Pack Vendor :STMicroelectronics X-CUBE-TOF1 3.4.1
2024-07-26 09:39:36,557 [INFO] ThirdParty:1030 - CMSIS Pack Vendor :STMicroelectronics X-CUBE-AZRTOS-H7 3.2.0
2024-07-26 09:39:36,557 [INFO] ThirdParty:1030 - CMSIS Pack Vendor :Infineon AIROC-Wi-Fi-Bluetooth-STM32 1.6.0
2024-07-26 09:39:36,557 [INFO] ThirdParty:1030 - CMSIS Pack Vendor :STMicroelectronics PDM2PCM 3.2.0
2024-07-26 09:39:36,557 [INFO] ThirdParty:1030 - CMSIS Pack Vendor :wolfSSL I-CUBE-wolfSSH 1.4.17
2024-07-26 09:39:36,557 [INFO] ThirdParty:841 - exiting critical section [change project]
2024-07-26 09:39:36,704 [INFO] PinOutPanel:1561 - setPackage(No Configuration,No Configuration)
2024-07-26 09:39:36,705 [INFO] PinOutPanel:1561 - setPackage(STM32F103C8Tx,LQFP48)
2024-07-26 09:39:36,918 [INFO] UtilMem:75 - Before build in PCC Used Memory: 237227832 Bytes (300941312)
2024-07-26 09:39:37,534 [INFO] UtilMem:75 - After build in PCC Used Memory: 190872688 Bytes (300941312)
2024-07-26 09:39:37,552 [INFO] IPUIPlugin:80 - create IPUIPlugin
2024-07-26 09:39:37,552 [INFO] IPUIPlugin:80 - create IPUIPlugin
2024-07-26 09:39:37,552 [INFO] IPUIPlugin:80 - create IPUIPlugin
2024-07-26 09:39:37,552 [INFO] IPUIPlugin:80 - create IPUIPlugin
2024-07-26 09:39:37,552 [INFO] IPUIPlugin:80 - create IPUIPlugin
2024-07-26 09:39:37,552 [INFO] IPUIPlugin:80 - create IPUIPlugin
2024-07-26 09:39:37,552 [INFO] IPUIPlugin:80 - create IPUIPlugin
2024-07-26 09:39:37,552 [INFO] IPUIPlugin:80 - create IPUIPlugin
2024-07-26 09:39:37,552 [INFO] IPUIPlugin:80 - create IPUIPlugin
2024-07-26 09:39:37,552 [INFO] IPUIPlugin:80 - create IPUIPlugin
2024-07-26 09:39:37,552 [INFO] IPUIPlugin:80 - create IPUIPlugin
2024-07-26 09:39:37,552 [INFO] IPUIPlugin:80 - create IPUIPlugin
2024-07-26 09:39:37,552 [INFO] IPUIPlugin:80 - create IPUIPlugin
2024-07-26 09:39:37,553 [INFO] IPUIPlugin:80 - create IPUIPlugin
2024-07-26 09:39:37,553 [INFO] IPUIPlugin:80 - create IPUIPlugin
2024-07-26 09:39:37,553 [INFO] IPUIPlugin:80 - create IPUIPlugin
2024-07-26 09:39:37,553 [INFO] IPUIPlugin:80 - create IPUIPlugin
2024-07-26 09:39:37,553 [INFO] IPUIPlugin:80 - create IPUIPlugin
2024-07-26 09:39:37,553 [INFO] IPUIPlugin:80 - create IPUIPlugin
2024-07-26 09:39:37,553 [INFO] IPUIPlugin:80 - create IPUIPlugin
2024-07-26 09:39:37,553 [INFO] IPUIPlugin:80 - create IPUIPlugin
2024-07-26 09:39:37,553 [INFO] IPUIPlugin:80 - create IPUIPlugin
2024-07-26 09:39:37,553 [INFO] IPUIPlugin:80 - create IPUIPlugin
2024-07-26 09:39:37,554 [INFO] IPUIPlugin:80 - create IPUIPlugin
2024-07-26 09:39:37,554 [INFO] IPUIPlugin:80 - create IPUIPlugin
2024-07-26 09:39:37,554 [INFO] IPUIPlugin:80 - create IPUIPlugin
2024-07-26 09:39:37,554 [INFO] IPUIPlugin:80 - create IPUIPlugin
2024-07-26 09:39:37,734 [INFO] CADModel:165 - CPN selected for project levelSTM32F103C8T6
2024-07-26 09:39:37,734 [INFO] CADModel:114 - Register for checkConnection events
2024-07-26 09:39:37,770 [INFO] OpenFileManager:343 - Restore cursor
2024-07-26 10:02:43,996 [INFO] Gpio:277 - dependency for GPIO [SPI1, SYS, USART1]
2024-07-26 10:03:14,895 [INFO] UtilMem:75 - End SaveConfig() Used Memory: 692671136 Bytes (1073741824)
2024-07-26 10:03:15,932 [INFO] UtilMem:75 - End SaveConfig() Used Memory: 587060640 Bytes (1073741824)
2024-07-26 10:03:18,115 [INFO] UtilMem:75 - End SaveConfig() Used Memory: 656327672 Bytes (1073741824)
2024-07-26 10:03:18,338 [INFO] BlockDiagram:2759 - set Specific Code input for plugin: SPI
2024-07-26 10:03:18,338 [INFO] BlockDiagram:2759 - set Specific Code input for plugin: NVIC
2024-07-26 10:03:18,338 [INFO] BlockDiagram:2759 - set Specific Code input for plugin: USART
2024-07-26 10:03:18,338 [INFO] BlockDiagram:2759 - set Specific Code input for plugin: SYS
2024-07-26 10:03:18,338 [INFO] BlockDiagram:2759 - set Specific Code input for plugin: GPIO
2024-07-26 10:03:18,338 [INFO] BlockDiagram:2759 - set Specific Code input for plugin: RCC
2024-07-26 10:03:18,340 [INFO] CodeGenerator:807 - code generatio: config db path: C:\ST\STM32CubeIDE_1.15.1\STM32CubeIDE\plugins\com.st.stm32cube.common.mx_6.11.1.202404110753\\db\
2024-07-26 10:03:18,409 [INFO] CodeEngine:255 - oldGeneratedFile, D:\STM32cubeIDE\project\OJ\first\MXTmpFiles\license.tmp_save
2024-07-26 10:03:18,588 [INFO] CodeEngine:279 - Generated code: D:\STM32cubeIDE\project\OJ\first\MXTmpFiles\license.tmp
2024-07-26 10:03:18,691 [INFO] CodeEngine:255 - oldGeneratedFile, D:\STM32cubeIDE\project\OJ\first\MXTmpFiles\gpio.tmp_save
2024-07-26 10:03:18,800 [INFO] CodeEngine:279 - Generated code: D:\STM32cubeIDE\project\OJ\first\MXTmpFiles\gpio.tmp
2024-07-26 10:03:18,918 [INFO] CodeEngine:255 - oldGeneratedFile, D:\STM32cubeIDE\project\OJ\first\Core\Src\stm32f1xx_it.c_save
2024-07-26 10:03:18,993 [INFO] CodeEngine:279 - Generated code: D:\STM32cubeIDE\project\OJ\first\Core\Src\stm32f1xx_it.c
2024-07-26 10:03:18,998 [INFO] CodeEngine:255 - oldGeneratedFile, D:\STM32cubeIDE\project\OJ\first\Core\Inc\stm32f1xx_it.h_save
2024-07-26 10:03:19,041 [INFO] CodeEngine:279 - Generated code: D:\STM32cubeIDE\project\OJ\first\Core\Inc\stm32f1xx_it.h
2024-07-26 10:03:19,055 [INFO] CodeEngine:255 - oldGeneratedFile, D:\STM32cubeIDE\project\OJ\first\Core\Src\stm32f1xx_hal_msp.c_save
2024-07-26 10:03:19,123 [INFO] CodeEngine:279 - Generated code: D:\STM32cubeIDE\project\OJ\first\Core\Src\stm32f1xx_hal_msp.c
2024-07-26 10:03:19,128 [INFO] CodeEngine:255 - oldGeneratedFile, D:\STM32cubeIDE\project\OJ\first\MXTmpFiles\system.tmp_save
2024-07-26 10:03:19,159 [INFO] CodeEngine:279 - Generated code: D:\STM32cubeIDE\project\OJ\first\MXTmpFiles\system.tmp
2024-07-26 10:03:19,169 [INFO] CodeEngine:311 - oldGeneratedFile, D:\STM32cubeIDE\project\OJ\first\Core\Inc\stm32f1xx_hal_conf.h_save
2024-07-26 10:03:19,227 [INFO] CodeEngine:335 - Generated code: D:\STM32cubeIDE\project\OJ\first\Core\Inc\stm32f1xx_hal_conf.h
2024-07-26 10:03:19,255 [INFO] CodeEngine:255 - oldGeneratedFile, D:\STM32cubeIDE\project\OJ\first\Core\Inc\main.h_save
2024-07-26 10:03:19,306 [INFO] CodeEngine:279 - Generated code: D:\STM32cubeIDE\project\OJ\first\Core\Inc\main.h
2024-07-26 10:03:19,319 [INFO] CodeEngine:255 - oldGeneratedFile, D:\STM32cubeIDE\project\OJ\first\Core\Src\main.c_save
2024-07-26 10:03:19,406 [INFO] CodeEngine:279 - Generated code: D:\STM32cubeIDE\project\OJ\first\Core\Src\main.c
2024-07-26 10:03:19,626 [INFO] ProjectBuilder:3163 - Time for Copy HAL[1] : 105mS.
2024-07-26 10:03:19,630 [INFO] ProjectBuilder:4736 - Project Generator version: 4.3.0-B58
2024-07-26 10:03:19,682 [INFO] ConfigFileManager:1503 - The Die is : DIE410
2024-07-26 10:03:19,694 [INFO] ApiDbMcu:508 - Load IP Config File for FATFS
2024-07-26 10:03:19,699 [INFO] ApiDbMcu:508 - Load IP Config File for FREERTOS
2024-07-26 10:03:19,705 [INFO] ApiDbMcu:508 - Load IP Config File for USB_DEVICE
2024-07-26 10:03:19,899 [INFO] LogOutputStream:77 - [STDOUT_REDIRECT] 
2024-07-26 10:03:20,444 [INFO] ProjectBuilder:5002 - Time for Generating toolchain IDE Files: 815mS.
2024-07-26 10:03:20,445 [INFO] ProjectBuilder:3034 - Time for Copy CMSIS : 0mS.
2024-07-26 10:03:20,446 [INFO] ProjectBuilder:3034 - Time for Copy CMSIS : 0mS.
2024-07-26 10:08:20,720 [INFO] Gpio:277 - dependency for GPIO [SPI1, SYS, USART1]
2024-07-26 10:10:41,221 [INFO] NvicIntPanel:101 - NVIC parent = com.st.microxplorer.plugins.ip.nvic.MultiNvicIntPanel[,0,0,696x316,layout=javax.swing.BoxLayout,alignmentX=0.0,alignmentY=0.0,border=,flags=9,maximumSize=,minimumSize=,preferredSize=]
2024-07-26 10:10:42,325 [INFO] NvicIntPanel:101 - NVIC parent = com.st.microxplorer.plugins.ip.nvic.MultiNvicIntPanel[,0,0,0x0,invalid,layout=javax.swing.BoxLayout,alignmentX=0.0,alignmentY=0.0,border=,flags=9,maximumSize=,minimumSize=,preferredSize=]
2024-07-26 10:10:47,959 [INFO] UtilMem:75 - End SaveConfig() Used Memory: 760863728 Bytes (1073741824)
2024-07-26 10:10:49,290 [INFO] UtilMem:75 - End SaveConfig() Used Memory: 776527240 Bytes (1073741824)
2024-07-26 10:10:49,362 [INFO] UtilMem:75 - End SaveConfig() Used Memory: 793895920 Bytes (1073741824)
2024-07-26 10:10:49,442 [INFO] BlockDiagram:2759 - set Specific Code input for plugin: SPI
2024-07-26 10:10:49,442 [INFO] BlockDiagram:2759 - set Specific Code input for plugin: NVIC
2024-07-26 10:10:49,442 [INFO] BlockDiagram:2759 - set Specific Code input for plugin: USART
2024-07-26 10:10:49,442 [INFO] BlockDiagram:2759 - set Specific Code input for plugin: TIM1_8F1
2024-07-26 10:10:49,442 [INFO] BlockDiagram:2759 - set Specific Code input for plugin: SYS
2024-07-26 10:10:49,442 [INFO] BlockDiagram:2759 - set Specific Code input for plugin: GPIO
2024-07-26 10:10:49,442 [INFO] BlockDiagram:2759 - set Specific Code input for plugin: RCC
2024-07-26 10:10:49,443 [INFO] CodeGenerator:807 - code generatio: config db path: C:\ST\STM32CubeIDE_1.15.1\STM32CubeIDE\plugins\com.st.stm32cube.common.mx_6.11.1.202404110753\\db\
2024-07-26 10:10:49,471 [INFO] CodeEngine:255 - oldGeneratedFile, D:\STM32cubeIDE\project\OJ\first\MXTmpFiles\license.tmp_save
2024-07-26 10:10:49,536 [INFO] CodeEngine:279 - Generated code: D:\STM32cubeIDE\project\OJ\first\MXTmpFiles\license.tmp
2024-07-26 10:10:49,553 [INFO] CodeEngine:255 - oldGeneratedFile, D:\STM32cubeIDE\project\OJ\first\MXTmpFiles\gpio.tmp_save
2024-07-26 10:10:49,602 [INFO] CodeEngine:279 - Generated code: D:\STM32cubeIDE\project\OJ\first\MXTmpFiles\gpio.tmp
2024-07-26 10:10:49,667 [INFO] CodeEngine:255 - oldGeneratedFile, D:\STM32cubeIDE\project\OJ\first\Core\Src\stm32f1xx_it.c_save
2024-07-26 10:10:49,769 [INFO] CodeEngine:279 - Generated code: D:\STM32cubeIDE\project\OJ\first\Core\Src\stm32f1xx_it.c
2024-07-26 10:10:49,774 [INFO] CodeEngine:255 - oldGeneratedFile, D:\STM32cubeIDE\project\OJ\first\Core\Inc\stm32f1xx_it.h_save
2024-07-26 10:10:49,806 [INFO] CodeEngine:279 - Generated code: D:\STM32cubeIDE\project\OJ\first\Core\Inc\stm32f1xx_it.h
2024-07-26 10:10:49,817 [INFO] CodeEngine:255 - oldGeneratedFile, D:\STM32cubeIDE\project\OJ\first\Core\Src\stm32f1xx_hal_msp.c_save
2024-07-26 10:10:49,888 [INFO] CodeEngine:279 - Generated code: D:\STM32cubeIDE\project\OJ\first\Core\Src\stm32f1xx_hal_msp.c
2024-07-26 10:10:49,900 [INFO] CodeEngine:255 - oldGeneratedFile, D:\STM32cubeIDE\project\OJ\first\MXTmpFiles\system.tmp_save
2024-07-26 10:10:49,933 [INFO] CodeEngine:279 - Generated code: D:\STM32cubeIDE\project\OJ\first\MXTmpFiles\system.tmp
2024-07-26 10:10:49,940 [INFO] CodeEngine:311 - oldGeneratedFile, D:\STM32cubeIDE\project\OJ\first\Core\Inc\stm32f1xx_hal_conf.h_save
2024-07-26 10:10:49,976 [INFO] CodeEngine:335 - Generated code: D:\STM32cubeIDE\project\OJ\first\Core\Inc\stm32f1xx_hal_conf.h
2024-07-26 10:10:49,987 [WARN] IPConfigManager:3513 - IP not found : TIM
2024-07-26 10:10:49,987 [WARN] CodeGenerator:3951 - IP not found : null
2024-07-26 10:10:49,995 [INFO] CodeEngine:255 - oldGeneratedFile, D:\STM32cubeIDE\project\OJ\first\Core\Inc\main.h_save
2024-07-26 10:10:50,063 [INFO] CodeEngine:279 - Generated code: D:\STM32cubeIDE\project\OJ\first\Core\Inc\main.h
2024-07-26 10:10:50,071 [INFO] CodeEngine:255 - oldGeneratedFile, D:\STM32cubeIDE\project\OJ\first\Core\Src\main.c_save
2024-07-26 10:10:50,134 [INFO] CodeEngine:279 - Generated code: D:\STM32cubeIDE\project\OJ\first\Core\Src\main.c
2024-07-26 10:10:50,300 [INFO] ProjectBuilder:3163 - Time for Copy HAL[1] : 92mS.
2024-07-26 10:10:50,302 [INFO] ProjectBuilder:4736 - Project Generator version: 4.3.0-B58
2024-07-26 10:10:50,332 [INFO] ConfigFileManager:1503 - The Die is : DIE410
2024-07-26 10:10:50,799 [INFO] ProjectBuilder:5002 - Time for Generating toolchain IDE Files: 497mS.
2024-07-26 10:10:50,800 [INFO] ProjectBuilder:3034 - Time for Copy CMSIS : 0mS.
2024-07-26 10:10:50,801 [INFO] ProjectBuilder:3034 - Time for Copy CMSIS : 0mS.
2024-07-26 15:56:11,906 [INFO] NvicIntPanel:101 - NVIC parent = com.st.microxplorer.plugins.ip.nvic.MultiNvicIntPanel[,0,0,0x0,invalid,layout=javax.swing.BoxLayout,alignmentX=0.0,alignmentY=0.0,border=,flags=9,maximumSize=,minimumSize=,preferredSize=]
2024-07-26 16:31:22,865 [INFO] UtilMem:75 - End SaveConfig() Used Memory: 827599544 Bytes (1073741824)
2024-07-26 16:31:24,982 [INFO] UtilMem:75 - End SaveConfig() Used Memory: 842428296 Bytes (1073741824)
2024-07-26 16:31:25,056 [INFO] UtilMem:75 - End SaveConfig() Used Memory: 858908272 Bytes (1073741824)
2024-07-26 16:31:25,125 [INFO] BlockDiagram:2759 - set Specific Code input for plugin: SPI
2024-07-26 16:31:25,126 [INFO] BlockDiagram:2759 - set Specific Code input for plugin: NVIC
2024-07-26 16:31:25,126 [INFO] BlockDiagram:2759 - set Specific Code input for plugin: USART
2024-07-26 16:31:25,126 [INFO] BlockDiagram:2759 - set Specific Code input for plugin: TIM1_8F1
2024-07-26 16:31:25,126 [INFO] BlockDiagram:2759 - set Specific Code input for plugin: SYS
2024-07-26 16:31:25,126 [INFO] BlockDiagram:2759 - set Specific Code input for plugin: GPIO
2024-07-26 16:31:25,126 [INFO] BlockDiagram:2759 - set Specific Code input for plugin: RCC
2024-07-26 16:31:25,126 [INFO] CodeGenerator:807 - code generatio: config db path: C:\ST\STM32CubeIDE_1.15.1\STM32CubeIDE\plugins\com.st.stm32cube.common.mx_6.11.1.202404110753\\db\
2024-07-26 16:31:25,157 [INFO] CodeEngine:255 - oldGeneratedFile, D:\STM32cubeIDE\project\OJ\first\MXTmpFiles\license.tmp_save
2024-07-26 16:31:25,206 [INFO] CodeEngine:279 - Generated code: D:\STM32cubeIDE\project\OJ\first\MXTmpFiles\license.tmp
2024-07-26 16:31:25,221 [INFO] CodeEngine:255 - oldGeneratedFile, D:\STM32cubeIDE\project\OJ\first\MXTmpFiles\gpio.tmp_save
2024-07-26 16:31:25,260 [INFO] CodeEngine:279 - Generated code: D:\STM32cubeIDE\project\OJ\first\MXTmpFiles\gpio.tmp
2024-07-26 16:31:25,323 [INFO] CodeEngine:255 - oldGeneratedFile, D:\STM32cubeIDE\project\OJ\first\Core\Src\stm32f1xx_it.c_save
2024-07-26 16:31:25,406 [INFO] CodeEngine:279 - Generated code: D:\STM32cubeIDE\project\OJ\first\Core\Src\stm32f1xx_it.c
2024-07-26 16:31:25,412 [INFO] CodeEngine:255 - oldGeneratedFile, D:\STM32cubeIDE\project\OJ\first\Core\Inc\stm32f1xx_it.h_save
2024-07-26 16:31:25,446 [INFO] CodeEngine:279 - Generated code: D:\STM32cubeIDE\project\OJ\first\Core\Inc\stm32f1xx_it.h
2024-07-26 16:31:25,464 [INFO] CodeEngine:255 - oldGeneratedFile, D:\STM32cubeIDE\project\OJ\first\Core\Src\stm32f1xx_hal_msp.c_save
2024-07-26 16:31:25,530 [INFO] CodeEngine:279 - Generated code: D:\STM32cubeIDE\project\OJ\first\Core\Src\stm32f1xx_hal_msp.c
2024-07-26 16:31:25,534 [INFO] CodeEngine:255 - oldGeneratedFile, D:\STM32cubeIDE\project\OJ\first\MXTmpFiles\system.tmp_save
2024-07-26 16:31:25,562 [INFO] CodeEngine:279 - Generated code: D:\STM32cubeIDE\project\OJ\first\MXTmpFiles\system.tmp
2024-07-26 16:31:25,572 [INFO] CodeEngine:311 - oldGeneratedFile, D:\STM32cubeIDE\project\OJ\first\Core\Inc\stm32f1xx_hal_conf.h_save
2024-07-26 16:31:25,605 [INFO] CodeEngine:335 - Generated code: D:\STM32cubeIDE\project\OJ\first\Core\Inc\stm32f1xx_hal_conf.h
2024-07-26 16:31:25,613 [WARN] IPConfigManager:3513 - IP not found : TIM
2024-07-26 16:31:25,614 [WARN] CodeGenerator:3951 - IP not found : null
2024-07-26 16:31:25,620 [INFO] CodeEngine:255 - oldGeneratedFile, D:\STM32cubeIDE\project\OJ\first\Core\Inc\main.h_save
2024-07-26 16:31:25,657 [INFO] CodeEngine:279 - Generated code: D:\STM32cubeIDE\project\OJ\first\Core\Inc\main.h
2024-07-26 16:31:25,667 [INFO] CodeEngine:255 - oldGeneratedFile, D:\STM32cubeIDE\project\OJ\first\Core\Src\main.c_save
2024-07-26 16:31:25,721 [INFO] CodeEngine:279 - Generated code: D:\STM32cubeIDE\project\OJ\first\Core\Src\main.c
2024-07-26 16:31:25,980 [INFO] ProjectBuilder:3163 - Time for Copy HAL[1] : 190mS.
2024-07-26 16:31:25,994 [INFO] ProjectBuilder:4736 - Project Generator version: 4.3.0-B58
2024-07-26 16:31:26,023 [INFO] ConfigFileManager:1503 - The Die is : DIE410
2024-07-26 16:31:26,493 [INFO] ProjectBuilder:5002 - Time for Generating toolchain IDE Files: 499mS.
2024-07-26 16:31:26,494 [INFO] ProjectBuilder:3034 - Time for Copy CMSIS : 0mS.
2024-07-26 16:31:26,496 [INFO] ProjectBuilder:3034 - Time for Copy CMSIS : 0mS.
2024-07-26 16:31:28,171 [ERROR] LogOutputStream:75 - [STDERR_REDIRECT] 
2024-07-26 16:31:28,171 [ERROR] LogOutputStream:75 - [STDERR_REDIRECT] 
