2024-08-07 08:07:26,914 [INFO] Activator:176 - 


2024-08-07 08:07:26,918 [INFO] Activator:177 - !SESSION log4j initialized
2024-08-07 08:07:30,383 [INFO] LogOutputStream:77 - [STDOUT_REDIRECT] 
2024-08-07 08:07:32,193 [INFO] ApplicationProperties:184 - Using Application install path: C:\ST\STM32CubeIDE_1.15.1\STM32CubeIDE\plugins\com.st.stm32cube.common.mx_6.11.1.202404110753
2024-08-07 08:07:32,204 [INFO] DbMcusXml:78 - Set database path to: C:\ST\STM32CubeIDE_1.15.1\STM32CubeIDE\plugins\com.st.stm32cube.common.mx_6.11.1.202404110753\\db\/mcu/
2024-08-07 08:07:32,205 [INFO] ApiDb:274 - Set plugin database path to: C:\ST\STM32CubeIDE_1.15.1\STM32CubeIDE\plugins\com.st.stm32cube.common.mx_6.11.1.202404110753\\db\/plugins/boardmanager/
2024-08-07 08:07:32,274 [WARN] ApiDb:259 - Overriding images path with different value:  => C:\ST\STM32CubeIDE_1.15.1\STM32CubeIDE\plugins\com.st.stm32cube.common.mx_6.11.1.202404110753\\db\/plugins/mcufinder/images/
2024-08-07 08:07:32,279 [INFO] ApiDb:250 - Set database path to: C:\Users\jhwang\.stmcufinder\plugins\mcufinder//mcu/
2024-08-07 08:07:32,280 [INFO] DbMcusAds:125 - Set database path to: C:\Users\jhwang\.stmcufinder\plugins\mcufinder//mcu/
2024-08-07 08:07:32,281 [INFO] CrossReferenceDbSqlite:203 - Set database path to: C:\Users\jhwang\.stmcufinder\plugins\mcufinder//mcu/cs/
2024-08-07 08:07:32,342 [INFO] RulesReader:64 - Compatibility file has been processed (297 Rules)
2024-08-07 08:07:32,398 [INFO] DbMcusXml:78 - Set database path to: C:\ST\STM32CubeIDE_1.15.1\STM32CubeIDE\plugins\com.st.stm32cube.common.mx_6.11.1.202404110753\\db\/mcu/
2024-08-07 08:07:32,398 [INFO] ApiDb:274 - Set plugin database path to: C:\ST\STM32CubeIDE_1.15.1\STM32CubeIDE\plugins\com.st.stm32cube.common.mx_6.11.1.202404110753\\db\/plugins/boardmanager/
2024-08-07 08:07:32,398 [INFO] ApiDb:261 - Set plugin images path to: C:\ST\STM32CubeIDE_1.15.1\STM32CubeIDE\plugins\com.st.stm32cube.common.mx_6.11.1.202404110753\\db\/plugins/mcufinder/images/
2024-08-07 08:07:32,398 [WARN] DbFile:41 - Overriding database path with different value: C:\Users\jhwang\.stmcufinder\plugins\mcufinder/ => C:\Users\jhwang\.stmcufinder\plugins\mcufinder
2024-08-07 08:07:32,398 [INFO] ApiDb:250 - Set database path to: C:\Users\jhwang\.stmcufinder\plugins\mcufinder//mcu/
2024-08-07 08:07:32,398 [WARN] DbFile:41 - Overriding database path with different value: C:\Users\jhwang\.stmcufinder\plugins\mcufinder/ => C:\Users\jhwang\.stmcufinder\plugins\mcufinder
2024-08-07 08:07:32,398 [INFO] DbMcusAds:125 - Set database path to: C:\Users\jhwang\.stmcufinder\plugins\mcufinder//mcu/
2024-08-07 08:07:32,398 [WARN] DbFile:41 - Overriding database path with different value: C:\Users\jhwang\.stmcufinder\plugins\mcufinder/ => C:\Users\jhwang\.stmcufinder\plugins\mcufinder
2024-08-07 08:07:32,398 [WARN] DbFile:41 - Overriding database path with different value: C:\Users\jhwang\.stmcufinder\plugins\mcufinder/ => C:\Users\jhwang\.stmcufinder\plugins\mcufinder
2024-08-07 08:07:32,398 [INFO] CrossReferenceDbSqlite:203 - Set database path to: C:\Users\jhwang\.stmcufinder\plugins\mcufinder//mcu/cs/
2024-08-07 08:07:32,444 [INFO] MainPanel:264 - HeapMemory: 268435456
2024-08-07 08:07:32,496 [INFO] DbMcusXml:78 - Set database path to: C:\ST\STM32CubeIDE_1.15.1\STM32CubeIDE\plugins\com.st.stm32cube.common.mx_6.11.1.202404110753\\db\/mcu/
2024-08-07 08:07:32,496 [INFO] ApiDb:274 - Set plugin database path to: C:\ST\STM32CubeIDE_1.15.1\STM32CubeIDE\plugins\com.st.stm32cube.common.mx_6.11.1.202404110753\\db\/plugins/boardmanager/
2024-08-07 08:07:32,496 [INFO] ApiDb:261 - Set plugin images path to: C:\ST\STM32CubeIDE_1.15.1\STM32CubeIDE\plugins\com.st.stm32cube.common.mx_6.11.1.202404110753\\db\/plugins/mcufinder/images/
2024-08-07 08:07:32,496 [WARN] DbFile:41 - Overriding database path with different value: C:\Users\jhwang\.stmcufinder\plugins\mcufinder/ => C:\Users\jhwang\.stmcufinder\plugins\mcufinder
2024-08-07 08:07:32,496 [INFO] ApiDb:250 - Set database path to: C:\Users\jhwang\.stmcufinder\plugins\mcufinder//mcu/
2024-08-07 08:07:32,496 [WARN] DbFile:41 - Overriding database path with different value: C:\Users\jhwang\.stmcufinder\plugins\mcufinder/ => C:\Users\jhwang\.stmcufinder\plugins\mcufinder
2024-08-07 08:07:32,497 [INFO] DbMcusAds:125 - Set database path to: C:\Users\jhwang\.stmcufinder\plugins\mcufinder//mcu/
2024-08-07 08:07:32,497 [WARN] DbFile:41 - Overriding database path with different value: C:\Users\jhwang\.stmcufinder\plugins\mcufinder/ => C:\Users\jhwang\.stmcufinder\plugins\mcufinder
2024-08-07 08:07:32,497 [WARN] DbFile:41 - Overriding database path with different value: C:\Users\jhwang\.stmcufinder\plugins\mcufinder/ => C:\Users\jhwang\.stmcufinder\plugins\mcufinder
2024-08-07 08:07:32,497 [INFO] CrossReferenceDbSqlite:203 - Set database path to: C:\Users\jhwang\.stmcufinder\plugins\mcufinder//mcu/cs/
2024-08-07 08:07:32,508 [INFO] ApplicationProperties:184 - Using Application install path: C:\ST\STM32CubeIDE_1.15.1\STM32CubeIDE\plugins\com.st.stm32cube.common.mx_6.11.1.202404110753
2024-08-07 08:07:32,509 [INFO] PluginManage:196 - Search for loadable plugins [exclusion list=, ]
2024-08-07 08:07:32,510 [INFO] PluginManage:310 - Check plugin analytics
2024-08-07 08:07:32,613 [INFO] AnalyticsPlugin:253 - Accepted Software Licenses: 
2024-08-07 08:07:32,613 [INFO] AnalyticsPlugin:255 - Accepted CMSIS Pack Licenses: 
2024-08-07 08:07:32,613 [INFO] AnalyticsPlugin:257 - Accepted Firmware Licenses: 
2024-08-07 08:07:32,614 [INFO] PluginManage:359 - Loaded plugin analytics (category:tool,tabindex:-1)
2024-08-07 08:07:32,615 [INFO] PluginManage:310 - Check plugin cadmodel
2024-08-07 08:07:32,635 [INFO] CADModel:105 - Init CAD model plugin
2024-08-07 08:07:32,635 [INFO] PluginManage:359 - Loaded plugin cadmodel (category:power,tabindex:5)
2024-08-07 08:07:32,635 [INFO] PluginManage:310 - Check plugin clock
2024-08-07 08:07:32,649 [INFO] PluginManage:359 - Loaded plugin clock (category:base,tabindex:2)
2024-08-07 08:07:32,650 [INFO] PluginManage:310 - Check plugin ddr
2024-08-07 08:07:32,651 [INFO] PluginManage:359 - Loaded plugin ddr (category:tool,tabindex:6)
2024-08-07 08:07:32,651 [INFO] PluginManage:310 - Check plugin filemanager
2024-08-07 08:07:32,746 [INFO] PluginManage:359 - Loaded plugin filemanager (category:base,tabindex:10)
2024-08-07 08:07:32,746 [INFO] PluginManage:310 - Check plugin ipmanager
2024-08-07 08:07:32,752 [INFO] PluginManage:359 - Loaded plugin ipmanager (category:base,tabindex:5)
2024-08-07 08:07:32,752 [INFO] PluginManage:310 - Check plugin lpbam
2024-08-07 08:07:32,760 [INFO] PluginManage:359 - Loaded plugin lpbam (category:base,tabindex:0)
2024-08-07 08:07:32,760 [INFO] PluginManage:310 - Check plugin memorymap
2024-08-07 08:07:32,772 [INFO] PluginManage:359 - Loaded plugin memorymap (category:base,tabindex:4)
2024-08-07 08:07:32,772 [INFO] PluginManage:310 - Check plugin pinoutandconfiguration
2024-08-07 08:07:32,782 [INFO] PluginManage:359 - Loaded plugin pinoutandconfiguration (category:base,tabindex:1)
2024-08-07 08:07:32,782 [INFO] PluginManage:310 - Check plugin pinoutconfig
2024-08-07 08:07:32,847 [WARN] SupportedApi:132 - Cannot load RTOS API schema: s4s-elt-must-match.1: The content of 'definitions' must match (annotation?, (simpleType | complexType)?, (unique | key | keyref)*)). A problem was found starting at: attribute.
2024-08-07 08:07:32,928 [INFO] PluginManage:359 - Loaded plugin pinoutconfig (category:base,tabindex:0)
2024-08-07 08:07:32,928 [INFO] PluginManage:310 - Check plugin power
2024-08-07 08:07:32,946 [INFO] PluginManage:359 - Loaded plugin power (category:power,tabindex:4)
2024-08-07 08:07:32,946 [INFO] PluginManage:310 - Check plugin projectmanager
2024-08-07 08:07:32,959 [INFO] PluginManage:359 - Loaded plugin projectmanager (category:projectmanager,tabindex:3)
2024-08-07 08:07:32,959 [INFO] PluginManage:310 - Check plugin thirdparty
2024-08-07 08:07:33,071 [WARN] IntegrityCheckThread:84 - waiting for thirdparty lock release [integrity check]
2024-08-07 08:07:33,072 [INFO] IntegrityCheckThread:86 - entering critical section [integrity check]
2024-08-07 08:07:33,072 [INFO] PluginManage:359 - Loaded plugin thirdparty (category:base,tabindex:-1)
2024-08-07 08:07:33,072 [INFO] PluginManage:310 - Check plugin tools
2024-08-07 08:07:33,072 [INFO] ThirdPartyUpdaterWithRetryManager:70 - Updater plugin not ready yet. [1/15]
2024-08-07 08:07:33,076 [INFO] PluginManage:359 - Loaded plugin tools (category:base,tabindex:7)
2024-08-07 08:07:33,076 [INFO] PluginManage:310 - Check plugin tutovideos
2024-08-07 08:07:33,192 [INFO] PluginManage:359 - Loaded plugin tutovideos (category:base,tabindex:-1)
2024-08-07 08:07:33,192 [INFO] PluginManage:310 - Check plugin updater
2024-08-07 08:07:33,199 [INFO] PluginManage:359 - Loaded plugin updater (category:base,tabindex:12)
2024-08-07 08:07:33,199 [INFO] PluginManage:310 - Check plugin userauth
2024-08-07 08:07:33,203 [INFO] UserAuth:114 - Init User Auth plugin
2024-08-07 08:07:33,203 [INFO] PluginManage:359 - Loaded plugin userauth (category:base,tabindex:14)
2024-08-07 08:07:33,203 [INFO] PluginManage:283 - PluginManage : Loaded plugins [17]
2024-08-07 08:07:33,330 [INFO] PinOutPanel:1561 - setPackage(No Configuration,No Configuration)
2024-08-07 08:07:33,377 [INFO] CADModel:165 - CPN selected for project level
2024-08-07 08:07:33,377 [INFO] CADModel:114 - Register for checkConnection events
2024-08-07 08:07:33,390 [INFO] IPUIPlugin:80 - create IPUIPlugin
2024-08-07 08:07:33,390 [INFO] PluginManager:220 - loadIPPluginJar : add adc
2024-08-07 08:07:33,395 [INFO] IPUIPlugin:80 - create IPUIPlugin
2024-08-07 08:07:33,395 [INFO] PluginManager:220 - loadIPPluginJar : add aes
2024-08-07 08:07:33,400 [INFO] IPUIPlugin:80 - create IPUIPlugin
2024-08-07 08:07:33,400 [INFO] PluginManager:220 - loadIPPluginJar : add can
2024-08-07 08:07:33,403 [INFO] IPUIPlugin:80 - create IPUIPlugin
2024-08-07 08:07:33,403 [INFO] PluginManager:220 - loadIPPluginJar : add comp
2024-08-07 08:07:33,408 [INFO] IPUIPlugin:80 - create IPUIPlugin
2024-08-07 08:07:33,408 [INFO] PluginManager:220 - loadIPPluginJar : add cryp
2024-08-07 08:07:33,411 [INFO] IPUIPlugin:80 - create IPUIPlugin
2024-08-07 08:07:33,411 [INFO] PluginManager:220 - loadIPPluginJar : add dfsdm
2024-08-07 08:07:33,418 [INFO] IPUIPlugin:80 - create IPUIPlugin
2024-08-07 08:07:33,419 [INFO] PluginManager:220 - loadIPPluginJar : add dma
2024-08-07 08:07:33,422 [INFO] IPUIPlugin:80 - create IPUIPlugin
2024-08-07 08:07:33,422 [INFO] PluginManager:220 - loadIPPluginJar : add dma3
2024-08-07 08:07:33,428 [INFO] IPUIPlugin:80 - create IPUIPlugin
2024-08-07 08:07:33,428 [INFO] PluginManager:220 - loadIPPluginJar : add extmemmanager
2024-08-07 08:07:33,430 [INFO] IPUIPlugin:80 - create IPUIPlugin
2024-08-07 08:07:33,430 [INFO] PluginManager:220 - loadIPPluginJar : add fatfs
2024-08-07 08:07:33,437 [INFO] IPUIPlugin:80 - create IPUIPlugin
2024-08-07 08:07:33,438 [INFO] PluginManager:220 - loadIPPluginJar : add fmc
2024-08-07 08:07:33,448 [INFO] IPUIPlugin:80 - create IPUIPlugin
2024-08-07 08:07:33,448 [INFO] PluginManager:220 - loadIPPluginJar : add freertos
2024-08-07 08:07:33,450 [INFO] IPUIPlugin:80 - create IPUIPlugin
2024-08-07 08:07:33,450 [INFO] PluginManager:220 - loadIPPluginJar : add genericplugin
2024-08-07 08:07:33,457 [INFO] IPUIPlugin:80 - create IPUIPlugin
2024-08-07 08:07:33,457 [INFO] PluginManager:220 - loadIPPluginJar : add gfxmmu
2024-08-07 08:07:33,464 [INFO] IPUIPlugin:80 - create IPUIPlugin
2024-08-07 08:07:33,464 [INFO] PluginManager:220 - loadIPPluginJar : add gic
2024-08-07 08:07:33,470 [INFO] IPUIPlugin:80 - create IPUIPlugin
2024-08-07 08:07:33,470 [INFO] PluginManager:220 - loadIPPluginJar : add gpio
2024-08-07 08:07:33,476 [INFO] IPUIPlugin:80 - create IPUIPlugin
2024-08-07 08:07:33,476 [INFO] PluginManager:220 - loadIPPluginJar : add gtzc
2024-08-07 08:07:33,482 [INFO] IPUIPlugin:80 - create IPUIPlugin
2024-08-07 08:07:33,482 [INFO] PluginManager:220 - loadIPPluginJar : add hash
2024-08-07 08:07:33,489 [INFO] IPUIPlugin:80 - create IPUIPlugin
2024-08-07 08:07:33,489 [INFO] PluginManager:220 - loadIPPluginJar : add i2c
2024-08-07 08:07:33,493 [INFO] IPUIPlugin:80 - create IPUIPlugin
2024-08-07 08:07:33,493 [INFO] PluginManager:220 - loadIPPluginJar : add i2s
2024-08-07 08:07:33,497 [INFO] IPUIPlugin:80 - create IPUIPlugin
2024-08-07 08:07:33,497 [INFO] PluginManager:220 - loadIPPluginJar : add i3c
2024-08-07 08:07:33,509 [INFO] IPUIPlugin:80 - create IPUIPlugin
2024-08-07 08:07:33,509 [INFO] PluginManager:220 - loadIPPluginJar : add ipddr
2024-08-07 08:07:33,518 [INFO] IPUIPlugin:80 - create IPUIPlugin
2024-08-07 08:07:33,518 [INFO] PluginManager:220 - loadIPPluginJar : add linkedlist
2024-08-07 08:07:33,522 [INFO] IPUIPlugin:80 - create IPUIPlugin
2024-08-07 08:07:33,522 [INFO] PluginManager:220 - loadIPPluginJar : add lorawan
2024-08-07 08:07:33,526 [INFO] IPUIPlugin:80 - create IPUIPlugin
2024-08-07 08:07:33,527 [INFO] PluginManager:220 - loadIPPluginJar : add ltdc
2024-08-07 08:07:33,539 [INFO] IPUIPlugin:80 - create IPUIPlugin
2024-08-07 08:07:33,539 [INFO] PluginManager:220 - loadIPPluginJar : add mdma
2024-08-07 08:07:33,545 [INFO] IPUIPlugin:80 - create IPUIPlugin
2024-08-07 08:07:33,545 [INFO] PluginManager:220 - loadIPPluginJar : add nvic
2024-08-07 08:07:33,549 [INFO] IPUIPlugin:80 - create IPUIPlugin
2024-08-07 08:07:33,549 [INFO] PluginManager:220 - loadIPPluginJar : add opamp
2024-08-07 08:07:33,556 [INFO] IPUIPlugin:80 - create IPUIPlugin
2024-08-07 08:07:33,556 [INFO] PluginManager:220 - loadIPPluginJar : add openamp
2024-08-07 08:07:33,560 [INFO] IPUIPlugin:80 - create IPUIPlugin
2024-08-07 08:07:33,560 [INFO] PluginManager:220 - loadIPPluginJar : add pdm2pcm
2024-08-07 08:07:33,567 [INFO] IPUIPlugin:80 - create IPUIPlugin
2024-08-07 08:07:33,568 [INFO] PluginManager:220 - loadIPPluginJar : add plateformsettings
2024-08-07 08:07:33,570 [INFO] IPUIPlugin:80 - create IPUIPlugin
2024-08-07 08:07:33,570 [INFO] PluginManager:220 - loadIPPluginJar : add quadspi
2024-08-07 08:07:33,576 [INFO] IPUIPlugin:80 - create IPUIPlugin
2024-08-07 08:07:33,576 [INFO] PluginManager:220 - loadIPPluginJar : add resmgrutility
2024-08-07 08:07:33,587 [INFO] IPUIPlugin:80 - create IPUIPlugin
2024-08-07 08:07:33,587 [INFO] PluginManager:220 - loadIPPluginJar : add sai
2024-08-07 08:07:33,592 [INFO] IPUIPlugin:80 - create IPUIPlugin
2024-08-07 08:07:33,592 [INFO] PluginManager:220 - loadIPPluginJar : add spi
2024-08-07 08:07:33,600 [INFO] IPUIPlugin:80 - create IPUIPlugin
2024-08-07 08:07:33,600 [INFO] PluginManager:220 - loadIPPluginJar : add stm32_wpan
2024-08-07 08:07:33,603 [INFO] IPUIPlugin:80 - create IPUIPlugin
2024-08-07 08:07:33,603 [INFO] PluginManager:220 - loadIPPluginJar : add tim
2024-08-07 08:07:33,608 [INFO] IPUIPlugin:80 - create IPUIPlugin
2024-08-07 08:07:33,608 [INFO] PluginManager:220 - loadIPPluginJar : add touchsensing
2024-08-07 08:07:33,611 [INFO] IPUIPlugin:80 - create IPUIPlugin
2024-08-07 08:07:33,611 [INFO] PluginManager:220 - loadIPPluginJar : add tracer_emb
2024-08-07 08:07:33,616 [INFO] IPUIPlugin:80 - create IPUIPlugin
2024-08-07 08:07:33,616 [INFO] PluginManager:220 - loadIPPluginJar : add ts
2024-08-07 08:07:33,618 [INFO] IPUIPlugin:80 - create IPUIPlugin
2024-08-07 08:07:33,618 [INFO] PluginManager:220 - loadIPPluginJar : add tsc
2024-08-07 08:07:33,620 [INFO] IPUIPlugin:80 - create IPUIPlugin
2024-08-07 08:07:33,620 [INFO] PluginManager:220 - loadIPPluginJar : add ucpd
2024-08-07 08:07:33,633 [INFO] IPUIPlugin:80 - create IPUIPlugin
2024-08-07 08:07:33,633 [INFO] PluginManager:220 - loadIPPluginJar : add usart
2024-08-07 08:07:33,639 [INFO] IPUIPlugin:80 - create IPUIPlugin
2024-08-07 08:07:33,640 [INFO] PluginManager:220 - loadIPPluginJar : add usbx
2024-08-07 08:07:33,746 [INFO] CADModel:165 - CPN selected for project level
2024-08-07 08:07:33,746 [INFO] CADModel:114 - Register for checkConnection events
2024-08-07 08:07:33,746 [FATAL] Updater:308 - Updater called before beeing initialized
2024-08-07 08:07:33,746 [ERROR] CADModel:125 - Updater not yet initialized, retry later 
2024-08-07 08:07:33,828 [INFO] CADModel:165 - CPN selected for project level
2024-08-07 08:07:33,828 [INFO] CADModel:114 - Register for checkConnection events
2024-08-07 08:07:33,828 [FATAL] Updater:308 - Updater called before beeing initialized
2024-08-07 08:07:33,828 [ERROR] CADModel:125 - Updater not yet initialized, retry later 
2024-08-07 08:07:33,830 [FATAL] Updater:308 - Updater called before beeing initialized
2024-08-07 08:07:33,890 [FATAL] Updater:308 - Updater called before beeing initialized
2024-08-07 08:07:33,894 [INFO] DbMcusAds:53 - JSON generation date=Thu May 16 18:22:00 KST 2024 (1715851320852)
2024-08-07 08:07:33,894 [FATAL] Updater:308 - Updater called before beeing initialized
2024-08-07 08:07:33,917 [WARN] DetailPanel:346 - Failed to get advertising image, set to default
2024-08-07 08:07:33,971 [FATAL] Updater:308 - Updater called before beeing initialized
2024-08-07 08:07:33,973 [FATAL] Updater:308 - Updater called before beeing initialized
2024-08-07 08:07:33,973 [FATAL] Updater:308 - Updater called before beeing initialized
2024-08-07 08:07:33,973 [WARN] DetailPanel:346 - Failed to get advertising image, set to default
2024-08-07 08:07:33,974 [FATAL] Updater:308 - Updater called before beeing initialized
2024-08-07 08:07:34,003 [ERROR] Updater:1120 - MainUpdater not yet initialized. External WinMGr cannot be set.
2024-08-07 08:07:34,006 [INFO] Updater:1056 - Updater Version found : 6.11.1
2024-08-07 08:07:34,022 [INFO] ApplicationProperties:184 - Using Application install path: C:\ST\STM32CubeIDE_1.15.1\STM32CubeIDE\plugins\com.st.stm32cube.common.mx_6.11.1.202404110753
2024-08-07 08:07:35,593 [ERROR] LogOutputStream:75 - [STDERR_REDIRECT] Aug 07, 2024 8:07:35 AM java.util.prefs.WindowsPreferences <init>
2024-08-07 08:07:35,594 [ERROR] LogOutputStream:75 - [STDERR_REDIRECT] WARNING: Could not open/create prefs root node Software\JavaSoft\Prefs at root 0xffffffff80000002. Windows RegCreateKeyEx(...) returned error code 5.
2024-08-07 08:07:35,594 [ERROR] LogOutputStream:75 - [STDERR_REDIRECT] 
2024-08-07 08:07:36,073 [INFO] ThirdPartyUpdaterWithRetryManager:70 - Updater plugin not ready yet. [2/15]
2024-08-07 08:07:36,146 [INFO] MainUpdater:2873 - connection check result : 10
2024-08-07 08:07:36,146 [INFO] MainUpdater:290 - Updater Check For Update Now.
2024-08-07 08:07:36,146 [INFO] MicroXplorer:498 - Change Database Version : DB.6.0.111
2024-08-07 08:07:36,158 [INFO] McuFinderGlobals:63 - Set McuFinder mode to 2 (CubeIDE integrated)
2024-08-07 08:07:36,158 [INFO] UserAuth:179 - activating auth plugin
2024-08-07 08:07:36,160 [INFO] UserAuth:415 - Internet connection configuration mode: 1
2024-08-07 08:07:36,186 [INFO] JxBrowserEngine:152 - Initiate JxBrowser Engine with user profile folder
2024-08-07 08:07:36,305 [INFO] CheckServerUpdateThread:120 - End of CheckServer Thread
2024-08-07 08:07:36,997 [INFO] WebApp:161 - Instantiating new browser for Auth
2024-08-07 08:07:37,332 [INFO] WebApp:779 - Register for checkConnection events
2024-08-07 08:07:37,333 [INFO] WebApp:414 - Apply proxy settings
2024-08-07 08:07:37,333 [INFO] WebApp:499 - Chromium requires no authentication
2024-08-07 08:07:37,337 [INFO] WebApp:442 - Direct internet connection detected
2024-08-07 08:07:37,429 [INFO] WebApp:192 - Starting web application
2024-08-07 08:07:37,429 [INFO] WebApp:544 - Web application path used C:\ST\STM32CubeIDE_1.15.1\STM32CubeIDE\plugins\com.st.stm32cube.common.mx_6.11.1.202404110753\db\plugins\mcufinder\reactClient1\index.html
2024-08-07 08:07:39,196 [WARN] PackLoader:240 - Cannot read IP mode file for STMicroelectronics.FP-SNS-MOTENVWB1.1.4.0
2024-08-07 08:07:39,207 [WARN] PackLoader:240 - Cannot read IP mode file for STMicroelectronics.X-CUBE-SMBUS.2.1.0
2024-08-07 08:07:39,226 [WARN] PackLoader:240 - Cannot read IP mode file for STMicroelectronics.X-CUBE-AZRTOS-F7.1.1.0
2024-08-07 08:07:39,233 [WARN] PackLoader:240 - Cannot read IP mode file for STMicroelectronics.FP-SNS-FLIGHT1.5.0.2
2024-08-07 08:07:39,239 [WARN] PackLoader:240 - Cannot read IP mode file for STMicroelectronics.X-CUBE-DISPLAY.3.0.0
2024-08-07 08:07:39,250 [WARN] PackLoader:240 - Cannot read IP mode file for STMicroelectronics.X-CUBE-BLE1.7.0.0
2024-08-07 08:07:39,254 [WARN] PackLoader:240 - Cannot read IP mode file for emotas.I-CUBE-CANOPEN.1.3.0
2024-08-07 08:07:39,260 [WARN] PackLoader:240 - Cannot read IP mode file for STMicroelectronics.X-CUBE-BLEMGR.3.1.0
2024-08-07 08:07:39,268 [WARN] PackLoader:240 - Cannot read IP mode file for STMicroelectronics.FP-SNS-SMARTAG2.1.2.0
2024-08-07 08:07:39,274 [INFO] LogOutputStream:77 - [STDOUT_REDIRECT] 1 : Invalid condition id : UX_CORESTACK_Condition cause : null
2024-08-07 08:07:39,275 [INFO] LogOutputStream:77 - [STDOUT_REDIRECT] 1 : Invalid condition id : UX_CORESTACK_Condition cause : null
2024-08-07 08:07:39,275 [INFO] LogOutputStream:77 - [STDOUT_REDIRECT] 1 : Invalid condition id : UX_CORESTACK_Condition cause : null
2024-08-07 08:07:39,276 [INFO] LogOutputStream:77 - [STDOUT_REDIRECT] 1 : Invalid condition id : UX_CORESTACK_Condition cause : null
2024-08-07 08:07:39,277 [INFO] LogOutputStream:77 - [STDOUT_REDIRECT] 1 : Invalid condition id : UX_CORESTACK_Condition cause : null
2024-08-07 08:07:39,278 [WARN] PackLoader:240 - Cannot read IP mode file for STMicroelectronics.X-CUBE-AZRTOS-WL.2.0.0
2024-08-07 08:07:39,282 [WARN] PackLoader:240 - Cannot read IP mode file for wolfSSL.I-CUBE-wolfMQTT.1.19.0
2024-08-07 08:07:39,290 [WARN] PackLoader:240 - Cannot read IP mode file for WES.I-CUBE-Cesium.1.3.0
2024-08-07 08:07:39,296 [WARN] PackLoader:240 - Cannot read IP mode file for STMicroelectronics.X-CUBE-BLE2.3.3.0
2024-08-07 08:07:39,300 [WARN] PackLoader:240 - Cannot read IP mode file for STMicroelectronics.X-CUBE-TCPP.4.1.0
2024-08-07 08:07:39,310 [WARN] PackLoader:240 - Cannot read IP mode file for STMicroelectronics.X-CUBE-AZRTOS-G0.1.1.0
2024-08-07 08:07:39,321 [WARN] PackLoader:240 - Cannot read IP mode file for STMicroelectronics.X-CUBE-SAFEA1.1.2.2
2024-08-07 08:07:39,329 [WARN] PackLoader:240 - Cannot read IP mode file for STMicroelectronics.X-CUBE-NFC4.3.0.0
2024-08-07 08:07:39,336 [WARN] PackLoader:240 - Cannot read IP mode file for EmbeddedOffice.I-CUBE-FS-RTOS.1.0.1
2024-08-07 08:07:39,336 [ERROR] ConditionMgr:805 - Attr not supported : Dmpu
2024-08-07 08:07:39,336 [ERROR] ConditionMgr:805 - Attr not supported : Dmpu
2024-08-07 08:07:39,336 [ERROR] ConditionMgr:805 - Attr not supported : Dmpu
2024-08-07 08:07:39,336 [ERROR] ConditionMgr:805 - Attr not supported : Dmpu
2024-08-07 08:07:39,336 [ERROR] ConditionMgr:805 - Attr not supported : Dmpu
2024-08-07 08:07:39,336 [ERROR] ConditionMgr:805 - Attr not supported : Dmpu
2024-08-07 08:07:39,336 [ERROR] ConditionMgr:805 - Attr not supported : Dmpu
2024-08-07 08:07:39,336 [ERROR] ConditionMgr:805 - Attr not supported : Dmpu
2024-08-07 08:07:39,336 [ERROR] ConditionMgr:805 - Attr not supported : Dmpu
2024-08-07 08:07:39,336 [ERROR] ConditionMgr:805 - Attr not supported : Dmpu
2024-08-07 08:07:39,336 [ERROR] ConditionMgr:805 - Attr not supported : Dmpu
2024-08-07 08:07:39,336 [ERROR] ConditionMgr:805 - Attr not supported : Dmpu
2024-08-07 08:07:39,336 [ERROR] ConditionMgr:805 - Attr not supported : Dmpu
2024-08-07 08:07:39,336 [ERROR] ConditionMgr:805 - Attr not supported : Dmpu
2024-08-07 08:07:39,336 [ERROR] ConditionMgr:805 - Attr not supported : Dmpu
2024-08-07 08:07:39,336 [ERROR] ConditionMgr:805 - Attr not supported : Dmpu
2024-08-07 08:07:39,336 [ERROR] ConditionMgr:805 - Attr not supported : Dmpu
2024-08-07 08:07:39,336 [ERROR] ConditionMgr:805 - Attr not supported : Dmpu
2024-08-07 08:07:39,336 [ERROR] ConditionMgr:805 - Attr not supported : Dmpu
2024-08-07 08:07:39,336 [ERROR] ConditionMgr:805 - Attr not supported : Dmpu
2024-08-07 08:07:39,336 [ERROR] ConditionMgr:805 - Attr not supported : Dmpu
2024-08-07 08:07:39,336 [ERROR] ConditionMgr:805 - Attr not supported : Dmpu
2024-08-07 08:07:39,337 [ERROR] ConditionMgr:805 - Attr not supported : Dmpu
2024-08-07 08:07:39,337 [ERROR] ConditionMgr:805 - Attr not supported : Dmpu
2024-08-07 08:07:39,337 [ERROR] ConditionMgr:805 - Attr not supported : Dmpu
2024-08-07 08:07:39,337 [ERROR] ConditionMgr:805 - Attr not supported : Dmpu
2024-08-07 08:07:39,337 [ERROR] ConditionMgr:805 - Attr not supported : Dmpu
2024-08-07 08:07:39,337 [ERROR] ConditionMgr:805 - Attr not supported : Dmpu
2024-08-07 08:07:39,337 [ERROR] ConditionMgr:805 - Attr not supported : Dmpu
2024-08-07 08:07:39,337 [ERROR] ConditionMgr:805 - Attr not supported : Dmpu
2024-08-07 08:07:39,337 [ERROR] ConditionMgr:805 - Attr not supported : Dmpu
2024-08-07 08:07:39,337 [ERROR] ConditionMgr:805 - Attr not supported : Dmpu
2024-08-07 08:07:39,337 [ERROR] ConditionMgr:805 - Attr not supported : Dmpu
2024-08-07 08:07:39,337 [ERROR] ConditionMgr:805 - Attr not supported : Dmpu
2024-08-07 08:07:39,337 [ERROR] ConditionMgr:805 - Attr not supported : Dmpu
2024-08-07 08:07:39,337 [ERROR] ConditionMgr:805 - Attr not supported : Dmpu
2024-08-07 08:07:39,337 [ERROR] ConditionMgr:805 - Attr not supported : Dmpu
2024-08-07 08:07:39,337 [ERROR] ConditionMgr:805 - Attr not supported : Dmpu
2024-08-07 08:07:39,337 [ERROR] ConditionMgr:805 - Attr not supported : Dmpu
2024-08-07 08:07:39,337 [ERROR] ConditionMgr:805 - Attr not supported : Dmpu
2024-08-07 08:07:39,337 [ERROR] ConditionMgr:805 - Attr not supported : Dmpu
2024-08-07 08:07:39,337 [ERROR] ConditionMgr:805 - Attr not supported : Dmpu
2024-08-07 08:07:39,337 [ERROR] ConditionMgr:805 - Attr not supported : Dmpu
2024-08-07 08:07:39,337 [ERROR] ConditionMgr:805 - Attr not supported : Dmpu
2024-08-07 08:07:39,337 [ERROR] ConditionMgr:805 - Attr not supported : Dmpu
2024-08-07 08:07:39,337 [ERROR] ConditionMgr:805 - Attr not supported : Dmpu
2024-08-07 08:07:39,337 [ERROR] ConditionMgr:805 - Attr not supported : Dmpu
2024-08-07 08:07:39,337 [ERROR] ConditionMgr:805 - Attr not supported : Dmpu
2024-08-07 08:07:39,337 [ERROR] ConditionMgr:805 - Attr not supported : Dmpu
2024-08-07 08:07:39,337 [ERROR] ConditionMgr:805 - Attr not supported : Dmpu
2024-08-07 08:07:39,337 [ERROR] ConditionMgr:805 - Attr not supported : Dmpu
2024-08-07 08:07:39,337 [ERROR] ConditionMgr:805 - Attr not supported : Dmpu
2024-08-07 08:07:39,337 [ERROR] ConditionMgr:805 - Attr not supported : Dmpu
2024-08-07 08:07:39,337 [ERROR] ConditionMgr:805 - Attr not supported : Dmpu
2024-08-07 08:07:39,337 [ERROR] ConditionMgr:805 - Attr not supported : Dmpu
2024-08-07 08:07:39,337 [ERROR] ConditionMgr:805 - Attr not supported : Dmpu
2024-08-07 08:07:39,337 [ERROR] ConditionMgr:805 - Attr not supported : Dmpu
2024-08-07 08:07:39,338 [ERROR] ConditionMgr:805 - Attr not supported : Dmpu
2024-08-07 08:07:39,338 [ERROR] ConditionMgr:805 - Attr not supported : Dmpu
2024-08-07 08:07:39,338 [ERROR] ConditionMgr:805 - Attr not supported : Dmpu
2024-08-07 08:07:39,338 [ERROR] ConditionMgr:805 - Attr not supported : Dmpu
2024-08-07 08:07:39,338 [ERROR] ConditionMgr:805 - Attr not supported : Dmpu
2024-08-07 08:07:39,338 [ERROR] ConditionMgr:805 - Attr not supported : Dmpu
2024-08-07 08:07:39,338 [ERROR] ConditionMgr:805 - Attr not supported : Dmpu
2024-08-07 08:07:39,343 [WARN] PackLoader:240 - Cannot read IP mode file for RealThread.X-CUBE-RT-Thread_Nano.4.1.1
2024-08-07 08:07:39,347 [WARN] PackLoader:240 - Cannot read IP mode file for wolfSSL.I-CUBE-wolfSSL.5.7.0
2024-08-07 08:07:39,350 [WARN] PackLoader:240 - Cannot read IP mode file for STMicroelectronics.FP-ATR-SIGFOX1.3.2.0
2024-08-07 08:07:39,359 [WARN] PackLoader:240 - Cannot read IP mode file for STMicroelectronics.X-CUBE-EEPRMA1.5.1.0
2024-08-07 08:07:39,364 [WARN] PackLoader:240 - Cannot read IP mode file for ITTIA_DB.I-CUBE-ITTIADB.8.9.0
2024-08-07 08:07:39,378 [WARN] PackLoader:240 - Cannot read IP mode file for SEGGER.I-CUBE-embOS.1.3.1
2024-08-07 08:07:39,403 [WARN] PackLoader:240 - Cannot read IP mode file for STMicroelectronics.X-CUBE-ALGOBUILD.1.4.0
2024-08-07 08:07:39,411 [WARN] PackLoader:240 - Cannot read IP mode file for STMicroelectronics.X-CUBE-GNSS1.6.0.0
2024-08-07 08:07:39,420 [WARN] PackLoader:240 - Cannot read IP mode file for STMicroelectronics.X-CUBE-AZRTOS-F4.1.1.0
2024-08-07 08:07:39,425 [WARN] PackLoader:240 - Cannot read IP mode file for STMicroelectronics.X-CUBE-FREERTOS.1.2.0
2024-08-07 08:07:39,434 [WARN] PackLoader:240 - Cannot read IP mode file for STMicroelectronics.X-CUBE-AZRTOS-L5.2.0.0
2024-08-07 08:07:39,447 [WARN] PackLoader:240 - Cannot read IP mode file for STMicroelectronics.X-CUBE-NFC6.3.1.0
2024-08-07 08:07:39,452 [WARN] PackLoader:240 - Cannot read IP mode file for STMicroelectronics.X-CUBE-DPower.1.2.0
2024-08-07 08:07:39,458 [WARN] PackLoader:240 - Cannot read IP mode file for STMicroelectronics.X-CUBE-AI.9.0.0
2024-08-07 08:07:39,466 [WARN] PackLoader:240 - Cannot read IP mode file for STMicroelectronics.X-CUBE-NFC7.1.0.1
2024-08-07 08:07:39,470 [WARN] PackLoader:240 - Cannot read IP mode file for wolfSSL.I-CUBE-wolfTPM.3.2.0
2024-08-07 08:07:39,479 [WARN] ConditionMgr:438 - getConditionDescription Invalid condition id : LAN8742 Phy interface Condition cause : null
2024-08-07 08:07:39,479 [WARN] PackLoader:240 - Cannot read IP mode file for STMicroelectronics.X-CUBE-AZRTOS-L4.2.0.0
2024-08-07 08:07:39,480 [WARN] ConditionMgr:1039 - genDependencies : Invalid condition id : LAN8742 Phy interface Condition cause : null
2024-08-07 08:07:39,480 [WARN] ConditionMgr:1039 - genDependencies : Invalid condition id : LAN8742 Phy interface Condition cause : null
2024-08-07 08:07:39,480 [WARN] ConditionMgr:1039 - genDependencies : Invalid condition id : LAN8742 Phy interface Condition cause : null
2024-08-07 08:07:39,490 [WARN] PackLoader:240 - Cannot read IP mode file for STMicroelectronics.X-CUBE-SFXS2LP1.4.0.0
2024-08-07 08:07:39,498 [WARN] ConditionMgr:438 - getConditionDescription Invalid condition id : UX DEVICE CLASS RTOS Condition cause : null
2024-08-07 08:07:39,498 [WARN] ConditionMgr:438 - getConditionDescription Invalid condition id : UX DEVICE CLASS RTOS Condition cause : null
2024-08-07 08:07:39,499 [WARN] PackLoader:240 - Cannot read IP mode file for STMicroelectronics.X-CUBE-AZRTOS-WB.2.0.0
2024-08-07 08:07:39,499 [WARN] ConditionMgr:1039 - genDependencies : Invalid condition id : UX DEVICE CLASS RTOS Condition cause : null
2024-08-07 08:07:39,499 [WARN] ConditionMgr:1039 - genDependencies : Invalid condition id : UX DEVICE CLASS RTOS Condition cause : null
2024-08-07 08:07:39,499 [WARN] ConditionMgr:1039 - genDependencies : Invalid condition id : UX DEVICE CLASS RTOS Condition cause : null
2024-08-07 08:07:39,500 [WARN] ConditionMgr:1039 - genDependencies : Invalid condition id : UX DEVICE CLASS RTOS Condition cause : null
2024-08-07 08:07:39,500 [WARN] ConditionMgr:1039 - genDependencies : Invalid condition id : UX DEVICE CLASS RTOS Condition cause : null
2024-08-07 08:07:39,504 [WARN] PackLoader:240 - Cannot read IP mode file for STMicroelectronics.FP-SNS-STBOX1.2.0.0
2024-08-07 08:07:39,510 [WARN] PackLoader:240 - Cannot read IP mode file for STMicroelectronics.X-CUBE-SUBG2.5.0.0
2024-08-07 08:07:39,515 [WARN] PackLoader:240 - Cannot read IP mode file for Cesanta.I-CUBE-Mongoose.7.13.0
2024-08-07 08:07:39,524 [WARN] PackLoader:240 - Cannot read IP mode file for STMicroelectronics.X-CUBE-AZRTOS-G4.2.0.0
2024-08-07 08:07:39,531 [WARN] PackLoader:240 - Cannot read IP mode file for STMicroelectronics.X-CUBE-ISPU.2.0.0
2024-08-07 08:07:39,535 [WARN] PackLoader:240 - Cannot read IP mode file for STMicroelectronics.X-CUBE-ALS.1.0.2
2024-08-07 08:07:39,613 [WARN] PackLoader:240 - Cannot read IP mode file for STMicroelectronics.X-CUBE-MEMS1.10.0.0
2024-08-07 08:07:39,675 [WARN] PackLoader:240 - Cannot read IP mode file for STMicroelectronics.X-CUBE-TOUCHGFX.4.24.0
2024-08-07 08:07:39,682 [WARN] PackLoader:240 - Cannot read IP mode file for portGmbH.I-Cube-SoM-uGOAL.1.1.0
2024-08-07 08:07:39,692 [WARN] PackLoader:240 - Cannot read IP mode file for STMicroelectronics.X-CUBE-AZRTOS-H7RS.1.0.0
2024-08-07 08:07:39,696 [WARN] PackLoader:240 - Cannot read IP mode file for STMicroelectronics.FP-ATR-ASTRA1.2.0.0
2024-08-07 08:07:39,702 [WARN] PackLoader:240 - Cannot read IP mode file for STMicroelectronics.X-CUBE-TOF1.3.4.2
2024-08-07 08:07:39,718 [WARN] PackLoader:240 - Cannot read IP mode file for STMicroelectronics.X-CUBE-TOF1.3.4.1
2024-08-07 08:07:39,737 [WARN] PackLoader:240 - Cannot read IP mode file for STMicroelectronics.X-CUBE-AZRTOS-H7.3.2.0
2024-08-07 08:07:39,749 [WARN] PackLoader:240 - Cannot read IP mode file for Infineon.AIROC-Wi-Fi-Bluetooth-STM32.1.6.0
2024-08-07 08:07:39,756 [WARN] PackLoader:240 - Cannot read IP mode file for wolfSSL.I-CUBE-wolfSSH.1.4.17
2024-08-07 08:07:39,756 [INFO] ThirdParty:978 - Integrity check success = true
2024-08-07 08:07:39,756 [INFO] IntegrityCheckThread:100 - exiting critical section [integrity check]
2024-08-07 08:07:39,756 [INFO] IntegrityCheckThread:103 - End integrity checks thread
2024-08-07 17:13:14,895 [ERROR] LogOutputStream:75 - [STDERR_REDIRECT] 
2024-08-07 17:13:14,895 [ERROR] LogOutputStream:75 - [STDERR_REDIRECT] 
