2024-06-27 08:09:29,113 [INFO] Activator:176 - 


2024-06-27 08:09:29,113 [INFO] Activator:177 - !SESSION log4j initialized
2024-06-27 08:09:32,675 [INFO] LogOutputStream:77 - [STDOUT_REDIRECT] 
2024-06-27 08:09:34,140 [INFO] ApplicationProperties:184 - Using Application install path: C:\ST\STM32CubeIDE_1.15.1\STM32CubeIDE\plugins\com.st.stm32cube.common.mx_6.11.1.202404110753
2024-06-27 08:09:34,150 [INFO] DbMcusXml:78 - Set database path to: C:\ST\STM32CubeIDE_1.15.1\STM32CubeIDE\plugins\com.st.stm32cube.common.mx_6.11.1.202404110753\\db\/mcu/
2024-06-27 08:09:34,150 [INFO] ApiDb:274 - Set plugin database path to: C:\ST\STM32CubeIDE_1.15.1\STM32CubeIDE\plugins\com.st.stm32cube.common.mx_6.11.1.202404110753\\db\/plugins/boardmanager/
2024-06-27 08:09:34,152 [WARN] ApiDb:259 - Overriding images path with different value:  => C:\ST\STM32CubeIDE_1.15.1\STM32CubeIDE\plugins\com.st.stm32cube.common.mx_6.11.1.202404110753\\db\/plugins/mcufinder/images/
2024-06-27 08:09:34,156 [INFO] ApiDb:250 - Set database path to: C:\Users\jhwang\.stmcufinder\plugins\mcufinder//mcu/
2024-06-27 08:09:34,156 [INFO] DbMcusAds:125 - Set database path to: C:\Users\jhwang\.stmcufinder\plugins\mcufinder//mcu/
2024-06-27 08:09:34,157 [INFO] CrossReferenceDbSqlite:203 - Set database path to: C:\Users\jhwang\.stmcufinder\plugins\mcufinder//mcu/cs/
2024-06-27 08:09:34,212 [INFO] RulesReader:64 - Compatibility file has been processed (297 Rules)
2024-06-27 08:09:34,265 [INFO] DbMcusXml:78 - Set database path to: C:\ST\STM32CubeIDE_1.15.1\STM32CubeIDE\plugins\com.st.stm32cube.common.mx_6.11.1.202404110753\\db\/mcu/
2024-06-27 08:09:34,265 [INFO] ApiDb:274 - Set plugin database path to: C:\ST\STM32CubeIDE_1.15.1\STM32CubeIDE\plugins\com.st.stm32cube.common.mx_6.11.1.202404110753\\db\/plugins/boardmanager/
2024-06-27 08:09:34,266 [INFO] ApiDb:261 - Set plugin images path to: C:\ST\STM32CubeIDE_1.15.1\STM32CubeIDE\plugins\com.st.stm32cube.common.mx_6.11.1.202404110753\\db\/plugins/mcufinder/images/
2024-06-27 08:09:34,266 [WARN] DbFile:41 - Overriding database path with different value: C:\Users\jhwang\.stmcufinder\plugins\mcufinder/ => C:\Users\jhwang\.stmcufinder\plugins\mcufinder
2024-06-27 08:09:34,266 [INFO] ApiDb:250 - Set database path to: C:\Users\jhwang\.stmcufinder\plugins\mcufinder//mcu/
2024-06-27 08:09:34,266 [WARN] DbFile:41 - Overriding database path with different value: C:\Users\jhwang\.stmcufinder\plugins\mcufinder/ => C:\Users\jhwang\.stmcufinder\plugins\mcufinder
2024-06-27 08:09:34,266 [INFO] DbMcusAds:125 - Set database path to: C:\Users\jhwang\.stmcufinder\plugins\mcufinder//mcu/
2024-06-27 08:09:34,266 [WARN] DbFile:41 - Overriding database path with different value: C:\Users\jhwang\.stmcufinder\plugins\mcufinder/ => C:\Users\jhwang\.stmcufinder\plugins\mcufinder
2024-06-27 08:09:34,266 [WARN] DbFile:41 - Overriding database path with different value: C:\Users\jhwang\.stmcufinder\plugins\mcufinder/ => C:\Users\jhwang\.stmcufinder\plugins\mcufinder
2024-06-27 08:09:34,266 [INFO] CrossReferenceDbSqlite:203 - Set database path to: C:\Users\jhwang\.stmcufinder\plugins\mcufinder//mcu/cs/
2024-06-27 08:09:34,309 [INFO] MainPanel:264 - HeapMemory: 268435456
2024-06-27 08:09:34,358 [INFO] DbMcusXml:78 - Set database path to: C:\ST\STM32CubeIDE_1.15.1\STM32CubeIDE\plugins\com.st.stm32cube.common.mx_6.11.1.202404110753\\db\/mcu/
2024-06-27 08:09:34,358 [INFO] ApiDb:274 - Set plugin database path to: C:\ST\STM32CubeIDE_1.15.1\STM32CubeIDE\plugins\com.st.stm32cube.common.mx_6.11.1.202404110753\\db\/plugins/boardmanager/
2024-06-27 08:09:34,358 [INFO] ApiDb:261 - Set plugin images path to: C:\ST\STM32CubeIDE_1.15.1\STM32CubeIDE\plugins\com.st.stm32cube.common.mx_6.11.1.202404110753\\db\/plugins/mcufinder/images/
2024-06-27 08:09:34,358 [WARN] DbFile:41 - Overriding database path with different value: C:\Users\jhwang\.stmcufinder\plugins\mcufinder/ => C:\Users\jhwang\.stmcufinder\plugins\mcufinder
2024-06-27 08:09:34,358 [INFO] ApiDb:250 - Set database path to: C:\Users\jhwang\.stmcufinder\plugins\mcufinder//mcu/
2024-06-27 08:09:34,358 [WARN] DbFile:41 - Overriding database path with different value: C:\Users\jhwang\.stmcufinder\plugins\mcufinder/ => C:\Users\jhwang\.stmcufinder\plugins\mcufinder
2024-06-27 08:09:34,358 [INFO] DbMcusAds:125 - Set database path to: C:\Users\jhwang\.stmcufinder\plugins\mcufinder//mcu/
2024-06-27 08:09:34,358 [WARN] DbFile:41 - Overriding database path with different value: C:\Users\jhwang\.stmcufinder\plugins\mcufinder/ => C:\Users\jhwang\.stmcufinder\plugins\mcufinder
2024-06-27 08:09:34,358 [WARN] DbFile:41 - Overriding database path with different value: C:\Users\jhwang\.stmcufinder\plugins\mcufinder/ => C:\Users\jhwang\.stmcufinder\plugins\mcufinder
2024-06-27 08:09:34,358 [INFO] CrossReferenceDbSqlite:203 - Set database path to: C:\Users\jhwang\.stmcufinder\plugins\mcufinder//mcu/cs/
2024-06-27 08:09:34,369 [INFO] ApplicationProperties:184 - Using Application install path: C:\ST\STM32CubeIDE_1.15.1\STM32CubeIDE\plugins\com.st.stm32cube.common.mx_6.11.1.202404110753
2024-06-27 08:09:34,370 [INFO] PluginManage:196 - Search for loadable plugins [exclusion list=, ]
2024-06-27 08:09:34,371 [INFO] PluginManage:310 - Check plugin analytics
2024-06-27 08:09:34,467 [INFO] AnalyticsPlugin:253 - Accepted Software Licenses: 
2024-06-27 08:09:34,467 [INFO] AnalyticsPlugin:255 - Accepted CMSIS Pack Licenses: 
2024-06-27 08:09:34,467 [INFO] AnalyticsPlugin:257 - Accepted Firmware Licenses: 
2024-06-27 08:09:34,469 [INFO] PluginManage:359 - Loaded plugin analytics (category:tool,tabindex:-1)
2024-06-27 08:09:34,469 [INFO] PluginManage:310 - Check plugin cadmodel
2024-06-27 08:09:34,480 [INFO] CADModel:105 - Init CAD model plugin
2024-06-27 08:09:34,480 [INFO] PluginManage:359 - Loaded plugin cadmodel (category:power,tabindex:5)
2024-06-27 08:09:34,480 [INFO] PluginManage:310 - Check plugin clock
2024-06-27 08:09:34,485 [INFO] PluginManage:359 - Loaded plugin clock (category:base,tabindex:2)
2024-06-27 08:09:34,485 [INFO] PluginManage:310 - Check plugin ddr
2024-06-27 08:09:34,487 [INFO] PluginManage:359 - Loaded plugin ddr (category:tool,tabindex:6)
2024-06-27 08:09:34,487 [INFO] PluginManage:310 - Check plugin filemanager
2024-06-27 08:09:34,573 [INFO] PluginManage:359 - Loaded plugin filemanager (category:base,tabindex:10)
2024-06-27 08:09:34,573 [INFO] PluginManage:310 - Check plugin ipmanager
2024-06-27 08:09:34,579 [INFO] PluginManage:359 - Loaded plugin ipmanager (category:base,tabindex:5)
2024-06-27 08:09:34,579 [INFO] PluginManage:310 - Check plugin lpbam
2024-06-27 08:09:34,587 [INFO] PluginManage:359 - Loaded plugin lpbam (category:base,tabindex:0)
2024-06-27 08:09:34,587 [INFO] PluginManage:310 - Check plugin memorymap
2024-06-27 08:09:34,595 [INFO] PluginManage:359 - Loaded plugin memorymap (category:base,tabindex:4)
2024-06-27 08:09:34,595 [INFO] PluginManage:310 - Check plugin pinoutandconfiguration
2024-06-27 08:09:34,599 [INFO] PluginManage:359 - Loaded plugin pinoutandconfiguration (category:base,tabindex:1)
2024-06-27 08:09:34,600 [INFO] PluginManage:310 - Check plugin pinoutconfig
2024-06-27 08:09:34,672 [WARN] SupportedApi:132 - Cannot load RTOS API schema: s4s-elt-must-match.1: The content of 'definitions' must match (annotation?, (simpleType | complexType)?, (unique | key | keyref)*)). A problem was found starting at: attribute.
2024-06-27 08:09:34,772 [INFO] PluginManage:359 - Loaded plugin pinoutconfig (category:base,tabindex:0)
2024-06-27 08:09:34,772 [INFO] PluginManage:310 - Check plugin power
2024-06-27 08:09:34,785 [INFO] PluginManage:359 - Loaded plugin power (category:power,tabindex:4)
2024-06-27 08:09:34,785 [INFO] PluginManage:310 - Check plugin projectmanager
2024-06-27 08:09:34,794 [INFO] PluginManage:359 - Loaded plugin projectmanager (category:projectmanager,tabindex:3)
2024-06-27 08:09:34,794 [INFO] PluginManage:310 - Check plugin thirdparty
2024-06-27 08:09:34,876 [INFO] PluginManage:359 - Loaded plugin thirdparty (category:base,tabindex:-1)
2024-06-27 08:09:34,875 [WARN] IntegrityCheckThread:84 - waiting for thirdparty lock release [integrity check]
2024-06-27 08:09:34,876 [INFO] IntegrityCheckThread:86 - entering critical section [integrity check]
2024-06-27 08:09:34,876 [INFO] PluginManage:310 - Check plugin tools
2024-06-27 08:09:34,876 [INFO] ThirdPartyUpdaterWithRetryManager:70 - Updater plugin not ready yet. [1/15]
2024-06-27 08:09:34,878 [INFO] PluginManage:359 - Loaded plugin tools (category:base,tabindex:7)
2024-06-27 08:09:34,878 [INFO] PluginManage:310 - Check plugin tutovideos
2024-06-27 08:09:34,980 [INFO] PluginManage:359 - Loaded plugin tutovideos (category:base,tabindex:-1)
2024-06-27 08:09:34,980 [INFO] PluginManage:310 - Check plugin updater
2024-06-27 08:09:34,987 [INFO] PluginManage:359 - Loaded plugin updater (category:base,tabindex:12)
2024-06-27 08:09:34,987 [INFO] PluginManage:310 - Check plugin userauth
2024-06-27 08:09:34,990 [INFO] UserAuth:114 - Init User Auth plugin
2024-06-27 08:09:34,990 [INFO] PluginManage:359 - Loaded plugin userauth (category:base,tabindex:14)
2024-06-27 08:09:34,990 [INFO] PluginManage:283 - PluginManage : Loaded plugins [17]
2024-06-27 08:09:35,111 [INFO] PinOutPanel:1561 - setPackage(No Configuration,No Configuration)
2024-06-27 08:09:35,155 [INFO] CADModel:165 - CPN selected for project level
2024-06-27 08:09:35,155 [INFO] CADModel:114 - Register for checkConnection events
2024-06-27 08:09:35,164 [INFO] IPUIPlugin:80 - create IPUIPlugin
2024-06-27 08:09:35,164 [INFO] PluginManager:220 - loadIPPluginJar : add adc
2024-06-27 08:09:35,166 [INFO] IPUIPlugin:80 - create IPUIPlugin
2024-06-27 08:09:35,167 [INFO] PluginManager:220 - loadIPPluginJar : add aes
2024-06-27 08:09:35,169 [INFO] IPUIPlugin:80 - create IPUIPlugin
2024-06-27 08:09:35,169 [INFO] PluginManager:220 - loadIPPluginJar : add can
2024-06-27 08:09:35,171 [INFO] IPUIPlugin:80 - create IPUIPlugin
2024-06-27 08:09:35,171 [INFO] PluginManager:220 - loadIPPluginJar : add comp
2024-06-27 08:09:35,173 [INFO] IPUIPlugin:80 - create IPUIPlugin
2024-06-27 08:09:35,173 [INFO] PluginManager:220 - loadIPPluginJar : add cryp
2024-06-27 08:09:35,174 [INFO] IPUIPlugin:80 - create IPUIPlugin
2024-06-27 08:09:35,174 [INFO] PluginManager:220 - loadIPPluginJar : add dfsdm
2024-06-27 08:09:35,181 [INFO] IPUIPlugin:80 - create IPUIPlugin
2024-06-27 08:09:35,182 [INFO] PluginManager:220 - loadIPPluginJar : add dma
2024-06-27 08:09:35,186 [INFO] IPUIPlugin:80 - create IPUIPlugin
2024-06-27 08:09:35,186 [INFO] PluginManager:220 - loadIPPluginJar : add dma3
2024-06-27 08:09:35,191 [INFO] IPUIPlugin:80 - create IPUIPlugin
2024-06-27 08:09:35,191 [INFO] PluginManager:220 - loadIPPluginJar : add extmemmanager
2024-06-27 08:09:35,194 [INFO] IPUIPlugin:80 - create IPUIPlugin
2024-06-27 08:09:35,194 [INFO] PluginManager:220 - loadIPPluginJar : add fatfs
2024-06-27 08:09:35,201 [INFO] IPUIPlugin:80 - create IPUIPlugin
2024-06-27 08:09:35,201 [INFO] PluginManager:220 - loadIPPluginJar : add fmc
2024-06-27 08:09:35,209 [INFO] IPUIPlugin:80 - create IPUIPlugin
2024-06-27 08:09:35,209 [INFO] PluginManager:220 - loadIPPluginJar : add freertos
2024-06-27 08:09:35,210 [INFO] IPUIPlugin:80 - create IPUIPlugin
2024-06-27 08:09:35,210 [INFO] PluginManager:220 - loadIPPluginJar : add genericplugin
2024-06-27 08:09:35,212 [INFO] IPUIPlugin:80 - create IPUIPlugin
2024-06-27 08:09:35,212 [INFO] PluginManager:220 - loadIPPluginJar : add gfxmmu
2024-06-27 08:09:35,214 [INFO] IPUIPlugin:80 - create IPUIPlugin
2024-06-27 08:09:35,214 [INFO] PluginManager:220 - loadIPPluginJar : add gic
2024-06-27 08:09:35,216 [INFO] IPUIPlugin:80 - create IPUIPlugin
2024-06-27 08:09:35,216 [INFO] PluginManager:220 - loadIPPluginJar : add gpio
2024-06-27 08:09:35,218 [INFO] IPUIPlugin:80 - create IPUIPlugin
2024-06-27 08:09:35,218 [INFO] PluginManager:220 - loadIPPluginJar : add gtzc
2024-06-27 08:09:35,219 [INFO] IPUIPlugin:80 - create IPUIPlugin
2024-06-27 08:09:35,219 [INFO] PluginManager:220 - loadIPPluginJar : add hash
2024-06-27 08:09:35,225 [INFO] IPUIPlugin:80 - create IPUIPlugin
2024-06-27 08:09:35,225 [INFO] PluginManager:220 - loadIPPluginJar : add i2c
2024-06-27 08:09:35,235 [INFO] IPUIPlugin:80 - create IPUIPlugin
2024-06-27 08:09:35,235 [INFO] PluginManager:220 - loadIPPluginJar : add i2s
2024-06-27 08:09:35,236 [INFO] IPUIPlugin:80 - create IPUIPlugin
2024-06-27 08:09:35,236 [INFO] PluginManager:220 - loadIPPluginJar : add i3c
2024-06-27 08:09:35,238 [INFO] IPUIPlugin:80 - create IPUIPlugin
2024-06-27 08:09:35,238 [INFO] PluginManager:220 - loadIPPluginJar : add ipddr
2024-06-27 08:09:35,243 [INFO] IPUIPlugin:80 - create IPUIPlugin
2024-06-27 08:09:35,243 [INFO] PluginManager:220 - loadIPPluginJar : add linkedlist
2024-06-27 08:09:35,244 [INFO] IPUIPlugin:80 - create IPUIPlugin
2024-06-27 08:09:35,245 [INFO] PluginManager:220 - loadIPPluginJar : add lorawan
2024-06-27 08:09:35,249 [INFO] IPUIPlugin:80 - create IPUIPlugin
2024-06-27 08:09:35,249 [INFO] PluginManager:220 - loadIPPluginJar : add ltdc
2024-06-27 08:09:35,255 [INFO] IPUIPlugin:80 - create IPUIPlugin
2024-06-27 08:09:35,255 [INFO] PluginManager:220 - loadIPPluginJar : add mdma
2024-06-27 08:09:35,259 [INFO] IPUIPlugin:80 - create IPUIPlugin
2024-06-27 08:09:35,259 [INFO] PluginManager:220 - loadIPPluginJar : add nvic
2024-06-27 08:09:35,261 [INFO] IPUIPlugin:80 - create IPUIPlugin
2024-06-27 08:09:35,261 [INFO] PluginManager:220 - loadIPPluginJar : add opamp
2024-06-27 08:09:35,262 [INFO] IPUIPlugin:80 - create IPUIPlugin
2024-06-27 08:09:35,262 [INFO] PluginManager:220 - loadIPPluginJar : add openamp
2024-06-27 08:09:35,266 [INFO] IPUIPlugin:80 - create IPUIPlugin
2024-06-27 08:09:35,266 [INFO] PluginManager:220 - loadIPPluginJar : add pdm2pcm
2024-06-27 08:09:35,274 [INFO] IPUIPlugin:80 - create IPUIPlugin
2024-06-27 08:09:35,275 [INFO] PluginManager:220 - loadIPPluginJar : add plateformsettings
2024-06-27 08:09:35,277 [INFO] IPUIPlugin:80 - create IPUIPlugin
2024-06-27 08:09:35,277 [INFO] PluginManager:220 - loadIPPluginJar : add quadspi
2024-06-27 08:09:35,279 [INFO] IPUIPlugin:80 - create IPUIPlugin
2024-06-27 08:09:35,279 [INFO] PluginManager:220 - loadIPPluginJar : add resmgrutility
2024-06-27 08:09:35,285 [INFO] IPUIPlugin:80 - create IPUIPlugin
2024-06-27 08:09:35,285 [INFO] PluginManager:220 - loadIPPluginJar : add sai
2024-06-27 08:09:35,286 [INFO] IPUIPlugin:80 - create IPUIPlugin
2024-06-27 08:09:35,286 [INFO] PluginManager:220 - loadIPPluginJar : add spi
2024-06-27 08:09:35,289 [INFO] IPUIPlugin:80 - create IPUIPlugin
2024-06-27 08:09:35,289 [INFO] PluginManager:220 - loadIPPluginJar : add stm32_wpan
2024-06-27 08:09:35,291 [INFO] IPUIPlugin:80 - create IPUIPlugin
2024-06-27 08:09:35,291 [INFO] PluginManager:220 - loadIPPluginJar : add tim
2024-06-27 08:09:35,295 [INFO] IPUIPlugin:80 - create IPUIPlugin
2024-06-27 08:09:35,296 [INFO] PluginManager:220 - loadIPPluginJar : add touchsensing
2024-06-27 08:09:35,298 [INFO] IPUIPlugin:80 - create IPUIPlugin
2024-06-27 08:09:35,298 [INFO] PluginManager:220 - loadIPPluginJar : add tracer_emb
2024-06-27 08:09:35,299 [INFO] IPUIPlugin:80 - create IPUIPlugin
2024-06-27 08:09:35,299 [INFO] PluginManager:220 - loadIPPluginJar : add ts
2024-06-27 08:09:35,302 [INFO] IPUIPlugin:80 - create IPUIPlugin
2024-06-27 08:09:35,302 [INFO] PluginManager:220 - loadIPPluginJar : add tsc
2024-06-27 08:09:35,306 [INFO] IPUIPlugin:80 - create IPUIPlugin
2024-06-27 08:09:35,306 [INFO] PluginManager:220 - loadIPPluginJar : add ucpd
2024-06-27 08:09:35,308 [INFO] IPUIPlugin:80 - create IPUIPlugin
2024-06-27 08:09:35,308 [INFO] PluginManager:220 - loadIPPluginJar : add usart
2024-06-27 08:09:35,313 [INFO] IPUIPlugin:80 - create IPUIPlugin
2024-06-27 08:09:35,313 [INFO] PluginManager:220 - loadIPPluginJar : add usbx
2024-06-27 08:09:35,417 [INFO] CADModel:165 - CPN selected for project level
2024-06-27 08:09:35,417 [INFO] CADModel:114 - Register for checkConnection events
2024-06-27 08:09:35,418 [FATAL] Updater:308 - Updater called before beeing initialized
2024-06-27 08:09:35,418 [ERROR] CADModel:125 - Updater not yet initialized, retry later 
2024-06-27 08:09:35,498 [INFO] CADModel:165 - CPN selected for project level
2024-06-27 08:09:35,498 [INFO] CADModel:114 - Register for checkConnection events
2024-06-27 08:09:35,498 [FATAL] Updater:308 - Updater called before beeing initialized
2024-06-27 08:09:35,498 [ERROR] CADModel:125 - Updater not yet initialized, retry later 
2024-06-27 08:09:35,500 [FATAL] Updater:308 - Updater called before beeing initialized
2024-06-27 08:09:35,561 [FATAL] Updater:308 - Updater called before beeing initialized
2024-06-27 08:09:35,564 [INFO] DbMcusAds:53 - JSON generation date=Thu May 16 18:22:00 KST 2024 (1715851320852)
2024-06-27 08:09:35,564 [FATAL] Updater:308 - Updater called before beeing initialized
2024-06-27 08:09:35,583 [WARN] DetailPanel:346 - Failed to get advertising image, set to default
2024-06-27 08:09:35,632 [FATAL] Updater:308 - Updater called before beeing initialized
2024-06-27 08:09:35,633 [FATAL] Updater:308 - Updater called before beeing initialized
2024-06-27 08:09:35,633 [FATAL] Updater:308 - Updater called before beeing initialized
2024-06-27 08:09:35,633 [WARN] DetailPanel:346 - Failed to get advertising image, set to default
2024-06-27 08:09:35,634 [FATAL] Updater:308 - Updater called before beeing initialized
2024-06-27 08:09:35,662 [ERROR] Updater:1120 - MainUpdater not yet initialized. External WinMGr cannot be set.
2024-06-27 08:09:35,663 [INFO] Updater:1056 - Updater Version found : 6.11.1
2024-06-27 08:09:35,679 [INFO] ApplicationProperties:184 - Using Application install path: C:\ST\STM32CubeIDE_1.15.1\STM32CubeIDE\plugins\com.st.stm32cube.common.mx_6.11.1.202404110753
2024-06-27 08:09:37,227 [ERROR] LogOutputStream:75 - [STDERR_REDIRECT] Jun 27, 2024 8:09:37 AM java.util.prefs.WindowsPreferences <init>
2024-06-27 08:09:37,228 [ERROR] LogOutputStream:75 - [STDERR_REDIRECT] WARNING: Could not open/create prefs root node Software\JavaSoft\Prefs at root 0xffffffff80000002. Windows RegCreateKeyEx(...) returned error code 5.
2024-06-27 08:09:37,228 [ERROR] LogOutputStream:75 - [STDERR_REDIRECT] 
2024-06-27 08:09:37,619 [INFO] MainUpdater:2873 - connection check result : 10
2024-06-27 08:09:37,620 [INFO] MainUpdater:290 - Updater Check For Update Now.
2024-06-27 08:09:37,620 [INFO] MicroXplorer:498 - Change Database Version : DB.6.0.111
2024-06-27 08:09:37,625 [INFO] McuFinderGlobals:63 - Set McuFinder mode to 2 (CubeIDE integrated)
2024-06-27 08:09:37,625 [INFO] UserAuth:179 - activating auth plugin
2024-06-27 08:09:37,627 [INFO] UserAuth:415 - Internet connection configuration mode: 1
2024-06-27 08:09:37,652 [INFO] JxBrowserEngine:152 - Initiate JxBrowser Engine with user profile folder
2024-06-27 08:09:37,764 [INFO] CheckServerUpdateThread:120 - End of CheckServer Thread
2024-06-27 08:09:37,898 [WARN] PackLoader:240 - Cannot read IP mode file for STMicroelectronics.FP-SNS-FLIGHT1.5.0.2
2024-06-27 08:09:37,902 [WARN] PackLoader:240 - Cannot read IP mode file for STMicroelectronics.FP-ATR-SIGFOX1.3.2.0
2024-06-27 08:09:37,922 [WARN] PackLoader:240 - Cannot read IP mode file for STMicroelectronics.FP-ATR-ASTRA1.2.0.0
2024-06-27 08:09:37,923 [INFO] ThirdParty:978 - Integrity check success = true
2024-06-27 08:09:37,923 [INFO] IntegrityCheckThread:100 - exiting critical section [integrity check]
2024-06-27 08:09:37,923 [INFO] IntegrityCheckThread:103 - End integrity checks thread
2024-06-27 08:09:38,127 [INFO] WebApp:161 - Instantiating new browser for Auth
2024-06-27 08:09:38,444 [INFO] WebApp:779 - Register for checkConnection events
2024-06-27 08:09:38,444 [INFO] WebApp:414 - Apply proxy settings
2024-06-27 08:09:38,444 [INFO] WebApp:499 - Chromium requires no authentication
2024-06-27 08:09:38,449 [INFO] WebApp:442 - Direct internet connection detected
2024-06-27 08:09:38,531 [INFO] WebApp:192 - Starting web application
2024-06-27 08:09:38,531 [INFO] WebApp:544 - Web application path used C:\ST\STM32CubeIDE_1.15.1\STM32CubeIDE\plugins\com.st.stm32cube.common.mx_6.11.1.202404110753\db\plugins\mcufinder\reactClient1\index.html
2024-06-27 09:03:49,555 [ERROR] LogOutputStream:75 - [STDERR_REDIRECT] 
