2024-06-28 08:12:25,474 [INFO] Activator:176 - 


2024-06-28 08:12:25,489 [INFO] Activator:177 - !SESSION log4j initialized
2024-06-28 08:12:28,517 [INFO] LogOutputStream:77 - [STDOUT_REDIRECT] 
2024-06-28 08:12:30,210 [INFO] ApplicationProperties:184 - Using Application install path: C:\ST\STM32CubeIDE_1.15.1\STM32CubeIDE\plugins\com.st.stm32cube.common.mx_6.11.1.202404110753
2024-06-28 08:12:30,222 [INFO] DbMcusXml:78 - Set database path to: C:\ST\STM32CubeIDE_1.15.1\STM32CubeIDE\plugins\com.st.stm32cube.common.mx_6.11.1.202404110753\\db\/mcu/
2024-06-28 08:12:30,222 [INFO] ApiDb:274 - Set plugin database path to: C:\ST\STM32CubeIDE_1.15.1\STM32CubeIDE\plugins\com.st.stm32cube.common.mx_6.11.1.202404110753\\db\/plugins/boardmanager/
2024-06-28 08:12:30,224 [WARN] ApiDb:259 - Overriding images path with different value:  => C:\ST\STM32CubeIDE_1.15.1\STM32CubeIDE\plugins\com.st.stm32cube.common.mx_6.11.1.202404110753\\db\/plugins/mcufinder/images/
2024-06-28 08:12:30,227 [INFO] ApiDb:250 - Set database path to: C:\Users\jhwang\.stmcufinder\plugins\mcufinder//mcu/
2024-06-28 08:12:30,227 [INFO] DbMcusAds:125 - Set database path to: C:\Users\jhwang\.stmcufinder\plugins\mcufinder//mcu/
2024-06-28 08:12:30,229 [INFO] CrossReferenceDbSqlite:203 - Set database path to: C:\Users\jhwang\.stmcufinder\plugins\mcufinder//mcu/cs/
2024-06-28 08:12:30,289 [INFO] RulesReader:64 - Compatibility file has been processed (297 Rules)
2024-06-28 08:12:30,345 [INFO] DbMcusXml:78 - Set database path to: C:\ST\STM32CubeIDE_1.15.1\STM32CubeIDE\plugins\com.st.stm32cube.common.mx_6.11.1.202404110753\\db\/mcu/
2024-06-28 08:12:30,345 [INFO] ApiDb:274 - Set plugin database path to: C:\ST\STM32CubeIDE_1.15.1\STM32CubeIDE\plugins\com.st.stm32cube.common.mx_6.11.1.202404110753\\db\/plugins/boardmanager/
2024-06-28 08:12:30,345 [INFO] ApiDb:261 - Set plugin images path to: C:\ST\STM32CubeIDE_1.15.1\STM32CubeIDE\plugins\com.st.stm32cube.common.mx_6.11.1.202404110753\\db\/plugins/mcufinder/images/
2024-06-28 08:12:30,346 [WARN] DbFile:41 - Overriding database path with different value: C:\Users\jhwang\.stmcufinder\plugins\mcufinder/ => C:\Users\jhwang\.stmcufinder\plugins\mcufinder
2024-06-28 08:12:30,346 [INFO] ApiDb:250 - Set database path to: C:\Users\jhwang\.stmcufinder\plugins\mcufinder//mcu/
2024-06-28 08:12:30,346 [WARN] DbFile:41 - Overriding database path with different value: C:\Users\jhwang\.stmcufinder\plugins\mcufinder/ => C:\Users\jhwang\.stmcufinder\plugins\mcufinder
2024-06-28 08:12:30,346 [INFO] DbMcusAds:125 - Set database path to: C:\Users\jhwang\.stmcufinder\plugins\mcufinder//mcu/
2024-06-28 08:12:30,346 [WARN] DbFile:41 - Overriding database path with different value: C:\Users\jhwang\.stmcufinder\plugins\mcufinder/ => C:\Users\jhwang\.stmcufinder\plugins\mcufinder
2024-06-28 08:12:30,346 [WARN] DbFile:41 - Overriding database path with different value: C:\Users\jhwang\.stmcufinder\plugins\mcufinder/ => C:\Users\jhwang\.stmcufinder\plugins\mcufinder
2024-06-28 08:12:30,346 [INFO] CrossReferenceDbSqlite:203 - Set database path to: C:\Users\jhwang\.stmcufinder\plugins\mcufinder//mcu/cs/
2024-06-28 08:12:30,390 [INFO] MainPanel:264 - HeapMemory: 268435456
2024-06-28 08:12:30,441 [INFO] DbMcusXml:78 - Set database path to: C:\ST\STM32CubeIDE_1.15.1\STM32CubeIDE\plugins\com.st.stm32cube.common.mx_6.11.1.202404110753\\db\/mcu/
2024-06-28 08:12:30,441 [INFO] ApiDb:274 - Set plugin database path to: C:\ST\STM32CubeIDE_1.15.1\STM32CubeIDE\plugins\com.st.stm32cube.common.mx_6.11.1.202404110753\\db\/plugins/boardmanager/
2024-06-28 08:12:30,441 [INFO] ApiDb:261 - Set plugin images path to: C:\ST\STM32CubeIDE_1.15.1\STM32CubeIDE\plugins\com.st.stm32cube.common.mx_6.11.1.202404110753\\db\/plugins/mcufinder/images/
2024-06-28 08:12:30,441 [WARN] DbFile:41 - Overriding database path with different value: C:\Users\jhwang\.stmcufinder\plugins\mcufinder/ => C:\Users\jhwang\.stmcufinder\plugins\mcufinder
2024-06-28 08:12:30,441 [INFO] ApiDb:250 - Set database path to: C:\Users\jhwang\.stmcufinder\plugins\mcufinder//mcu/
2024-06-28 08:12:30,441 [WARN] DbFile:41 - Overriding database path with different value: C:\Users\jhwang\.stmcufinder\plugins\mcufinder/ => C:\Users\jhwang\.stmcufinder\plugins\mcufinder
2024-06-28 08:12:30,441 [INFO] DbMcusAds:125 - Set database path to: C:\Users\jhwang\.stmcufinder\plugins\mcufinder//mcu/
2024-06-28 08:12:30,442 [WARN] DbFile:41 - Overriding database path with different value: C:\Users\jhwang\.stmcufinder\plugins\mcufinder/ => C:\Users\jhwang\.stmcufinder\plugins\mcufinder
2024-06-28 08:12:30,442 [WARN] DbFile:41 - Overriding database path with different value: C:\Users\jhwang\.stmcufinder\plugins\mcufinder/ => C:\Users\jhwang\.stmcufinder\plugins\mcufinder
2024-06-28 08:12:30,442 [INFO] CrossReferenceDbSqlite:203 - Set database path to: C:\Users\jhwang\.stmcufinder\plugins\mcufinder//mcu/cs/
2024-06-28 08:12:30,452 [INFO] ApplicationProperties:184 - Using Application install path: C:\ST\STM32CubeIDE_1.15.1\STM32CubeIDE\plugins\com.st.stm32cube.common.mx_6.11.1.202404110753
2024-06-28 08:12:30,453 [INFO] PluginManage:196 - Search for loadable plugins [exclusion list=, ]
2024-06-28 08:12:30,454 [INFO] PluginManage:310 - Check plugin analytics
2024-06-28 08:12:30,555 [INFO] AnalyticsPlugin:253 - Accepted Software Licenses: 
2024-06-28 08:12:30,555 [INFO] AnalyticsPlugin:255 - Accepted CMSIS Pack Licenses: 
2024-06-28 08:12:30,556 [INFO] AnalyticsPlugin:257 - Accepted Firmware Licenses: 
2024-06-28 08:12:30,558 [INFO] PluginManage:359 - Loaded plugin analytics (category:tool,tabindex:-1)
2024-06-28 08:12:30,558 [INFO] PluginManage:310 - Check plugin cadmodel
2024-06-28 08:12:30,571 [INFO] CADModel:105 - Init CAD model plugin
2024-06-28 08:12:30,572 [INFO] PluginManage:359 - Loaded plugin cadmodel (category:power,tabindex:5)
2024-06-28 08:12:30,572 [INFO] PluginManage:310 - Check plugin clock
2024-06-28 08:12:30,577 [INFO] PluginManage:359 - Loaded plugin clock (category:base,tabindex:2)
2024-06-28 08:12:30,577 [INFO] PluginManage:310 - Check plugin ddr
2024-06-28 08:12:30,579 [INFO] PluginManage:359 - Loaded plugin ddr (category:tool,tabindex:6)
2024-06-28 08:12:30,579 [INFO] PluginManage:310 - Check plugin filemanager
2024-06-28 08:12:30,678 [INFO] PluginManage:359 - Loaded plugin filemanager (category:base,tabindex:10)
2024-06-28 08:12:30,679 [INFO] PluginManage:310 - Check plugin ipmanager
2024-06-28 08:12:30,686 [INFO] PluginManage:359 - Loaded plugin ipmanager (category:base,tabindex:5)
2024-06-28 08:12:30,686 [INFO] PluginManage:310 - Check plugin lpbam
2024-06-28 08:12:30,699 [INFO] PluginManage:359 - Loaded plugin lpbam (category:base,tabindex:0)
2024-06-28 08:12:30,699 [INFO] PluginManage:310 - Check plugin memorymap
2024-06-28 08:12:30,708 [INFO] PluginManage:359 - Loaded plugin memorymap (category:base,tabindex:4)
2024-06-28 08:12:30,708 [INFO] PluginManage:310 - Check plugin pinoutandconfiguration
2024-06-28 08:12:30,712 [INFO] PluginManage:359 - Loaded plugin pinoutandconfiguration (category:base,tabindex:1)
2024-06-28 08:12:30,712 [INFO] PluginManage:310 - Check plugin pinoutconfig
2024-06-28 08:12:30,776 [WARN] SupportedApi:132 - Cannot load RTOS API schema: s4s-elt-must-match.1: The content of 'definitions' must match (annotation?, (simpleType | complexType)?, (unique | key | keyref)*)). A problem was found starting at: attribute.
2024-06-28 08:12:30,850 [INFO] PluginManage:359 - Loaded plugin pinoutconfig (category:base,tabindex:0)
2024-06-28 08:12:30,850 [INFO] PluginManage:310 - Check plugin power
2024-06-28 08:12:30,870 [INFO] PluginManage:359 - Loaded plugin power (category:power,tabindex:4)
2024-06-28 08:12:30,870 [INFO] PluginManage:310 - Check plugin projectmanager
2024-06-28 08:12:30,879 [INFO] PluginManage:359 - Loaded plugin projectmanager (category:projectmanager,tabindex:3)
2024-06-28 08:12:30,879 [INFO] PluginManage:310 - Check plugin thirdparty
2024-06-28 08:12:30,981 [WARN] IntegrityCheckThread:84 - waiting for thirdparty lock release [integrity check]
2024-06-28 08:12:30,982 [INFO] IntegrityCheckThread:86 - entering critical section [integrity check]
2024-06-28 08:12:30,982 [INFO] PluginManage:359 - Loaded plugin thirdparty (category:base,tabindex:-1)
2024-06-28 08:12:30,982 [INFO] PluginManage:310 - Check plugin tools
2024-06-28 08:12:30,982 [INFO] ThirdPartyUpdaterWithRetryManager:70 - Updater plugin not ready yet. [1/15]
2024-06-28 08:12:30,990 [INFO] PluginManage:359 - Loaded plugin tools (category:base,tabindex:7)
2024-06-28 08:12:30,990 [INFO] PluginManage:310 - Check plugin tutovideos
2024-06-28 08:12:31,099 [INFO] PluginManage:359 - Loaded plugin tutovideos (category:base,tabindex:-1)
2024-06-28 08:12:31,099 [INFO] PluginManage:310 - Check plugin updater
2024-06-28 08:12:31,106 [INFO] PluginManage:359 - Loaded plugin updater (category:base,tabindex:12)
2024-06-28 08:12:31,106 [INFO] PluginManage:310 - Check plugin userauth
2024-06-28 08:12:31,109 [INFO] UserAuth:114 - Init User Auth plugin
2024-06-28 08:12:31,109 [INFO] PluginManage:359 - Loaded plugin userauth (category:base,tabindex:14)
2024-06-28 08:12:31,109 [INFO] PluginManage:283 - PluginManage : Loaded plugins [17]
2024-06-28 08:12:31,237 [INFO] PinOutPanel:1561 - setPackage(No Configuration,No Configuration)
2024-06-28 08:12:31,284 [INFO] CADModel:165 - CPN selected for project level
2024-06-28 08:12:31,284 [INFO] CADModel:114 - Register for checkConnection events
2024-06-28 08:12:31,299 [INFO] IPUIPlugin:80 - create IPUIPlugin
2024-06-28 08:12:31,299 [INFO] PluginManager:220 - loadIPPluginJar : add adc
2024-06-28 08:12:31,301 [INFO] IPUIPlugin:80 - create IPUIPlugin
2024-06-28 08:12:31,301 [INFO] PluginManager:220 - loadIPPluginJar : add aes
2024-06-28 08:12:31,302 [INFO] IPUIPlugin:80 - create IPUIPlugin
2024-06-28 08:12:31,302 [INFO] PluginManager:220 - loadIPPluginJar : add can
2024-06-28 08:12:31,305 [INFO] IPUIPlugin:80 - create IPUIPlugin
2024-06-28 08:12:31,305 [INFO] PluginManager:220 - loadIPPluginJar : add comp
2024-06-28 08:12:31,312 [INFO] IPUIPlugin:80 - create IPUIPlugin
2024-06-28 08:12:31,312 [INFO] PluginManager:220 - loadIPPluginJar : add cryp
2024-06-28 08:12:31,313 [INFO] IPUIPlugin:80 - create IPUIPlugin
2024-06-28 08:12:31,313 [INFO] PluginManager:220 - loadIPPluginJar : add dfsdm
2024-06-28 08:12:31,322 [INFO] IPUIPlugin:80 - create IPUIPlugin
2024-06-28 08:12:31,322 [INFO] PluginManager:220 - loadIPPluginJar : add dma
2024-06-28 08:12:31,326 [INFO] IPUIPlugin:80 - create IPUIPlugin
2024-06-28 08:12:31,326 [INFO] PluginManager:220 - loadIPPluginJar : add dma3
2024-06-28 08:12:31,333 [INFO] IPUIPlugin:80 - create IPUIPlugin
2024-06-28 08:12:31,333 [INFO] PluginManager:220 - loadIPPluginJar : add extmemmanager
2024-06-28 08:12:31,334 [INFO] IPUIPlugin:80 - create IPUIPlugin
2024-06-28 08:12:31,334 [INFO] PluginManager:220 - loadIPPluginJar : add fatfs
2024-06-28 08:12:31,341 [INFO] IPUIPlugin:80 - create IPUIPlugin
2024-06-28 08:12:31,341 [INFO] PluginManager:220 - loadIPPluginJar : add fmc
2024-06-28 08:12:31,352 [INFO] IPUIPlugin:80 - create IPUIPlugin
2024-06-28 08:12:31,353 [INFO] PluginManager:220 - loadIPPluginJar : add freertos
2024-06-28 08:12:31,353 [INFO] IPUIPlugin:80 - create IPUIPlugin
2024-06-28 08:12:31,353 [INFO] PluginManager:220 - loadIPPluginJar : add genericplugin
2024-06-28 08:12:31,356 [INFO] IPUIPlugin:80 - create IPUIPlugin
2024-06-28 08:12:31,356 [INFO] PluginManager:220 - loadIPPluginJar : add gfxmmu
2024-06-28 08:12:31,358 [INFO] IPUIPlugin:80 - create IPUIPlugin
2024-06-28 08:12:31,358 [INFO] PluginManager:220 - loadIPPluginJar : add gic
2024-06-28 08:12:31,373 [INFO] IPUIPlugin:80 - create IPUIPlugin
2024-06-28 08:12:31,373 [INFO] PluginManager:220 - loadIPPluginJar : add gpio
2024-06-28 08:12:31,374 [INFO] IPUIPlugin:80 - create IPUIPlugin
2024-06-28 08:12:31,374 [INFO] PluginManager:220 - loadIPPluginJar : add gtzc
2024-06-28 08:12:31,375 [INFO] IPUIPlugin:80 - create IPUIPlugin
2024-06-28 08:12:31,375 [INFO] PluginManager:220 - loadIPPluginJar : add hash
2024-06-28 08:12:31,388 [INFO] IPUIPlugin:80 - create IPUIPlugin
2024-06-28 08:12:31,388 [INFO] PluginManager:220 - loadIPPluginJar : add i2c
2024-06-28 08:12:31,405 [INFO] IPUIPlugin:80 - create IPUIPlugin
2024-06-28 08:12:31,405 [INFO] PluginManager:220 - loadIPPluginJar : add i2s
2024-06-28 08:12:31,422 [INFO] IPUIPlugin:80 - create IPUIPlugin
2024-06-28 08:12:31,422 [INFO] PluginManager:220 - loadIPPluginJar : add i3c
2024-06-28 08:12:31,425 [INFO] IPUIPlugin:80 - create IPUIPlugin
2024-06-28 08:12:31,425 [INFO] PluginManager:220 - loadIPPluginJar : add ipddr
2024-06-28 08:12:31,431 [INFO] IPUIPlugin:80 - create IPUIPlugin
2024-06-28 08:12:31,432 [INFO] PluginManager:220 - loadIPPluginJar : add linkedlist
2024-06-28 08:12:31,433 [INFO] IPUIPlugin:80 - create IPUIPlugin
2024-06-28 08:12:31,433 [INFO] PluginManager:220 - loadIPPluginJar : add lorawan
2024-06-28 08:12:31,435 [INFO] IPUIPlugin:80 - create IPUIPlugin
2024-06-28 08:12:31,435 [INFO] PluginManager:220 - loadIPPluginJar : add ltdc
2024-06-28 08:12:31,446 [INFO] IPUIPlugin:80 - create IPUIPlugin
2024-06-28 08:12:31,446 [INFO] PluginManager:220 - loadIPPluginJar : add mdma
2024-06-28 08:12:31,453 [INFO] IPUIPlugin:80 - create IPUIPlugin
2024-06-28 08:12:31,453 [INFO] PluginManager:220 - loadIPPluginJar : add nvic
2024-06-28 08:12:31,455 [INFO] IPUIPlugin:80 - create IPUIPlugin
2024-06-28 08:12:31,455 [INFO] PluginManager:220 - loadIPPluginJar : add opamp
2024-06-28 08:12:31,457 [INFO] IPUIPlugin:80 - create IPUIPlugin
2024-06-28 08:12:31,457 [INFO] PluginManager:220 - loadIPPluginJar : add openamp
2024-06-28 08:12:31,467 [INFO] IPUIPlugin:80 - create IPUIPlugin
2024-06-28 08:12:31,468 [INFO] PluginManager:220 - loadIPPluginJar : add pdm2pcm
2024-06-28 08:12:31,485 [INFO] IPUIPlugin:80 - create IPUIPlugin
2024-06-28 08:12:31,486 [INFO] PluginManager:220 - loadIPPluginJar : add plateformsettings
2024-06-28 08:12:31,495 [INFO] IPUIPlugin:80 - create IPUIPlugin
2024-06-28 08:12:31,495 [INFO] PluginManager:220 - loadIPPluginJar : add quadspi
2024-06-28 08:12:31,497 [INFO] IPUIPlugin:80 - create IPUIPlugin
2024-06-28 08:12:31,497 [INFO] PluginManager:220 - loadIPPluginJar : add resmgrutility
2024-06-28 08:12:31,515 [INFO] IPUIPlugin:80 - create IPUIPlugin
2024-06-28 08:12:31,515 [INFO] PluginManager:220 - loadIPPluginJar : add sai
2024-06-28 08:12:31,517 [INFO] IPUIPlugin:80 - create IPUIPlugin
2024-06-28 08:12:31,517 [INFO] PluginManager:220 - loadIPPluginJar : add spi
2024-06-28 08:12:31,520 [INFO] IPUIPlugin:80 - create IPUIPlugin
2024-06-28 08:12:31,520 [INFO] PluginManager:220 - loadIPPluginJar : add stm32_wpan
2024-06-28 08:12:31,526 [INFO] IPUIPlugin:80 - create IPUIPlugin
2024-06-28 08:12:31,526 [INFO] PluginManager:220 - loadIPPluginJar : add tim
2024-06-28 08:12:31,528 [INFO] IPUIPlugin:80 - create IPUIPlugin
2024-06-28 08:12:31,528 [INFO] PluginManager:220 - loadIPPluginJar : add touchsensing
2024-06-28 08:12:31,541 [INFO] IPUIPlugin:80 - create IPUIPlugin
2024-06-28 08:12:31,541 [INFO] PluginManager:220 - loadIPPluginJar : add tracer_emb
2024-06-28 08:12:31,542 [INFO] IPUIPlugin:80 - create IPUIPlugin
2024-06-28 08:12:31,542 [INFO] PluginManager:220 - loadIPPluginJar : add ts
2024-06-28 08:12:31,556 [INFO] IPUIPlugin:80 - create IPUIPlugin
2024-06-28 08:12:31,556 [INFO] PluginManager:220 - loadIPPluginJar : add tsc
2024-06-28 08:12:31,572 [INFO] IPUIPlugin:80 - create IPUIPlugin
2024-06-28 08:12:31,572 [INFO] PluginManager:220 - loadIPPluginJar : add ucpd
2024-06-28 08:12:31,574 [INFO] IPUIPlugin:80 - create IPUIPlugin
2024-06-28 08:12:31,574 [INFO] PluginManager:220 - loadIPPluginJar : add usart
2024-06-28 08:12:31,591 [INFO] IPUIPlugin:80 - create IPUIPlugin
2024-06-28 08:12:31,591 [INFO] PluginManager:220 - loadIPPluginJar : add usbx
2024-06-28 08:12:31,694 [INFO] CADModel:165 - CPN selected for project level
2024-06-28 08:12:31,694 [INFO] CADModel:114 - Register for checkConnection events
2024-06-28 08:12:31,695 [FATAL] Updater:308 - Updater called before beeing initialized
2024-06-28 08:12:31,695 [ERROR] CADModel:125 - Updater not yet initialized, retry later 
2024-06-28 08:12:31,771 [INFO] CADModel:165 - CPN selected for project level
2024-06-28 08:12:31,772 [INFO] CADModel:114 - Register for checkConnection events
2024-06-28 08:12:31,772 [FATAL] Updater:308 - Updater called before beeing initialized
2024-06-28 08:12:31,772 [ERROR] CADModel:125 - Updater not yet initialized, retry later 
2024-06-28 08:12:31,774 [FATAL] Updater:308 - Updater called before beeing initialized
2024-06-28 08:12:31,836 [FATAL] Updater:308 - Updater called before beeing initialized
2024-06-28 08:12:31,839 [INFO] DbMcusAds:53 - JSON generation date=Thu May 16 18:22:00 KST 2024 (1715851320852)
2024-06-28 08:12:31,839 [FATAL] Updater:308 - Updater called before beeing initialized
2024-06-28 08:12:31,859 [WARN] DetailPanel:346 - Failed to get advertising image, set to default
2024-06-28 08:12:31,910 [FATAL] Updater:308 - Updater called before beeing initialized
2024-06-28 08:12:31,911 [FATAL] Updater:308 - Updater called before beeing initialized
2024-06-28 08:12:31,912 [FATAL] Updater:308 - Updater called before beeing initialized
2024-06-28 08:12:31,912 [WARN] DetailPanel:346 - Failed to get advertising image, set to default
2024-06-28 08:12:31,912 [FATAL] Updater:308 - Updater called before beeing initialized
2024-06-28 08:12:31,939 [ERROR] Updater:1120 - MainUpdater not yet initialized. External WinMGr cannot be set.
2024-06-28 08:12:31,941 [INFO] Updater:1056 - Updater Version found : 6.11.1
2024-06-28 08:12:31,955 [INFO] ApplicationProperties:184 - Using Application install path: C:\ST\STM32CubeIDE_1.15.1\STM32CubeIDE\plugins\com.st.stm32cube.common.mx_6.11.1.202404110753
2024-06-28 08:12:33,509 [ERROR] LogOutputStream:75 - [STDERR_REDIRECT] Jun 28, 2024 8:12:33 AM java.util.prefs.WindowsPreferences <init>
2024-06-28 08:12:33,510 [ERROR] LogOutputStream:75 - [STDERR_REDIRECT] WARNING: Could not open/create prefs root node Software\JavaSoft\Prefs at root 0xffffffff80000002. Windows RegCreateKeyEx(...) returned error code 5.
2024-06-28 08:12:33,510 [ERROR] LogOutputStream:75 - [STDERR_REDIRECT] 
2024-06-28 08:12:33,953 [INFO] ThirdPartyUpdaterWithRetryManager:70 - Updater plugin not ready yet. [2/15]
2024-06-28 08:12:33,986 [INFO] MainUpdater:2873 - connection check result : 10
2024-06-28 08:12:33,986 [INFO] MainUpdater:290 - Updater Check For Update Now.
2024-06-28 08:12:33,986 [INFO] MicroXplorer:498 - Change Database Version : DB.6.0.111
2024-06-28 08:12:33,993 [INFO] McuFinderGlobals:63 - Set McuFinder mode to 2 (CubeIDE integrated)
2024-06-28 08:12:33,993 [INFO] UserAuth:179 - activating auth plugin
2024-06-28 08:12:33,995 [INFO] UserAuth:415 - Internet connection configuration mode: 1
2024-06-28 08:12:34,024 [INFO] JxBrowserEngine:152 - Initiate JxBrowser Engine with user profile folder
2024-06-28 08:12:34,129 [INFO] CheckServerUpdateThread:120 - End of CheckServer Thread
2024-06-28 08:12:34,466 [INFO] WebApp:161 - Instantiating new browser for Auth
2024-06-28 08:12:34,762 [INFO] WebApp:779 - Register for checkConnection events
2024-06-28 08:12:34,762 [INFO] WebApp:414 - Apply proxy settings
2024-06-28 08:12:34,762 [INFO] WebApp:499 - Chromium requires no authentication
2024-06-28 08:12:34,766 [INFO] WebApp:442 - Direct internet connection detected
2024-06-28 08:12:34,853 [INFO] WebApp:192 - Starting web application
2024-06-28 08:12:34,854 [INFO] WebApp:544 - Web application path used C:\ST\STM32CubeIDE_1.15.1\STM32CubeIDE\plugins\com.st.stm32cube.common.mx_6.11.1.202404110753\db\plugins\mcufinder\reactClient1\index.html
2024-06-28 08:12:36,982 [WARN] PackLoader:240 - Cannot read IP mode file for STMicroelectronics.FP-SNS-FLIGHT1.5.0.2
2024-06-28 08:12:36,985 [WARN] PackLoader:240 - Cannot read IP mode file for STMicroelectronics.FP-ATR-SIGFOX1.3.2.0
2024-06-28 08:12:36,988 [WARN] PackLoader:240 - Cannot read IP mode file for STMicroelectronics.FP-ATR-ASTRA1.2.0.0
2024-06-28 08:12:36,989 [INFO] ThirdParty:978 - Integrity check success = true
2024-06-28 08:12:36,989 [INFO] IntegrityCheckThread:100 - exiting critical section [integrity check]
2024-06-28 08:12:36,989 [INFO] IntegrityCheckThread:103 - End integrity checks thread
2024-06-28 09:33:32,982 [ERROR] LogOutputStream:75 - [STDERR_REDIRECT] 
